2013-06-26 20:19:01.939 ---  *** Starting program metgrid.exe ***
2013-06-26 20:19:01.940 --- Using the following namelist variables:
2013-06-26 20:19:01.940 --- &SHARE
2013-06-26 20:19:01.940 ---   WRF_CORE         = ARW
2013-06-26 20:19:01.940 ---   MAX_DOM          = 1
2013-06-26 20:19:01.940 ---   START_YEAR       = 0
2013-06-26 20:19:01.940 ---   START_MONTH      = 0
2013-06-26 20:19:01.940 ---   START_DAY        = 0
2013-06-26 20:19:01.941 ---   START_HOUR       = 0
2013-06-26 20:19:01.941 ---   START_MINUTE     = 0
2013-06-26 20:19:01.941 ---   START_SECOND     = 0
2013-06-26 20:19:01.941 ---   END_YEAR         = 0
2013-06-26 20:19:01.941 ---   END_MONTH        = 0
2013-06-26 20:19:01.941 ---   END_DAY          = 0
2013-06-26 20:19:01.941 ---   END_HOUR         = 0
2013-06-26 20:19:01.941 ---   END_MINUTE       = 0
2013-06-26 20:19:01.941 ---   END_SECOND       = 0
2013-06-26 20:19:01.941 ---   START_DATE       = 2013-05-09_00:00:00
2013-06-26 20:19:01.941 ---   END_DATE         = 2013-05-09_06:00:00
2013-06-26 20:19:01.941 ---   INTERVAL_SECONDS = 10800
2013-06-26 20:19:01.941 ---   IO_FORM_GEOGRID  = 1
2013-06-26 20:19:01.941 ---   OPT_OUTPUT_FROM_GEOGRID_PATH = ./
2013-06-26 20:19:01.941 ---   SUBGRID_RATIO_X  = 1
2013-06-26 20:19:01.941 ---   SUBGRID_RATIO_Y  = 1
2013-06-26 20:19:01.941 ---   DEBUG_LEVEL      = 50
2013-06-26 20:19:01.941 ---   ACTIVE_GRID      = .TRUE.
2013-06-26 20:19:01.941 ---   NOCOLONS         = .FALSE.
2013-06-26 20:19:01.941 --- /
2013-06-26 20:19:01.941 --- &METGRID
2013-06-26 20:19:01.941 ---   FG_NAME               = ./FILE
2013-06-26 20:19:01.941 ---   CONSTANTS_NAME        = ./TAVGSFC
2013-06-26 20:19:01.942 ---   IO_FORM_METGRID       = 1
2013-06-26 20:19:01.942 ---   PROCESS_ONLY_BDY      = 0
2013-06-26 20:19:01.942 ---   OPT_OUTPUT_FROM_METGRID_PATH = ./
2013-06-26 20:19:01.942 ---   OPT_METGRID_TBL_PATH  = ./
2013-06-26 20:19:01.942 --- /
2013-06-26 20:19:01.962 --- Processing domain 1 of 1
2013-06-26 20:19:01.962 --- Initializing storage module
2013-06-26 20:19:01.962 --- Opening static input file.
2013-06-26 20:19:01.962 --- Reading static global attributes.
2013-06-26 20:19:01.963 --- Getting input fields from ./TAVGSFC
2013-06-26 20:19:01.963 --- WARNING: Couldn't open file ./TAVGSFC for input.
2013-06-26 20:19:01.963 --- Preparing to process output time 2013-05-09_00
2013-06-26 20:19:01.963 --- Getting input fields from ./FILE
2013-06-26 20:19:01.963 --- WARNING: Couldn't open file ./FILE:2013-05-09_00 for input.
2013-06-26 20:19:01.963 --- Filling missing levels.
2013-06-26 20:19:01.963 --- Creating derived fields.
2013-06-26 20:19:01.964 --- INFORM: Going to create the field ST
2013-06-26 20:19:01.964 --- INFORM: Couldn't find ST000010 at level 200100.000000 to fill level 10.000000 of ST.
2013-06-26 20:19:01.964 --- INFORM: Couldn't find ST010040 at level 200100.000000 to fill level 40.000000 of ST.
2013-06-26 20:19:01.964 --- INFORM: Couldn't find ST040100 at level 200100.000000 to fill level 100.000000 of ST.
2013-06-26 20:19:01.964 --- INFORM: Couldn't find ST100200 at level 200100.000000 to fill level 200.000000 of ST.
2013-06-26 20:19:01.964 --- INFORM: Couldn't find ST000010 at level 200100.000000 to fill level 10.000000 of ST.
2013-06-26 20:19:01.964 --- INFORM: Couldn't find ST010035 at level 200100.000000 to fill level 35.000000 of ST.
2013-06-26 20:19:01.964 --- INFORM: Couldn't find ST035100 at level 200100.000000 to fill level 100.000000 of ST.
2013-06-26 20:19:01.964 --- INFORM: Couldn't find ST100255 at level 200100.000000 to fill level 255.000000 of ST.
2013-06-26 20:19:01.964 --- INFORM: Couldn't find ST000010 at level 200100.000000 to fill level 10.000000 of ST.
2013-06-26 20:19:01.964 --- INFORM: Couldn't find ST010200 at level 200100.000000 to fill level 200.000000 of ST.
2013-06-26 20:19:01.964 --- INFORM: Couldn't find ST000007 at level 200100.000000 to fill level 7.000000 of ST.
2013-06-26 20:19:01.964 --- INFORM: Couldn't find ST007028 at level 200100.000000 to fill level 28.000000 of ST.
2013-06-26 20:19:01.965 --- INFORM: Couldn't find ST028100 at level 200100.000000 to fill level 100.000000 of ST.
2013-06-26 20:19:01.965 --- INFORM: Couldn't find ST100255 at level 200100.000000 to fill level 255.000000 of ST.
2013-06-26 20:19:01.965 --- INFORM: Going to create the field SM
2013-06-26 20:19:01.965 --- INFORM: Couldn't find SM000010 at level 200100.000000 to fill level 10.000000 of SM.
2013-06-26 20:19:01.965 --- INFORM: Couldn't find SM010040 at level 200100.000000 to fill level 40.000000 of SM.
2013-06-26 20:19:01.965 --- INFORM: Couldn't find SM040100 at level 200100.000000 to fill level 100.000000 of SM.
2013-06-26 20:19:01.965 --- INFORM: Couldn't find SM100200 at level 200100.000000 to fill level 200.000000 of SM.
2013-06-26 20:19:01.965 --- INFORM: Couldn't find SM000010 at level 200100.000000 to fill level 10.000000 of SM.
2013-06-26 20:19:01.965 --- INFORM: Couldn't find SM010035 at level 200100.000000 to fill level 35.000000 of SM.
2013-06-26 20:19:01.965 --- INFORM: Couldn't find SM035100 at level 200100.000000 to fill level 100.000000 of SM.
2013-06-26 20:19:01.965 --- INFORM: Couldn't find SM100255 at level 200100.000000 to fill level 255.000000 of SM.
2013-06-26 20:19:01.965 --- INFORM: Couldn't find SM000010 at level 200100.000000 to fill level 10.000000 of SM.
2013-06-26 20:19:01.965 --- INFORM: Couldn't find SM010200 at level 200100.000000 to fill level 200.000000 of SM.
2013-06-26 20:19:01.965 --- INFORM: Couldn't find SM000007 at level 200100.000000 to fill level 7.000000 of SM.
2013-06-26 20:19:01.966 --- INFORM: Couldn't find SM007028 at level 200100.000000 to fill level 28.000000 of SM.
2013-06-26 20:19:01.966 --- INFORM: Couldn't find SM028100 at level 200100.000000 to fill level 100.000000 of SM.
2013-06-26 20:19:01.966 --- INFORM: Couldn't find SM100255 at level 200100.000000 to fill level 255.000000 of SM.
2013-06-26 20:19:01.966 --- INFORM: Going to create the field SW
2013-06-26 20:19:01.966 --- INFORM: Couldn't find SW000010 at level 200100.000000 to fill level 1.000000 of SW.
2013-06-26 20:19:01.966 --- INFORM: Couldn't find SW010040 at level 200100.000000 to fill level 2.000000 of SW.
2013-06-26 20:19:01.966 --- INFORM: Couldn't find SW040100 at level 200100.000000 to fill level 3.000000 of SW.
2013-06-26 20:19:01.966 --- INFORM: Couldn't find SW100200 at level 200100.000000 to fill level 4.000000 of SW.
2013-06-26 20:19:01.966 --- INFORM: Couldn't find SW000010 at level 200100.000000 to fill level 1.000000 of SW.
2013-06-26 20:19:01.966 --- INFORM: Couldn't find SW010200 at level 200100.000000 to fill level 2.000000 of SW.
2013-06-26 20:19:01.966 --- INFORM: Going to create the field SOIL_LAYERS
2013-06-26 20:19:01.966 --- INFORM: Going to create the field SOILM
2013-06-26 20:19:01.966 --- INFORM: Couldn't find SOILM000 at level 200100.000000 to fill level 0.000000 of SOILM.
2013-06-26 20:19:01.966 --- INFORM: Couldn't find SOILM005 at level 200100.000000 to fill level 5.000000 of SOILM.
2013-06-26 20:19:01.966 --- INFORM: Couldn't find SOILM020 at level 200100.000000 to fill level 20.000000 of SOILM.
2013-06-26 20:19:01.966 --- INFORM: Couldn't find SOILM040 at level 200100.000000 to fill level 40.000000 of SOILM.
2013-06-26 20:19:01.967 --- INFORM: Couldn't find SOILM160 at level 200100.000000 to fill level 160.000000 of SOILM.
2013-06-26 20:19:01.967 --- INFORM: Couldn't find SOILM300 at level 200100.000000 to fill level 300.000000 of SOILM.
2013-06-26 20:19:01.967 --- INFORM: Going to create the field SOILT
2013-06-26 20:19:01.967 --- INFORM: Couldn't find SOILT000 at level 200100.000000 to fill level 0.000000 of SOILT.
2013-06-26 20:19:01.967 --- INFORM: Couldn't find SOILT005 at level 200100.000000 to fill level 5.000000 of SOILT.
2013-06-26 20:19:01.967 --- INFORM: Couldn't find SOILT020 at level 200100.000000 to fill level 20.000000 of SOILT.
2013-06-26 20:19:01.967 --- INFORM: Couldn't find SOILT040 at level 200100.000000 to fill level 40.000000 of SOILT.
2013-06-26 20:19:01.967 --- INFORM: Couldn't find SOILT160 at level 200100.000000 to fill level 160.000000 of SOILT.
2013-06-26 20:19:01.967 --- INFORM: Couldn't find SOILT300 at level 200100.000000 to fill level 300.000000 of SOILT.
2013-06-26 20:19:01.967 --- INFORM: Couldn't find SOILT050 at level 200100.000000 to fill level 49.000000 of SOILT.
2013-06-26 20:19:01.967 --- INFORM: Couldn't find SOILT050 at level 200100.000000 to fill level 51.000000 of SOILT.
2013-06-26 20:19:01.967 --- INFORM: Going to create the field SOIL_LEVELS
2013-06-26 20:19:01.967 --- INFORM: Going to create the field PRES
2013-06-26 20:19:01.967 --- INFORM: Couldn't find PSFC at level 200100.000000 to fill level 200100.000000 of PRES.
2013-06-26 20:19:01.967 --- ERROR: The mandatory field TT was not found in any input data.
