None of WRF_EM_CORE, WRF_EH_CORE, WRF_NMM_CORE, WRF_GRAPS_CORE,
        specified in shell environment.... 
 
**** Compiling: WRF_NMM_CORE .
 
	make -i -r MODULE_DIRS="-I../dyn_em          -I../dyn_eh          -I../dyn_nmm                                              -I../external/io_netcdf -I../external/io_int  -I../external/esmf_time_f90  -I../frame -I../share -I../phys -I../inc" ext
--------------------------------------
	( cd frame ; make -i -r externals )
	( cd ../external/io_netcdf ; make NETCDFPATH=/nwprod/sorc/hiresw_nmm_real_fcst.fd/netcdf_links FC="xlf90_r  -qarch=auto -qzerosize" ; /bin/cp wrf_io_flags.h wrf_status_codes.h ../../inc )
Target "all" is up to date.
	( cd ../external/io_int ;  make CC=xlc_r FC="xlf90_r  -qarch=auto -qzerosize" all diffwrf )
Target "all" is up to date.
Target "diffwrf" is up to date.
	( cd ../external/esmf_time_f90 ;  make FC="xlf90_r " CPP="/lib/cpp -C -P" )
Target "libesmf_time.a" is up to date.
Target "externals" is up to date.
	make -i -r MODULE_DIRS="-I../dyn_em          -I../dyn_eh          -I../dyn_nmm                                              -I../external/io_netcdf -I../external/io_int  -I../external/esmf_time_f90  -I../frame -I../share -I../phys -I../inc" toolsdir
--------------------------------------
	( cd tools ; make -i -r )
	cc  -c -g  registry.c
	cc  -c -g  my_strtok.c
	cc  -c -g  reg_parse.c
	cc  -c -g  data.c
	cc  -c -g  type.c
	cc  -c -g  misc.c
	cc  -c -g  gen_defs.c
	cc  -c -g  gen_allocs.c
	cc  -c -g  gen_mod_state_descr.c
	cc  -c -g  gen_scalar_indices.c
	cc  -c -g  gen_args.c
	cc  -c -g  gen_config.c
	cc  -c -g  sym.c
	cc  -c -g  symtab_gen.c
	cc  -c -g  gen_wrf_io.c
	cc  -c -g  gen_model_data_ord.c
	cc  -c -g  gen_interp.c
	cc  -c -g  gen_comms.c
	cc  -c -g  gen_scalar_derefs.c
	cc -o registry -g   registry.o my_strtok.o reg_parse.o data.o type.o misc.o  gen_defs.o gen_allocs.o gen_mod_state_descr.o gen_scalar_indices.o  gen_args.o gen_config.o sym.o symtab_gen.o gen_wrf_io.o  gen_model_data_ord.o gen_interp.o gen_comms.o gen_scalar_derefs.o
	/bin/rm -f main/libwrflib.a
	make -i -r MODULE_DIRS="-I../dyn_em          -I../dyn_eh          -I../dyn_nmm                                              -I../external/io_netcdf -I../external/io_int  -I../external/esmf_time_f90  -I../frame -I../share -I../phys -I../inc" framework
--------------------------------------
	( cd frame ; make -i -r framework )
	ar ru ../main/libwrflib.a module_driver_constants.o   module_domain.o             module_integrate.o          module_timing.o             module_configure.o          module_tiles.o              module_machine.o            module_nesting.o            module_wrf_error.o          module_state_description.o  module_sm.o                 module_io.o                 module_dm.o                  module_quilt_outbuf_ops.o   module_io_quilt.o wrf_num_bytes_between.o     wrf_shutdown.o              collect_on_comm.o
ar: Creating an archive file ../main/libwrflib.a.
	ranlib ../main/libwrflib.a
	make -i -r MODULE_DIRS="-I../dyn_em          -I../dyn_eh          -I../dyn_nmm                                              -I../external/io_netcdf -I../external/io_int  -I../external/esmf_time_f90  -I../frame -I../share -I../phys -I../inc" shared
--------------------------------------
	( cd share ; make -i -r )
	rm -f module_io_wrf.o
	sed /\!.\*\'/s/\'//g module_io_wrf.F > module_io_wrf.b 
	/lib/cpp -C -P -I../inc -I. -C -P -DINTIO -DIWORDSIZE=4 -DRWORDSIZE=4 -DLWORDSIZE=4  -DNETCDF -DTRIEDNTRUE -DONLY_WRFMODEL_IO  -DLIMIT_ARGS -D_OPENMP -DEH_CORE=0  -DEM_CORE=0  -DNMM_CORE=1 -DNMM_MAX_DIM=2500  -DGRAPS_CORE=0  -DCOAMPS_CORE=0  -DSLT_CORE=0   -DEXP_CORE=0 -DNONSTANDARD_SYSTEM module_io_wrf.b  > module_io_wrf.f
	rm -f module_io_wrf.b
	xlf90_r -c -O2 -qarch=auto -qspill=20000  -qmaxmem=32767  -I../dyn_em          -I../dyn_eh          -I../dyn_nmm                                              -I../external/io_netcdf -I../external/io_int  -I../external/esmf_time_f90  -I../frame -I../share -I../phys -I../inc module_io_wrf.f
** module_io_wrf   === End of Compilation 1 ===
** output_model_input_wrf   === End of Compilation 2 ===
** output_aux_model_input1_wrf   === End of Compilation 3 ===
** output_aux_model_input2_wrf   === End of Compilation 4 ===
** output_aux_model_input3_wrf   === End of Compilation 5 ===
** output_aux_model_input4_wrf   === End of Compilation 6 ===
** output_aux_model_input5_wrf   === End of Compilation 7 ===
** output_history_wrf   === End of Compilation 8 ===
** output_aux_hist1_wrf   === End of Compilation 9 ===
** output_aux_hist2_wrf   === End of Compilation 10 ===
** output_aux_hist3_wrf   === End of Compilation 11 ===
** output_aux_hist4_wrf   === End of Compilation 12 ===
** output_aux_hist5_wrf   === End of Compilation 13 ===
** output_restart_wrf   === End of Compilation 14 ===
** output_boundary_wrf   === End of Compilation 15 ===
** output_boundary_wrfspec   === End of Compilation 16 ===
** output_wrf   === End of Compilation 17 ===
** input_model_input_wrf   === End of Compilation 18 ===
** input_aux_model_input1_wrf   === End of Compilation 19 ===
** input_aux_model_input2_wrf   === End of Compilation 20 ===
** input_aux_model_input3_wrf   === End of Compilation 21 ===
** input_aux_model_input4_wrf   === End of Compilation 22 ===
** input_aux_model_input5_wrf   === End of Compilation 23 ===
** input_history_wrf   === End of Compilation 24 ===
** input_aux_hist1_wrf   === End of Compilation 25 ===
** input_aux_hist2_wrf   === End of Compilation 26 ===
** input_aux_hist3_wrf   === End of Compilation 27 ===
** input_aux_hist4_wrf   === End of Compilation 28 ===
** input_aux_hist5_wrf   === End of Compilation 29 ===
** input_restart_wrf   === End of Compilation 30 ===
** input_boundary_wrf   === End of Compilation 31 ===
** input_boundary_wrfspec   === End of Compilation 32 ===
** input_wrf   === End of Compilation 33 ===
** debug_io_wrf   === End of Compilation 34 ===
** wrf_ext_write_field   === End of Compilation 35 ===
** wrf_ext_read_field   === End of Compilation 36 ===
"/gpfs/m/nco/ops/nwprod/sorc/hiresw_nmm_real_fcst.fd/share/module_io_wrf.f", 1500-030 (I) INFORMATION: output_wrf: Additional optimization may be attained by recompiling and specifying MAXMEM option with a value greater than 32767.
"/gpfs/m/nco/ops/nwprod/sorc/hiresw_nmm_real_fcst.fd/share/module_io_wrf.f", 1500-008 (S) COMPILER LIMIT EXCEEDED in output_wrf: Program too complicated to be compiled.  Compilation ended.  Reduce the complexity of the program and recompile, or lower the level of optimization and recompile.
1501-511  Compilation failed for file module_io_wrf.f.
make: 1254-004 The error code from the last command is 1.
make: 1254-005 Ignored error code 1 from last command.
	rm -f module_io_domain.o
	sed /\!.\*\'/s/\'//g module_io_domain.F > module_io_domain.b 
	/lib/cpp -C -P -I../inc -I. -C -P -DINTIO -DIWORDSIZE=4 -DRWORDSIZE=4 -DLWORDSIZE=4  -DNETCDF -DTRIEDNTRUE -DONLY_WRFMODEL_IO  -DLIMIT_ARGS -D_OPENMP -DEH_CORE=0  -DEM_CORE=0  -DNMM_CORE=1 -DNMM_MAX_DIM=2500  -DGRAPS_CORE=0  -DCOAMPS_CORE=0  -DSLT_CORE=0   -DEXP_CORE=0 -DNONSTANDARD_SYSTEM module_io_domain.b  > module_io_domain.f
	rm -f module_io_domain.b
	xlf90_r -c -O2 -qarch=auto -qspill=20000  -qmaxmem=32767  -I../dyn_em          -I../dyn_eh          -I../dyn_nmm                                              -I../external/io_netcdf -I../external/io_int  -I../external/esmf_time_f90  -I../frame -I../share -I../phys -I../inc module_io_domain.f
** module_io_domain   === End of Compilation 1 ===
** construct_filename1   === End of Compilation 2 ===
** construct_filename2   === End of Compilation 3 ===
** construct_filename   === End of Compilation 4 ===
** construct_filename3   === End of Compilation 5 ===
** append_to_filename   === End of Compilation 6 ===
** zero_pad   === End of Compilation 7 ===
** init_wrfio   === End of Compilation 8 ===
1501-510  Compilation successful for file module_io_domain.f.
	rm -f module_optional_si_input.o
	sed /\!.\*\'/s/\'//g module_optional_si_input.F > module_optional_si_input.b 
	/lib/cpp -C -P -I../inc -I. -C -P -DINTIO -DIWORDSIZE=4 -DRWORDSIZE=4 -DLWORDSIZE=4  -DNETCDF -DTRIEDNTRUE -DONLY_WRFMODEL_IO  -DLIMIT_ARGS -D_OPENMP -DEH_CORE=0  -DEM_CORE=0  -DNMM_CORE=1 -DNMM_MAX_DIM=2500  -DGRAPS_CORE=0  -DCOAMPS_CORE=0  -DSLT_CORE=0   -DEXP_CORE=0 -DNONSTANDARD_SYSTEM module_optional_si_input.b  > module_optional_si_input.f
	rm -f module_optional_si_input.b
	xlf90_r -c -O2 -qarch=auto -qspill=20000  -qmaxmem=32767  -I../dyn_em          -I../dyn_eh          -I../dyn_nmm                                              -I../external/io_netcdf -I../external/io_int  -I../external/esmf_time_f90  -I../frame -I../share -I../phys -I../inc module_optional_si_input.f
** module_optional_si_input   === End of Compilation 1 ===
1501-510  Compilation successful for file module_optional_si_input.f.
	if [ 1 -eq 1 ] ; then  make -i -r nmm_contrib                                      ;  ar ru ../main/libwrflib.a module_bc.o	         module_bc_time_utilities.o	 module_io_wrf.o	         module_date_time.o	 module_get_file_names.o	 module_io_domain.o	 module_model_constants.o  module_optional_si_input.o	 module_soil_pre.o mediation_integrate.o		 mediation_interp_domain.o	 mediation_force_domain.o	 mediation_feedback_domain.o	 mediation_wrfmain.o		 solve_interface.o                start_domain.o                   init_modules.o                   set_timekeeping.o                interp_fcn.o sint.o  module_MPP.o ;  else                                                          ar ru ../main/libwrflib.a module_bc.o	         module_bc_time_utilities.o	 module_io_wrf.o	         module_date_time.o	 module_get_file_names.o	 module_io_domain.o	 module_model_constants.o  module_optional_si_input.o	 module_soil_pre.o mediation_integrate.o		 mediation_interp_domain.o	 mediation_force_domain.o	 mediation_feedback_domain.o	 mediation_wrfmain.o		 solve_interface.o                start_domain.o                   init_modules.o                   set_timekeeping.o                interp_fcn.o sint.o             ;  fi
Target "nmm_contrib" is up to date.
ar: A file or directory in the path name does not exist.
ar: 0707-117 The fopen system call failed on file module_io_wrf.o.
make: 1254-004 The error code from the last command is 1.
make: 1254-005 Ignored error code 1 from last command.
	make -i -r MODULE_DIRS="-I../dyn_em          -I../dyn_eh          -I../dyn_nmm                                              -I../external/io_netcdf -I../external/io_int  -I../external/esmf_time_f90  -I../frame -I../share -I../phys -I../inc" physics
--------------------------------------
	( cd phys ; make -i -r )
	if [ 1 -eq 1 ] ; then  make -i -r nmm_contrib                                      ;  ar ru ../main/libwrflib.a module_bl_ysu.o  module_bl_mrf.o  module_bl_myjpbl.o  module_cu_kf.o   module_cu_bmj.o  module_cu_kfeta.o  module_cu_gd.o  module_mp_kessler.o  module_mp_ncloud5.o  module_mp_lin.o   module_mp_ncloud3.o  module_mp_eta.o   module_mp_etanew.o  module_ra_sw.o   module_ra_gsfcsw.o  module_ra_rrtm.o   module_ra_gfdleta.o  module_sf_sfclay.o  module_sf_slab.o   module_sf_noahlsm.o   module_sf_ruclsm.o  module_sf_sfcdiags.o  module_sf_myjsfc.o  module_physics_addtendc.o  module_physics_init.o  module_pbl_driver.o  module_cumulus_driver.o  module_microphysics_driver.o  module_radiation_driver.o  module_surface_driver.o   module_sf_lsm_nmm.o ../share/module_MPP.o ;  else                                                          make -i -r non_nmm                                          ;  ar ru ../main/libwrflib.a module_bl_ysu.o  module_bl_mrf.o  module_bl_myjpbl.o  module_cu_kf.o   module_cu_bmj.o  module_cu_kfeta.o  module_cu_gd.o  module_mp_kessler.o  module_mp_ncloud5.o  module_mp_lin.o   module_mp_ncloud3.o  module_mp_eta.o   module_mp_etanew.o  module_ra_sw.o   module_ra_gsfcsw.o  module_ra_rrtm.o   module_ra_gfdleta.o  module_sf_sfclay.o  module_sf_slab.o   module_sf_noahlsm.o   module_sf_ruclsm.o  module_sf_sfcdiags.o  module_sf_myjsfc.o  module_physics_addtendc.o  module_physics_init.o  module_pbl_driver.o  module_cumulus_driver.o  module_microphysics_driver.o  module_radiation_driver.o  module_surface_driver.o              ;  fi
	rm -f module_ra_gfdleta.o
	sed /\!.\*\'/s/\'//g module_ra_gfdleta.F > module_ra_gfdleta.b 
	/lib/cpp -C -P -I../inc -I. -C -P -DINTIO -DIWORDSIZE=4 -DRWORDSIZE=4 -DLWORDSIZE=4  -DNETCDF -DTRIEDNTRUE -DONLY_WRFMODEL_IO  -DLIMIT_ARGS -D_OPENMP -DEH_CORE=0  -DEM_CORE=0  -DNMM_CORE=1 -DNMM_MAX_DIM=2500  -DGRAPS_CORE=0  -DCOAMPS_CORE=0  -DSLT_CORE=0   -DEXP_CORE=0 -DNONSTANDARD_SYSTEM module_ra_gfdleta.b  > module_ra_gfdleta.f
	rm -f module_ra_gfdleta.b
	xlf90_r -c -O2 -qarch=auto -qspill=20000  -qmaxmem=32767  -I../dyn_em          -I../dyn_eh          -I../dyn_nmm                                              -I../external/io_netcdf -I../external/io_int  -I../external/esmf_time_f90  -I../frame -I../share -I../phys -I../inc module_ra_gfdleta.f
"module_ra_gfdleta.f", line 9682.6: 1512-001 (S) Input file mpif.h was not found or is not defined.
1501-511  Compilation failed for file module_ra_gfdleta.f.
make: 1254-004 The error code from the last command is 1.
make: 1254-005 Ignored error code 1 from last command.
	rm -f module_sf_myjsfc.o
	sed /\!.\*\'/s/\'//g module_sf_myjsfc.F > module_sf_myjsfc.b 
	/lib/cpp -C -P -I../inc -I. -C -P -DINTIO -DIWORDSIZE=4 -DRWORDSIZE=4 -DLWORDSIZE=4  -DNETCDF -DTRIEDNTRUE -DONLY_WRFMODEL_IO  -DLIMIT_ARGS -D_OPENMP -DEH_CORE=0  -DEM_CORE=0  -DNMM_CORE=1 -DNMM_MAX_DIM=2500  -DGRAPS_CORE=0  -DCOAMPS_CORE=0  -DSLT_CORE=0   -DEXP_CORE=0 -DNONSTANDARD_SYSTEM module_sf_myjsfc.b  > module_sf_myjsfc.f
	rm -f module_sf_myjsfc.b
	xlf90_r -c -O2 -qarch=auto -qspill=20000  -qmaxmem=32767  -I../dyn_em          -I../dyn_eh          -I../dyn_nmm                                              -I../external/io_netcdf -I../external/io_int  -I../external/esmf_time_f90  -I../frame -I../share -I../phys -I../inc module_sf_myjsfc.f
"module_sf_myjsfc.f", 1516-036 (S) Entity mpi_max has undefined type.
"module_sf_myjsfc.f", 1516-036 (S) Entity mpi_integer has undefined type.
** module_sf_myjsfc   === End of Compilation 1 ===
1501-511  Compilation failed for file module_sf_myjsfc.f.
make: 1254-004 The error code from the last command is 1.
make: 1254-005 Ignored error code 1 from last command.
	rm -f module_physics_init.o
	sed /\!.\*\'/s/\'//g module_physics_init.F > module_physics_init.b 
	/lib/cpp -C -P -I../inc -I. -C -P -DINTIO -DIWORDSIZE=4 -DRWORDSIZE=4 -DLWORDSIZE=4  -DNETCDF -DTRIEDNTRUE -DONLY_WRFMODEL_IO  -DLIMIT_ARGS -D_OPENMP -DEH_CORE=0  -DEM_CORE=0  -DNMM_CORE=1 -DNMM_MAX_DIM=2500  -DGRAPS_CORE=0  -DCOAMPS_CORE=0  -DSLT_CORE=0   -DEXP_CORE=0 -DNONSTANDARD_SYSTEM module_physics_init.b  > module_physics_init.f
	rm -f module_physics_init.b
	xlf90_r -c -O2 -qarch=auto -qspill=20000  -qmaxmem=32767  -I../dyn_em          -I../dyn_eh          -I../dyn_nmm                                              -I../external/io_netcdf -I../external/io_int  -I../external/esmf_time_f90  -I../frame -I../share -I../phys -I../inc module_physics_init.f
"module_physics_init.f", line 487.8: 1514-219 (S) Unable to access module symbol file for module module_ra_gfdleta. Check path and file permissions of file. Use association not done for this module.
1501-511  Compilation failed for file module_physics_init.f.
make: 1254-004 The error code from the last command is 1.
make: 1254-005 Ignored error code 1 from last command.
	rm -f module_radiation_driver.o
	sed /\!.\*\'/s/\'//g module_radiation_driver.F > module_radiation_driver.b 
	/lib/cpp -C -P -I../inc -I. -C -P -DINTIO -DIWORDSIZE=4 -DRWORDSIZE=4 -DLWORDSIZE=4  -DNETCDF -DTRIEDNTRUE -DONLY_WRFMODEL_IO  -DLIMIT_ARGS -D_OPENMP -DEH_CORE=0  -DEM_CORE=0  -DNMM_CORE=1 -DNMM_MAX_DIM=2500  -DGRAPS_CORE=0  -DCOAMPS_CORE=0  -DSLT_CORE=0   -DEXP_CORE=0 -DNONSTANDARD_SYSTEM module_radiation_driver.b  > module_radiation_driver.f
	rm -f module_radiation_driver.b
	xlf90_r -c -O2 -qarch=auto -qspill=20000  -qmaxmem=32767  -I../dyn_em          -I../dyn_eh          -I../dyn_nmm                                              -I../external/io_netcdf -I../external/io_int  -I../external/esmf_time_f90  -I../frame -I../share -I../phys -I../inc module_radiation_driver.f
"module_radiation_driver.f", line 33.8: 1514-219 (S) Unable to access module symbol file for module module_ra_gfdleta. Check path and file permissions of file. Use association not done for this module.
1501-511  Compilation failed for file module_radiation_driver.f.
make: 1254-004 The error code from the last command is 1.
make: 1254-005 Ignored error code 1 from last command.
	rm -f module_surface_driver.o
	sed /\!.\*\'/s/\'//g module_surface_driver.F > module_surface_driver.b 
	/lib/cpp -C -P -I../inc -I. -C -P -DINTIO -DIWORDSIZE=4 -DRWORDSIZE=4 -DLWORDSIZE=4  -DNETCDF -DTRIEDNTRUE -DONLY_WRFMODEL_IO  -DLIMIT_ARGS -D_OPENMP -DEH_CORE=0  -DEM_CORE=0  -DNMM_CORE=1 -DNMM_MAX_DIM=2500  -DGRAPS_CORE=0  -DCOAMPS_CORE=0  -DSLT_CORE=0   -DEXP_CORE=0 -DNONSTANDARD_SYSTEM module_surface_driver.b  > module_surface_driver.f
	rm -f module_surface_driver.b
	xlf90_r -c -O2 -qarch=auto -qspill=20000  -qmaxmem=32767  -I../dyn_em          -I../dyn_eh          -I../dyn_nmm                                              -I../external/io_netcdf -I../external/io_int  -I../external/esmf_time_f90  -I../frame -I../share -I../phys -I../inc module_surface_driver.f
"module_surface_driver.f", line 36.8: 1514-219 (S) Unable to access module symbol file for module module_sf_myjsfc. Check path and file permissions of file. Use association not done for this module.
1501-511  Compilation failed for file module_surface_driver.f.
make: 1254-004 The error code from the last command is 1.
make: 1254-005 Ignored error code 1 from last command.
Target "nmm_contrib" is up to date.
ar: A file or directory in the path name does not exist.
ar: 0707-117 The fopen system call failed on file module_ra_gfdleta.o.
ar: A file or directory in the path name does not exist.
ar: 0707-117 The fopen system call failed on file module_sf_myjsfc.o.
ar: A file or directory in the path name does not exist.
ar: 0707-117 The fopen system call failed on file module_physics_init.o.
ar: A file or directory in the path name does not exist.
ar: 0707-117 The fopen system call failed on file module_radiation_driver.o.
ar: A file or directory in the path name does not exist.
ar: 0707-117 The fopen system call failed on file module_surface_driver.o.
make: 1254-004 The error code from the last command is 5.
make: 1254-005 Ignored error code 5 from last command.
	if [ 0 -eq 1 ]    ; then make -i -r MODULE_DIRS="-I../dyn_em          -I../dyn_eh          -I../dyn_nmm                                              -I../external/io_netcdf -I../external/io_int  -I../external/esmf_time_f90  -I../frame -I../share -I../phys -I../inc" eh_core ; fi
	if [ 0 -eq 1 ]    ; then make -i -r MODULE_DIRS="-I../dyn_em          -I../dyn_eh          -I../dyn_nmm                                              -I../external/io_netcdf -I../external/io_int  -I../external/esmf_time_f90  -I../frame -I../share -I../phys -I../inc" em_core ; fi
	if [ 0 -eq 1 ] ; then make -i -r MODULE_DIRS="-I../dyn_em          -I../dyn_eh          -I../dyn_nmm                                              -I../external/io_netcdf -I../external/io_int  -I../external/esmf_time_f90  -I../frame -I../share -I../phys -I../inc" graps_core ; fi
	if [ 1 -eq 1 ]   ; then make -i -r MODULE_DIRS="-I../dyn_em          -I../dyn_eh          -I../dyn_nmm                                              -I../external/io_netcdf -I../external/io_int  -I../external/esmf_time_f90  -I../frame -I../share -I../phys -I../inc" nmm_core ; fi
--------------------------------------
	( cd dyn_nmm ; make -i -r )
	rm -f start_domain_nmm.o
	sed /\!.\*\'/s/\'//g start_domain_nmm.F > start_domain_nmm.b 
	/lib/cpp -C -P -I../inc -I. -C -P -DINTIO -DIWORDSIZE=4 -DRWORDSIZE=4 -DLWORDSIZE=4  -DNETCDF -DTRIEDNTRUE -DONLY_WRFMODEL_IO  -DLIMIT_ARGS -D_OPENMP -DEH_CORE=0  -DEM_CORE=0  -DNMM_CORE=1 -DNMM_MAX_DIM=2500  -DGRAPS_CORE=0  -DCOAMPS_CORE=0  -DSLT_CORE=0   -DEXP_CORE=0 -DNONSTANDARD_SYSTEM start_domain_nmm.b  > start_domain_nmm.f
	rm -f start_domain_nmm.b
	xlf90_r -c -O2 -qarch=auto -qspill=20000  -qmaxmem=32767  -I../dyn_em          -I../dyn_eh          -I../dyn_nmm                                              -I../external/io_netcdf -I../external/io_int  -I../external/esmf_time_f90  -I../frame -I../share -I../phys -I../inc start_domain_nmm.f
"start_domain_nmm.f", line 53.11: 1514-219 (S) Unable to access module symbol file for module module_physics_init. Check path and file permissions of file. Use association not done for this module.
1501-511  Compilation failed for file start_domain_nmm.f.
make: 1254-004 The error code from the last command is 1.
make: 1254-005 Ignored error code 1 from last command.
	rm -f solve_nmm.o
	sed /\!.\*\'/s/\'//g solve_nmm.F > solve_nmm.b 
	/lib/cpp -C -P -I../inc -I. -C -P -DINTIO -DIWORDSIZE=4 -DRWORDSIZE=4 -DLWORDSIZE=4  -DNETCDF -DTRIEDNTRUE -DONLY_WRFMODEL_IO  -DLIMIT_ARGS -D_OPENMP -DEH_CORE=0  -DEM_CORE=0  -DNMM_CORE=1 -DNMM_MAX_DIM=2500  -DGRAPS_CORE=0  -DCOAMPS_CORE=0  -DSLT_CORE=0   -DEXP_CORE=0 -DNONSTANDARD_SYSTEM solve_nmm.b  > solve_nmm.f
	rm -f solve_nmm.b
	xlf90_r -c -O2 -qarch=auto -qspill=20000  -qmaxmem=32767  -I../dyn_em          -I../dyn_eh          -I../dyn_nmm                                              -I../external/io_netcdf -I../external/io_int  -I../external/esmf_time_f90  -I../frame -I../share -I../phys -I../inc solve_nmm.f
** solve_nmm   === End of Compilation 1 ===
"solve_nmm.f", line 2021.6: 1512-001 (S) Input file mpif.h was not found or is not defined.
1501-511  Compilation failed for file solve_nmm.f.
make: 1254-004 The error code from the last command is 1.
make: 1254-005 Ignored error code 1 from last command.
	rm -f RADIATION.o
	sed /\!.\*\'/s/\'//g RADIATION.F > RADIATION.b 
	/lib/cpp -C -P -I../inc -I. -C -P -DINTIO -DIWORDSIZE=4 -DRWORDSIZE=4 -DLWORDSIZE=4  -DNETCDF -DTRIEDNTRUE -DONLY_WRFMODEL_IO  -DLIMIT_ARGS -D_OPENMP -DEH_CORE=0  -DEM_CORE=0  -DNMM_CORE=1 -DNMM_MAX_DIM=2500  -DGRAPS_CORE=0  -DCOAMPS_CORE=0  -DSLT_CORE=0   -DEXP_CORE=0 -DNONSTANDARD_SYSTEM RADIATION.b  > RADIATION.f
	rm -f RADIATION.b
	xlf90_r -c -O2 -qarch=auto -qspill=20000  -qmaxmem=32767  -I../dyn_em          -I../dyn_eh          -I../dyn_nmm                                              -I../external/io_netcdf -I../external/io_int  -I../external/esmf_time_f90  -I../frame -I../share -I../phys -I../inc RADIATION.f
"RADIATION.f", line 46.11: 1514-219 (S) Unable to access module symbol file for module module_ra_gfdleta. Check path and file permissions of file. Use association not done for this module.
1501-511  Compilation failed for file RADIATION.f.
make: 1254-004 The error code from the last command is 1.
make: 1254-005 Ignored error code 1 from last command.
	rm -f RDTEMP.o
	sed /\!.\*\'/s/\'//g RDTEMP.F > RDTEMP.b 
	/lib/cpp -C -P -I../inc -I. -C -P -DINTIO -DIWORDSIZE=4 -DRWORDSIZE=4 -DLWORDSIZE=4  -DNETCDF -DTRIEDNTRUE -DONLY_WRFMODEL_IO  -DLIMIT_ARGS -D_OPENMP -DEH_CORE=0  -DEM_CORE=0  -DNMM_CORE=1 -DNMM_MAX_DIM=2500  -DGRAPS_CORE=0  -DCOAMPS_CORE=0  -DSLT_CORE=0   -DEXP_CORE=0 -DNONSTANDARD_SYSTEM RDTEMP.b  > RDTEMP.f
	rm -f RDTEMP.b
	xlf90_r -c -O2 -qarch=auto -qspill=20000  -qmaxmem=32767  -I../dyn_em          -I../dyn_eh          -I../dyn_nmm                                              -I../external/io_netcdf -I../external/io_int  -I../external/esmf_time_f90  -I../frame -I../share -I../phys -I../inc RDTEMP.f
"RDTEMP.f", line 36.11: 1514-219 (S) Unable to access module symbol file for module module_ra_gfdleta. Check path and file permissions of file. Use association not done for this module.
1501-511  Compilation failed for file RDTEMP.f.
make: 1254-004 The error code from the last command is 1.
make: 1254-005 Ignored error code 1 from last command.
	rm -f TURBL.o
	sed /\!.\*\'/s/\'//g TURBL.F > TURBL.b 
	/lib/cpp -C -P -I../inc -I. -C -P -DINTIO -DIWORDSIZE=4 -DRWORDSIZE=4 -DLWORDSIZE=4  -DNETCDF -DTRIEDNTRUE -DONLY_WRFMODEL_IO  -DLIMIT_ARGS -D_OPENMP -DEH_CORE=0  -DEM_CORE=0  -DNMM_CORE=1 -DNMM_MAX_DIM=2500  -DGRAPS_CORE=0  -DCOAMPS_CORE=0  -DSLT_CORE=0   -DEXP_CORE=0 -DNONSTANDARD_SYSTEM TURBL.b  > TURBL.f
	rm -f TURBL.b
	xlf90_r -c -O2 -qarch=auto -qspill=20000  -qmaxmem=32767  -I../dyn_em          -I../dyn_eh          -I../dyn_nmm                                              -I../external/io_netcdf -I../external/io_int  -I../external/esmf_time_f90  -I../frame -I../share -I../phys -I../inc TURBL.f
"TURBL.f", line 66.11: 1514-219 (S) Unable to access module symbol file for module module_sf_myjsfc. Check path and file permissions of file. Use association not done for this module.
1501-511  Compilation failed for file TURBL.f.
make: 1254-004 The error code from the last command is 1.
make: 1254-005 Ignored error code 1 from last command.
	ar ru ../main/libwrflib.a module_ADVECTION.o         	 module_BC_NMM.o         	 module_BNDRY_COND.o         	 module_CLDWTR.o         	 module_CTLBLK.o         	 module_DIFFUSION_NMM.o         	 module_IGWAVE_ADJUST.o         	 module_NONHY_DYNAM.o         	 module_PHYS.o         		 module_MPPINIT.o        	 module_TIMERS.o                  module_ZEROX.o                   module_si_io_nmm.o                read_nmm.o			 init_modules_nmm.o  		 start_domain_nmm.o  		 solve_nmm.o         		 RADIATION.o 			 RDTEMP.o    			 TURBL.o 			 CUCNVC.o			 GSMDRIVE.o			 CLTEND.o
ar: A file or directory in the path name does not exist.
ar: 0707-117 The fopen system call failed on file start_domain_nmm.o.
ar: A file or directory in the path name does not exist.
ar: 0707-117 The fopen system call failed on file solve_nmm.o.
ar: A file or directory in the path name does not exist.
ar: 0707-117 The fopen system call failed on file RADIATION.o.
ar: A file or directory in the path name does not exist.
ar: 0707-117 The fopen system call failed on file RDTEMP.o.
ar: A file or directory in the path name does not exist.
ar: 0707-117 The fopen system call failed on file TURBL.o.
make: 1254-004 The error code from the last command is 5.
make: 1254-005 Ignored error code 5 from last command.
	if [ 0 -eq 1 ]   ; then make -i -r MODULE_DIRS="-I../dyn_em          -I../dyn_eh          -I../dyn_nmm                                              -I../external/io_netcdf -I../external/io_int  -I../external/esmf_time_f90  -I../frame -I../share -I../phys -I../inc" exp_core ; fi
	( cd main ; make -i -r MODULE_DIRS="-I../dyn_em          -I../dyn_eh          -I../dyn_nmm                                              -I../external/io_netcdf -I../external/io_int  -I../external/esmf_time_f90  -I../frame -I../share -I../phys -I../inc" SOLVER=eh_em eh_em_wrf )
	ranlib libwrflib.a
	xlf90_r -o wrf.exe -bmaxstack:256000000 -qsmp=noauto -bmaxdata:2048000000 wrf.o libwrflib.a -L../external/io_netcdf -lwrfio_nf -L/nwprod/sorc/hiresw_nmm_real_fcst.fd/netcdf_links/lib -lnetcdf -lmass -lxlsmp  -L../external/io_int -lwrfio_int  ../frame/internal_header_util.o ../frame/pack_utils.o -L../external/esmf_time_f90 -lesmf_time 
ld: 0711-317 ERROR: Undefined symbol: .__module_io_wrf_NMOD_init_module_io_wrf
ld: 0711-317 ERROR: Undefined symbol: .input_boundary_wrfspec
ld: 0711-317 ERROR: Undefined symbol: .input_boundary_wrf
ld: 0711-317 ERROR: Undefined symbol: .input_aux_model_input5_wrf
ld: 0711-317 ERROR: Undefined symbol: .input_aux_model_input4_wrf
ld: 0711-317 ERROR: Undefined symbol: .input_aux_model_input3_wrf
ld: 0711-317 ERROR: Undefined symbol: .input_aux_model_input2_wrf
ld: 0711-317 ERROR: Undefined symbol: .input_aux_model_input1_wrf
ld: 0711-317 ERROR: Undefined symbol: .input_model_input_wrf
ld: 0711-317 ERROR: Undefined symbol: .input_restart_wrf
ld: 0711-317 ERROR: Undefined symbol: .input_aux_hist5_wrf
ld: 0711-317 ERROR: Undefined symbol: .input_aux_hist4_wrf
ld: 0711-317 ERROR: Undefined symbol: .input_aux_hist3_wrf
ld: 0711-317 ERROR: Undefined symbol: .input_aux_hist2_wrf
ld: 0711-317 ERROR: Undefined symbol: .input_aux_hist1_wrf
ld: 0711-317 ERROR: Undefined symbol: .input_history_wrf
ld: 0711-317 ERROR: Undefined symbol: .output_boundary_wrfspec
ld: 0711-317 ERROR: Undefined symbol: .output_boundary_wrf
ld: 0711-317 ERROR: Undefined symbol: .output_aux_model_input5_wrf
ld: 0711-317 ERROR: Undefined symbol: .output_aux_model_input4_wrf
ld: 0711-317 ERROR: Undefined symbol: .output_aux_model_input3_wrf
ld: 0711-317 ERROR: Undefined symbol: .output_aux_model_input2_wrf
ld: 0711-317 ERROR: Undefined symbol: .output_aux_model_input1_wrf
ld: 0711-317 ERROR: Undefined symbol: .output_model_input_wrf
ld: 0711-317 ERROR: Undefined symbol: .output_restart_wrf
ld: 0711-317 ERROR: Undefined symbol: .output_aux_hist5_wrf
ld: 0711-317 ERROR: Undefined symbol: .output_aux_hist4_wrf
ld: 0711-317 ERROR: Undefined symbol: .output_aux_hist3_wrf
ld: 0711-317 ERROR: Undefined symbol: .output_aux_hist2_wrf
ld: 0711-317 ERROR: Undefined symbol: .output_aux_hist1_wrf
ld: 0711-317 ERROR: Undefined symbol: .output_history_wrf
ld: 0711-317 ERROR: Undefined symbol: .start_domain_nmm
ld: 0711-317 ERROR: Undefined symbol: .solve_nmm
ld: 0711-345 Use the -bloadmap or -bnoquiet option to obtain more information.
make: 1254-004 The error code from the last command is 8.
make: 1254-005 Ignored error code 8 from last command.
	( cd run ; /bin/rm -f wrf.exe ; ln -s ../main/wrf.exe . )
--------------------------------------
	( cd main ; make -i -r MODULE_DIRS="-I../dyn_em          -I../dyn_eh          -I../dyn_nmm                                              -I../external/io_netcdf -I../external/io_int  -I../external/esmf_time_f90  -I../frame -I../share -I../phys -I../inc" SOLVER=nmm IDEAL_CASE=real )
	( cd ../external/io_netcdf ; make NETCDFPATH=/nwprod/sorc/hiresw_nmm_real_fcst.fd/netcdf_links FC="xlf90_r  -qarch=auto -qzerosize" ; /bin/cp wrf_io_flags.h wrf_status_codes.h ../../inc )
Target "all" is up to date.
	( cd ../external/io_int ;  make CC=xlc_r FC="xlf90_r  -qarch=auto -qzerosize" all diffwrf )
Target "all" is up to date.
Target "diffwrf" is up to date.
	( cd ../external/esmf_time_f90 ;  make FC="xlf90_r " CPP="/lib/cpp -C -P" )
Target "libesmf_time.a" is up to date.
Target "externals" is up to date.
	( cd main ; make -i -r MODULE_DIRS="-I../dyn_em          -I../dyn_eh          -I../dyn_nmm                                              -I../external/io_netcdf -I../external/io_int  -I../external/esmf_time_f90  -I../frame -I../share -I../phys -I../inc" SOLVER=nmm IDEAL_CASE=real nmm_real )
	( cd ../dyn_nmm ;  make -i -r module_initialize_real.o )
Target "module_initialize_real.o" is up to date.
	ranlib libwrflib.a
	xlf90_r -o real.exe -bmaxstack:256000000 -qsmp=noauto -bmaxdata:2048000000 real_nmm.o ../dyn_nmm/module_initialize_real.o libwrflib.a -L../external/io_netcdf -lwrfio_nf -L/nwprod/sorc/hiresw_nmm_real_fcst.fd/netcdf_links/lib -lnetcdf -lmass -lxlsmp  -L../external/io_int -lwrfio_int  ../frame/internal_header_util.o ../frame/pack_utils.o -L../external/esmf_time_f90 -lesmf_time 
ld: 0711-317 ERROR: Undefined symbol: .__module_io_wrf_NMOD_init_module_io_wrf
ld: 0711-317 ERROR: Undefined symbol: .start_domain_nmm
ld: 0711-317 ERROR: Undefined symbol: .input_boundary_wrfspec
ld: 0711-317 ERROR: Undefined symbol: .input_boundary_wrf
ld: 0711-317 ERROR: Undefined symbol: .input_aux_model_input5_wrf
ld: 0711-317 ERROR: Undefined symbol: .input_aux_model_input4_wrf
ld: 0711-317 ERROR: Undefined symbol: .input_aux_model_input3_wrf
ld: 0711-317 ERROR: Undefined symbol: .input_aux_model_input2_wrf
ld: 0711-317 ERROR: Undefined symbol: .input_aux_model_input1_wrf
ld: 0711-317 ERROR: Undefined symbol: .input_model_input_wrf
ld: 0711-317 ERROR: Undefined symbol: .input_restart_wrf
ld: 0711-317 ERROR: Undefined symbol: .input_aux_hist5_wrf
ld: 0711-317 ERROR: Undefined symbol: .input_aux_hist4_wrf
ld: 0711-317 ERROR: Undefined symbol: .input_aux_hist3_wrf
ld: 0711-317 ERROR: Undefined symbol: .input_aux_hist2_wrf
ld: 0711-317 ERROR: Undefined symbol: .input_aux_hist1_wrf
ld: 0711-317 ERROR: Undefined symbol: .input_history_wrf
ld: 0711-317 ERROR: Undefined symbol: .output_boundary_wrfspec
ld: 0711-317 ERROR: Undefined symbol: .output_boundary_wrf
ld: 0711-317 ERROR: Undefined symbol: .output_aux_model_input5_wrf
ld: 0711-317 ERROR: Undefined symbol: .output_aux_model_input4_wrf
ld: 0711-317 ERROR: Undefined symbol: .output_aux_model_input3_wrf
ld: 0711-317 ERROR: Undefined symbol: .output_aux_model_input2_wrf
ld: 0711-317 ERROR: Undefined symbol: .output_aux_model_input1_wrf
ld: 0711-317 ERROR: Undefined symbol: .output_model_input_wrf
ld: 0711-317 ERROR: Undefined symbol: .output_restart_wrf
ld: 0711-317 ERROR: Undefined symbol: .output_aux_hist5_wrf
ld: 0711-317 ERROR: Undefined symbol: .output_aux_hist4_wrf
ld: 0711-317 ERROR: Undefined symbol: .output_aux_hist3_wrf
ld: 0711-317 ERROR: Undefined symbol: .output_aux_hist2_wrf
ld: 0711-317 ERROR: Undefined symbol: .output_aux_hist1_wrf
ld: 0711-317 ERROR: Undefined symbol: .output_history_wrf
ld: 0711-345 Use the -bloadmap or -bnoquiet option to obtain more information.
make: 1254-004 The error code from the last command is 8.
make: 1254-005 Ignored error code 8 from last command.
	( cd test/nmm_real ; /bin/rm -f wrf.exe ; ln -s ../../main/wrf.exe . )
	( cd test/nmm_real ; /bin/rm -f real.exe ; ln -s ../../main/real.exe . )
	( cd test/nmm_real ; /bin/rm -f README.namelist ; ln -s ../../run/README.namelist . )
