2013-11-12 20:08:43.748 ---  *** Starting program geogrid.exe ***
2013-11-12 20:08:43.768 --- Using the following namelist variables:
2013-11-12 20:08:43.768 --- &SHARE
2013-11-12 20:08:43.768 ---   WRF_CORE         = ARW
2013-11-12 20:08:43.768 ---   MAX_DOM          = 1
2013-11-12 20:08:43.768 ---   START_YEAR       = 0
2013-11-12 20:08:43.768 ---   START_MONTH      = 0
2013-11-12 20:08:43.768 ---   START_DAY        = 0
2013-11-12 20:08:43.770 ---   START_HOUR       = 0
2013-11-12 20:08:43.770 ---   START_MINUTE     = 0
2013-11-12 20:08:43.770 ---   START_SECOND     = 0
2013-11-12 20:08:43.770 ---   END_YEAR         = 0
2013-11-12 20:08:43.770 ---   END_MONTH        = 0
2013-11-12 20:08:43.770 ---   END_DAY          = 0
2013-11-12 20:08:43.770 ---   END_HOUR         = 0
2013-11-12 20:08:43.770 ---   END_MINUTE       = 0
2013-11-12 20:08:43.770 ---   END_SECOND       = 0
2013-11-12 20:08:43.770 ---   START_DATE       = 2013-05-09_00:00:00
2013-11-12 20:08:43.770 ---   END_DATE         = 2013-05-09_06:00:00
2013-11-12 20:08:43.770 ---   INTERVAL_SECONDS = 10800
2013-11-12 20:08:43.770 ---   IO_FORM_GEOGRID  = 2
2013-11-12 20:08:43.770 ---   OPT_OUTPUT_FROM_GEOGRID_PATH = ./
2013-11-12 20:08:43.770 ---   SUBGRID_RATIO_X  = 1
2013-11-12 20:08:43.770 ---   SUBGRID_RATIO_Y  = 1
2013-11-12 20:08:43.770 ---   DEBUG_LEVEL      = 50
2013-11-12 20:08:43.770 ---   ACTIVE_GRID      = .TRUE.
2013-11-12 20:08:43.770 ---   NOCOLONS         = .FALSE.
2013-11-12 20:08:43.770 --- /
2013-11-12 20:08:43.770 --- &GEOGRID
2013-11-12 20:08:43.770 ---   PARENT_ID         = 1
2013-11-12 20:08:43.770 ---   PARENT_GRID_RATIO = 1
2013-11-12 20:08:43.770 ---   I_PARENT_START    = 1
2013-11-12 20:08:43.770 ---   J_PARENT_START    = 1
2013-11-12 20:08:43.771 ---   S_WE              = 1
2013-11-12 20:08:43.771 ---   E_WE              = 456
2013-11-12 20:08:43.771 ---   S_SN              = 1
2013-11-12 20:08:43.771 ---   E_SN              = 302
2013-11-12 20:08:43.771 ---   GEOG_DATA_RES     = 2m
2013-11-12 20:08:43.771 ---   DX                = 3800.000000
2013-11-12 20:08:43.771 ---   DY                = 3800.000000
2013-11-12 20:08:43.771 ---   MAP_PROJ          = lambert
2013-11-12 20:08:43.771 ---   POLE_LAT          = 90.000000
2013-11-12 20:08:43.771 ---   POLE_LON          = 0.000000
2013-11-12 20:08:43.771 ---   REF_LAT           = 18.000000
2013-11-12 20:08:43.771 ---   REF_LON           = -69.000000
2013-11-12 20:08:43.771 ---   REF_X             = 100000002004087734272.000000
2013-11-12 20:08:43.771 ---   REF_Y             = 100000002004087734272.000000
2013-11-12 20:08:43.771 ---   TRUELAT1          = 18.000000
2013-11-12 20:08:43.771 ---   TRUELAT2          = 18.000000
2013-11-12 20:08:43.771 ---   STAND_LON         = -69.000000
2013-11-12 20:08:43.771 ---   GEOG_DATA_PATH    = /meso/noscrub/Matthew.Pyle/geog
2013-11-12 20:08:43.771 ---   OPT_GEOGRID_TBL_PATH = geogrid/
2013-11-12 20:08:43.771 --- /
2013-11-12 20:08:43.803 --- Processing domain 1 of 1
2013-11-12 20:08:43.803 --- INFORM: Using 2m interpolator sequence for HGT_M.
2013-11-12 20:08:43.803 --- INFORM: Using 2m data source for HGT_M.
2013-11-12 20:08:43.879 --- INFORM: Using 2m interpolator sequence for LANDUSEF.
2013-11-12 20:08:43.879 --- INFORM: Using 2m data source for LANDUSEF.
2013-11-12 20:08:43.911 --- INFORM: For SOILTEMP, couldn't find interpolator sequence for resolution 2m.
2013-11-12 20:08:43.912 --- INFORM: Using default interpolator sequence for SOILTEMP.
2013-11-12 20:08:43.912 --- INFORM: For SOILTEMP, couldn't find 2m data source.
2013-11-12 20:08:43.912 --- INFORM: Using default data source for SOILTEMP.
2013-11-12 20:08:43.929 --- INFORM: Using 2m interpolator sequence for SOILCTOP.
2013-11-12 20:08:43.929 --- INFORM: Using 2m data source for SOILCTOP.
2013-11-12 20:08:43.967 --- INFORM: Using 2m interpolator sequence for SOILCBOT.
2013-11-12 20:08:43.967 --- INFORM: Using 2m data source for SOILCBOT.
2013-11-12 20:08:43.999 --- INFORM: For ALBEDO12M, couldn't find interpolator sequence for resolution 2m.
2013-11-12 20:08:43.999 --- INFORM: Using default interpolator sequence for ALBEDO12M.
2013-11-12 20:08:43.999 --- INFORM: For ALBEDO12M, couldn't find 2m data source.
2013-11-12 20:08:44.000 --- INFORM: Using default data source for ALBEDO12M.
2013-11-12 20:08:44.015 --- INFORM: For GREENFRAC, couldn't find interpolator sequence for resolution 2m.
2013-11-12 20:08:44.015 --- INFORM: Using default interpolator sequence for GREENFRAC.
2013-11-12 20:08:44.015 --- INFORM: For GREENFRAC, couldn't find 2m data source.
2013-11-12 20:08:44.015 --- INFORM: Using default data source for GREENFRAC.
2013-11-12 20:08:44.027 --- INFORM: For SNOALB, couldn't find interpolator sequence for resolution 2m.
2013-11-12 20:08:44.027 --- INFORM: Using default interpolator sequence for SNOALB.
2013-11-12 20:08:44.027 --- INFORM: For SNOALB, couldn't find 2m data source.
2013-11-12 20:08:44.027 --- INFORM: Using default data source for SNOALB.
2013-11-12 20:08:44.056 --- INFORM: For SLOPECAT, couldn't find interpolator sequence for resolution 2m.
2013-11-12 20:08:44.056 --- INFORM: Using default interpolator sequence for SLOPECAT.
2013-11-12 20:08:44.056 --- INFORM: For SLOPECAT, couldn't find 2m data source.
2013-11-12 20:08:44.056 --- INFORM: Using default data source for SLOPECAT.
2013-11-12 20:08:44.057 --- INFORM: For VAR_SSO, couldn't find interpolator sequence for resolution 2m.
2013-11-12 20:08:44.057 --- INFORM: Using default interpolator sequence for VAR_SSO.
2013-11-12 20:08:44.057 --- INFORM: For VAR_SSO, couldn't find 2m data source.
2013-11-12 20:08:44.057 --- INFORM: Using default data source for VAR_SSO.
2013-11-12 20:08:44.278 --- Processing field 1 of 15 (LANDUSEF)
2013-11-12 20:08:45.048 --- Processing field 2 of 15 (LU_INDEX)
2013-11-12 20:08:45.073 --- Processing field 3 of 15 (HGT_M)
2013-11-12 20:08:45.172 --- Processing field 4 of 15 (SLPX)
2013-11-12 20:08:45.173 --- Processing field 5 of 15 (SLPY)
2013-11-12 20:08:45.175 --- Processing field 6 of 15 (SOILTEMP)
2013-11-12 20:08:45.267 --- Processing field 7 of 15 (SOILCTOP)
2013-11-12 20:08:45.821 --- Processing field 8 of 15 (SCT_DOM)
2013-11-12 20:08:45.832 --- Processing field 9 of 15 (SOILCBOT)
2013-11-12 20:08:46.410 --- Processing field 10 of 15 (SCB_DOM)
2013-11-12 20:08:46.424 --- Processing field 11 of 15 (ALBEDO12M)
2013-11-12 20:08:46.871 --- Processing field 12 of 15 (GREENFRAC)
2013-11-12 20:08:47.137 --- Processing field 13 of 15 (SNOALB)
2013-11-12 20:08:47.209 --- Processing field 14 of 15 (SLOPECAT)
2013-11-12 20:08:47.299 --- Processing field 15 of 15 (VAR_SSO)
2013-11-12 20:08:48.597 ---  *** Successful completion of program geogrid.exe ***
