IBM XL Fortran for AIX, V12.1 (5724-U82) Version 12.01.0000.0001 --- /gpfs/c/nco/ops/nwprod/sorc/hiresw_makeprecip_hls.fd/getgb1r.f 12/22/08 15:32:54
 
>>>>> OPTIONS SECTION <<<<<
***   Options In Effect   ***
  
         ==  On / Off Options  ==
         CR              DBG             DDIM            ESCAPE
         FULLPATH        I4              INLGLUE         NOLIBESSL
         NOLIBPOSIX      OBJECT          SOURCE          STRICT
         SWAPOMP         THREADED        UNWIND          NOZEROSIZE
  
         ==  Options Of Integer Type ==
         ALIAS_SIZE(65536)     FIXED(72)             MAXMEM(-1)
         OPTIMIZE(2)           SPILLSIZE(548)        STACKTEMP(0)
  
  
         ==  Options Of Character Type  ==
         64(LARGETYPE)         ALIAS(STD,INTPTR)     ALIGN(BINDC(POWER),STRUCT(NATURAL))
         ARCH(PWR6)            ATTR()                AUTODBL(NONE)
         DESCRIPTOR(V1)        DIRECTIVE(IBM*,IBMT)  ENUM()
         FLAG(I,I)             FLOAT(RNDSNGL,MAF,FOLD,RNGCHK,SINGLE)
         HALT(S)               IEEE(NEAR)            INTSIZE(4)
         LANGLVL(EXTENDED)     POSITION(APPENDOLD)   REALSIZE(4)
         NOSAVE()              TUNE(PWR6)            UNROLL(AUTO)
         XREF(FULL)            XLF2003(NOPOLYMORPHIC,NOBOZLITARGS,NOSTOPEXCEPT,NOVOLATILE,NOAUTOREALLOC,OLDNANINF)
         XLF77(NOLEADZERO,GEDIT77,NOBLANKPAD,OLDBOZ,INTARG,INTXOR,PERSISTENT,SOFTEOF)
         XLF90(NOSIGNEDZERO,NOAUTODEALLOC,OLDPAD)
  
>>>>> SOURCE SECTION <<<<<
          1 |C-----------------------------------------------------------------------
          2 |      SUBROUTINE GETGB1R(LUGB,LSKIP,LGRIB,KF,KPDS,KGDS,KENS,LB,F,NBITSS
          3 |     +      ,IBS,IRET)
          4 |C$$$  SUBPROGRAM DOCUMENTATION BLOCK
          5 |C
          6 |C SUBPROGRAM: GETGB1R        READS AND UNPACKS A GRIB MESSAGE
          7 |C   PRGMMR: IREDELL          ORG: W/NMC23     DATE: 95-10-31
          8 |C
          9 |C ABSTRACT: READ AND UNPACK A GRIB MESSAGE.
         10 |C
         11 |C PROGRAM HISTORY LOG:
         12 |C   95-10-31  IREDELL
         13 |C   04-07-22  CHUANG  ADD PACKING BIT NUMBER NBITSS IN THE ARGUMENT
         14 |C            LIST BECAUSE ETA GRIB FILES NEED IT TO REPACK GRIB FILE
         15 |C USAGE:    CALL GETGB1R(LUGB,LSKIP,LGRIB,KF,KPDS,KGDS,KENS,LB,F,IRET)
         16 |C   INPUT ARGUMENTS:
         17 |C     LUGB         INTEGER UNIT OF THE UNBLOCKED GRIB DATA FILE
         18 |C     LSKIP        INTEGER NUMBER OF BYTES TO SKIP
         19 |C     LGRIB        INTEGER NUMBER OF BYTES TO READ
         20 |C   OUTPUT ARGUMENTS:
         21 |C     KF           INTEGER NUMBER OF DATA POINTS UNPACKED
         22 |C     KPDS         INTEGER (200) UNPACKED PDS PARAMETERS
         23 |C     KGDS         INTEGER (200) UNPACKED GDS PARAMETERS
         24 |C     KENS         INTEGER (200) UNPACKED ENSEMBLE PDS PARMS
         25 |C     LB           LOGICAL*1 (KF) UNPACKED BITMAP IF PRESENT
         26 |C     F            REAL (KF) UNPACKED DATA
         27 |C     IRET         INTEGER RETURN CODE
         28 |C                    0      ALL OK
         29 |C                    97     ERROR READING GRIB FILE
         30 |C                    OTHER  W3FI63 GRIB UNPACKER RETURN CODE
         31 |C
         32 |C SUBPROGRAMS CALLED:
         33 |C   BAREAD         BYTE-ADDRESSABLE READ
         34 |C   W3FI63         UNPACK GRIB
         35 |C   PDSEUP         UNPACK PDS EXTENSION
         36 |C
         37 |C REMARKS: THERE IS NO PROTECTION AGAINST UNPACKING TOO MUCH DATA.
         38 |C   SUBPROGRAM CAN BE CALLED FROM A MULTIPROCESSING ENVIRONMENT.
         39 |C   DO NOT ENGAGE THE SAME LOGICAL UNIT FROM MORE THAN ONE PROCESSOR.
         40 |C   THIS SUBPROGRAM IS INTENDED FOR PRIVATE USE BY GETGB ROUTINES ONLY.
         41 |C
         42 |C ATTRIBUTES:
         43 |C   LANGUAGE: FORTRAN 77
         44 |C   MACHINE:  CRAY, WORKSTATIONS
         45 |C
         46 |C$$$
         47 |      INTEGER KPDS(200),KGDS(200),KENS(200)
         48 |      LOGICAL*1 LB(*)
         49 |      REAL F(*)
         50 |      INTEGER KPTR(200)
         51 |      CHARACTER GRIB(LGRIB)*1
         52 |C - - - - - - - - - - - - - - - - - - - - - - - - - - - - - - - - - - -
         53 |C  READ GRIB RECORD
         54 |      CALL BAREAD(LUGB,LSKIP,LGRIB,LREAD,GRIB)
         55 |C - - - - - - - - - - - - - - - - - - - - - - - - - - - - - - - - - - -
         56 |C  UNPACK GRIB RECORD
         57 |      IF(LREAD.EQ.LGRIB) THEN
         58 |        CALL W3FI63(GRIB,KPDS,KGDS,LB,F,KPTR,IRET)
         59 |        IF(IRET.EQ.0.AND.KPDS(23).EQ.2) THEN
         60 |          CALL PDSEUP(KENS,KPROB,XPROB,KCLUST,KMEMBR,45,GRIB(9))
         61 |        ENDIF
         62 |      ELSE
         63 |        IRET=97
         64 |      ENDIF
         65 |      NBITSS=KPTR(20)
         66 |      IBS=KPTR(19)
         67 |C - - - - - - - - - - - - - - - - - - - - - - - - - - - - - - - - - - -
         68 |C  RETURN NUMBER OF POINTS
         69 |      IF(IRET.EQ.0) THEN
         70 |        KF=KPTR(10)
         71 |      ELSE
         72 |        KF=0
         73 |      ENDIF
         74 |C - - - - - - - - - - - - - - - - - - - - - - - - - - - - - - - - - - -
         75 |      RETURN
         76 |      END
 
>>>>> ATTRIBUTE AND CROSS REFERENCE SECTION <<<<<
 
 
 
IDENTIFIER NAME                  CROSS REFERENCE AND ATTRIBUTES
 
baread                           External Subroutine
                                 0-54.12
 
f                                Reference argument, Real(4) (1:*), Offset: 0, Alignment: full word
                                 0-49.12$  0-2.64  0-58.39
 
getgb1r                          Subroutine
                                 0-2.18$
 
grib                             Controlled Automatic, Character(1) (1:?), Offset: 0, Alignment: full word
                                 0-51.17$  0-54.42  0-58.21  0-60.57
 
ibs                              Reference argument, Integer(4), Offset: 0, Alignment: full word
                                 0-3.14  0-66.7@
 
iret                             Reference argument, Integer(4), Offset: 0, Alignment: full word
                                 0-3.18  0-58.46  0-59.12  0-63.9@  0-69.10
 
kclust                           Automatic, Integer(4), Offset: 0, Alignment: full word
                                 0-60.40
 
kens                             Reference argument, Integer(4) (1:200), Offset: 0, Alignment: full word
                                 0-47.35$  0-2.56  0-60.23
 
kf                               Reference argument, Integer(4), Offset: 0, Alignment: full word
                                 0-2.43  0-70.9@  0-72.9@
 
kgds                             Reference argument, Integer(4) (1:200), Offset: 0, Alignment: full word
                                 0-47.25$  0-2.51  0-58.31
 
kmembr                           Automatic, Integer(4), Offset: 0, Alignment: full word
                                 0-60.47
 
kpds                             Reference argument, Integer(4) (1:200), Offset: 0, Alignment: full word
                                 0-47.15$  0-2.46  0-58.26  0-59.26
 
kprob                            Automatic, Integer(4), Offset: 0, Alignment: full word
                                 0-60.28
 
kptr                             Automatic, Integer(4) (1:200), Offset: 0, Alignment: full word
                                 0-50.15$  0-58.41  0-65.14  0-66.11  0-70.12
 
lb                               Reference argument, Logical(1) (1:*), Offset: 0, Alignment: byte
                                 0-48.17$  0-2.61  0-58.36
 
lgrib                            Reference argument, Integer(4), Offset: 0, Alignment: full word
                                 0-2.37  0-51.22  0-51.22  0-54.30  0-57.19
 
lread                            Automatic, Integer(4), Offset: 0, Alignment: full word
                                 0-54.36  0-57.10
 
lskip                            Reference argument, Integer(4), Offset: 0, Alignment: full word
                                 0-2.31  0-54.24
 
lugb                             Reference argument, Integer(4), Offset: 0, Alignment: full word
                                 0-2.26  0-54.19
 
nbitss                           Reference argument, Integer(4), Offset: 0, Alignment: full word
                                 0-2.66  0-65.7@
 
pdseup                           External Subroutine
                                 0-60.16
 
w3fi63                           External Subroutine
                                 0-58.14
 
xprob                            Automatic, Real(4), Offset: 0, Alignment: full word
                                 0-60.34
 
** getgb1r   === End of Compilation 1 ===
 
>>>>> FILE TABLE SECTION <<<<<
 
 
                                       FILE CREATION        FROM
FILE NO   FILENAME                    DATE       TIME       FILE    LINE
     0    getgb1r.f                   12/18/08   11:53:43
 
 
>>>>> COMPILATION EPILOGUE SECTION <<<<<
 
 
FORTRAN Summary of Diagnosed Conditions
 
TOTAL   UNRECOVERABLE  SEVERE       ERROR     WARNING    INFORMATIONAL
               (U)       (S)         (E)        (W)          (I)
    0           0         0           0          0            0
 
 
    Source records read.......................................      76
1501-510  Compilation successful for file getgb1r.f.
1501-543  Object file created.
