 
**** Compiling ungrib ****
 
( cd src/ngl ; make -i -r DEV_TOP="/gpfs/hps/emc/meso/noscrub/Matthew.Pyle/hiresw.v6.1.6_luna/sorc/hiresw_wps.fd" CC="cc" FC="ftn" RANLIB="echo" all )
make[1]: Entering directory `/gpfs/hps/emc/meso/noscrub/Matthew.Pyle/hiresw.v6.1.6_luna/sorc/hiresw_wps.fd/ungrib/src/ngl'
( cd w3 ; make -i -r DEV_TOP="/gpfs/hps/emc/meso/noscrub/Matthew.Pyle/hiresw.v6.1.6_luna/sorc/hiresw_wps.fd" all ; echo libw3.a )
make[2]: Entering directory `/gpfs/hps/emc/meso/noscrub/Matthew.Pyle/hiresw.v6.1.6_luna/sorc/hiresw_wps.fd/ungrib/src/ngl/w3'
Makefile:44: warning: overriding commands for target `.f.o'
/gpfs/hps/emc/meso/noscrub/Matthew.Pyle/hiresw.v6.1.6_luna/sorc/hiresw_wps.fd/configure.wps:99: warning: ignoring old commands for target `.f.o'
Makefile:48: warning: overriding commands for target `.c.o'
/gpfs/hps/emc/meso/noscrub/Matthew.Pyle/hiresw.v6.1.6_luna/sorc/hiresw_wps.fd/configure.wps:95: warning: ignoring old commands for target `.c.o'
/bin/rm -f bacio_module.o
ftn -FI -convert big_endian -xAVX -g -traceback -c bacio_module.f 
ifort: command line warning #10121: overriding '-xCORE-AVX2' with '-xAVX'
/bin/rm -f getgb.o
ftn -FI -convert big_endian -xAVX -g -traceback -c getgb.f 
ifort: command line warning #10121: overriding '-xCORE-AVX2' with '-xAVX'
/bin/rm -f getgbmh.o
ftn -FI -convert big_endian -xAVX -g -traceback -c getgbmh.f 
ifort: command line warning #10121: overriding '-xCORE-AVX2' with '-xAVX'
/bin/rm -f putgbex.o
ftn -FI -convert big_endian -xAVX -g -traceback -c putgbex.f 
ifort: command line warning #10121: overriding '-xCORE-AVX2' with '-xAVX'
/bin/rm -f w3fi73.o
ftn -FI -convert big_endian -xAVX -g -traceback -c w3fi73.f 
ifort: command line warning #10121: overriding '-xCORE-AVX2' with '-xAVX'
/bin/rm -f getgb1r.o
ftn -FI -convert big_endian -xAVX -g -traceback -c getgb1r.f 
ifort: command line warning #10121: overriding '-xCORE-AVX2' with '-xAVX'
/bin/rm -f getgbmp.o
ftn -FI -convert big_endian -xAVX -g -traceback -c getgbmp.f 
ifort: command line warning #10121: overriding '-xCORE-AVX2' with '-xAVX'
/bin/rm -f putgbn.o
ftn -FI -convert big_endian -xAVX -g -traceback -c putgbn.f 
ifort: command line warning #10121: overriding '-xCORE-AVX2' with '-xAVX'
/bin/rm -f w3fi74.o
ftn -FI -convert big_endian -xAVX -g -traceback -c w3fi74.f 
ifort: command line warning #10121: overriding '-xCORE-AVX2' with '-xAVX'
/bin/rm -f getgb1re.o
ftn -FI -convert big_endian -xAVX -g -traceback -c getgb1re.f 
ifort: command line warning #10121: overriding '-xCORE-AVX2' with '-xAVX'
/bin/rm -f getgbp.o
ftn -FI -convert big_endian -xAVX -g -traceback -c getgbp.f 
ifort: command line warning #10121: overriding '-xCORE-AVX2' with '-xAVX'
/bin/rm -f r63w72.o
ftn -FI -convert big_endian -xAVX -g -traceback -c r63w72.f 
ifort: command line warning #10121: overriding '-xCORE-AVX2' with '-xAVX'
/bin/rm -f w3fi75.o
ftn -FI -convert big_endian -xAVX -g -traceback -c w3fi75.f 
ifort: command line warning #10121: overriding '-xCORE-AVX2' with '-xAVX'
/bin/rm -f getgb1s.o
ftn -FI -convert big_endian -xAVX -g -traceback -c getgb1s.f 
ifort: command line warning #10121: overriding '-xCORE-AVX2' with '-xAVX'
/bin/rm -f getgi.o
ftn -FI -convert big_endian -xAVX -g -traceback -c getgi.f 
ifort: command line warning #10121: overriding '-xCORE-AVX2' with '-xAVX'
/bin/rm -f sbyte.o
ftn -FI -convert big_endian -xAVX -g -traceback -c sbyte.f 
ifort: command line warning #10121: overriding '-xCORE-AVX2' with '-xAVX'
/bin/rm -f w3fi76.o
ftn -FI -convert big_endian -xAVX -g -traceback -c w3fi76.f 
ifort: command line warning #10121: overriding '-xCORE-AVX2' with '-xAVX'
/bin/rm -f getgbe.o
ftn -FI -convert big_endian -xAVX -g -traceback -c getgbe.f 
ifort: command line warning #10121: overriding '-xCORE-AVX2' with '-xAVX'
/bin/rm -f getgir.o
ftn -FI -convert big_endian -xAVX -g -traceback -c getgir.f 
ifort: command line warning #10121: overriding '-xCORE-AVX2' with '-xAVX'
/bin/rm -f sbytes.o
ftn -FI -convert big_endian -xAVX -g -traceback -c sbytes.f 
ifort: command line warning #10121: overriding '-xCORE-AVX2' with '-xAVX'
/bin/rm -f w3fi82.o
ftn -FI -convert big_endian -xAVX -g -traceback -c w3fi82.f 
ifort: command line warning #10121: overriding '-xCORE-AVX2' with '-xAVX'
/bin/rm -f getgbeh.o
ftn -FI -convert big_endian -xAVX -g -traceback -c getgbeh.f 
ifort: command line warning #10121: overriding '-xCORE-AVX2' with '-xAVX'
/bin/rm -f idsdef.o
ftn -FI -convert big_endian -xAVX -g -traceback -c idsdef.f 
ifort: command line warning #10121: overriding '-xCORE-AVX2' with '-xAVX'
/bin/rm -f w3fi83.o
ftn -FI -convert big_endian -xAVX -g -traceback -c w3fi83.f 
ifort: command line warning #10121: overriding '-xCORE-AVX2' with '-xAVX'
/bin/rm -f getgbem.o
ftn -FI -convert big_endian -xAVX -g -traceback -c getgbem.f 
ifort: command line warning #10121: overriding '-xCORE-AVX2' with '-xAVX'
/bin/rm -f iw3jdn.o
ftn -FI -convert big_endian -xAVX -g -traceback -c iw3jdn.f 
ifort: command line warning #10121: overriding '-xCORE-AVX2' with '-xAVX'
/bin/rm -f w3difdat.o
ftn -FI -convert big_endian -xAVX -g -traceback -c w3difdat.f 
ifort: command line warning #10121: overriding '-xCORE-AVX2' with '-xAVX'
/bin/rm -f w3fs26.o
ftn -FI -convert big_endian -xAVX -g -traceback -c w3fs26.f 
ifort: command line warning #10121: overriding '-xCORE-AVX2' with '-xAVX'
/bin/rm -f getgbemh.o
ftn -FI -convert big_endian -xAVX -g -traceback -c getgbemh.f 
ifort: command line warning #10121: overriding '-xCORE-AVX2' with '-xAVX'
/bin/rm -f ixgb.o
ftn -FI -convert big_endian -xAVX -g -traceback -c ixgb.f 
ifort: command line warning #10121: overriding '-xCORE-AVX2' with '-xAVX'
/bin/rm -f w3doxdat.o
ftn -FI -convert big_endian -xAVX -g -traceback -c w3doxdat.f 
ifort: command line warning #10121: overriding '-xCORE-AVX2' with '-xAVX'
/bin/rm -f w3log.o
ftn -FI -convert big_endian -xAVX -g -traceback -c w3log.f 
ifort: command line warning #10121: overriding '-xCORE-AVX2' with '-xAVX'
/bin/rm -f getgbemp.o
ftn -FI -convert big_endian -xAVX -g -traceback -c getgbemp.f 
ifort: command line warning #10121: overriding '-xCORE-AVX2' with '-xAVX'
/bin/rm -f lengds.o
ftn -FI -convert big_endian -xAVX -g -traceback -c lengds.f 
ifort: command line warning #10121: overriding '-xCORE-AVX2' with '-xAVX'
/bin/rm -f w3fi01.o
ftn -FI -convert big_endian -xAVX -g -traceback -c w3fi01.f 
ifort: command line warning #10121: overriding '-xCORE-AVX2' with '-xAVX'
/bin/rm -f w3movdat.o
ftn -FI -convert big_endian -xAVX -g -traceback -c w3movdat.f 
ifort: command line warning #10121: overriding '-xCORE-AVX2' with '-xAVX'
/bin/rm -f getgbens.o
ftn -FI -convert big_endian -xAVX -g -traceback -c getgbens.f 
ifort: command line warning #10121: overriding '-xCORE-AVX2' with '-xAVX'
/bin/rm -f pdsens.o
ftn -FI -convert big_endian -xAVX -g -traceback -c pdsens.f 
ifort: command line warning #10121: overriding '-xCORE-AVX2' with '-xAVX'
/bin/rm -f w3fi58.o
ftn -FI -convert big_endian -xAVX -g -traceback -c w3fi58.f 
ifort: command line warning #10121: overriding '-xCORE-AVX2' with '-xAVX'
/bin/rm -f w3reddat.o
ftn -FI -convert big_endian -xAVX -g -traceback -c w3reddat.f 
ifort: command line warning #10121: overriding '-xCORE-AVX2' with '-xAVX'
/bin/rm -f getgbep.o
ftn -FI -convert big_endian -xAVX -g -traceback -c getgbep.f 
ifort: command line warning #10121: overriding '-xCORE-AVX2' with '-xAVX'
/bin/rm -f pdseup.o
ftn -FI -convert big_endian -xAVX -g -traceback -c pdseup.f 
ifort: command line warning #10121: overriding '-xCORE-AVX2' with '-xAVX'
/bin/rm -f w3fi59.o
ftn -FI -convert big_endian -xAVX -g -traceback -c w3fi59.f 
ifort: command line warning #10121: overriding '-xCORE-AVX2' with '-xAVX'
/bin/rm -f w3tagb.o
ftn -FI -convert big_endian -xAVX -g -traceback -c w3tagb.f 
ifort: command line warning #10121: overriding '-xCORE-AVX2' with '-xAVX'
/bin/rm -f errmsg.o
ftn -FI -convert big_endian -xAVX -g -traceback -c errmsg.f 
ifort: command line warning #10121: overriding '-xCORE-AVX2' with '-xAVX'
/bin/rm -f getgbex.o
ftn -FI -convert big_endian -xAVX -g -traceback -c getgbex.f 
ifort: command line warning #10121: overriding '-xCORE-AVX2' with '-xAVX'
/bin/rm -f putgb.o
ftn -FI -convert big_endian -xAVX -g -traceback -c putgb.f 
ifort: command line warning #10121: overriding '-xCORE-AVX2' with '-xAVX'
/bin/rm -f w3fi63.o
ftn -FI -convert big_endian -xAVX -g -traceback -c w3fi63.f 
ifort: command line warning #10121: overriding '-xCORE-AVX2' with '-xAVX'
/bin/rm -f gbytes.o
ftn -FI -convert big_endian -xAVX -g -traceback -c gbytes.f 
ifort: command line warning #10121: overriding '-xCORE-AVX2' with '-xAVX'
/bin/rm -f getgbexm.o
ftn -FI -convert big_endian -xAVX -g -traceback -c getgbexm.f 
ifort: command line warning #10121: overriding '-xCORE-AVX2' with '-xAVX'
/bin/rm -f putgbe.o
ftn -FI -convert big_endian -xAVX -g -traceback -c putgbe.f 
ifort: command line warning #10121: overriding '-xCORE-AVX2' with '-xAVX'
/bin/rm -f w3fi68.o
ftn -FI -convert big_endian -xAVX -g -traceback -c w3fi68.f 
ifort: command line warning #10121: overriding '-xCORE-AVX2' with '-xAVX'
/bin/rm -f gbytes_char.o
ftn -FI -convert big_endian -xAVX -g -traceback -c gbytes_char.f 
ifort: command line warning #10121: overriding '-xCORE-AVX2' with '-xAVX'
/bin/rm -f getgbh.o
ftn -FI -convert big_endian -xAVX -g -traceback -c getgbh.f 
ifort: command line warning #10121: overriding '-xCORE-AVX2' with '-xAVX'
/bin/rm -f putgben.o
ftn -FI -convert big_endian -xAVX -g -traceback -c putgben.f 
ifort: command line warning #10121: overriding '-xCORE-AVX2' with '-xAVX'
/bin/rm -f getbit.o
ftn -FI -convert big_endian -xAVX -g -traceback -c getbit.f 
ifort: command line warning #10121: overriding '-xCORE-AVX2' with '-xAVX'
/bin/rm -f getgbm.o
ftn -FI -convert big_endian -xAVX -g -traceback -c getgbm.f 
ifort: command line warning #10121: overriding '-xCORE-AVX2' with '-xAVX'
/bin/rm -f putgbens.o
ftn -FI -convert big_endian -xAVX -g -traceback -c putgbens.f 
ifort: command line warning #10121: overriding '-xCORE-AVX2' with '-xAVX'
/bin/rm -f w3fi72.o
ftn -FI -convert big_endian -xAVX -g -traceback -c w3fi72.f 
ifort: command line warning #10121: overriding '-xCORE-AVX2' with '-xAVX'
/bin/rm -f fparsei.o
ftn -FI -convert big_endian -xAVX -g -traceback -c fparsei.f 
ifort: command line warning #10121: overriding '-xCORE-AVX2' with '-xAVX'
/bin/rm -f fparser.o
ftn -FI -convert big_endian -xAVX -g -traceback -c fparser.f 
ifort: command line warning #10121: overriding '-xCORE-AVX2' with '-xAVX'
/bin/rm -f instrument.o
ftn -FI -convert big_endian -xAVX -g -traceback -c instrument.f 
ifort: command line warning #10121: overriding '-xCORE-AVX2' with '-xAVX'
/bin/rm -f start.o
ftn -FI -convert big_endian -xAVX -g -traceback -c start.f 
ifort: command line warning #10121: overriding '-xCORE-AVX2' with '-xAVX'
/bin/rm -f summary.o
ftn -FI -convert big_endian -xAVX -g -traceback -c summary.f 
ifort: command line warning #10121: overriding '-xCORE-AVX2' with '-xAVX'
/bin/rm -f w3utcdat.o
ftn -FI -convert big_endian -xAVX -g -traceback -c w3utcdat.f 
ifort: command line warning #10121: overriding '-xCORE-AVX2' with '-xAVX'
/bin/rm -f w3fs21.o
ftn -FI -convert big_endian -xAVX -g -traceback -c w3fs21.f 
ifort: command line warning #10121: overriding '-xCORE-AVX2' with '-xAVX'
/bin/rm -f w3locdat.o
ftn -FI -convert big_endian -xAVX -g -traceback -c w3locdat.f 
ifort: command line warning #10121: overriding '-xCORE-AVX2' with '-xAVX'
/bin/rm -f w3fi71.o
ftn -FI -convert big_endian -xAVX -g -traceback -c w3fi71.f 
ifort: command line warning #10121: overriding '-xCORE-AVX2' with '-xAVX'
/bin/rm -f baciof.o
ftn -FI -convert big_endian -xAVX -g -traceback -c baciof.f 
ifort: command line warning #10121: overriding '-xCORE-AVX2' with '-xAVX'
/bin/rm -f bacio.v1.3.o
cc  -D_UNDERSCORE -DBYTESWAP -DLINUX -DIO_NETCDF -DIO_BINARY -DIO_GRIB1 -DBIT32  -c bacio.v1.3.c 
/bin/rm -f errexit.o
cc  -D_UNDERSCORE -DBYTESWAP -DLINUX -DIO_NETCDF -DIO_BINARY -DIO_GRIB1 -DBIT32  -c errexit.c 
ar ru  libw3.a bacio_module.o getgb.o     getgbmh.o   putgbex.o   w3fi73.o getgb1r.o   getgbmp.o   putgbn.o    w3fi74.o getgb1re.o  getgbp.o    r63w72.o    w3fi75.o getgb1s.o   getgi.o     sbyte.o     w3fi76.o getgbe.o    getgir.o    sbytes.o    w3fi82.o getgbeh.o   idsdef.o                w3fi83.o getgbem.o   iw3jdn.o    w3difdat.o  w3fs26.o getgbemh.o  ixgb.o      w3doxdat.o  w3log.o getgbemp.o  lengds.o    w3fi01.o    w3movdat.o getgbens.o  pdsens.o    w3fi58.o    w3reddat.o getgbep.o   pdseup.o    w3fi59.o    w3tagb.o errmsg.o    getgbex.o   putgb.o     w3fi63.o gbytes.o    getgbexm.o  putgbe.o    w3fi68.o gbytes_char.o           getgbh.o    putgben.o getbit.o    getgbm.o    putgbens.o  w3fi72.o fparsei.o   fparser.o   instrument.o start.o     summary.o   w3utcdat.o  w3fs21.o w3locdat.o  w3fi71.o    baciof.o bacio.v1.3.o errexit.o
ar: creating libw3.a
echo libw3.a
libw3.a
make[2]: Leaving directory `/gpfs/hps/emc/meso/noscrub/Matthew.Pyle/hiresw.v6.1.6_luna/sorc/hiresw_wps.fd/ungrib/src/ngl/w3'
libw3.a
ln -sf w3/libw3.a .
( cd g2 ; make -i -r DEV_TOP="/gpfs/hps/emc/meso/noscrub/Matthew.Pyle/hiresw.v6.1.6_luna/sorc/hiresw_wps.fd" all ; echo libg2_4.a )
make[2]: Entering directory `/gpfs/hps/emc/meso/noscrub/Matthew.Pyle/hiresw.v6.1.6_luna/sorc/hiresw_wps.fd/ungrib/src/ngl/g2'
Makefile:67: warning: overriding commands for target `.F.o'
/gpfs/hps/emc/meso/noscrub/Matthew.Pyle/hiresw.v6.1.6_luna/sorc/hiresw_wps.fd/configure.wps:103: warning: ignoring old commands for target `.F.o'
Makefile:72: warning: overriding commands for target `.f.o'
/gpfs/hps/emc/meso/noscrub/Matthew.Pyle/hiresw.v6.1.6_luna/sorc/hiresw_wps.fd/configure.wps:99: warning: ignoring old commands for target `.f.o'
Makefile:75: warning: overriding commands for target `.c.o'
/gpfs/hps/emc/meso/noscrub/Matthew.Pyle/hiresw.v6.1.6_luna/sorc/hiresw_wps.fd/configure.wps:95: warning: ignoring old commands for target `.c.o'
ftn -c -FI -convert big_endian -xAVX -g -traceback gridtemplates.f
ifort: command line warning #10121: overriding '-xCORE-AVX2' with '-xAVX'
ftn -c -FI -convert big_endian -xAVX -g -traceback pdstemplates.f
ifort: command line warning #10121: overriding '-xCORE-AVX2' with '-xAVX'
ftn -c -FI -convert big_endian -xAVX -g -traceback drstemplates.f
ifort: command line warning #10121: overriding '-xCORE-AVX2' with '-xAVX'
ftn -c -FI -convert big_endian -xAVX -g -traceback gribmod.f
ifort: command line warning #10121: overriding '-xCORE-AVX2' with '-xAVX'
ftn -c -FI -convert big_endian -xAVX -g -traceback realloc.f
ifort: command line warning #10121: overriding '-xCORE-AVX2' with '-xAVX'
/lib/cpp -C -P -traditional -DUSE_JPEG2000 -DUSE_PNG addfield.F > addfield.f90
ftn -c -FI -convert big_endian -xAVX -g -traceback addfield.f90
ifort: command line warning #10121: overriding '-xCORE-AVX2' with '-xAVX'
/bin/rm -f addfield.f90
ftn -c -FI -convert big_endian -xAVX -g -traceback addgrid.f
ifort: command line warning #10121: overriding '-xCORE-AVX2' with '-xAVX'
ftn -c -FI -convert big_endian -xAVX -g -traceback addlocal.f
ifort: command line warning #10121: overriding '-xCORE-AVX2' with '-xAVX'
ftn -c -FI -convert big_endian -xAVX -g -traceback getfield.f
ifort: command line warning #10121: overriding '-xCORE-AVX2' with '-xAVX'
ftn -c -FI -convert big_endian -xAVX -g -traceback gb_info.f
ifort: command line warning #10121: overriding '-xCORE-AVX2' with '-xAVX'
ftn -c -FI -convert big_endian -xAVX -g -traceback gf_getfld.f
ifort: command line warning #10121: overriding '-xCORE-AVX2' with '-xAVX'
ftn -c -FI -convert big_endian -xAVX -g -traceback gf_free.f
ifort: command line warning #10121: overriding '-xCORE-AVX2' with '-xAVX'
ftn -c -FI -convert big_endian -xAVX -g -traceback gf_unpack1.f
ifort: command line warning #10121: overriding '-xCORE-AVX2' with '-xAVX'
ftn -c -FI -convert big_endian -xAVX -g -traceback gf_unpack2.f
ifort: command line warning #10121: overriding '-xCORE-AVX2' with '-xAVX'
ftn -c -FI -convert big_endian -xAVX -g -traceback gf_unpack3.f
ifort: command line warning #10121: overriding '-xCORE-AVX2' with '-xAVX'
ftn -c -FI -convert big_endian -xAVX -g -traceback gf_unpack4.f
ifort: command line warning #10121: overriding '-xCORE-AVX2' with '-xAVX'
ftn -c -FI -convert big_endian -xAVX -g -traceback gf_unpack5.f
ifort: command line warning #10121: overriding '-xCORE-AVX2' with '-xAVX'
ftn -c -FI -convert big_endian -xAVX -g -traceback gf_unpack6.f
ifort: command line warning #10121: overriding '-xCORE-AVX2' with '-xAVX'
/lib/cpp -C -P -traditional -DUSE_JPEG2000 -DUSE_PNG gf_unpack7.F > gf_unpack7.f90
ftn -c -FI -convert big_endian -xAVX -g -traceback gf_unpack7.f90
ifort: command line warning #10121: overriding '-xCORE-AVX2' with '-xAVX'
/bin/rm -f gf_unpack7.f90
ftn -c -FI -convert big_endian -xAVX -g -traceback gettemplates.f
ifort: command line warning #10121: overriding '-xCORE-AVX2' with '-xAVX'
ftn -c -FI -convert big_endian -xAVX -g -traceback getlocal.f
ifort: command line warning #10121: overriding '-xCORE-AVX2' with '-xAVX'
ftn -c -FI -convert big_endian -xAVX -g -traceback getdim.f
ifort: command line warning #10121: overriding '-xCORE-AVX2' with '-xAVX'
ftn -c -FI -convert big_endian -xAVX -g -traceback getpoly.f
ifort: command line warning #10121: overriding '-xCORE-AVX2' with '-xAVX'
ftn -c -FI -convert big_endian -xAVX -g -traceback gribcreate.f
ifort: command line warning #10121: overriding '-xCORE-AVX2' with '-xAVX'
ftn -c -FI -convert big_endian -xAVX -g -traceback gribend.f
ifort: command line warning #10121: overriding '-xCORE-AVX2' with '-xAVX'
ftn -c -FI -convert big_endian -xAVX -g -traceback gribinfo.f
ifort: command line warning #10121: overriding '-xCORE-AVX2' with '-xAVX'
ftn -c -FI -convert big_endian -xAVX -g -traceback mkieee.f
ifort: command line warning #10121: overriding '-xCORE-AVX2' with '-xAVX'
ftn -c -FI -convert big_endian -xAVX -g -traceback rdieee.f
ifort: command line warning #10121: overriding '-xCORE-AVX2' with '-xAVX'
ftn -c -FI -convert big_endian -xAVX -g -traceback simpack.f
ifort: command line warning #10121: overriding '-xCORE-AVX2' with '-xAVX'
ftn -c -FI -convert big_endian -xAVX -g -traceback simunpack.f
ifort: command line warning #10121: overriding '-xCORE-AVX2' with '-xAVX'
ftn -c -FI -convert big_endian -xAVX -g -traceback cmplxpack.f
ifort: command line warning #10121: overriding '-xCORE-AVX2' with '-xAVX'
ftn -c -FI -convert big_endian -xAVX -g -traceback compack.f
ifort: command line warning #10121: overriding '-xCORE-AVX2' with '-xAVX'
ftn -c -FI -convert big_endian -xAVX -g -traceback misspack.f
ifort: command line warning #10121: overriding '-xCORE-AVX2' with '-xAVX'
ftn -c -FI -convert big_endian -xAVX -g -traceback pack_gp.f
ifort: command line warning #10121: overriding '-xCORE-AVX2' with '-xAVX'
ftn -c -FI -convert big_endian -xAVX -g -traceback reduce.f
ifort: command line warning #10121: overriding '-xCORE-AVX2' with '-xAVX'
ftn -c -FI -convert big_endian -xAVX -g -traceback comunpack.f
ifort: command line warning #10121: overriding '-xCORE-AVX2' with '-xAVX'
ftn -c -FI -convert big_endian -xAVX -g -traceback specpack.f
ifort: command line warning #10121: overriding '-xCORE-AVX2' with '-xAVX'
ftn -c -FI -convert big_endian -xAVX -g -traceback specunpack.f
ifort: command line warning #10121: overriding '-xCORE-AVX2' with '-xAVX'
/lib/cpp -C -P -traditional -DUSE_JPEG2000 -DUSE_PNG jpcpack.F > jpcpack.f90
ftn -c -FI -convert big_endian -xAVX -g -traceback jpcpack.f90
ifort: command line warning #10121: overriding '-xCORE-AVX2' with '-xAVX'
/bin/rm -f jpcpack.f90
/lib/cpp -C -P -traditional -DUSE_JPEG2000 -DUSE_PNG jpcunpack.F > jpcunpack.f90
ftn -c -FI -convert big_endian -xAVX -g -traceback jpcunpack.f90
ifort: command line warning #10121: overriding '-xCORE-AVX2' with '-xAVX'
/bin/rm -f jpcunpack.f90
cc -c  -D_UNDERSCORE -DBYTESWAP -DLINUX -DIO_NETCDF -DIO_BINARY -DIO_GRIB1 -DBIT32  -I/usrx/local/prod//png/1.2.49/intel/haswell/include -I/usrx/local/prod/zlib/1.2.7/intel/haswell/include -I/usrx/local/prod//jasper/1.900.1/gnu/haswell/include -DUSE_JPEG2000 -DUSE_PNG -D__64BIT__ enc_jpeg2000.c
cc -c  -D_UNDERSCORE -DBYTESWAP -DLINUX -DIO_NETCDF -DIO_BINARY -DIO_GRIB1 -DBIT32  -I/usrx/local/prod//png/1.2.49/intel/haswell/include -I/usrx/local/prod/zlib/1.2.7/intel/haswell/include -I/usrx/local/prod//jasper/1.900.1/gnu/haswell/include -DUSE_JPEG2000 -DUSE_PNG -D__64BIT__ dec_jpeg2000.c
/lib/cpp -C -P -traditional -DUSE_JPEG2000 -DUSE_PNG pngpack.F > pngpack.f90
ftn -c -FI -convert big_endian -xAVX -g -traceback pngpack.f90
ifort: command line warning #10121: overriding '-xCORE-AVX2' with '-xAVX'
/bin/rm -f pngpack.f90
/lib/cpp -C -P -traditional -DUSE_JPEG2000 -DUSE_PNG pngunpack.F > pngunpack.f90
ftn -c -FI -convert big_endian -xAVX -g -traceback pngunpack.f90
ifort: command line warning #10121: overriding '-xCORE-AVX2' with '-xAVX'
/bin/rm -f pngunpack.f90
cc -c  -D_UNDERSCORE -DBYTESWAP -DLINUX -DIO_NETCDF -DIO_BINARY -DIO_GRIB1 -DBIT32  -I/usrx/local/prod//png/1.2.49/intel/haswell/include -I/usrx/local/prod/zlib/1.2.7/intel/haswell/include -I/usrx/local/prod//jasper/1.900.1/gnu/haswell/include -DUSE_JPEG2000 -DUSE_PNG -D__64BIT__ enc_png.c
cc -c  -D_UNDERSCORE -DBYTESWAP -DLINUX -DIO_NETCDF -DIO_BINARY -DIO_GRIB1 -DBIT32  -I/usrx/local/prod//png/1.2.49/intel/haswell/include -I/usrx/local/prod/zlib/1.2.7/intel/haswell/include -I/usrx/local/prod//jasper/1.900.1/gnu/haswell/include -DUSE_JPEG2000 -DUSE_PNG -D__64BIT__ dec_png.c
ftn -c -FI -convert big_endian -xAVX -g -traceback gbytesc.f
ifort: command line warning #10121: overriding '-xCORE-AVX2' with '-xAVX'
ftn -c -FI -convert big_endian -xAVX -g -traceback skgb.f
ifort: command line warning #10121: overriding '-xCORE-AVX2' with '-xAVX'
ftn -c -FI -convert big_endian -xAVX -g -traceback ixgb2.f
ifort: command line warning #10121: overriding '-xCORE-AVX2' with '-xAVX'
ftn -c -FI -convert big_endian -xAVX -g -traceback getidx.f
ifort: command line warning #10121: overriding '-xCORE-AVX2' with '-xAVX'
ftn -c -FI -convert big_endian -xAVX -g -traceback getg2i.f
ifort: command line warning #10121: overriding '-xCORE-AVX2' with '-xAVX'
ftn -c -FI -convert big_endian -xAVX -g -traceback getg2ir.f
ifort: command line warning #10121: overriding '-xCORE-AVX2' with '-xAVX'
ftn -c -FI -convert big_endian -xAVX -g -traceback getgb2s.f
ifort: command line warning #10121: overriding '-xCORE-AVX2' with '-xAVX'
ftn -c -FI -convert big_endian -xAVX -g -traceback getgb2r.f
ifort: command line warning #10121: overriding '-xCORE-AVX2' with '-xAVX'
ftn -c -FI -convert big_endian -xAVX -g -traceback getgb2l.f
ifort: command line warning #10121: overriding '-xCORE-AVX2' with '-xAVX'
ftn -c -FI -convert big_endian -xAVX -g -traceback getgb2.f
ifort: command line warning #10121: overriding '-xCORE-AVX2' with '-xAVX'
ftn -c -FI -convert big_endian -xAVX -g -traceback getgb2p.f
ifort: command line warning #10121: overriding '-xCORE-AVX2' with '-xAVX'
ftn -c -FI -convert big_endian -xAVX -g -traceback getgb2rp.f
ifort: command line warning #10121: overriding '-xCORE-AVX2' with '-xAVX'
ftn -c -FI -convert big_endian -xAVX -g -traceback putgb2.f
ifort: command line warning #10121: overriding '-xCORE-AVX2' with '-xAVX'
ftn -c -FI -convert big_endian -xAVX -g -traceback g2grids.f
ifort: command line warning #10121: overriding '-xCORE-AVX2' with '-xAVX'
ftn -c -FI -convert big_endian -xAVX -g -traceback gdt2gds.f
ifort: command line warning #10121: overriding '-xCORE-AVX2' with '-xAVX'
ftn -c -FI -convert big_endian -xAVX -g -traceback params.f
ifort: command line warning #10121: overriding '-xCORE-AVX2' with '-xAVX'
ftn -c -FI -convert big_endian -xAVX -g -traceback params_ecmwf.f
ifort: command line warning #10121: overriding '-xCORE-AVX2' with '-xAVX'
cc -c  -D_UNDERSCORE -DBYTESWAP -DLINUX -DIO_NETCDF -DIO_BINARY -DIO_GRIB1 -DBIT32  -I/usrx/local/prod//png/1.2.49/intel/haswell/include -I/usrx/local/prod/zlib/1.2.7/intel/haswell/include -I/usrx/local/prod//jasper/1.900.1/gnu/haswell/include -DUSE_JPEG2000 -DUSE_PNG -D__64BIT__ mova2i.c
/bin/rm -f libg2_4.a
ar ru  libg2_4.a gridtemplates.o pdstemplates.o drstemplates.o gribmod.o realloc.o addfield.o addgrid.o addlocal.o getfield.o gb_info.o gf_getfld.o gf_free.o gf_unpack1.o gf_unpack2.o gf_unpack3.o gf_unpack4.o gf_unpack5.o gf_unpack6.o gf_unpack7.o gettemplates.o getlocal.o getdim.o getpoly.o gribcreate.o gribend.o gribinfo.o mkieee.o rdieee.o simpack.o simunpack.o cmplxpack.o compack.o misspack.o pack_gp.o reduce.o comunpack.o specpack.o specunpack.o jpcpack.o jpcunpack.o enc_jpeg2000.o dec_jpeg2000.o pngpack.o pngunpack.o enc_png.o dec_png.o gbytesc.o skgb.o ixgb2.o getidx.o getg2i.o getg2ir.o getgb2s.o getgb2r.o getgb2l.o getgb2.o getgb2p.o getgb2rp.o putgb2.o g2grids.o gdt2gds.o params.o params_ecmwf.o mova2i.o
ar: creating libg2_4.a
echo libg2_4.a
libg2_4.a
make[2]: Leaving directory `/gpfs/hps/emc/meso/noscrub/Matthew.Pyle/hiresw.v6.1.6_luna/sorc/hiresw_wps.fd/ungrib/src/ngl/g2'
libg2_4.a
ln -sf g2/libg2_4.a .
make[1]: Leaving directory `/gpfs/hps/emc/meso/noscrub/Matthew.Pyle/hiresw.v6.1.6_luna/sorc/hiresw_wps.fd/ungrib/src/ngl'
( cd src ; \
        if [ "" = yes ] ; then \
          WRF_DIR2=../hiresw_wrfarwfcst.fd ; \
        else \
          WRF_DIR2=/gpfs/hps/emc/meso/noscrub/Matthew.Pyle/hiresw.v6.1.6_luna/sorc/hiresw_wps.fd/../hiresw_wrfarwfcst.fd ; \
        fi ; \
	make -i -r ungrib.exe \
		WRF_DIR="$WRF_DIR2" \
		FC="ftn" \
		CC="cc" \
		CPP="/lib/cpp -C -P -traditional" \
		FFLAGS="-FR -convert big_endian -xAVX -g -traceback" \
		CFLAGS="" \
		LDFLAGS="" \
		CPPFLAGS="-D_UNDERSCORE -DBYTESWAP -DLINUX -DIO_NETCDF -DIO_BINARY -DIO_GRIB1 -DBIT32  -D_UNGRIB" )
make[1]: Entering directory `/gpfs/hps/emc/meso/noscrub/Matthew.Pyle/hiresw.v6.1.6_luna/sorc/hiresw_wps.fd/ungrib/src'
Makefile:90: warning: overriding commands for target `.F.o'
../../configure.wps:103: warning: ignoring old commands for target `.F.o'
Makefile:95: warning: overriding commands for target `.c.o'
../../configure.wps:95: warning: ignoring old commands for target `.c.o'
/lib/cpp -C -P -traditional -D_UNDERSCORE -DBYTESWAP -DLINUX -DIO_NETCDF -DIO_BINARY -DIO_GRIB1 -DBIT32  -D_UNGRIB -DUSE_JPEG2000 -DUSE_PNG misc_definitions_module.F > misc_definitions_module.f90
ftn -c -FR -convert big_endian -xAVX -g -traceback misc_definitions_module.f90
ifort: command line warning #10121: overriding '-xCORE-AVX2' with '-xAVX'
/bin/rm -f debug_cio.o
cc -D_UNDERSCORE -DBYTESWAP -DLINUX -DIO_NETCDF -DIO_BINARY -DIO_GRIB1 -DBIT32  -D_UNGRIB  -c debug_cio.c
/lib/cpp -C -P -traditional -D_UNDERSCORE -DBYTESWAP -DLINUX -DIO_NETCDF -DIO_BINARY -DIO_GRIB1 -DBIT32  -D_UNGRIB -DUSE_JPEG2000 -DUSE_PNG module_debug.F > module_debug.f90
ftn -c -FR -convert big_endian -xAVX -g -traceback module_debug.f90
ifort: command line warning #10121: overriding '-xCORE-AVX2' with '-xAVX'
/lib/cpp -C -P -traditional -D_UNDERSCORE -DBYTESWAP -DLINUX -DIO_NETCDF -DIO_BINARY -DIO_GRIB1 -DBIT32  -D_UNGRIB -DUSE_JPEG2000 -DUSE_PNG module_stringutil.F > module_stringutil.f90
ftn -c -FR -convert big_endian -xAVX -g -traceback module_stringutil.f90
ifort: command line warning #10121: overriding '-xCORE-AVX2' with '-xAVX'
/lib/cpp -C -P -traditional -D_UNDERSCORE -DBYTESWAP -DLINUX -DIO_NETCDF -DIO_BINARY -DIO_GRIB1 -DBIT32  -D_UNGRIB -DUSE_JPEG2000 -DUSE_PNG table.F > table.f90
ftn -c -FR -convert big_endian -xAVX -g -traceback table.f90
ifort: command line warning #10121: overriding '-xCORE-AVX2' with '-xAVX'
/lib/cpp -C -P -traditional -D_UNDERSCORE -DBYTESWAP -DLINUX -DIO_NETCDF -DIO_BINARY -DIO_GRIB1 -DBIT32  -D_UNGRIB -DUSE_JPEG2000 -DUSE_PNG module_datarray.F > module_datarray.f90
ftn -c -FR -convert big_endian -xAVX -g -traceback module_datarray.f90
ifort: command line warning #10121: overriding '-xCORE-AVX2' with '-xAVX'
/lib/cpp -C -P -traditional -D_UNDERSCORE -DBYTESWAP -DLINUX -DIO_NETCDF -DIO_BINARY -DIO_GRIB1 -DBIT32  -D_UNGRIB -DUSE_JPEG2000 -DUSE_PNG gridinfo.F > gridinfo.f90
ftn -c -FR -convert big_endian -xAVX -g -traceback gridinfo.f90
ifort: command line warning #10121: overriding '-xCORE-AVX2' with '-xAVX'
/lib/cpp -C -P -traditional -D_UNDERSCORE -DBYTESWAP -DLINUX -DIO_NETCDF -DIO_BINARY -DIO_GRIB1 -DBIT32  -D_UNGRIB -DUSE_JPEG2000 -DUSE_PNG new_storage.F > new_storage.f90
ftn -c -FR -convert big_endian -xAVX -g -traceback new_storage.f90
ifort: command line warning #10121: overriding '-xCORE-AVX2' with '-xAVX'
/lib/cpp -C -P -traditional -D_UNDERSCORE -DBYTESWAP -DLINUX -DIO_NETCDF -DIO_BINARY -DIO_GRIB1 -DBIT32  -D_UNGRIB -DUSE_JPEG2000 -DUSE_PNG filelist.F > filelist.f90
ftn -c -FR -convert big_endian -xAVX -g -traceback filelist.f90
ifort: command line warning #10121: overriding '-xCORE-AVX2' with '-xAVX'
/lib/cpp -C -P -traditional -D_UNDERSCORE -DBYTESWAP -DLINUX -DIO_NETCDF -DIO_BINARY -DIO_GRIB1 -DBIT32  -D_UNGRIB -DUSE_JPEG2000 -DUSE_PNG ungrib.F > ungrib.f90
ftn -c -FR -convert big_endian -xAVX -g -traceback ungrib.f90
ifort: command line warning #10121: overriding '-xCORE-AVX2' with '-xAVX'
/lib/cpp -C -P -traditional -D_UNDERSCORE -DBYTESWAP -DLINUX -DIO_NETCDF -DIO_BINARY -DIO_GRIB1 -DBIT32  -D_UNGRIB -DUSE_JPEG2000 -DUSE_PNG output.F > output.f90
ftn -c -FR -convert big_endian -xAVX -g -traceback output.f90
ifort: command line warning #10121: overriding '-xCORE-AVX2' with '-xAVX'
/lib/cpp -C -P -traditional -D_UNDERSCORE -DBYTESWAP -DLINUX -DIO_NETCDF -DIO_BINARY -DIO_GRIB1 -DBIT32  -D_UNGRIB -DUSE_JPEG2000 -DUSE_PNG rrpr.F > rrpr.f90
ftn -c -FR -convert big_endian -xAVX -g -traceback rrpr.f90
ifort: command line warning #10121: overriding '-xCORE-AVX2' with '-xAVX'
/lib/cpp -C -P -traditional -D_UNDERSCORE -DBYTESWAP -DLINUX -DIO_NETCDF -DIO_BINARY -DIO_GRIB1 -DBIT32  -D_UNGRIB -DUSE_JPEG2000 -DUSE_PNG rd_grib1.F > rd_grib1.f90
ftn -c -FR -convert big_endian -xAVX -g -traceback rd_grib1.f90
ifort: command line warning #10121: overriding '-xCORE-AVX2' with '-xAVX'
/lib/cpp -C -P -traditional -D_UNDERSCORE -DBYTESWAP -DLINUX -DIO_NETCDF -DIO_BINARY -DIO_GRIB1 -DBIT32  -D_UNGRIB -DUSE_JPEG2000 -DUSE_PNG file_delete.F > file_delete.f90
ftn -c -FR -convert big_endian -xAVX -g -traceback file_delete.f90
ifort: command line warning #10121: overriding '-xCORE-AVX2' with '-xAVX'
/lib/cpp -C -P -traditional -D_UNDERSCORE -DBYTESWAP -DLINUX -DIO_NETCDF -DIO_BINARY -DIO_GRIB1 -DBIT32  -D_UNGRIB -DUSE_JPEG2000 -DUSE_PNG datint.F > datint.f90
ftn -c -FR -convert big_endian -xAVX -g -traceback datint.f90
ifort: command line warning #10121: overriding '-xCORE-AVX2' with '-xAVX'
/lib/cpp -C -P -traditional -D_UNDERSCORE -DBYTESWAP -DLINUX -DIO_NETCDF -DIO_BINARY -DIO_GRIB1 -DBIT32  -D_UNGRIB rd_grib2.F > rd_grib2.f90
ftn -c -FI -convert big_endian -xAVX -g -traceback  rd_grib2.f90 -I. -I./ngl/g2
ifort: command line warning #10121: overriding '-xCORE-AVX2' with '-xAVX'
/lib/cpp -C -P -traditional -D_UNDERSCORE -DBYTESWAP -DLINUX -DIO_NETCDF -DIO_BINARY -DIO_GRIB1 -DBIT32  -D_UNGRIB -DUSE_JPEG2000 -DUSE_PNG build_hdate.F > build_hdate.f90
ftn -c -FR -convert big_endian -xAVX -g -traceback build_hdate.f90
ifort: command line warning #10121: overriding '-xCORE-AVX2' with '-xAVX'
/lib/cpp -C -P -traditional -D_UNDERSCORE -DBYTESWAP -DLINUX -DIO_NETCDF -DIO_BINARY -DIO_GRIB1 -DBIT32  -D_UNGRIB -DUSE_JPEG2000 -DUSE_PNG geth_newdate.F > geth_newdate.f90
ftn -c -FR -convert big_endian -xAVX -g -traceback geth_newdate.f90
ifort: command line warning #10121: overriding '-xCORE-AVX2' with '-xAVX'
/lib/cpp -C -P -traditional -D_UNDERSCORE -DBYTESWAP -DLINUX -DIO_NETCDF -DIO_BINARY -DIO_GRIB1 -DBIT32  -D_UNGRIB -DUSE_JPEG2000 -DUSE_PNG geth_idts.F > geth_idts.f90
ftn -c -FR -convert big_endian -xAVX -g -traceback geth_idts.f90
ifort: command line warning #10121: overriding '-xCORE-AVX2' with '-xAVX'
/lib/cpp -C -P -traditional -D_UNDERSCORE -DBYTESWAP -DLINUX -DIO_NETCDF -DIO_BINARY -DIO_GRIB1 -DBIT32  -D_UNGRIB -DUSE_JPEG2000 -DUSE_PNG swap.F > swap.f90
ftn -c -FR -convert big_endian -xAVX -g -traceback swap.f90
ifort: command line warning #10121: overriding '-xCORE-AVX2' with '-xAVX'
/lib/cpp -C -P -traditional -D_UNDERSCORE -DBYTESWAP -DLINUX -DIO_NETCDF -DIO_BINARY -DIO_GRIB1 -DBIT32  -D_UNGRIB -DUSE_JPEG2000 -DUSE_PNG parse_table.F > parse_table.f90
ftn -c -FR -convert big_endian -xAVX -g -traceback parse_table.f90
ifort: command line warning #10121: overriding '-xCORE-AVX2' with '-xAVX'
/lib/cpp -C -P -traditional -D_UNDERSCORE -DBYTESWAP -DLINUX -DIO_NETCDF -DIO_BINARY -DIO_GRIB1 -DBIT32  -D_UNGRIB -DUSE_JPEG2000 -DUSE_PNG gbytesys.F > gbytesys.f90
ftn -c -FR -convert big_endian -xAVX -g -traceback gbytesys.f90
ifort: command line warning #10121: overriding '-xCORE-AVX2' with '-xAVX'
/lib/cpp -C -P -traditional -D_UNDERSCORE -DBYTESWAP -DLINUX -DIO_NETCDF -DIO_BINARY -DIO_GRIB1 -DBIT32  -D_UNGRIB -DUSE_JPEG2000 -DUSE_PNG gribcode.F > gribcode.f90
ftn -c -FR -convert big_endian -xAVX -g -traceback gribcode.f90
ifort: command line warning #10121: overriding '-xCORE-AVX2' with '-xAVX'
/lib/cpp -C -P -traditional -D_UNDERSCORE -DBYTESWAP -DLINUX -DIO_NETCDF -DIO_BINARY -DIO_GRIB1 -DBIT32  -D_UNGRIB -DUSE_JPEG2000 -DUSE_PNG read_namelist.F > read_namelist.f90
ftn -c -FR -convert big_endian -xAVX -g -traceback read_namelist.f90
ifort: command line warning #10121: overriding '-xCORE-AVX2' with '-xAVX'
/bin/rm -f cio.o
cc -D_UNDERSCORE -DBYTESWAP -DLINUX -DIO_NETCDF -DIO_BINARY -DIO_GRIB1 -DBIT32  -D_UNGRIB  -c cio.c
/bin/rm -f libpgu.a
ar ru libpgu.a build_hdate.o geth_newdate.o geth_idts.o swap.o table.o parse_table.o gbytesys.o gribcode.o read_namelist.o cio.o
ar: creating libpgu.a
echo libpgu.a
libpgu.a
/bin/rm -f ungrib.exe
if [ -z  ] ; then \
			  ftn -o ungrib.exe  misc_definitions_module.o debug_cio.o module_debug.o module_stringutil.o table.o module_datarray.o gridinfo.o new_storage.o filelist.o ungrib.o output.o rrpr.o rd_grib1.o file_delete.o datint.o rd_grib2.o  \
				-L./ngl -lw3 -lg2_4 \
				/usrx/local/prod//jasper/1.900.1/gnu/haswell/lib/libjasper.a /usrx/local/prod//png/1.2.49/intel/haswell/lib/libpng.a /usrx/local/prod/zlib/1.2.7/intel/haswell/lib/libz.a \
				-L. -lpgu ; \
                        else \
			  ftn -o ungrib.exe  misc_definitions_module.o debug_cio.o module_debug.o module_stringutil.o table.o module_datarray.o gridinfo.o new_storage.o filelist.o ungrib.o output.o rrpr.o rd_grib1.o file_delete.o datint.o rd_grib2.o  \
				./ngl/w3/libw3.a ./ngl/g2/libg2_4.a \
				/usrx/local/prod//jasper/1.900.1/gnu/haswell/lib/libjasper.a /usrx/local/prod//png/1.2.49/intel/haswell/lib/libpng.a /usrx/local/prod/zlib/1.2.7/intel/haswell/lib/libz.a \
				libpgu.a ; \
                        fi
/usrx/local/prod//jasper/1.900.1/gnu/haswell/lib/libjasper.a(jas_stream.o): In function `jas_stream_tmpfile':
/usrx/local/prod/jasper/1.900.1/gnu/haswell/sorc/jasper-1.900.1/src/libjasper/base/jas_stream.c:368: warning: the use of `tmpnam' is dangerous, better use `mkstemp'
make[1]: Leaving directory `/gpfs/hps/emc/meso/noscrub/Matthew.Pyle/hiresw.v6.1.6_luna/sorc/hiresw_wps.fd/ungrib/src'
if [ -h ungrib.exe ] ; then \
	        /bin/rm -f ungrib.exe ; \
	fi ; \
	if [ -h ../ungrib.exe ] ; then \
		/bin/rm -f ../ungrib.exe ; \
	fi ; \
	if [ -e src/ungrib.exe ] ; then \
		ln -sf src/ungrib.exe . ; \
	fi
