 
**** Compiling WPS and all utilities ****
 
	( cd src ;  make -i -r geogrid.exe  WRF_DIR="/gpfs/d/meso/save/wx20py/JIF_CODES/WPS_NMM/../WRFV2_ijk"  FC="xlf90_r"  CC="cc"  CPP="/usr/lib/cpp -C -P"  FFLAGS="-qfree=f90"  CFLAGS=""  LDFLAGS=""  CPPFLAGS="-DAIX -DIBM4 -DIO_NETCDF -DIO_BINARY -DIO_GRIB1 -DBIT32 -D_GEOGRID" )
	xlf90_r  -o geogrid.exe cio.o wrf_debug.o bitarray_module.o constants_module.o despace.o geogrid.o gridinfo_module.o hash_module.o interp_module.o list_module.o llxy_module.o misc_definitions_module.o module_debug.o module_map_utils.o output_module.o parallel_module.o process_tile_module.o proc_point_module.o queue_module.o read_binary_field.o smooth_module.o source_data_module.o  /gpfs/d/meso/save/wx20py/JIF_CODES/WPS_NMM/../WRFV2_ijk/frame/pack_utils.o /gpfs/d/meso/save/wx20py/JIF_CODES/WPS_NMM/../WRFV2_ijk/frame/module_machine.o  /gpfs/d/meso/save/wx20py/JIF_CODES/WPS_NMM/../WRFV2_ijk/frame/module_internal_header_util.o  -I/gpfs/d/meso/save/wx20py/JIF_CODES/WPS_NMM/../WRFV2_ijk/external/io_grib1  -I/gpfs/d/meso/save/wx20py/JIF_CODES/WPS_NMM/../WRFV2_ijk/external/io_grib_share  -I/gpfs/d/meso/save/wx20py/JIF_CODES/WPS_NMM/../WRFV2_ijk/external/io_int  -I/usrx/local/netcdf.3.5.0/include  -I/gpfs/d/meso/save/wx20py/JIF_CODES/WPS_NMM/../WRFV2_ijk/external/io_netcdf  -L/gpfs/d/meso/save/wx20py/JIF_CODES/WPS_NMM/../WRFV2_ijk/external/io_grib1 -lio_grib1  -L/gpfs/d/meso/save/wx20py/JIF_CODES/WPS_NMM/../WRFV2_ijk/external/io_grib_share -lio_grib_share  -L/gpfs/d/meso/save/wx20py/JIF_CODES/WPS_NMM/../WRFV2_ijk/external/io_int -lwrfio_int  -L/gpfs/d/meso/save/wx20py/JIF_CODES/WPS_NMM/../WRFV2_ijk/external/io_netcdf -lwrfio_nf  -L/usrx/local/netcdf.3.5.0/lib -lnetcdf
ld: 0706-006 Cannot find or open library file: -l wrfio_nf
	ld:open(): A file or directory in the path name does not exist.
make: 1254-004 The error code from the last command is 255.
make: 1254-005 Ignored error code 255 from last command.
	if [ -e geogrid.exe ] ; then  /bin/rm -f geogrid.exe ;  fi ;  if [ -e ../geogrid.exe ] ; then  /bin/rm -f ../geogrid.exe ;  fi ;  if [ -e src/geogrid.exe ] ; then  ln -sf src/geogrid.exe . ;  fi
	( cd src/ngl ; make -i -r DEV_TOP="/gpfs/d/meso/save/wx20py/JIF_CODES/WPS_NMM" CC="cc" FC="xlf90_r" all )
Target "all" is up to date.
	( cd src ;  make -i -r ungrib.exe  WRF_DIR="/gpfs/d/meso/save/wx20py/JIF_CODES/WPS_NMM/../WRFV2_ijk"  FC="xlf90_r"  CC="cc"  CPP="/usr/lib/cpp -C -P"  FFLAGS="-qfree=f90"  CFLAGS=""  LDFLAGS=""  CPPFLAGS="-DAIX -DIBM4 -DIO_NETCDF -DIO_BINARY -DIO_GRIB1 -DBIT32 -D_UNGRIB" )
Target "ungrib.exe" is up to date.
	if [ -h ungrib.exe ] ; then  /bin/rm -f ungrib.exe ;  fi ;  if [ -h ../ungrib.exe ] ; then  /bin/rm -f ../ungrib.exe ;  fi ;  if [ -e src/ungrib.exe ] ; then  ln -sf src/ungrib.exe . ;  fi
	( cd src ;  make -i -r metgrid.exe  WRF_DIR="/gpfs/d/meso/save/wx20py/JIF_CODES/WPS_NMM/../WRFV2_ijk"  FC="xlf90_r"  CC="cc"  CPP="/usr/lib/cpp -C -P"  FFLAGS="-qfree=f90"  CFLAGS=""  LDFLAGS=""  CPPFLAGS="-DAIX -DIBM4 -DIO_NETCDF -DIO_BINARY -DIO_GRIB1 -DBIT32 -D_METGRID" )
	xlf90_r  -o metgrid.exe cio.o wrf_debug.o bitarray_module.o constants_module.o datatype_module.o despace.o gridinfo_module.o metgrid.o input_module.o interp_module.o interp_option_module.o list_module.o llxy_module.o minheap_module.o misc_definitions_module.o module_date_pack.o module_debug.o module_map_utils.o module_mergesort.o output_module.o parallel_module.o process_domain_module.o queue_module.o read_met_module.o rotate_winds_module.o storage_module.o write_met_module.o  /gpfs/d/meso/save/wx20py/JIF_CODES/WPS_NMM/../WRFV2_ijk/frame/pack_utils.o /gpfs/d/meso/save/wx20py/JIF_CODES/WPS_NMM/../WRFV2_ijk/frame/module_machine.o  /gpfs/d/meso/save/wx20py/JIF_CODES/WPS_NMM/../WRFV2_ijk/frame/module_internal_header_util.o  -I/gpfs/d/meso/save/wx20py/JIF_CODES/WPS_NMM/../WRFV2_ijk/external/io_grib1  -I/gpfs/d/meso/save/wx20py/JIF_CODES/WPS_NMM/../WRFV2_ijk/external/io_grib_share  -I/gpfs/d/meso/save/wx20py/JIF_CODES/WPS_NMM/../WRFV2_ijk/external/io_int  -I/usrx/local/netcdf.3.5.0/include  -I/gpfs/d/meso/save/wx20py/JIF_CODES/WPS_NMM/../WRFV2_ijk/external/io_netcdf  -L/gpfs/d/meso/save/wx20py/JIF_CODES/WPS_NMM/../WRFV2_ijk/external/io_grib1 -lio_grib1  -L/gpfs/d/meso/save/wx20py/JIF_CODES/WPS_NMM/../WRFV2_ijk/external/io_grib_share -lio_grib_share  -L/gpfs/d/meso/save/wx20py/JIF_CODES/WPS_NMM/../WRFV2_ijk/external/io_int -lwrfio_int  -L/gpfs/d/meso/save/wx20py/JIF_CODES/WPS_NMM/../WRFV2_ijk/external/io_netcdf -lwrfio_nf  -L/usrx/local/netcdf.3.5.0/lib -lnetcdf
ld: 0706-006 Cannot find or open library file: -l wrfio_nf
	ld:open(): A file or directory in the path name does not exist.
make: 1254-004 The error code from the last command is 255.
make: 1254-005 Ignored error code 255 from last command.
	if [ -e metgrid.exe ] ; then  /bin/rm -f metgrid.exe ;  fi ;  if [ -e ../metgrid.exe ] ; then  /bin/rm -f ../metgrid.exe ;  fi ;  if [ -e src/metgrid.exe ] ; then  ln -sf src/metgrid.exe . ;  fi
	( cd src/ngl ; make -i -r DEV_TOP="/gpfs/d/meso/save/wx20py/JIF_CODES/WPS_NMM" CC="cc" FC="xlf90_r" all )
Target "all" is up to date.
	( cd src ;  make -i -r g1print.exe  WRF_DIR="/gpfs/d/meso/save/wx20py/JIF_CODES/WPS_NMM/../WRFV2_ijk"  FC="xlf90_r"  CC="cc"  CPP="/usr/lib/cpp -C -P"  FFLAGS="-qfree=f90"  CFLAGS=""  LDFLAGS=""  CPPFLAGS="-DAIX -DIBM4 -DIO_NETCDF -DIO_BINARY -DIO_GRIB1 -DBIT32 -D_GRIBUTIL" )
Target "g1print.exe" is up to date.
	if [ -h g1print.exe ] ; then  /bin/rm -f g1print.exe ;  fi ;  if [ -h ../g1print.exe ] ; then  /bin/rm -f ../g1print.exe ;  fi ;  if [ -e src/g1print.exe ] ; then  ln -sf src/g1print.exe . ;  fi
	( cd src/ngl ; make -i -r DEV_TOP="/gpfs/d/meso/save/wx20py/JIF_CODES/WPS_NMM" CC="cc" FC="xlf90_r" all )
Target "all" is up to date.
	( cd src ;  make -i -r g2print.exe  WRF_DIR="/gpfs/d/meso/save/wx20py/JIF_CODES/WPS_NMM/../WRFV2_ijk"  FC="xlf90_r"  CC="cc"  CPP="/usr/lib/cpp -C -P"  FFLAGS="-qfree=f90"  CFLAGS=""  LDFLAGS=""  CPPFLAGS="-DAIX -DIBM4 -DIO_NETCDF -DIO_BINARY -DIO_GRIB1 -DBIT32 -D_GRIBUTIL" )
	xlf90_r -o g2print.exe  g2print.o  -L. -lpgu  -L./ngl -lw3 -lg2_4  
ld: 0711-317 ERROR: Undefined symbol: .__gridinfo_NMOD__&&_gridinfo
ld: 0711-317 ERROR: Undefined symbol: .__filelist_NMOD__&&_filelist
ld: 0711-345 Use the -bloadmap or -bnoquiet option to obtain more information.
make: 1254-004 The error code from the last command is 8.
make: 1254-005 Ignored error code 8 from last command.
	if [ -h g2print.exe ] ; then  /bin/rm -f g2print.exe ;  fi ;  if [ -h ../g2print.exe ] ; then  /bin/rm -f ../g2print.exe ;  fi ;  if [ -e src/g2print.exe ] ; then  ln -sf src/g2print.exe . ;  fi
	( cd src ;  make -i -r plotfmt.exe  WRF_DIR="/gpfs/d/meso/save/wx20py/JIF_CODES/WPS_NMM/../WRFV2_ijk"  FC="xlf90_r"  CC="cc"  CPP="/usr/lib/cpp -C -P"  FFLAGS="-qfree=f90"  CFLAGS=""  LDFLAGS=""  CPPFLAGS="-DAIX -DIBM4 -DIO_NETCDF -DIO_BINARY -DIO_GRIB1 -DBIT32 -D_UTIL" )
	xlf90_r -o plotfmt.exe  plotfmt.o read_met_module.o module_debug.o  misc_definitions_module.o cio.o   -L/usr/local/lib64/r4i4 -lncarg -lncarg_gks -lncarg_c  -L/usr/X11R6/lib -lX11
ld: 0706-006 Cannot find or open library file: -l ncarg
	ld:open(): A file or directory in the path name does not exist.
ld: 0706-006 Cannot find or open library file: -l ncarg_gks
	ld:open(): A file or directory in the path name does not exist.
ld: 0706-006 Cannot find or open library file: -l ncarg_c
	ld:open(): A file or directory in the path name does not exist.
make: 1254-004 The error code from the last command is 255.
make: 1254-005 Ignored error code 255 from last command.
	if [ -h plotfmt.exe ] ; then  /bin/rm -f plotfmt.exe ;  fi ;  if [ -h ../plotfmt.exe ] ; then  /bin/rm -f ../plotfmt.exe ;  fi ;  if [ -e src/plotfmt.exe ] ; then  ln -sf src/plotfmt.exe . ;  fi
	( cd src ;  make -i -r rd_intermediate.exe  WRF_DIR="/gpfs/d/meso/save/wx20py/JIF_CODES/WPS_NMM/../WRFV2_ijk"  FC="xlf90_r"  CC="cc"  CPP="/usr/lib/cpp -C -P"  FFLAGS="-qfree=f90"  CFLAGS=""  LDFLAGS=""  CPPFLAGS="-DAIX -DIBM4 -DIO_NETCDF -DIO_BINARY -DIO_GRIB1 -DBIT32 -D_UTIL" )
Target "rd_intermediate.exe" is up to date.
	if [ -h rd_intermediate.exe ] ; then  /bin/rm -f rd_intermediate.exe ;  fi ;  if [ -h ../rd_intermediate.exe ] ; then  /bin/rm -f ../rd_intermediate.exe ;  fi ;  if [ -e src/rd_intermediate.exe ] ; then  ln -sf src/rd_intermediate.exe . ;  fi
	( cd src ;  make -i -r plotgrids.exe  WRF_DIR="/gpfs/d/meso/save/wx20py/JIF_CODES/WPS_NMM/../WRFV2_ijk"  FC="xlf90_r"  CC="cc"  CPP="/usr/lib/cpp -C -P"  FFLAGS="-qfree=f90"  CFLAGS=""  LDFLAGS=""  CPPFLAGS="-DAIX -DIBM4 -DIO_NETCDF -DIO_BINARY -DIO_GRIB1 -DBIT32 -D_UTIL" )
	xlf90_r -o plotgrids.exe  module_map_utils.o module_debug.o cio.o constants_module.o misc_definitions_module.o  plotgrids.o  -L/usr/local/lib64/r4i4 -lncarg -lncarg_gks -lncarg_c  -L/usr/X11R6/lib -lX11
ld: 0706-006 Cannot find or open library file: -l ncarg
	ld:open(): A file or directory in the path name does not exist.
ld: 0706-006 Cannot find or open library file: -l ncarg_gks
	ld:open(): A file or directory in the path name does not exist.
ld: 0706-006 Cannot find or open library file: -l ncarg_c
	ld:open(): A file or directory in the path name does not exist.
make: 1254-004 The error code from the last command is 255.
make: 1254-005 Ignored error code 255 from last command.
	if [ -h plotgrids.exe ] ; then  /bin/rm -f plotgrids.exe ;  fi ;  if [ -h ../plotgrids.exe ] ; then  /bin/rm -f ../plotgrids.exe ;  fi ;  if [ -e src/plotgrids.exe ] ; then  ln -sf src/plotgrids.exe . ;  fi
	( cd src ;  make -i -r mod_levs.exe  WRF_DIR="/gpfs/d/meso/save/wx20py/JIF_CODES/WPS_NMM/../WRFV2_ijk"  FC="xlf90_r"  CC="cc"  CPP="/usr/lib/cpp -C -P"  FFLAGS="-qfree=f90"  CFLAGS=""  LDFLAGS=""  CPPFLAGS="-DAIX -DIBM4 -DIO_NETCDF -DIO_BINARY -DIO_GRIB1 -DBIT32 -D_UTIL" )
Target "mod_levs.exe" is up to date.
	if [ -h mod_levs.exe ] ; then  /bin/rm -f mod_levs.exe ;  fi ;  if [ -h ../mod_levs.exe ] ; then  /bin/rm -f ../mod_levs.exe ;  fi ;  if [ -e src/mod_levs.exe ] ; then  ln -sf src/mod_levs.exe . ;  fi
	( cd src ;  make -i -r avg_tsfc.exe  WRF_DIR="/gpfs/d/meso/save/wx20py/JIF_CODES/WPS_NMM/../WRFV2_ijk"  FC="xlf90_r"  CC="cc"  CPP="/usr/lib/cpp -C -P"  FFLAGS="-qfree=f90"  CFLAGS=""  LDFLAGS=""  CPPFLAGS="-DAIX -DIBM4 -DIO_NETCDF -DIO_BINARY -DIO_GRIB1 -DBIT32 -D_UTIL" )
Target "avg_tsfc.exe" is up to date.
	if [ -h avg_tsfc.exe ] ; then  /bin/rm -f avg_tsfc.exe ;  fi ;  if [ -h ../avg_tsfc.exe ] ; then  /bin/rm -f ../avg_tsfc.exe ;  fi ;  if [ -e src/avg_tsfc.exe ] ; then  ln -sf src/avg_tsfc.exe . ;  fi
