ATTENTION: 0031-408  4 tasks allocated by LoadLeveler, continuing...
Parsed 10 entries in GEOGRID.TBL
Processing domain 1 of 1
  Processing XLAT and XLONG
  Processing F and E
  Processing LANDUSEF
  Calculating landmask from LANDUSEF (WATER = 16)
  Processing HGT_M
  Processing HGT_V
  Processing SOILTEMP
  Processing SOILCTOP
  Processing SOILCAT
  Processing SOILCBOT
  Processing ALBEDO12M
  Processing GREENFRAC
  Processing SNOALB
 lat,lon,i,j:  -88.50000000 49.50000000 10005.00000 5238.000000
 lat,lon,i,j:  -89.50000000 49.50000000 10005.00000 5238.000000
 lat,lon,i,j:  -87.50000000 49.50000000 10005.00000 5238.000000
 lat,lon,i,j:  -85.50000000 49.50000000 10005.00000 5238.000000
 lat,lon,i,j:  -86.50000000 49.50000000 10005.00000 5238.000000
 lat,lon,i,j:  -84.50000000 49.50000000 10005.00000 5238.000000
 lat,lon,i,j:  -82.50000000 49.50000000 10005.00000 5238.000000
 lat,lon,i,j:  -83.50000000 49.50000000 10005.00000 5238.000000
 lat,lon,i,j:  -81.50000000 49.50000000 10005.00000 5238.000000
 lat,lon,i,j:  -79.50000000 49.50000000 10005.00000 5238.000000
 lat,lon,i,j:  -80.50000000 49.50000000 10005.00000 5238.000000
 lat,lon,i,j:  -78.50000000 49.50000000 10005.00000 5238.000000
 lat,lon,i,j:  -76.50000000 49.50000000 10005.00000 5238.000000
 lat,lon,i,j:  -77.50000000 49.50000000 10005.00000 5238.000000
 lat,lon,i,j:  -75.50000000 49.50000000 10005.00000 5238.000000
 lat,lon,i,j:  -73.50000000 49.50000000 10005.00000 5238.000000
 lat,lon,i,j:  -74.50000000 49.50000000 10005.00000 5238.000000
 lat,lon,i,j:  -72.50000000 49.50000000 10005.00000 5238.000000
 lat,lon,i,j:  -70.50000000 49.50000000 10005.00000 5238.000000
 lat,lon,i,j:  -71.50000000 49.50000000 10005.00000 5238.000000
 lat,lon,i,j:  -69.50000000 49.50000000 10005.00000 5238.000000
 lat,lon,i,j:  -68.50000000 49.50000000 10005.00000 5238.000000
 lat,lon,i,j:  -67.50000000 49.50000000 10005.00000 5238.000000
 lat,lon,i,j:  -65.50000000 49.50000000 10005.00000 5238.000000
 lat,lon,i,j:  -66.50000000 49.50000000 10005.00000 5238.000000
 lat,lon,i,j:  -64.50000000 49.50000000 10005.00000 5238.000000
 lat,lon,i,j:  -62.50000000 49.50000000 10005.00000 5238.000000
 lat,lon,i,j:  -63.50000000 49.50000000 10005.00000 5238.000000
 lat,lon,i,j:  -61.50000000 49.50000000 10005.00000 5238.000000
 lat,lon,i,j:  -59.50000000 49.50000000 10005.00000 5238.000000
 lat,lon,i,j:  -60.50000000 49.50000000 10005.00000 5238.000000
 lat,lon,i,j:  -58.50000000 49.50000000 10005.00000 5238.000000
 lat,lon,i,j:  -57.50000000 49.50000000 10005.00000 5238.000000
 lat,lon,i,j:  -56.50000000 49.50000000 10005.00000 5238.000000
 lat,lon,i,j:  -54.50000000 49.50000000 10005.00000 5238.000000
 lat,lon,i,j:  -55.50000000 49.50000000 10005.00000 5238.000000
 lat,lon,i,j:  -53.50000000 49.50000000 10005.00000 5238.000000
 lat,lon,i,j:  -51.50000000 49.50000000 10005.00000 5238.000000
 lat,lon,i,j:  -52.50000000 49.50000000 10005.00000 5238.000000
 lat,lon,i,j:  -50.50000000 49.50000000 10005.00000 5238.000000
 lat,lon,i,j:  -48.50000000 49.50000000 10005.00000 5238.000000
 lat,lon,i,j:  -49.50000000 49.50000000 10005.00000 5238.000000
 lat,lon,i,j:  -47.50000000 49.50000000 10005.00000 5238.000000
 lat,lon,i,j:  -46.50000000 49.50000000 10005.00000 5238.000000
 lat,lon,i,j:  -45.50000000 49.50000000 10005.00000 5238.000000
 lat,lon,i,j:  -89.50000000 -49.50000000 10005.00000 5238.000000
 lat,lon,i,j:  -84.50000000 -49.50000000 10005.00000 5238.000000
 lat,lon,i,j:  -87.50000000 -49.50000000 10005.00000 5238.000000
 lat,lon,i,j:  -88.50000000 -49.50000000 10005.00000 5238.000000
 lat,lon,i,j:  -86.50000000 -49.50000000 10005.00000 5238.000000
 lat,lon,i,j:  -85.50000000 -49.50000000 10005.00000 5238.000000
 lat,lon,i,j:  -89.50000000 -49.50000000 10005.00000 5238.000000
 lat,lon,i,j:  -84.50000000 -49.50000000 10005.00000 5238.000000
 lat,lon,i,j:  -87.50000000 -49.50000000 10005.00000 5238.000000
 lat,lon,i,j:  -88.50000000 -49.50000000 10005.00000 5238.000000
 lat,lon,i,j:  -86.50000000 -49.50000000 10005.00000 5238.000000
 lat,lon,i,j:  -85.50000000 -49.50000000 10005.00000 5238.000000
 lat,lon,i,j:  -83.50000000 -49.50000000 10005.00000 5238.000000
 lat,lon,i,j:  -78.50000000 -49.50000000 10005.00000 5238.000000
 lat,lon,i,j:  -81.50000000 -49.50000000 10005.00000 5238.000000
 lat,lon,i,j:  -82.50000000 -49.50000000 10005.00000 5238.000000
 lat,lon,i,j:  -80.50000000 -49.50000000 10005.00000 5238.000000
 lat,lon,i,j:  -79.50000000 -49.50000000 10005.00000 5238.000000
 lat,lon,i,j:  -83.50000000 -49.50000000 10005.00000 5238.000000
 lat,lon,i,j:  -78.50000000 -49.50000000 10005.00000 5238.000000
 lat,lon,i,j:  -81.50000000 -49.50000000 10005.00000 5238.000000
 lat,lon,i,j:  -82.50000000 -49.50000000 10005.00000 5238.000000
 lat,lon,i,j:  -80.50000000 -49.50000000 10005.00000 5238.000000
 lat,lon,i,j:  -79.50000000 -49.50000000 10005.00000 5238.000000
 lat,lon,i,j:  -77.50000000 -49.50000000 10005.00000 5238.000000
 lat,lon,i,j:  -72.50000000 -49.50000000 10005.00000 5238.000000
 lat,lon,i,j:  -75.50000000 -49.50000000 10005.00000 5238.000000
 lat,lon,i,j:  -76.50000000 -49.50000000 10005.00000 5238.000000
 lat,lon,i,j:  -74.50000000 -49.50000000 10005.00000 5238.000000
 lat,lon,i,j:  -73.50000000 -49.50000000 10005.00000 5238.000000
 lat,lon,i,j:  -77.50000000 -49.50000000 10005.00000 5238.000000
 lat,lon,i,j:  -72.50000000 -49.50000000 10005.00000 5238.000000
 lat,lon,i,j:  -75.50000000 -49.50000000 10005.00000 5238.000000
 lat,lon,i,j:  -76.50000000 -49.50000000 10005.00000 5238.000000
 lat,lon,i,j:  -74.50000000 -49.50000000 10005.00000 5238.000000
 lat,lon,i,j:  -73.50000000 -49.50000000 10005.00000 5238.000000
 lat,lon,i,j:  -71.50000000 -49.50000000 10005.00000 5238.000000
 lat,lon,i,j:  -67.50000000 -49.50000000 10005.00000 5238.000000
 lat,lon,i,j:  -69.50000000 -49.50000000 10005.00000 5238.000000
 lat,lon,i,j:  -70.50000000 -49.50000000 10005.00000 5238.000000
 lat,lon,i,j:  -71.50000000 -49.50000000 10005.00000 5238.000000
 lat,lon,i,j:  -67.50000000 -49.50000000 10005.00000 5238.000000
 lat,lon,i,j:  -69.50000000 -49.50000000 10005.00000 5238.000000
 lat,lon,i,j:  -70.50000000 -49.50000000 10005.00000 5238.000000
 lat,lon,i,j:  -68.50000000 -49.50000000 10005.00000 5238.000000
 lat,lon,i,j:  -68.50000000 -49.50000000 10005.00000 5238.000000
 lat,lon,i,j:  -66.50000000 -49.50000000 10005.00000 5238.000000
 lat,lon,i,j:  -61.50000000 -49.50000000 10005.00000 5238.000000
 lat,lon,i,j:  -64.50000000 -49.50000000 10005.00000 5238.000000
 lat,lon,i,j:  -65.50000000 -49.50000000 10005.00000 5238.000000
 lat,lon,i,j:  -63.50000000 -49.50000000 10005.00000 5238.000000
 lat,lon,i,j:  -62.50000000 -49.50000000 10005.00000 5238.000000
 lat,lon,i,j:  -60.50000000 -49.50000000 10005.00000 5238.000000
 lat,lon,i,j:  -56.50000000 -49.50000000 10005.00000 5238.000000
 lat,lon,i,j:  -66.50000000 -49.50000000 10005.00000 5238.000000
 lat,lon,i,j:  -61.50000000 -49.50000000 10005.00000 5238.000000
 lat,lon,i,j:  -64.50000000 -49.50000000 10005.00000 5238.000000
 lat,lon,i,j:  -65.50000000 -49.50000000 10005.00000 5238.000000
 lat,lon,i,j:  -63.50000000 -49.50000000 10005.00000 5238.000000
 lat,lon,i,j:  -62.50000000 -49.50000000 10005.00000 5238.000000
 lat,lon,i,j:  -58.50000000 -49.50000000 10005.00000 5238.000000
 lat,lon,i,j:  -59.50000000 -49.50000000 10005.00000 5238.000000
 lat,lon,i,j:  -57.50000000 -49.50000000 10005.00000 5238.000000
 lat,lon,i,j:  -60.50000000 -49.50000000 10005.00000 5238.000000
 lat,lon,i,j:  -56.50000000 -49.50000000 10005.00000 5238.000000
 lat,lon,i,j:  -58.50000000 -49.50000000 10005.00000 5238.000000
 lat,lon,i,j:  -59.50000000 -49.50000000 10005.00000 5238.000000
 lat,lon,i,j:  -57.50000000 -49.50000000 10005.00000 5238.000000
 lat,lon,i,j:  -55.50000000 -49.50000000 10005.00000 5238.000000
 lat,lon,i,j:  -50.50000000 -49.50000000 10005.00000 5238.000000
 lat,lon,i,j:  -53.50000000 -49.50000000 10005.00000 5238.000000
 lat,lon,i,j:  -54.50000000 -49.50000000 10005.00000 5238.000000
 lat,lon,i,j:  -52.50000000 -49.50000000 10005.00000 5238.000000
 lat,lon,i,j:  -51.50000000 -49.50000000 10005.00000 5238.000000
 lat,lon,i,j:  -55.50000000 -49.50000000 10005.00000 5238.000000
 lat,lon,i,j:  -50.50000000 -49.50000000 10005.00000 5238.000000
 lat,lon,i,j:  -53.50000000 -49.50000000 10005.00000 5238.000000
 lat,lon,i,j:  -54.50000000 -49.50000000 10005.00000 5238.000000
 lat,lon,i,j:  -52.50000000 -49.50000000 10005.00000 5238.000000
 lat,lon,i,j:  -49.50000000 -49.50000000 10005.00000 5238.000000
 lat,lon,i,j:  -45.50000000 -49.50000000 10005.00000 5238.000000
 lat,lon,i,j:  -47.50000000 -49.50000000 10005.00000 5238.000000
 lat,lon,i,j:  -48.50000000 -49.50000000 10005.00000 5238.000000
 lat,lon,i,j:  -51.50000000 -49.50000000 10005.00000 5238.000000
 lat,lon,i,j:  -49.50000000 -49.50000000 10005.00000 5238.000000
 lat,lon,i,j:  -45.50000000 -49.50000000 10005.00000 5238.000000
 lat,lon,i,j:  -46.50000000 -49.50000000 10005.00000 5238.000000
 lat,lon,i,j:  -47.50000000 -49.50000000 10005.00000 5238.000000
 lat,lon,i,j:  -48.50000000 -49.50000000 10005.00000 5238.000000
 lat,lon,i,j:  -46.50000000 -49.50000000 10005.00000 5238.000000
 lat,lon,i,j:  -43.50000000 49.50000000 10005.00000 5238.000000
 lat,lon,i,j:  -44.50000000 49.50000000 10005.00000 5238.000000
 lat,lon,i,j:  -42.50000000 49.50000000 10005.00000 5238.000000
 lat,lon,i,j:  -40.50000000 49.50000000 10005.00000 5238.000000
 lat,lon,i,j:  -41.50000000 49.50000000 10005.00000 5238.000000
 lat,lon,i,j:  -39.50000000 49.50000000 10005.00000 5238.000000
 lat,lon,i,j:  -37.50000000 49.50000000 10005.00000 5238.000000
 lat,lon,i,j:  -38.50000000 49.50000000 10005.00000 5238.000000
 lat,lon,i,j:  -36.50000000 49.50000000 10005.00000 5238.000000
 lat,lon,i,j:  -34.50000000 49.50000000 10005.00000 5238.000000
 lat,lon,i,j:  -35.50000000 49.50000000 10005.00000 5238.000000
 lat,lon,i,j:  -33.50000000 49.50000000 10005.00000 5238.000000
 lat,lon,i,j:  -31.50000000 49.50000000 10005.00000 5238.000000
 lat,lon,i,j:  -32.50000000 49.50000000 10005.00000 5238.000000
 lat,lon,i,j:  -30.50000000 49.50000000 10005.00000 5238.000000
 lat,lon,i,j:  -28.50000000 49.50000000 10005.00000 5238.000000
 lat,lon,i,j:  -29.50000000 49.50000000 10005.00000 5238.000000
 lat,lon,i,j:  -27.50000000 49.50000000 780.0000000 1778.000000
 lat,lon,i,j:  -25.50000000 49.50000000 796.0000000 1851.000000
 lat,lon,i,j:  -26.50000000 49.50000000 788.0000000 1815.000000
 lat,lon,i,j:  -24.50000000 49.50000000 804.0000000 1888.000000
 lat,lon,i,j:  -23.50000000 49.50000000 812.0000000 1924.000000
 lat,lon,i,j:  -22.50000000 49.50000000 821.0000000 1961.000000
 lat,lon,i,j:  -20.50000000 49.50000000 839.0000000 2033.000000
 lat,lon,i,j:  -21.50000000 49.50000000 830.0000000 1997.000000
 lat,lon,i,j:  -19.50000000 49.50000000 848.0000000 2069.000000
 lat,lon,i,j:  -17.50000000 49.50000000 867.0000000 2142.000000
 lat,lon,i,j:  -18.50000000 49.50000000 857.0000000 2106.000000
 lat,lon,i,j:  -16.50000000 49.50000000 877.0000000 2178.000000
 lat,lon,i,j:  -14.50000000 49.50000000 898.0000000 2249.000000
 lat,lon,i,j:  -15.50000000 49.50000000 888.0000000 2213.000000
 lat,lon,i,j:  -13.50000000 49.50000000 909.0000000 2285.000000
 lat,lon,i,j:  -12.50000000 49.50000000 920.0000000 2320.000000
 lat,lon,i,j:  -11.50000000 49.50000000 932.0000000 2355.000000
 lat,lon,i,j:  -9.500000000 49.50000000 956.0000000 2426.000000
 lat,lon,i,j:  -10.50000000 49.50000000 944.0000000 2391.000000
 lat,lon,i,j:  -8.500000000 49.50000000 970.0000000 2461.000000
 lat,lon,i,j:  -6.500000000 49.50000000 996.0000000 2530.000000
 lat,lon,i,j:  -7.500000000 49.50000000 983.0000000 2496.000000
 lat,lon,i,j:  -5.500000000 49.50000000 1011.000000 2565.000000
 lat,lon,i,j:  -3.500000000 49.50000000 1042.000000 2633.000000
 lat,lon,i,j:  -4.500000000 49.50000000 1026.000000 2599.000000
 lat,lon,i,j:  -2.500000000 49.50000000 1058.000000 2667.000000
 lat,lon,i,j:  -1.500000000 49.50000000 1075.000000 2701.000000
 lat,lon,i,j:  -0.5000000000 49.50000000 1092.000000 2734.000000
 lat,lon,i,j:  -44.50000000 -49.50000000 10005.00000 5238.000000
 lat,lon,i,j:  -39.50000000 -49.50000000 10005.00000 5238.000000
 lat,lon,i,j:  -42.50000000 -49.50000000 10005.00000 5238.000000
 lat,lon,i,j:  -43.50000000 -49.50000000 10005.00000 5238.000000
 lat,lon,i,j:  -41.50000000 -49.50000000 10005.00000 5238.000000
 lat,lon,i,j:  -40.50000000 -49.50000000 10005.00000 5238.000000
 lat,lon,i,j:  -44.50000000 -49.50000000 10005.00000 5238.000000
 lat,lon,i,j:  -39.50000000 -49.50000000 10005.00000 5238.000000
 lat,lon,i,j:  -42.50000000 -49.50000000 10005.00000 5238.000000
 lat,lon,i,j:  -43.50000000 -49.50000000 10005.00000 5238.000000
 lat,lon,i,j:  -38.50000000 -49.50000000 10005.00000 5238.000000
 lat,lon,i,j:  -33.50000000 -49.50000000 10005.00000 5238.000000
 lat,lon,i,j:  -36.50000000 -49.50000000 10005.00000 5238.000000
 lat,lon,i,j:  -41.50000000 -49.50000000 10005.00000 5238.000000
 lat,lon,i,j:  -40.50000000 -49.50000000 10005.00000 5238.000000
 lat,lon,i,j:  -37.50000000 -49.50000000 10005.00000 5238.000000
 lat,lon,i,j:  -35.50000000 -49.50000000 10005.00000 5238.000000
 lat,lon,i,j:  -34.50000000 -49.50000000 10005.00000 5238.000000
 lat,lon,i,j:  -38.50000000 -49.50000000 10005.00000 5238.000000
 lat,lon,i,j:  -33.50000000 -49.50000000 10005.00000 5238.000000
 lat,lon,i,j:  -36.50000000 -49.50000000 10005.00000 5238.000000
 lat,lon,i,j:  -37.50000000 -49.50000000 10005.00000 5238.000000
 lat,lon,i,j:  -35.50000000 -49.50000000 10005.00000 5238.000000
 lat,lon,i,j:  -34.50000000 -49.50000000 10005.00000 5238.000000
 lat,lon,i,j:  -32.50000000 -49.50000000 10005.00000 5238.000000
 lat,lon,i,j:  -27.50000000 -49.50000000 -784.0000000 384.0000000
 lat,lon,i,j:  -30.50000000 -49.50000000 10005.00000 5238.000000
 lat,lon,i,j:  -31.50000000 -49.50000000 10005.00000 5238.000000
 lat,lon,i,j:  -29.50000000 -49.50000000 10005.00000 5238.000000
 lat,lon,i,j:  -28.50000000 -49.50000000 10005.00000 5238.000000
 lat,lon,i,j:  -26.50000000 -49.50000000 -800.0000000 403.0000000
 lat,lon,i,j:  -22.50000000 -49.50000000 -867.0000000 481.0000000
 lat,lon,i,j:  -32.50000000 -49.50000000 10005.00000 5238.000000
 lat,lon,i,j:  -27.50000000 -49.50000000 -784.0000000 384.0000000
 lat,lon,i,j:  -30.50000000 -49.50000000 10005.00000 5238.000000
 lat,lon,i,j:  -31.50000000 -49.50000000 10005.00000 5238.000000
 lat,lon,i,j:  -29.50000000 -49.50000000 10005.00000 5238.000000
 lat,lon,i,j:  -28.50000000 -49.50000000 10005.00000 5238.000000
 lat,lon,i,j:  -24.50000000 -49.50000000 -834.0000000 442.0000000
 lat,lon,i,j:  -25.50000000 -49.50000000 -817.0000000 423.0000000
 lat,lon,i,j:  -23.50000000 -49.50000000 -851.0000000 462.0000000
 lat,lon,i,j:  -26.50000000 -49.50000000 -800.0000000 403.0000000
 lat,lon,i,j:  -22.50000000 -49.50000000 -867.0000000 481.0000000
 lat,lon,i,j:  -24.50000000 -49.50000000 -834.0000000 442.0000000
 lat,lon,i,j:  -25.50000000 -49.50000000 -817.0000000 423.0000000
 lat,lon,i,j:  -23.50000000 -49.50000000 -851.0000000 462.0000000
 lat,lon,i,j:  -21.50000000 -49.50000000 -884.0000000 500.0000000
 lat,lon,i,j:  -16.50000000 -49.50000000 -967.0000000 597.0000000
 lat,lon,i,j:  -19.50000000 -49.50000000 -917.0000000 539.0000000
 lat,lon,i,j:  -20.50000000 -49.50000000 -901.0000000 520.0000000
 lat,lon,i,j:  -18.50000000 -49.50000000 -934.0000000 559.0000000
 lat,lon,i,j:  -17.50000000 -49.50000000 -951.0000000 578.0000000
 lat,lon,i,j:  -15.50000000 -49.50000000 -984.0000000 617.0000000
 lat,lon,i,j:  -11.50000000 -49.50000000 -1051.000000 694.0000000
 lat,lon,i,j:  -13.50000000 -49.50000000 -1017.000000 655.0000000
 lat,lon,i,j:  -14.50000000 -49.50000000 -1001.000000 636.0000000
 lat,lon,i,j:  -21.50000000 -49.50000000 -884.0000000 500.0000000
 lat,lon,i,j:  -16.50000000 -49.50000000 -967.0000000 597.0000000
 lat,lon,i,j:  -19.50000000 -49.50000000 -917.0000000 539.0000000
 lat,lon,i,j:  -20.50000000 -49.50000000 -901.0000000 520.0000000
 lat,lon,i,j:  -18.50000000 -49.50000000 -934.0000000 559.0000000
 lat,lon,i,j:  -17.50000000 -49.50000000 -951.0000000 578.0000000
 lat,lon,i,j:  -15.50000000 -49.50000000 -984.0000000 617.0000000
 lat,lon,i,j:  -11.50000000 -49.50000000 -1051.000000 694.0000000
 lat,lon,i,j:  -12.50000000 -49.50000000 -1034.000000 675.0000000
 lat,lon,i,j:  -13.50000000 -49.50000000 -1017.000000 655.0000000
 lat,lon,i,j:  -14.50000000 -49.50000000 -1001.000000 636.0000000
 lat,lon,i,j:  -12.50000000 -49.50000000 -1034.000000 675.0000000
 lat,lon,i,j:  -10.50000000 -49.50000000 -1068.000000 713.0000000
 lat,lon,i,j:  -5.500000000 -49.50000000 -1152.000000 809.0000000
 lat,lon,i,j:  -8.500000000 -49.50000000 -1101.000000 751.0000000
 lat,lon,i,j:  -9.500000000 -49.50000000 -1085.000000 732.0000000
 lat,lon,i,j:  -7.500000000 -49.50000000 -1118.000000 771.0000000
 lat,lon,i,j:  -6.500000000 -49.50000000 -1135.000000 789.0000000
 lat,lon,i,j:  -4.500000000 -49.50000000 -1169.000000 827.0000000
 lat,lon,i,j:  -0.5000000000 -49.50000000 -1237.000000 903.0000000
 lat,lon,i,j:  -2.500000000 -49.50000000 -1203.000000 865.0000000
 lat,lon,i,j:  -10.50000000 -49.50000000 -1068.000000 713.0000000
 lat,lon,i,j:  -5.500000000 -49.50000000 -1152.000000 809.0000000
 lat,lon,i,j:  -8.500000000 -49.50000000 -1101.000000 751.0000000
 lat,lon,i,j:  -9.500000000 -49.50000000 -1085.000000 732.0000000
 lat,lon,i,j:  -7.500000000 -49.50000000 -1118.000000 771.0000000
 lat,lon,i,j:  -6.500000000 -49.50000000 -1135.000000 789.0000000
 lat,lon,i,j:  -3.500000000 -49.50000000 -1186.000000 847.0000000
 lat,lon,i,j:  -1.500000000 -49.50000000 -1220.000000 884.0000000
 lat,lon,i,j:  -4.500000000 -49.50000000 -1169.000000 827.0000000
 lat,lon,i,j:  -0.5000000000 -49.50000000 -1237.000000 903.0000000
 lat,lon,i,j:  -2.500000000 -49.50000000 -1203.000000 865.0000000
 lat,lon,i,j:  -3.500000000 -49.50000000 -1186.000000 847.0000000
 lat,lon,i,j:  -1.500000000 -49.50000000 -1220.000000 884.0000000
 lat,lon,i,j:  1.500000000 49.50000000 1130.000000 2800.000000
 lat,lon,i,j:  0.5000000000 49.50000000 1111.000000 2767.000000
 lat,lon,i,j:  2.500000000 49.50000000 1150.000000 2832.000000
 lat,lon,i,j:  4.500000000 49.50000000 1194.000000 2896.000000
 lat,lon,i,j:  3.500000000 49.50000000 1171.000000 2864.000000
 lat,lon,i,j:  5.500000000 49.50000000 1217.000000 2928.000000
 lat,lon,i,j:  7.500000000 49.50000000 1268.000000 2989.000000
 lat,lon,i,j:  6.500000000 49.50000000 1241.000000 2958.000000
 lat,lon,i,j:  8.500000000 49.50000000 1295.000000 3019.000000
 lat,lon,i,j:  10.50000000 49.50000000 1353.000000 3076.000000
 lat,lon,i,j:  9.500000000 49.50000000 1323.000000 3048.000000
 lat,lon,i,j:  11.50000000 49.50000000 1385.000000 3104.000000
 lat,lon,i,j:  13.50000000 49.50000000 1454.000000 3158.000000
 lat,lon,i,j:  12.50000000 49.50000000 1419.000000 3132.000000
 lat,lon,i,j:  14.50000000 49.50000000 1491.000000 3184.000000
 lat,lon,i,j:  16.50000000 49.50000000 1573.000000 3232.000000
 lat,lon,i,j:  15.50000000 49.50000000 1531.000000 3208.000000
 lat,lon,i,j:  17.50000000 49.50000000 1616.000000 3254.000000
 lat,lon,i,j:  19.50000000 49.50000000 1712.000000 3295.000000
 lat,lon,i,j:  18.50000000 49.50000000 1663.000000 3275.000000
 lat,lon,i,j:  20.50000000 49.50000000 1763.000000 3313.000000
 lat,lon,i,j:  21.50000000 49.50000000 1815.000000 3330.000000
 lat,lon,i,j:  22.50000000 49.50000000 1871.000000 3345.000000
 lat,lon,i,j:  24.50000000 49.50000000 1988.000000 3370.000000
 lat,lon,i,j:  23.50000000 49.50000000 1928.000000 3358.000000
 lat,lon,i,j:  25.50000000 49.50000000 2050.000000 3379.000000
 lat,lon,i,j:  27.50000000 49.50000000 -1285.000000 3392.000000
 lat,lon,i,j:  26.50000000 49.50000000 2113.000000 3387.000000
 lat,lon,i,j:  28.50000000 49.50000000 -1220.000000 3395.000000
 lat,lon,i,j:  30.50000000 49.50000000 -1089.000000 3395.000000
 lat,lon,i,j:  29.50000000 49.50000000 -1155.000000 3396.000000
 lat,lon,i,j:  0.5000000000 -49.50000000 -1254.000000 921.0000000
 lat,lon,i,j:  5.500000000 -49.50000000 -1341.000000 1012.000000
 lat,lon,i,j:  2.500000000 -49.50000000 -1289.000000 958.0000000
 lat,lon,i,j:  31.50000000 49.50000000 -1025.000000 3391.000000
 lat,lon,i,j:  32.50000000 49.50000000 -961.0000000 3386.000000
 lat,lon,i,j:  33.50000000 49.50000000 -899.0000000 3378.000000
 lat,lon,i,j:  1.500000000 -49.50000000 -1272.000000 940.0000000
 lat,lon,i,j:  3.500000000 -49.50000000 -1306.000000 977.0000000
 lat,lon,i,j:  4.500000000 -49.50000000 -1324.000000 994.0000000
 lat,lon,i,j:  6.500000000 -49.50000000 2103.000000 1030.000000
 lat,lon,i,j:  11.50000000 -49.50000000 2015.000000 1119.000000
 lat,lon,i,j:  8.500000000 -49.50000000 2068.000000 1066.000000
 lat,lon,i,j:  7.500000000 -49.50000000 2086.000000 1049.000000
 lat,lon,i,j:  0.5000000000 -49.50000000 -1254.000000 921.0000000
 lat,lon,i,j:  5.500000000 -49.50000000 -1341.000000 1012.000000
 lat,lon,i,j:  2.500000000 -49.50000000 -1289.000000 958.0000000
 lat,lon,i,j:  1.500000000 -49.50000000 -1272.000000 940.0000000
 lat,lon,i,j:  3.500000000 -49.50000000 -1306.000000 977.0000000
 lat,lon,i,j:  4.500000000 -49.50000000 -1324.000000 994.0000000
 lat,lon,i,j:  9.500000000 -49.50000000 2050.000000 1084.000000
 lat,lon,i,j:  10.50000000 -49.50000000 2033.000000 1101.000000
 lat,lon,i,j:  35.50000000 49.50000000 -778.0000000 3356.000000
 lat,lon,i,j:  34.50000000 49.50000000 -838.0000000 3368.000000
 lat,lon,i,j:  36.50000000 49.50000000 -720.0000000 3343.000000
 lat,lon,i,j:  38.50000000 49.50000000 -613.0000000 3310.000000
 lat,lon,i,j:  37.50000000 49.50000000 -666.0000000 3328.000000
 lat,lon,i,j:  39.50000000 49.50000000 -562.0000000 3292.000000
 lat,lon,i,j:  6.500000000 -49.50000000 2103.000000 1030.000000
 lat,lon,i,j:  11.50000000 -49.50000000 2015.000000 1119.000000
 lat,lon,i,j:  8.500000000 -49.50000000 2068.000000 1066.000000
 lat,lon,i,j:  7.500000000 -49.50000000 2086.000000 1049.000000
 lat,lon,i,j:  9.500000000 -49.50000000 2050.000000 1084.000000
 lat,lon,i,j:  10.50000000 -49.50000000 2033.000000 1101.000000
 lat,lon,i,j:  41.50000000 49.50000000 -468.0000000 3251.000000
 lat,lon,i,j:  40.50000000 49.50000000 -514.0000000 3272.000000
 lat,lon,i,j:  12.50000000 -49.50000000 1997.000000 1136.000000
 lat,lon,i,j:  17.50000000 -49.50000000 1907.000000 1219.000000
 lat,lon,i,j:  14.50000000 -49.50000000 1961.000000 1170.000000
 lat,lon,i,j:  13.50000000 -49.50000000 1980.000000 1153.000000
 lat,lon,i,j:  42.50000000 49.50000000 -425.0000000 3228.000000
 lat,lon,i,j:  43.50000000 49.50000000 -383.0000000 3205.000000
 lat,lon,i,j:  44.50000000 49.50000000 -344.0000000 3180.000000
 lat,lon,i,j:  15.50000000 -49.50000000 1943.000000 1186.000000
 lat,lon,i,j:  16.50000000 -49.50000000 1925.000000 1203.000000
 lat,lon,i,j:  18.50000000 -49.50000000 1888.000000 1236.000000
 lat,lon,i,j:  22.50000000 -49.50000000 1815.000000 1299.000000
 lat,lon,i,j:  20.50000000 -49.50000000 1851.000000 1268.000000
 lat,lon,i,j:  19.50000000 -49.50000000 1870.000000 1252.000000
 lat,lon,i,j:  21.50000000 -49.50000000 1833.000000 1283.000000
 lat,lon,i,j:  12.50000000 -49.50000000 1997.000000 1136.000000
 lat,lon,i,j:  17.50000000 -49.50000000 1907.000000 1219.000000
 lat,lon,i,j:  14.50000000 -49.50000000 1961.000000 1170.000000
 lat,lon,i,j:  13.50000000 -49.50000000 1980.000000 1153.000000
 lat,lon,i,j:  15.50000000 -49.50000000 1943.000000 1186.000000
 lat,lon,i,j:  16.50000000 -49.50000000 1925.000000 1203.000000
 lat,lon,i,j:  18.50000000 -49.50000000 1888.000000 1236.000000
 lat,lon,i,j:  22.50000000 -49.50000000 1815.000000 1299.000000
 lat,lon,i,j:  20.50000000 -49.50000000 1851.000000 1268.000000
 lat,lon,i,j:  19.50000000 -49.50000000 1870.000000 1252.000000
 lat,lon,i,j:  21.50000000 -49.50000000 1833.000000 1283.000000
 lat,lon,i,j:  23.50000000 -49.50000000 1795.000000 1314.000000
 lat,lon,i,j:  28.50000000 -49.50000000 1700.000000 1388.000000
 lat,lon,i,j:  25.50000000 -49.50000000 1758.000000 1345.000000
 lat,lon,i,j:  24.50000000 -49.50000000 1777.000000 1329.000000
 lat,lon,i,j:  26.50000000 -49.50000000 1739.000000 1359.000000
 lat,lon,i,j:  27.50000000 -49.50000000 1720.000000 1373.000000
 lat,lon,i,j:  29.50000000 -49.50000000 1681.000000 1401.000000
 lat,lon,i,j:  33.50000000 -49.50000000 1603.000000 1455.000000
 lat,lon,i,j:  31.50000000 -49.50000000 1642.000000 1428.000000
 lat,lon,i,j:  23.50000000 -49.50000000 1795.000000 1314.000000
 lat,lon,i,j:  28.50000000 -49.50000000 1700.000000 1388.000000
 lat,lon,i,j:  25.50000000 -49.50000000 1758.000000 1345.000000
 lat,lon,i,j:  24.50000000 -49.50000000 1777.000000 1329.000000
 lat,lon,i,j:  26.50000000 -49.50000000 1739.000000 1359.000000
 lat,lon,i,j:  30.50000000 -49.50000000 1662.000000 1415.000000
 lat,lon,i,j:  32.50000000 -49.50000000 1622.000000 1442.000000
 lat,lon,i,j:  27.50000000 -49.50000000 1720.000000 1373.000000
 lat,lon,i,j:  29.50000000 -49.50000000 1681.000000 1401.000000
 lat,lon,i,j:  33.50000000 -49.50000000 1603.000000 1455.000000
 lat,lon,i,j:  31.50000000 -49.50000000 1642.000000 1428.000000
 lat,lon,i,j:  30.50000000 -49.50000000 1662.000000 1415.000000
 lat,lon,i,j:  32.50000000 -49.50000000 1622.000000 1442.000000
 lat,lon,i,j:  34.50000000 -49.50000000 1583.000000 1467.000000
 lat,lon,i,j:  39.50000000 -49.50000000 1483.000000 1527.000000
 lat,lon,i,j:  36.50000000 -49.50000000 1543.000000 1492.000000
 lat,lon,i,j:  35.50000000 -49.50000000 1563.000000 1480.000000
 lat,lon,i,j:  37.50000000 -49.50000000 1523.000000 1504.000000
 lat,lon,i,j:  38.50000000 -49.50000000 1503.000000 1516.000000
 lat,lon,i,j:  40.50000000 -49.50000000 1462.000000 1538.000000
 lat,lon,i,j:  44.50000000 -49.50000000 1380.000000 1579.000000
 lat,lon,i,j:  42.50000000 -49.50000000 1421.000000 1560.000000
 lat,lon,i,j:  34.50000000 -49.50000000 1583.000000 1467.000000
 lat,lon,i,j:  39.50000000 -49.50000000 1483.000000 1527.000000
 lat,lon,i,j:  36.50000000 -49.50000000 1543.000000 1492.000000
 lat,lon,i,j:  35.50000000 -49.50000000 1563.000000 1480.000000
 lat,lon,i,j:  41.50000000 -49.50000000 1442.000000 1549.000000
 lat,lon,i,j:  43.50000000 -49.50000000 1400.000000 1570.000000
 lat,lon,i,j:  37.50000000 -49.50000000 1523.000000 1504.000000
 lat,lon,i,j:  38.50000000 -49.50000000 1503.000000 1516.000000
 lat,lon,i,j:  40.50000000 -49.50000000 1462.000000 1538.000000
 lat,lon,i,j:  44.50000000 -49.50000000 1380.000000 1579.000000
 lat,lon,i,j:  42.50000000 -49.50000000 1421.000000 1560.000000
 lat,lon,i,j:  41.50000000 -49.50000000 1442.000000 1549.000000
 lat,lon,i,j:  43.50000000 -49.50000000 1400.000000 1570.000000
 lat,lon,i,j:  46.50000000 49.50000000 -272.0000000 3128.000000
 lat,lon,i,j:  45.50000000 49.50000000 -307.0000000 3154.000000
 lat,lon,i,j:  47.50000000 49.50000000 -239.0000000 3100.000000
 lat,lon,i,j:  49.50000000 49.50000000 -177.0000000 3044.000000
 lat,lon,i,j:  48.50000000 49.50000000 -207.0000000 3072.000000
 lat,lon,i,j:  50.50000000 49.50000000 -149.0000000 3014.000000
 lat,lon,i,j:  52.50000000 49.50000000 -96.00000000 2954.000000
 lat,lon,i,j:  51.50000000 49.50000000 -122.0000000 2984.000000
 lat,lon,i,j:  53.50000000 49.50000000 -71.00000000 2923.000000
 lat,lon,i,j:  55.50000000 49.50000000 -27.00000000 2860.000000
 lat,lon,i,j:  54.50000000 49.50000000 -49.00000000 2892.000000
 lat,lon,i,j:  56.50000000 49.50000000 -6.000000000 2828.000000
 lat,lon,i,j:  58.50000000 49.50000000 34.00000000 2762.000000
 lat,lon,i,j:  57.50000000 49.50000000 15.00000000 2795.000000
 lat,lon,i,j:  59.50000000 49.50000000 53.00000000 2729.000000
 lat,lon,i,j:  61.50000000 49.50000000 86.00000000 2662.000000
 lat,lon,i,j:  60.50000000 49.50000000 70.00000000 2696.000000
 lat,lon,i,j:  62.50000000 49.50000000 103.0000000 2629.000000
 lat,lon,i,j:  64.50000000 49.50000000 133.0000000 2560.000000
 lat,lon,i,j:  63.50000000 49.50000000 118.0000000 2594.000000
 lat,lon,i,j:  65.50000000 49.50000000 148.0000000 2525.000000
 lat,lon,i,j:  66.50000000 49.50000000 161.0000000 2491.000000
 lat,lon,i,j:  67.50000000 49.50000000 174.0000000 2456.000000
 lat,lon,i,j:  45.50000000 -49.50000000 1359.000000 1589.000000
 lat,lon,i,j:  50.50000000 -49.50000000 1253.000000 1632.000000
 lat,lon,i,j:  47.50000000 -49.50000000 1317.000000 1607.000000
 lat,lon,i,j:  46.50000000 -49.50000000 1338.000000 1598.000000
 lat,lon,i,j:  48.50000000 -49.50000000 1296.000000 1615.000000
 lat,lon,i,j:  49.50000000 -49.50000000 1275.000000 1624.000000
 lat,lon,i,j:  69.50000000 49.50000000 199.0000000 2386.000000
 lat,lon,i,j:  68.50000000 49.50000000 188.0000000 2421.000000
 lat,lon,i,j:  70.50000000 49.50000000 211.0000000 2350.000000
 lat,lon,i,j:  72.50000000 49.50000000 235.0000000 2279.000000
 lat,lon,i,j:  71.50000000 49.50000000 224.0000000 2315.000000
 lat,lon,i,j:  73.50000000 49.50000000 245.0000000 2244.000000
 lat,lon,i,j:  51.50000000 -49.50000000 1232.000000 1640.000000
 lat,lon,i,j:  56.50000000 -49.50000000 1124.000000 1672.000000
 lat,lon,i,j:  53.50000000 -49.50000000 1189.000000 1654.000000
 lat,lon,i,j:  52.50000000 -49.50000000 1211.000000 1647.000000
 lat,lon,i,j:  54.50000000 -49.50000000 1168.000000 1659.000000
 lat,lon,i,j:  75.50000000 49.50000000 266.0000000 2172.000000
 lat,lon,i,j:  74.50000000 49.50000000 256.0000000 2208.000000
 lat,lon,i,j:  76.50000000 49.50000000 276.0000000 2136.000000
 lat,lon,i,j:  77.50000000 49.50000000 286.0000000 2100.000000
 lat,lon,i,j:  45.50000000 -49.50000000 1359.000000 1589.000000
 lat,lon,i,j:  50.50000000 -49.50000000 1253.000000 1632.000000
 lat,lon,i,j:  47.50000000 -49.50000000 1317.000000 1607.000000
 lat,lon,i,j:  46.50000000 -49.50000000 1338.000000 1598.000000
 lat,lon,i,j:  48.50000000 -49.50000000 1296.000000 1615.000000
 lat,lon,i,j:  49.50000000 -49.50000000 1275.000000 1624.000000
 lat,lon,i,j:  55.50000000 -49.50000000 1146.000000 1666.000000
 lat,lon,i,j:  78.50000000 49.50000000 295.0000000 2064.000000
 lat,lon,i,j:  51.50000000 -49.50000000 1232.000000 1640.000000
 lat,lon,i,j:  56.50000000 -49.50000000 1124.000000 1672.000000
 lat,lon,i,j:  53.50000000 -49.50000000 1189.000000 1654.000000
 lat,lon,i,j:  52.50000000 -49.50000000 1211.000000 1647.000000
 lat,lon,i,j:  54.50000000 -49.50000000 1168.000000 1659.000000
 lat,lon,i,j:  55.50000000 -49.50000000 1146.000000 1666.000000
 lat,lon,i,j:  57.50000000 -49.50000000 1103.000000 1677.000000
 lat,lon,i,j:  62.50000000 -49.50000000 993.0000000 1698.000000
 lat,lon,i,j:  59.50000000 -49.50000000 1059.000000 1686.000000
 lat,lon,i,j:  58.50000000 -49.50000000 1081.000000 1682.000000
 lat,lon,i,j:  80.50000000 49.50000000 313.0000000 1992.000000
 lat,lon,i,j:  79.50000000 49.50000000 304.0000000 2028.000000
 lat,lon,i,j:  81.50000000 49.50000000 322.0000000 1956.000000
 lat,lon,i,j:  83.50000000 49.50000000 339.0000000 1882.000000
 lat,lon,i,j:  60.50000000 -49.50000000 1038.000000 1691.000000
 lat,lon,i,j:  61.50000000 -49.50000000 1015.000000 1694.000000
 lat,lon,i,j:  63.50000000 -49.50000000 971.0000000 1702.000000
 lat,lon,i,j:  82.50000000 49.50000000 331.0000000 1919.000000
 lat,lon,i,j:  84.50000000 49.50000000 347.0000000 1846.000000
 lat,lon,i,j:  67.50000000 -49.50000000 883.0000000 1710.000000
 lat,lon,i,j:  65.50000000 -49.50000000 927.0000000 1706.000000
 lat,lon,i,j:  64.50000000 -49.50000000 949.0000000 1704.000000
 lat,lon,i,j:  66.50000000 -49.50000000 905.0000000 1708.000000
 lat,lon,i,j:  86.50000000 49.50000000 363.0000000 1772.000000
 lat,lon,i,j:  85.50000000 49.50000000 355.0000000 1810.000000
 lat,lon,i,j:  87.50000000 49.50000000 371.0000000 1736.000000
 lat,lon,i,j:  88.50000000 49.50000000 379.0000000 1699.000000
 lat,lon,i,j:  89.50000000 49.50000000 386.0000000 1663.000000
 lat,lon,i,j:  57.50000000 -49.50000000 1103.000000 1677.000000
 lat,lon,i,j:  62.50000000 -49.50000000 993.0000000 1698.000000
 lat,lon,i,j:  59.50000000 -49.50000000 1059.000000 1686.000000
 lat,lon,i,j:  58.50000000 -49.50000000 1081.000000 1682.000000
 lat,lon,i,j:  60.50000000 -49.50000000 1038.000000 1691.000000
 lat,lon,i,j:  61.50000000 -49.50000000 1015.000000 1694.000000
 lat,lon,i,j:  63.50000000 -49.50000000 971.0000000 1702.000000
 lat,lon,i,j:  67.50000000 -49.50000000 883.0000000 1710.000000
 lat,lon,i,j:  65.50000000 -49.50000000 927.0000000 1706.000000
 lat,lon,i,j:  64.50000000 -49.50000000 949.0000000 1704.000000
 lat,lon,i,j:  66.50000000 -49.50000000 905.0000000 1708.000000
 lat,lon,i,j:  68.50000000 -49.50000000 861.0000000 1711.000000
 lat,lon,i,j:  73.50000000 -49.50000000 750.0000000 1711.000000
 lat,lon,i,j:  70.50000000 -49.50000000 816.0000000 1712.000000
 lat,lon,i,j:  69.50000000 -49.50000000 839.0000000 1712.000000
 lat,lon,i,j:  71.50000000 -49.50000000 794.0000000 1712.000000
 lat,lon,i,j:  72.50000000 -49.50000000 772.0000000 1712.000000
 lat,lon,i,j:  74.50000000 -49.50000000 728.0000000 1710.000000
 lat,lon,i,j:  78.50000000 -49.50000000 640.0000000 1702.000000
 lat,lon,i,j:  76.50000000 -49.50000000 684.0000000 1707.000000
 lat,lon,i,j:  75.50000000 -49.50000000 706.0000000 1709.000000
 lat,lon,i,j:  68.50000000 -49.50000000 861.0000000 1711.000000
 lat,lon,i,j:  73.50000000 -49.50000000 750.0000000 1711.000000
 lat,lon,i,j:  70.50000000 -49.50000000 816.0000000 1712.000000
 lat,lon,i,j:  69.50000000 -49.50000000 839.0000000 1712.000000
 lat,lon,i,j:  71.50000000 -49.50000000 794.0000000 1712.000000
 lat,lon,i,j:  77.50000000 -49.50000000 662.0000000 1705.000000
 lat,lon,i,j:  72.50000000 -49.50000000 772.0000000 1712.000000
 lat,lon,i,j:  74.50000000 -49.50000000 728.0000000 1710.000000
 lat,lon,i,j:  78.50000000 -49.50000000 640.0000000 1702.000000
 lat,lon,i,j:  76.50000000 -49.50000000 684.0000000 1707.000000
 lat,lon,i,j:  75.50000000 -49.50000000 706.0000000 1709.000000
 lat,lon,i,j:  77.50000000 -49.50000000 662.0000000 1705.000000
 lat,lon,i,j:  79.50000000 -49.50000000 618.0000000 1699.000000
 lat,lon,i,j:  84.50000000 -49.50000000 508.0000000 1678.000000
 lat,lon,i,j:  81.50000000 -49.50000000 574.0000000 1691.000000
 lat,lon,i,j:  80.50000000 -49.50000000 596.0000000 1695.000000
 lat,lon,i,j:  82.50000000 -49.50000000 552.0000000 1687.000000
 lat,lon,i,j:  83.50000000 -49.50000000 530.0000000 1683.000000
 lat,lon,i,j:  85.50000000 -49.50000000 486.0000000 1672.000000
 lat,lon,i,j:  89.50000000 -49.50000000 400.0000000 1647.000000
 lat,lon,i,j:  87.50000000 -49.50000000 443.0000000 1660.000000
 lat,lon,i,j:  79.50000000 -49.50000000 618.0000000 1699.000000
 lat,lon,i,j:  84.50000000 -49.50000000 508.0000000 1678.000000
 lat,lon,i,j:  81.50000000 -49.50000000 574.0000000 1691.000000
 lat,lon,i,j:  80.50000000 -49.50000000 596.0000000 1695.000000
 lat,lon,i,j:  86.50000000 -49.50000000 465.0000000 1667.000000
 lat,lon,i,j:  88.50000000 -49.50000000 421.0000000 1654.000000
 lat,lon,i,j:  82.50000000 -49.50000000 552.0000000 1687.000000
 lat,lon,i,j:  83.50000000 -49.50000000 530.0000000 1683.000000
 lat,lon,i,j:  85.50000000 -49.50000000 486.0000000 1672.000000
 lat,lon,i,j:  89.50000000 -49.50000000 400.0000000 1647.000000
 lat,lon,i,j:  87.50000000 -49.50000000 443.0000000 1660.000000
 lat,lon,i,j:  86.50000000 -49.50000000 465.0000000 1667.000000
 lat,lon,i,j:  88.50000000 -49.50000000 421.0000000 1654.000000
  Processing SLOPECAT
 lat,lon,i,j:  -89.50000000 -49.50000000 10005.00000 5238.000000
 lat,lon,i,j:  -84.50000000 -49.50000000 10005.00000 5238.000000
 lat,lon,i,j:  -87.50000000 -49.50000000 10005.00000 5238.000000
 lat,lon,i,j:  -88.50000000 -49.50000000 10005.00000 5238.000000
 lat,lon,i,j:  -86.50000000 -49.50000000 10005.00000 5238.000000
 lat,lon,i,j:  -85.50000000 -49.50000000 10005.00000 5238.000000
 lat,lon,i,j:  -83.50000000 -49.50000000 10005.00000 5238.000000
 lat,lon,i,j:  -78.50000000 -49.50000000 10005.00000 5238.000000
 lat,lon,i,j:  -81.50000000 -49.50000000 10005.00000 5238.000000
 lat,lon,i,j:  -82.50000000 -49.50000000 10005.00000 5238.000000
 lat,lon,i,j:  -80.50000000 -49.50000000 10005.00000 5238.000000
 lat,lon,i,j:  -79.50000000 -49.50000000 10005.00000 5238.000000
 lat,lon,i,j:  -77.50000000 -49.50000000 10005.00000 5238.000000
 lat,lon,i,j:  -72.50000000 -49.50000000 10005.00000 5238.000000
 lat,lon,i,j:  -75.50000000 -49.50000000 10005.00000 5238.000000
 lat,lon,i,j:  -76.50000000 -49.50000000 10005.00000 5238.000000
 lat,lon,i,j:  -74.50000000 -49.50000000 10005.00000 5238.000000
 lat,lon,i,j:  -73.50000000 -49.50000000 10005.00000 5238.000000
 lat,lon,i,j:  -71.50000000 -49.50000000 10005.00000 5238.000000
 lat,lon,i,j:  -67.50000000 -49.50000000 10005.00000 5238.000000
 lat,lon,i,j:  -69.50000000 -49.50000000 10005.00000 5238.000000
 lat,lon,i,j:  -70.50000000 -49.50000000 10005.00000 5238.000000
 lat,lon,i,j:  -68.50000000 -49.50000000 10005.00000 5238.000000
 lat,lon,i,j:  -66.50000000 -49.50000000 10005.00000 5238.000000
 lat,lon,i,j:  -61.50000000 -49.50000000 10005.00000 5238.000000
 lat,lon,i,j:  -64.50000000 -49.50000000 10005.00000 5238.000000
 lat,lon,i,j:  -65.50000000 -49.50000000 10005.00000 5238.000000
 lat,lon,i,j:  -63.50000000 -49.50000000 10005.00000 5238.000000
 lat,lon,i,j:  -62.50000000 -49.50000000 10005.00000 5238.000000
 lat,lon,i,j:  -60.50000000 -49.50000000 10005.00000 5238.000000
 lat,lon,i,j:  -56.50000000 -49.50000000 10005.00000 5238.000000
 lat,lon,i,j:  -58.50000000 -49.50000000 10005.00000 5238.000000
 lat,lon,i,j:  -59.50000000 -49.50000000 10005.00000 5238.000000
 lat,lon,i,j:  -57.50000000 -49.50000000 10005.00000 5238.000000
 lat,lon,i,j:  -55.50000000 -49.50000000 10005.00000 5238.000000
 lat,lon,i,j:  -50.50000000 -49.50000000 10005.00000 5238.000000
 lat,lon,i,j:  -53.50000000 -49.50000000 10005.00000 5238.000000
 lat,lon,i,j:  -54.50000000 -49.50000000 10005.00000 5238.000000
 lat,lon,i,j:  -52.50000000 -49.50000000 10005.00000 5238.000000
 lat,lon,i,j:  -51.50000000 -49.50000000 10005.00000 5238.000000
 lat,lon,i,j:  -49.50000000 -49.50000000 10005.00000 5238.000000
 lat,lon,i,j:  -45.50000000 -49.50000000 10005.00000 5238.000000
 lat,lon,i,j:  -47.50000000 -49.50000000 10005.00000 5238.000000
 lat,lon,i,j:  -48.50000000 -49.50000000 10005.00000 5238.000000
 lat,lon,i,j:  -46.50000000 -49.50000000 10005.00000 5238.000000
 lat,lon,i,j:  -44.50000000 -49.50000000 10005.00000 5238.000000
 lat,lon,i,j:  -39.50000000 -49.50000000 10005.00000 5238.000000
 lat,lon,i,j:  -42.50000000 -49.50000000 10005.00000 5238.000000
 lat,lon,i,j:  -43.50000000 -49.50000000 10005.00000 5238.000000
 lat,lon,i,j:  -41.50000000 -49.50000000 10005.00000 5238.000000
 lat,lon,i,j:  -40.50000000 -49.50000000 10005.00000 5238.000000
 lat,lon,i,j:  -38.50000000 -49.50000000 10005.00000 5238.000000
 lat,lon,i,j:  -33.50000000 -49.50000000 10005.00000 5238.000000
 lat,lon,i,j:  -36.50000000 -49.50000000 10005.00000 5238.000000
 lat,lon,i,j:  -37.50000000 -49.50000000 10005.00000 5238.000000
 lat,lon,i,j:  -35.50000000 -49.50000000 10005.00000 5238.000000
 lat,lon,i,j:  -34.50000000 -49.50000000 10005.00000 5238.000000
 lat,lon,i,j:  -32.50000000 -49.50000000 10005.00000 5238.000000
 lat,lon,i,j:  -27.50000000 -49.50000000 -784.0000000 384.0000000
 lat,lon,i,j:  -30.50000000 -49.50000000 10005.00000 5238.000000
 lat,lon,i,j:  -31.50000000 -49.50000000 10005.00000 5238.000000
 lat,lon,i,j:  -29.50000000 -49.50000000 10005.00000 5238.000000
 lat,lon,i,j:  -28.50000000 -49.50000000 10005.00000 5238.000000
 lat,lon,i,j:  -26.50000000 -49.50000000 -800.0000000 403.0000000
 lat,lon,i,j:  -22.50000000 -49.50000000 -867.0000000 481.0000000
 lat,lon,i,j:  -24.50000000 -49.50000000 -834.0000000 442.0000000
 lat,lon,i,j:  -25.50000000 -49.50000000 -817.0000000 423.0000000
 lat,lon,i,j:  -23.50000000 -49.50000000 -851.0000000 462.0000000
 lat,lon,i,j:  -21.50000000 -49.50000000 -884.0000000 500.0000000
 lat,lon,i,j:  -16.50000000 -49.50000000 -967.0000000 597.0000000
 lat,lon,i,j:  -19.50000000 -49.50000000 -917.0000000 539.0000000
 lat,lon,i,j:  -20.50000000 -49.50000000 -901.0000000 520.0000000
 lat,lon,i,j:  -18.50000000 -49.50000000 -934.0000000 559.0000000
 lat,lon,i,j:  -17.50000000 -49.50000000 -951.0000000 578.0000000
 lat,lon,i,j:  -15.50000000 -49.50000000 -984.0000000 617.0000000
 lat,lon,i,j:  -11.50000000 -49.50000000 -1051.000000 694.0000000
 lat,lon,i,j:  -13.50000000 -49.50000000 -1017.000000 655.0000000
 lat,lon,i,j:  -14.50000000 -49.50000000 -1001.000000 636.0000000
 lat,lon,i,j:  -12.50000000 -49.50000000 -1034.000000 675.0000000
 lat,lon,i,j:  -10.50000000 -49.50000000 -1068.000000 713.0000000
 lat,lon,i,j:  -5.500000000 -49.50000000 -1152.000000 809.0000000
 lat,lon,i,j:  -8.500000000 -49.50000000 -1101.000000 751.0000000
 lat,lon,i,j:  -9.500000000 -49.50000000 -1085.000000 732.0000000
 lat,lon,i,j:  -7.500000000 -49.50000000 -1118.000000 771.0000000
 lat,lon,i,j:  -6.500000000 -49.50000000 -1135.000000 789.0000000
 lat,lon,i,j:  -4.500000000 -49.50000000 -1169.000000 827.0000000
 lat,lon,i,j:  -0.5000000000 -49.50000000 -1237.000000 903.0000000
 lat,lon,i,j:  -2.500000000 -49.50000000 -1203.000000 865.0000000
 lat,lon,i,j:  -3.500000000 -49.50000000 -1186.000000 847.0000000
 lat,lon,i,j:  -1.500000000 -49.50000000 -1220.000000 884.0000000
 lat,lon,i,j:  0.5000000000 -49.50000000 -1254.000000 921.0000000
 lat,lon,i,j:  5.500000000 -49.50000000 -1341.000000 1012.000000
 lat,lon,i,j:  2.500000000 -49.50000000 -1289.000000 958.0000000
 lat,lon,i,j:  1.500000000 -49.50000000 -1272.000000 940.0000000
 lat,lon,i,j:  3.500000000 -49.50000000 -1306.000000 977.0000000
 lat,lon,i,j:  4.500000000 -49.50000000 -1324.000000 994.0000000
 lat,lon,i,j:  6.500000000 -49.50000000 2103.000000 1030.000000
 lat,lon,i,j:  11.50000000 -49.50000000 2015.000000 1119.000000
 lat,lon,i,j:  8.500000000 -49.50000000 2068.000000 1066.000000
 lat,lon,i,j:  7.500000000 -49.50000000 2086.000000 1049.000000
 lat,lon,i,j:  9.500000000 -49.50000000 2050.000000 1084.000000
 lat,lon,i,j:  10.50000000 -49.50000000 2033.000000 1101.000000
 lat,lon,i,j:  12.50000000 -49.50000000 1997.000000 1136.000000
 lat,lon,i,j:  17.50000000 -49.50000000 1907.000000 1219.000000
 lat,lon,i,j:  14.50000000 -49.50000000 1961.000000 1170.000000
 lat,lon,i,j:  13.50000000 -49.50000000 1980.000000 1153.000000
 lat,lon,i,j:  15.50000000 -49.50000000 1943.000000 1186.000000
 lat,lon,i,j:  16.50000000 -49.50000000 1925.000000 1203.000000
 lat,lon,i,j:  18.50000000 -49.50000000 1888.000000 1236.000000
 lat,lon,i,j:  22.50000000 -49.50000000 1815.000000 1299.000000
 lat,lon,i,j:  20.50000000 -49.50000000 1851.000000 1268.000000
 lat,lon,i,j:  19.50000000 -49.50000000 1870.000000 1252.000000
 lat,lon,i,j:  21.50000000 -49.50000000 1833.000000 1283.000000
 lat,lon,i,j:  23.50000000 -49.50000000 1795.000000 1314.000000
 lat,lon,i,j:  28.50000000 -49.50000000 1700.000000 1388.000000
 lat,lon,i,j:  25.50000000 -49.50000000 1758.000000 1345.000000
 lat,lon,i,j:  24.50000000 -49.50000000 1777.000000 1329.000000
 lat,lon,i,j:  26.50000000 -49.50000000 1739.000000 1359.000000
 lat,lon,i,j:  27.50000000 -49.50000000 1720.000000 1373.000000
 lat,lon,i,j:  29.50000000 -49.50000000 1681.000000 1401.000000
 lat,lon,i,j:  33.50000000 -49.50000000 1603.000000 1455.000000
 lat,lon,i,j:  31.50000000 -49.50000000 1642.000000 1428.000000
 lat,lon,i,j:  30.50000000 -49.50000000 1662.000000 1415.000000
 lat,lon,i,j:  32.50000000 -49.50000000 1622.000000 1442.000000
 lat,lon,i,j:  34.50000000 -49.50000000 1583.000000 1467.000000
 lat,lon,i,j:  39.50000000 -49.50000000 1483.000000 1527.000000
 lat,lon,i,j:  36.50000000 -49.50000000 1543.000000 1492.000000
 lat,lon,i,j:  35.50000000 -49.50000000 1563.000000 1480.000000
 lat,lon,i,j:  37.50000000 -49.50000000 1523.000000 1504.000000
 lat,lon,i,j:  38.50000000 -49.50000000 1503.000000 1516.000000
 lat,lon,i,j:  40.50000000 -49.50000000 1462.000000 1538.000000
 lat,lon,i,j:  44.50000000 -49.50000000 1380.000000 1579.000000
 lat,lon,i,j:  42.50000000 -49.50000000 1421.000000 1560.000000
 lat,lon,i,j:  41.50000000 -49.50000000 1442.000000 1549.000000
 lat,lon,i,j:  43.50000000 -49.50000000 1400.000000 1570.000000
 lat,lon,i,j:  45.50000000 -49.50000000 1359.000000 1589.000000
 lat,lon,i,j:  50.50000000 -49.50000000 1253.000000 1632.000000
 lat,lon,i,j:  47.50000000 -49.50000000 1317.000000 1607.000000
 lat,lon,i,j:  46.50000000 -49.50000000 1338.000000 1598.000000
 lat,lon,i,j:  48.50000000 -49.50000000 1296.000000 1615.000000
 lat,lon,i,j:  49.50000000 -49.50000000 1275.000000 1624.000000
 lat,lon,i,j:  51.50000000 -49.50000000 1232.000000 1640.000000
 lat,lon,i,j:  56.50000000 -49.50000000 1124.000000 1672.000000
 lat,lon,i,j:  53.50000000 -49.50000000 1189.000000 1654.000000
 lat,lon,i,j:  52.50000000 -49.50000000 1211.000000 1647.000000
 lat,lon,i,j:  54.50000000 -49.50000000 1168.000000 1659.000000
 lat,lon,i,j:  55.50000000 -49.50000000 1146.000000 1666.000000
 lat,lon,i,j:  57.50000000 -49.50000000 1103.000000 1677.000000
 lat,lon,i,j:  62.50000000 -49.50000000 993.0000000 1698.000000
 lat,lon,i,j:  59.50000000 -49.50000000 1059.000000 1686.000000
 lat,lon,i,j:  58.50000000 -49.50000000 1081.000000 1682.000000
 lat,lon,i,j:  60.50000000 -49.50000000 1038.000000 1691.000000
 lat,lon,i,j:  61.50000000 -49.50000000 1015.000000 1694.000000
 lat,lon,i,j:  63.50000000 -49.50000000 971.0000000 1702.000000
 lat,lon,i,j:  67.50000000 -49.50000000 883.0000000 1710.000000
 lat,lon,i,j:  65.50000000 -49.50000000 927.0000000 1706.000000
 lat,lon,i,j:  64.50000000 -49.50000000 949.0000000 1704.000000
 lat,lon,i,j:  66.50000000 -49.50000000 905.0000000 1708.000000
 lat,lon,i,j:  68.50000000 -49.50000000 861.0000000 1711.000000
 lat,lon,i,j:  73.50000000 -49.50000000 750.0000000 1711.000000
 lat,lon,i,j:  70.50000000 -49.50000000 816.0000000 1712.000000
 lat,lon,i,j:  69.50000000 -49.50000000 839.0000000 1712.000000
 lat,lon,i,j:  71.50000000 -49.50000000 794.0000000 1712.000000
 lat,lon,i,j:  72.50000000 -49.50000000 772.0000000 1712.000000
 lat,lon,i,j:  74.50000000 -49.50000000 728.0000000 1710.000000
 lat,lon,i,j:  78.50000000 -49.50000000 640.0000000 1702.000000
 lat,lon,i,j:  76.50000000 -49.50000000 684.0000000 1707.000000
 lat,lon,i,j:  75.50000000 -49.50000000 706.0000000 1709.000000
 lat,lon,i,j:  77.50000000 -49.50000000 662.0000000 1705.000000
 lat,lon,i,j:  79.50000000 -49.50000000 618.0000000 1699.000000
 lat,lon,i,j:  84.50000000 -49.50000000 508.0000000 1678.000000
 lat,lon,i,j:  81.50000000 -49.50000000 574.0000000 1691.000000
 lat,lon,i,j:  80.50000000 -49.50000000 596.0000000 1695.000000
 lat,lon,i,j:  82.50000000 -49.50000000 552.0000000 1687.000000
 lat,lon,i,j:  83.50000000 -49.50000000 530.0000000 1683.000000
 lat,lon,i,j:  85.50000000 -49.50000000 486.0000000 1672.000000
 lat,lon,i,j:  89.50000000 -49.50000000 400.0000000 1647.000000
 lat,lon,i,j:  87.50000000 -49.50000000 443.0000000 1660.000000
 lat,lon,i,j:  86.50000000 -49.50000000 465.0000000 1667.000000
 lat,lon,i,j:  88.50000000 -49.50000000 421.0000000 1654.000000
 lat,lon,i,j:  -89.50000000 -49.50000000 10005.00000 5238.000000
 lat,lon,i,j:  -84.50000000 -49.50000000 10005.00000 5238.000000
 lat,lon,i,j:  -87.50000000 -49.50000000 10005.00000 5238.000000
 lat,lon,i,j:  -88.50000000 -49.50000000 10005.00000 5238.000000
 lat,lon,i,j:  -86.50000000 -49.50000000 10005.00000 5238.000000
 lat,lon,i,j:  -85.50000000 -49.50000000 10005.00000 5238.000000
 lat,lon,i,j:  -83.50000000 -49.50000000 10005.00000 5238.000000
 lat,lon,i,j:  -78.50000000 -49.50000000 10005.00000 5238.000000
 lat,lon,i,j:  -81.50000000 -49.50000000 10005.00000 5238.000000
 lat,lon,i,j:  -82.50000000 -49.50000000 10005.00000 5238.000000
 lat,lon,i,j:  -80.50000000 -49.50000000 10005.00000 5238.000000
 lat,lon,i,j:  -79.50000000 -49.50000000 10005.00000 5238.000000
 lat,lon,i,j:  -77.50000000 -49.50000000 10005.00000 5238.000000
 lat,lon,i,j:  -72.50000000 -49.50000000 10005.00000 5238.000000
 lat,lon,i,j:  -75.50000000 -49.50000000 10005.00000 5238.000000
 lat,lon,i,j:  -76.50000000 -49.50000000 10005.00000 5238.000000
 lat,lon,i,j:  -74.50000000 -49.50000000 10005.00000 5238.000000
 lat,lon,i,j:  -73.50000000 -49.50000000 10005.00000 5238.000000
 lat,lon,i,j:  -71.50000000 -49.50000000 10005.00000 5238.000000
 lat,lon,i,j:  -67.50000000 -49.50000000 10005.00000 5238.000000
 lat,lon,i,j:  -69.50000000 -49.50000000 10005.00000 5238.000000
 lat,lon,i,j:  -70.50000000 -49.50000000 10005.00000 5238.000000
 lat,lon,i,j:  -68.50000000 -49.50000000 10005.00000 5238.000000
 lat,lon,i,j:  -66.50000000 -49.50000000 10005.00000 5238.000000
 lat,lon,i,j:  -61.50000000 -49.50000000 10005.00000 5238.000000
 lat,lon,i,j:  -64.50000000 -49.50000000 10005.00000 5238.000000
 lat,lon,i,j:  -65.50000000 -49.50000000 10005.00000 5238.000000
 lat,lon,i,j:  -63.50000000 -49.50000000 10005.00000 5238.000000
 lat,lon,i,j:  -62.50000000 -49.50000000 10005.00000 5238.000000
 lat,lon,i,j:  -60.50000000 -49.50000000 10005.00000 5238.000000
 lat,lon,i,j:  -56.50000000 -49.50000000 10005.00000 5238.000000
 lat,lon,i,j:  -58.50000000 -49.50000000 10005.00000 5238.000000
 lat,lon,i,j:  -59.50000000 -49.50000000 10005.00000 5238.000000
 lat,lon,i,j:  -57.50000000 -49.50000000 10005.00000 5238.000000
 lat,lon,i,j:  -55.50000000 -49.50000000 10005.00000 5238.000000
 lat,lon,i,j:  -50.50000000 -49.50000000 10005.00000 5238.000000
 lat,lon,i,j:  -53.50000000 -49.50000000 10005.00000 5238.000000
 lat,lon,i,j:  -54.50000000 -49.50000000 10005.00000 5238.000000
 lat,lon,i,j:  -52.50000000 -49.50000000 10005.00000 5238.000000
 lat,lon,i,j:  -51.50000000 -49.50000000 10005.00000 5238.000000
 lat,lon,i,j:  -49.50000000 -49.50000000 10005.00000 5238.000000
 lat,lon,i,j:  -45.50000000 -49.50000000 10005.00000 5238.000000
 lat,lon,i,j:  -47.50000000 -49.50000000 10005.00000 5238.000000
 lat,lon,i,j:  -48.50000000 -49.50000000 10005.00000 5238.000000
 lat,lon,i,j:  -46.50000000 -49.50000000 10005.00000 5238.000000
 lat,lon,i,j:  -44.50000000 -49.50000000 10005.00000 5238.000000
 lat,lon,i,j:  -39.50000000 -49.50000000 10005.00000 5238.000000
 lat,lon,i,j:  -42.50000000 -49.50000000 10005.00000 5238.000000
 lat,lon,i,j:  -43.50000000 -49.50000000 10005.00000 5238.000000
 lat,lon,i,j:  -41.50000000 -49.50000000 10005.00000 5238.000000
 lat,lon,i,j:  -40.50000000 -49.50000000 10005.00000 5238.000000
 lat,lon,i,j:  -38.50000000 -49.50000000 10005.00000 5238.000000
 lat,lon,i,j:  -33.50000000 -49.50000000 10005.00000 5238.000000
 lat,lon,i,j:  -36.50000000 -49.50000000 10005.00000 5238.000000
 lat,lon,i,j:  -37.50000000 -49.50000000 10005.00000 5238.000000
 lat,lon,i,j:  -35.50000000 -49.50000000 10005.00000 5238.000000
 lat,lon,i,j:  -34.50000000 -49.50000000 10005.00000 5238.000000
 lat,lon,i,j:  -32.50000000 -49.50000000 10005.00000 5238.000000
 lat,lon,i,j:  -27.50000000 -49.50000000 -784.0000000 384.0000000
 lat,lon,i,j:  -30.50000000 -49.50000000 10005.00000 5238.000000
 lat,lon,i,j:  -31.50000000 -49.50000000 10005.00000 5238.000000
 lat,lon,i,j:  -29.50000000 -49.50000000 10005.00000 5238.000000
 lat,lon,i,j:  -28.50000000 -49.50000000 10005.00000 5238.000000
 lat,lon,i,j:  -26.50000000 -49.50000000 -800.0000000 403.0000000
 lat,lon,i,j:  -22.50000000 -49.50000000 -867.0000000 481.0000000
 lat,lon,i,j:  -24.50000000 -49.50000000 -834.0000000 442.0000000
 lat,lon,i,j:  -25.50000000 -49.50000000 -817.0000000 423.0000000
 lat,lon,i,j:  -23.50000000 -49.50000000 -851.0000000 462.0000000
 lat,lon,i,j:  -21.50000000 -49.50000000 -884.0000000 500.0000000
 lat,lon,i,j:  -16.50000000 -49.50000000 -967.0000000 597.0000000
 lat,lon,i,j:  -19.50000000 -49.50000000 -917.0000000 539.0000000
 lat,lon,i,j:  -20.50000000 -49.50000000 -901.0000000 520.0000000
 lat,lon,i,j:  -18.50000000 -49.50000000 -934.0000000 559.0000000
 lat,lon,i,j:  -17.50000000 -49.50000000 -951.0000000 578.0000000
 lat,lon,i,j:  -15.50000000 -49.50000000 -984.0000000 617.0000000
 lat,lon,i,j:  -11.50000000 -49.50000000 -1051.000000 694.0000000
 lat,lon,i,j:  -13.50000000 -49.50000000 -1017.000000 655.0000000
 lat,lon,i,j:  -14.50000000 -49.50000000 -1001.000000 636.0000000
 lat,lon,i,j:  -12.50000000 -49.50000000 -1034.000000 675.0000000
 lat,lon,i,j:  -10.50000000 -49.50000000 -1068.000000 713.0000000
 lat,lon,i,j:  -5.500000000 -49.50000000 -1152.000000 809.0000000
 lat,lon,i,j:  -8.500000000 -49.50000000 -1101.000000 751.0000000
 lat,lon,i,j:  -9.500000000 -49.50000000 -1085.000000 732.0000000
 lat,lon,i,j:  -7.500000000 -49.50000000 -1118.000000 771.0000000
 lat,lon,i,j:  -6.500000000 -49.50000000 -1135.000000 789.0000000
 lat,lon,i,j:  -4.500000000 -49.50000000 -1169.000000 827.0000000
 lat,lon,i,j:  -0.5000000000 -49.50000000 -1237.000000 903.0000000
 lat,lon,i,j:  -2.500000000 -49.50000000 -1203.000000 865.0000000
 lat,lon,i,j:  -3.500000000 -49.50000000 -1186.000000 847.0000000
 lat,lon,i,j:  -1.500000000 -49.50000000 -1220.000000 884.0000000
 lat,lon,i,j:  0.5000000000 -49.50000000 -1254.000000 921.0000000
 lat,lon,i,j:  5.500000000 -49.50000000 -1341.000000 1012.000000
 lat,lon,i,j:  2.500000000 -49.50000000 -1289.000000 958.0000000
 lat,lon,i,j:  1.500000000 -49.50000000 -1272.000000 940.0000000
 lat,lon,i,j:  3.500000000 -49.50000000 -1306.000000 977.0000000
 lat,lon,i,j:  4.500000000 -49.50000000 -1324.000000 994.0000000
 lat,lon,i,j:  6.500000000 -49.50000000 2103.000000 1030.000000
 lat,lon,i,j:  11.50000000 -49.50000000 2015.000000 1119.000000
 lat,lon,i,j:  8.500000000 -49.50000000 2068.000000 1066.000000
 lat,lon,i,j:  7.500000000 -49.50000000 2086.000000 1049.000000
 lat,lon,i,j:  9.500000000 -49.50000000 2050.000000 1084.000000
 lat,lon,i,j:  10.50000000 -49.50000000 2033.000000 1101.000000
 lat,lon,i,j:  12.50000000 -49.50000000 1997.000000 1136.000000
 lat,lon,i,j:  17.50000000 -49.50000000 1907.000000 1219.000000
 lat,lon,i,j:  14.50000000 -49.50000000 1961.000000 1170.000000
 lat,lon,i,j:  13.50000000 -49.50000000 1980.000000 1153.000000
 lat,lon,i,j:  15.50000000 -49.50000000 1943.000000 1186.000000
 lat,lon,i,j:  16.50000000 -49.50000000 1925.000000 1203.000000
 lat,lon,i,j:  18.50000000 -49.50000000 1888.000000 1236.000000
 lat,lon,i,j:  22.50000000 -49.50000000 1815.000000 1299.000000
 lat,lon,i,j:  20.50000000 -49.50000000 1851.000000 1268.000000
 lat,lon,i,j:  19.50000000 -49.50000000 1870.000000 1252.000000
 lat,lon,i,j:  21.50000000 -49.50000000 1833.000000 1283.000000
 lat,lon,i,j:  23.50000000 -49.50000000 1795.000000 1314.000000
 lat,lon,i,j:  28.50000000 -49.50000000 1700.000000 1388.000000
 lat,lon,i,j:  25.50000000 -49.50000000 1758.000000 1345.000000
 lat,lon,i,j:  24.50000000 -49.50000000 1777.000000 1329.000000
 lat,lon,i,j:  26.50000000 -49.50000000 1739.000000 1359.000000
 lat,lon,i,j:  27.50000000 -49.50000000 1720.000000 1373.000000
 lat,lon,i,j:  29.50000000 -49.50000000 1681.000000 1401.000000
 lat,lon,i,j:  33.50000000 -49.50000000 1603.000000 1455.000000
 lat,lon,i,j:  31.50000000 -49.50000000 1642.000000 1428.000000
 lat,lon,i,j:  30.50000000 -49.50000000 1662.000000 1415.000000
 lat,lon,i,j:  32.50000000 -49.50000000 1622.000000 1442.000000
 lat,lon,i,j:  34.50000000 -49.50000000 1583.000000 1467.000000
 lat,lon,i,j:  39.50000000 -49.50000000 1483.000000 1527.000000
 lat,lon,i,j:  36.50000000 -49.50000000 1543.000000 1492.000000
 lat,lon,i,j:  35.50000000 -49.50000000 1563.000000 1480.000000
 lat,lon,i,j:  37.50000000 -49.50000000 1523.000000 1504.000000
 lat,lon,i,j:  38.50000000 -49.50000000 1503.000000 1516.000000
 lat,lon,i,j:  40.50000000 -49.50000000 1462.000000 1538.000000
 lat,lon,i,j:  44.50000000 -49.50000000 1380.000000 1579.000000
 lat,lon,i,j:  42.50000000 -49.50000000 1421.000000 1560.000000
 lat,lon,i,j:  41.50000000 -49.50000000 1442.000000 1549.000000
 lat,lon,i,j:  43.50000000 -49.50000000 1400.000000 1570.000000
 lat,lon,i,j:  45.50000000 -49.50000000 1359.000000 1589.000000
 lat,lon,i,j:  50.50000000 -49.50000000 1253.000000 1632.000000
 lat,lon,i,j:  47.50000000 -49.50000000 1317.000000 1607.000000
 lat,lon,i,j:  46.50000000 -49.50000000 1338.000000 1598.000000
 lat,lon,i,j:  48.50000000 -49.50000000 1296.000000 1615.000000
 lat,lon,i,j:  49.50000000 -49.50000000 1275.000000 1624.000000
 lat,lon,i,j:  51.50000000 -49.50000000 1232.000000 1640.000000
 lat,lon,i,j:  56.50000000 -49.50000000 1124.000000 1672.000000
 lat,lon,i,j:  53.50000000 -49.50000000 1189.000000 1654.000000
 lat,lon,i,j:  52.50000000 -49.50000000 1211.000000 1647.000000
 lat,lon,i,j:  54.50000000 -49.50000000 1168.000000 1659.000000
 lat,lon,i,j:  55.50000000 -49.50000000 1146.000000 1666.000000
 lat,lon,i,j:  57.50000000 -49.50000000 1103.000000 1677.000000
 lat,lon,i,j:  62.50000000 -49.50000000 993.0000000 1698.000000
 lat,lon,i,j:  59.50000000 -49.50000000 1059.000000 1686.000000
 lat,lon,i,j:  58.50000000 -49.50000000 1081.000000 1682.000000
 lat,lon,i,j:  60.50000000 -49.50000000 1038.000000 1691.000000
 lat,lon,i,j:  61.50000000 -49.50000000 1015.000000 1694.000000
 lat,lon,i,j:  63.50000000 -49.50000000 971.0000000 1702.000000
 lat,lon,i,j:  67.50000000 -49.50000000 883.0000000 1710.000000
 lat,lon,i,j:  65.50000000 -49.50000000 927.0000000 1706.000000
 lat,lon,i,j:  64.50000000 -49.50000000 949.0000000 1704.000000
 lat,lon,i,j:  66.50000000 -49.50000000 905.0000000 1708.000000
 lat,lon,i,j:  68.50000000 -49.50000000 861.0000000 1711.000000
 lat,lon,i,j:  73.50000000 -49.50000000 750.0000000 1711.000000
 lat,lon,i,j:  70.50000000 -49.50000000 816.0000000 1712.000000
 lat,lon,i,j:  69.50000000 -49.50000000 839.0000000 1712.000000
 lat,lon,i,j:  71.50000000 -49.50000000 794.0000000 1712.000000
 lat,lon,i,j:  72.50000000 -49.50000000 772.0000000 1712.000000
 lat,lon,i,j:  74.50000000 -49.50000000 728.0000000 1710.000000
 lat,lon,i,j:  78.50000000 -49.50000000 640.0000000 1702.000000
 lat,lon,i,j:  76.50000000 -49.50000000 684.0000000 1707.000000
 lat,lon,i,j:  75.50000000 -49.50000000 706.0000000 1709.000000
 lat,lon,i,j:  77.50000000 -49.50000000 662.0000000 1705.000000
 lat,lon,i,j:  79.50000000 -49.50000000 618.0000000 1699.000000
 lat,lon,i,j:  84.50000000 -49.50000000 508.0000000 1678.000000
 lat,lon,i,j:  81.50000000 -49.50000000 574.0000000 1691.000000
 lat,lon,i,j:  80.50000000 -49.50000000 596.0000000 1695.000000
 lat,lon,i,j:  82.50000000 -49.50000000 552.0000000 1687.000000
 lat,lon,i,j:  83.50000000 -49.50000000 530.0000000 1683.000000
 lat,lon,i,j:  85.50000000 -49.50000000 486.0000000 1672.000000
 lat,lon,i,j:  89.50000000 -49.50000000 400.0000000 1647.000000
 lat,lon,i,j:  87.50000000 -49.50000000 443.0000000 1660.000000
 lat,lon,i,j:  86.50000000 -49.50000000 465.0000000 1667.000000
 lat,lon,i,j:  88.50000000 -49.50000000 421.0000000 1654.000000
 lat,lon,i,j:  -88.50000000 49.50000000 10005.00000 5238.000000
 lat,lon,i,j:  -89.50000000 49.50000000 10005.00000 5238.000000
 lat,lon,i,j:  -87.50000000 49.50000000 10005.00000 5238.000000
 lat,lon,i,j:  -85.50000000 49.50000000 10005.00000 5238.000000
 lat,lon,i,j:  -86.50000000 49.50000000 10005.00000 5238.000000
 lat,lon,i,j:  -84.50000000 49.50000000 10005.00000 5238.000000
 lat,lon,i,j:  -82.50000000 49.50000000 10005.00000 5238.000000
 lat,lon,i,j:  -83.50000000 49.50000000 10005.00000 5238.000000
 lat,lon,i,j:  -81.50000000 49.50000000 10005.00000 5238.000000
 lat,lon,i,j:  -79.50000000 49.50000000 10005.00000 5238.000000
 lat,lon,i,j:  -80.50000000 49.50000000 10005.00000 5238.000000
 lat,lon,i,j:  -78.50000000 49.50000000 10005.00000 5238.000000
 lat,lon,i,j:  -76.50000000 49.50000000 10005.00000 5238.000000
 lat,lon,i,j:  -77.50000000 49.50000000 10005.00000 5238.000000
 lat,lon,i,j:  -75.50000000 49.50000000 10005.00000 5238.000000
 lat,lon,i,j:  -73.50000000 49.50000000 10005.00000 5238.000000
 lat,lon,i,j:  -74.50000000 49.50000000 10005.00000 5238.000000
 lat,lon,i,j:  -72.50000000 49.50000000 10005.00000 5238.000000
 lat,lon,i,j:  -70.50000000 49.50000000 10005.00000 5238.000000
 lat,lon,i,j:  -71.50000000 49.50000000 10005.00000 5238.000000
 lat,lon,i,j:  -69.50000000 49.50000000 10005.00000 5238.000000
 lat,lon,i,j:  -68.50000000 49.50000000 10005.00000 5238.000000
 lat,lon,i,j:  -67.50000000 49.50000000 10005.00000 5238.000000
 lat,lon,i,j:  -65.50000000 49.50000000 10005.00000 5238.000000
 lat,lon,i,j:  -66.50000000 49.50000000 10005.00000 5238.000000
 lat,lon,i,j:  -64.50000000 49.50000000 10005.00000 5238.000000
 lat,lon,i,j:  -62.50000000 49.50000000 10005.00000 5238.000000
 lat,lon,i,j:  -63.50000000 49.50000000 10005.00000 5238.000000
 lat,lon,i,j:  -61.50000000 49.50000000 10005.00000 5238.000000
 lat,lon,i,j:  -59.50000000 49.50000000 10005.00000 5238.000000
 lat,lon,i,j:  -60.50000000 49.50000000 10005.00000 5238.000000
 lat,lon,i,j:  -58.50000000 49.50000000 10005.00000 5238.000000
 lat,lon,i,j:  -57.50000000 49.50000000 10005.00000 5238.000000
 lat,lon,i,j:  -56.50000000 49.50000000 10005.00000 5238.000000
 lat,lon,i,j:  -54.50000000 49.50000000 10005.00000 5238.000000
 lat,lon,i,j:  -55.50000000 49.50000000 10005.00000 5238.000000
 lat,lon,i,j:  -53.50000000 49.50000000 10005.00000 5238.000000
 lat,lon,i,j:  -51.50000000 49.50000000 10005.00000 5238.000000
 lat,lon,i,j:  -52.50000000 49.50000000 10005.00000 5238.000000
 lat,lon,i,j:  -50.50000000 49.50000000 10005.00000 5238.000000
 lat,lon,i,j:  -48.50000000 49.50000000 10005.00000 5238.000000
 lat,lon,i,j:  -49.50000000 49.50000000 10005.00000 5238.000000
 lat,lon,i,j:  -47.50000000 49.50000000 10005.00000 5238.000000
 lat,lon,i,j:  -46.50000000 49.50000000 10005.00000 5238.000000
 lat,lon,i,j:  -45.50000000 49.50000000 10005.00000 5238.000000
 lat,lon,i,j:  -43.50000000 49.50000000 10005.00000 5238.000000
 lat,lon,i,j:  -44.50000000 49.50000000 10005.00000 5238.000000
 lat,lon,i,j:  -42.50000000 49.50000000 10005.00000 5238.000000
 lat,lon,i,j:  -40.50000000 49.50000000 10005.00000 5238.000000
 lat,lon,i,j:  -41.50000000 49.50000000 10005.00000 5238.000000
 lat,lon,i,j:  -39.50000000 49.50000000 10005.00000 5238.000000
 lat,lon,i,j:  -37.50000000 49.50000000 10005.00000 5238.000000
 lat,lon,i,j:  -38.50000000 49.50000000 10005.00000 5238.000000
 lat,lon,i,j:  -36.50000000 49.50000000 10005.00000 5238.000000
 lat,lon,i,j:  -34.50000000 49.50000000 10005.00000 5238.000000
 lat,lon,i,j:  -35.50000000 49.50000000 10005.00000 5238.000000
 lat,lon,i,j:  -33.50000000 49.50000000 10005.00000 5238.000000
 lat,lon,i,j:  -31.50000000 49.50000000 10005.00000 5238.000000
 lat,lon,i,j:  -32.50000000 49.50000000 10005.00000 5238.000000
 lat,lon,i,j:  -30.50000000 49.50000000 10005.00000 5238.000000
 lat,lon,i,j:  -28.50000000 49.50000000 10005.00000 5238.000000
 lat,lon,i,j:  -29.50000000 49.50000000 10005.00000 5238.000000
 lat,lon,i,j:  -27.50000000 49.50000000 780.0000000 1778.000000
 lat,lon,i,j:  -25.50000000 49.50000000 796.0000000 1851.000000
 lat,lon,i,j:  -26.50000000 49.50000000 788.0000000 1815.000000
 lat,lon,i,j:  -24.50000000 49.50000000 804.0000000 1888.000000
 lat,lon,i,j:  -23.50000000 49.50000000 812.0000000 1924.000000
 lat,lon,i,j:  -22.50000000 49.50000000 821.0000000 1961.000000
 lat,lon,i,j:  -20.50000000 49.50000000 839.0000000 2033.000000
 lat,lon,i,j:  -21.50000000 49.50000000 830.0000000 1997.000000
 lat,lon,i,j:  -19.50000000 49.50000000 848.0000000 2069.000000
 lat,lon,i,j:  -17.50000000 49.50000000 867.0000000 2142.000000
 lat,lon,i,j:  -18.50000000 49.50000000 857.0000000 2106.000000
 lat,lon,i,j:  -16.50000000 49.50000000 877.0000000 2178.000000
 lat,lon,i,j:  -14.50000000 49.50000000 898.0000000 2249.000000
 lat,lon,i,j:  -15.50000000 49.50000000 888.0000000 2213.000000
 lat,lon,i,j:  -13.50000000 49.50000000 909.0000000 2285.000000
 lat,lon,i,j:  -12.50000000 49.50000000 920.0000000 2320.000000
 lat,lon,i,j:  -11.50000000 49.50000000 932.0000000 2355.000000
 lat,lon,i,j:  -9.500000000 49.50000000 956.0000000 2426.000000
 lat,lon,i,j:  -10.50000000 49.50000000 944.0000000 2391.000000
 lat,lon,i,j:  -8.500000000 49.50000000 970.0000000 2461.000000
 lat,lon,i,j:  -6.500000000 49.50000000 996.0000000 2530.000000
 lat,lon,i,j:  -7.500000000 49.50000000 983.0000000 2496.000000
 lat,lon,i,j:  -5.500000000 49.50000000 1011.000000 2565.000000
 lat,lon,i,j:  -3.500000000 49.50000000 1042.000000 2633.000000
 lat,lon,i,j:  -4.500000000 49.50000000 1026.000000 2599.000000
 lat,lon,i,j:  -2.500000000 49.50000000 1058.000000 2667.000000
 lat,lon,i,j:  -1.500000000 49.50000000 1075.000000 2701.000000
 lat,lon,i,j:  -0.5000000000 49.50000000 1092.000000 2734.000000
 lat,lon,i,j:  1.500000000 49.50000000 1130.000000 2800.000000
 lat,lon,i,j:  0.5000000000 49.50000000 1111.000000 2767.000000
 lat,lon,i,j:  2.500000000 49.50000000 1150.000000 2832.000000
 lat,lon,i,j:  4.500000000 49.50000000 1194.000000 2896.000000
 lat,lon,i,j:  3.500000000 49.50000000 1171.000000 2864.000000
 lat,lon,i,j:  5.500000000 49.50000000 1217.000000 2928.000000
 lat,lon,i,j:  7.500000000 49.50000000 1268.000000 2989.000000
 lat,lon,i,j:  6.500000000 49.50000000 1241.000000 2958.000000
 lat,lon,i,j:  8.500000000 49.50000000 1295.000000 3019.000000
 lat,lon,i,j:  10.50000000 49.50000000 1353.000000 3076.000000
 lat,lon,i,j:  9.500000000 49.50000000 1323.000000 3048.000000
 lat,lon,i,j:  11.50000000 49.50000000 1385.000000 3104.000000
 lat,lon,i,j:  13.50000000 49.50000000 1454.000000 3158.000000
 lat,lon,i,j:  12.50000000 49.50000000 1419.000000 3132.000000
 lat,lon,i,j:  14.50000000 49.50000000 1491.000000 3184.000000
 lat,lon,i,j:  16.50000000 49.50000000 1573.000000 3232.000000
 lat,lon,i,j:  15.50000000 49.50000000 1531.000000 3208.000000
 lat,lon,i,j:  17.50000000 49.50000000 1616.000000 3254.000000
 lat,lon,i,j:  19.50000000 49.50000000 1712.000000 3295.000000
 lat,lon,i,j:  18.50000000 49.50000000 1663.000000 3275.000000
 lat,lon,i,j:  20.50000000 49.50000000 1763.000000 3313.000000
 lat,lon,i,j:  21.50000000 49.50000000 1815.000000 3330.000000
 lat,lon,i,j:  22.50000000 49.50000000 1871.000000 3345.000000
 lat,lon,i,j:  24.50000000 49.50000000 1988.000000 3370.000000
 lat,lon,i,j:  23.50000000 49.50000000 1928.000000 3358.000000
 lat,lon,i,j:  25.50000000 49.50000000 2050.000000 3379.000000
 lat,lon,i,j:  27.50000000 49.50000000 -1285.000000 3392.000000
 lat,lon,i,j:  26.50000000 49.50000000 2113.000000 3387.000000
 lat,lon,i,j:  28.50000000 49.50000000 -1220.000000 3395.000000
 lat,lon,i,j:  30.50000000 49.50000000 -1089.000000 3395.000000
 lat,lon,i,j:  29.50000000 49.50000000 -1155.000000 3396.000000
 lat,lon,i,j:  31.50000000 49.50000000 -1025.000000 3391.000000
 lat,lon,i,j:  32.50000000 49.50000000 -961.0000000 3386.000000
 lat,lon,i,j:  33.50000000 49.50000000 -899.0000000 3378.000000
 lat,lon,i,j:  35.50000000 49.50000000 -778.0000000 3356.000000
 lat,lon,i,j:  34.50000000 49.50000000 -838.0000000 3368.000000
 lat,lon,i,j:  36.50000000 49.50000000 -720.0000000 3343.000000
 lat,lon,i,j:  38.50000000 49.50000000 -613.0000000 3310.000000
 lat,lon,i,j:  37.50000000 49.50000000 -666.0000000 3328.000000
 lat,lon,i,j:  39.50000000 49.50000000 -562.0000000 3292.000000
 lat,lon,i,j:  41.50000000 49.50000000 -468.0000000 3251.000000
 lat,lon,i,j:  40.50000000 49.50000000 -514.0000000 3272.000000
 lat,lon,i,j:  42.50000000 49.50000000 -425.0000000 3228.000000
 lat,lon,i,j:  43.50000000 49.50000000 -383.0000000 3205.000000
 lat,lon,i,j:  44.50000000 49.50000000 -344.0000000 3180.000000
 lat,lon,i,j:  46.50000000 49.50000000 -272.0000000 3128.000000
 lat,lon,i,j:  45.50000000 49.50000000 -307.0000000 3154.000000
 lat,lon,i,j:  47.50000000 49.50000000 -239.0000000 3100.000000
 lat,lon,i,j:  49.50000000 49.50000000 -177.0000000 3044.000000
 lat,lon,i,j:  48.50000000 49.50000000 -207.0000000 3072.000000
 lat,lon,i,j:  50.50000000 49.50000000 -149.0000000 3014.000000
 lat,lon,i,j:  52.50000000 49.50000000 -96.00000000 2954.000000
 lat,lon,i,j:  51.50000000 49.50000000 -122.0000000 2984.000000
 lat,lon,i,j:  53.50000000 49.50000000 -71.00000000 2923.000000
 lat,lon,i,j:  55.50000000 49.50000000 -27.00000000 2860.000000
 lat,lon,i,j:  54.50000000 49.50000000 -49.00000000 2892.000000
 lat,lon,i,j:  56.50000000 49.50000000 -6.000000000 2828.000000
 lat,lon,i,j:  58.50000000 49.50000000 34.00000000 2762.000000
 lat,lon,i,j:  57.50000000 49.50000000 15.00000000 2795.000000
 lat,lon,i,j:  59.50000000 49.50000000 53.00000000 2729.000000
 lat,lon,i,j:  61.50000000 49.50000000 86.00000000 2662.000000
 lat,lon,i,j:  60.50000000 49.50000000 70.00000000 2696.000000
 lat,lon,i,j:  62.50000000 49.50000000 103.0000000 2629.000000
 lat,lon,i,j:  64.50000000 49.50000000 133.0000000 2560.000000
 lat,lon,i,j:  63.50000000 49.50000000 118.0000000 2594.000000
 lat,lon,i,j:  65.50000000 49.50000000 148.0000000 2525.000000
 lat,lon,i,j:  66.50000000 49.50000000 161.0000000 2491.000000
 lat,lon,i,j:  67.50000000 49.50000000 174.0000000 2456.000000
 lat,lon,i,j:  69.50000000 49.50000000 199.0000000 2386.000000
 lat,lon,i,j:  68.50000000 49.50000000 188.0000000 2421.000000
 lat,lon,i,j:  70.50000000 49.50000000 211.0000000 2350.000000
 lat,lon,i,j:  72.50000000 49.50000000 235.0000000 2279.000000
 lat,lon,i,j:  71.50000000 49.50000000 224.0000000 2315.000000
 lat,lon,i,j:  73.50000000 49.50000000 245.0000000 2244.000000
 lat,lon,i,j:  75.50000000 49.50000000 266.0000000 2172.000000
 lat,lon,i,j:  74.50000000 49.50000000 256.0000000 2208.000000
 lat,lon,i,j:  76.50000000 49.50000000 276.0000000 2136.000000
 lat,lon,i,j:  77.50000000 49.50000000 286.0000000 2100.000000
 lat,lon,i,j:  78.50000000 49.50000000 295.0000000 2064.000000
 lat,lon,i,j:  80.50000000 49.50000000 313.0000000 1992.000000
 lat,lon,i,j:  79.50000000 49.50000000 304.0000000 2028.000000
 lat,lon,i,j:  81.50000000 49.50000000 322.0000000 1956.000000
 lat,lon,i,j:  83.50000000 49.50000000 339.0000000 1882.000000
 lat,lon,i,j:  82.50000000 49.50000000 331.0000000 1919.000000
 lat,lon,i,j:  84.50000000 49.50000000 347.0000000 1846.000000
 lat,lon,i,j:  86.50000000 49.50000000 363.0000000 1772.000000
 lat,lon,i,j:  85.50000000 49.50000000 355.0000000 1810.000000
 lat,lon,i,j:  87.50000000 49.50000000 371.0000000 1736.000000
 lat,lon,i,j:  88.50000000 49.50000000 379.0000000 1699.000000
 lat,lon,i,j:  89.50000000 49.50000000 386.0000000 1663.000000
  Processing SLOPECAT
!!!!!!!!!!!!!!!!!!!!!!!!!!!!!!!!!!!!!!!!!!!!!
!  Successful completion of geogrid.        !
!!!!!!!!!!!!!!!!!!!!!!!!!!!!!!!!!!!!!!!!!!!!!
/var/loadl/execute/d1n7s.ncep.noaa.gov.152828.0/run_geo.ll[33]: 0403-057 Syntax error at line 34 : `done' is not expected.
