 
**** Compiling WPS and all utilities ****
 
	( cd src ;  make -i -r geogrid.exe  WRF_DIR="/gpfs/d/meso/save/wx20py/JIF_CODES/WPS_NMM/../WRFV2_ijk"  FC="xlf90_r"  CC="cc"  CPP="/usr/lib/cpp -C -P"  FFLAGS="-qfree=f90"  CFLAGS=""  LDFLAGS=""  CPPFLAGS="-DAIX -DIBM4 -DIO_NETCDF -DIO_BINARY -DIO_GRIB1 -DBIT32 -D_GEOGRID" )
	/bin/rm -f cio.o
	cc -DAIX -DIBM4 -DIO_NETCDF -DIO_BINARY -DIO_GRIB1 -DBIT32 -D_GEOGRID  -c cio.c	
	/bin/rm -f wrf_debug.o wrf_debug.mod
	/bin/cp wrf_debug.f90 wrf_debug.f
	xlf90_r -qfree=f90 -c wrf_debug.f -I/gpfs/d/meso/save/wx20py/JIF_CODES/WPS_NMM/../WRFV2_ijk/external/io_netcdf  -I/gpfs/d/meso/save/wx20py/JIF_CODES/WPS_NMM/../WRFV2_ijk/external/io_grib_share  -I/gpfs/d/meso/save/wx20py/JIF_CODES/WPS_NMM/../WRFV2_ijk/external/io_grib1  -I/gpfs/d/meso/save/wx20py/JIF_CODES/WPS_NMM/../WRFV2_ijk/external/io_int  -I/gpfs/d/meso/save/wx20py/JIF_CODES/WPS_NMM/../WRFV2_ijk/inc
** wrf_debug   === End of Compilation 1 ===
** wrf_message   === End of Compilation 2 ===
** wrf_error_fatal   === End of Compilation 3 ===
** wrf_error_fatal3   === End of Compilation 4 ===
1501-510  Compilation successful for file wrf_debug.f.
	/bin/rm -f wrf_debug.f
	/bin/rm -f parallel_module.o parallel_module.mod
	/usr/lib/cpp -C -P -DAIX -DIBM4 -DIO_NETCDF -DIO_BINARY -DIO_GRIB1 -DBIT32 -D_GEOGRID  -I/gpfs/d/meso/save/wx20py/JIF_CODES/WPS_NMM/../WRFV2_ijk/external/io_netcdf  -I/gpfs/d/meso/save/wx20py/JIF_CODES/WPS_NMM/../WRFV2_ijk/external/io_grib_share  -I/gpfs/d/meso/save/wx20py/JIF_CODES/WPS_NMM/../WRFV2_ijk/external/io_grib1  -I/gpfs/d/meso/save/wx20py/JIF_CODES/WPS_NMM/../WRFV2_ijk/external/io_int  -I/gpfs/d/meso/save/wx20py/JIF_CODES/WPS_NMM/../WRFV2_ijk/inc parallel_module.F90 > parallel_module.f
	xlf90_r -qfree=f90 -c parallel_module.f -I/gpfs/d/meso/save/wx20py/JIF_CODES/WPS_NMM/../WRFV2_ijk/external/io_netcdf  -I/gpfs/d/meso/save/wx20py/JIF_CODES/WPS_NMM/../WRFV2_ijk/external/io_grib_share  -I/gpfs/d/meso/save/wx20py/JIF_CODES/WPS_NMM/../WRFV2_ijk/external/io_grib1  -I/gpfs/d/meso/save/wx20py/JIF_CODES/WPS_NMM/../WRFV2_ijk/external/io_int  -I/gpfs/d/meso/save/wx20py/JIF_CODES/WPS_NMM/../WRFV2_ijk/inc
** parallel_module   === End of Compilation 1 ===
1501-510  Compilation successful for file parallel_module.f.
	/bin/rm -f parallel_module.f
	/bin/rm -f module_debug.o module_debug.mod
	/usr/lib/cpp -C -P -DAIX -DIBM4 -DIO_NETCDF -DIO_BINARY -DIO_GRIB1 -DBIT32 -D_GEOGRID  -I/gpfs/d/meso/save/wx20py/JIF_CODES/WPS_NMM/../WRFV2_ijk/external/io_netcdf  -I/gpfs/d/meso/save/wx20py/JIF_CODES/WPS_NMM/../WRFV2_ijk/external/io_grib_share  -I/gpfs/d/meso/save/wx20py/JIF_CODES/WPS_NMM/../WRFV2_ijk/external/io_grib1  -I/gpfs/d/meso/save/wx20py/JIF_CODES/WPS_NMM/../WRFV2_ijk/external/io_int  -I/gpfs/d/meso/save/wx20py/JIF_CODES/WPS_NMM/../WRFV2_ijk/inc module_debug.F90 > module_debug.f
	xlf90_r -qfree=f90 -c module_debug.f -I/gpfs/d/meso/save/wx20py/JIF_CODES/WPS_NMM/../WRFV2_ijk/external/io_netcdf  -I/gpfs/d/meso/save/wx20py/JIF_CODES/WPS_NMM/../WRFV2_ijk/external/io_grib_share  -I/gpfs/d/meso/save/wx20py/JIF_CODES/WPS_NMM/../WRFV2_ijk/external/io_grib1  -I/gpfs/d/meso/save/wx20py/JIF_CODES/WPS_NMM/../WRFV2_ijk/external/io_int  -I/gpfs/d/meso/save/wx20py/JIF_CODES/WPS_NMM/../WRFV2_ijk/inc
** module_debug   === End of Compilation 1 ===
1501-510  Compilation successful for file module_debug.f.
	/bin/rm -f module_debug.f
	/bin/rm -f bitarray_module.o bitarray_module.mod
	/bin/cp bitarray_module.f90 bitarray_module.f
	xlf90_r -qfree=f90 -c bitarray_module.f -I/gpfs/d/meso/save/wx20py/JIF_CODES/WPS_NMM/../WRFV2_ijk/external/io_netcdf  -I/gpfs/d/meso/save/wx20py/JIF_CODES/WPS_NMM/../WRFV2_ijk/external/io_grib_share  -I/gpfs/d/meso/save/wx20py/JIF_CODES/WPS_NMM/../WRFV2_ijk/external/io_grib1  -I/gpfs/d/meso/save/wx20py/JIF_CODES/WPS_NMM/../WRFV2_ijk/external/io_int  -I/gpfs/d/meso/save/wx20py/JIF_CODES/WPS_NMM/../WRFV2_ijk/inc
** bitarray_module   === End of Compilation 1 ===
1501-510  Compilation successful for file bitarray_module.f.
	/bin/rm -f bitarray_module.f
	/bin/rm -f constants_module.o constants_module.mod
	/bin/cp constants_module.f90 constants_module.f
	xlf90_r -qfree=f90 -c constants_module.f -I/gpfs/d/meso/save/wx20py/JIF_CODES/WPS_NMM/../WRFV2_ijk/external/io_netcdf  -I/gpfs/d/meso/save/wx20py/JIF_CODES/WPS_NMM/../WRFV2_ijk/external/io_grib_share  -I/gpfs/d/meso/save/wx20py/JIF_CODES/WPS_NMM/../WRFV2_ijk/external/io_grib1  -I/gpfs/d/meso/save/wx20py/JIF_CODES/WPS_NMM/../WRFV2_ijk/external/io_int  -I/gpfs/d/meso/save/wx20py/JIF_CODES/WPS_NMM/../WRFV2_ijk/inc
** constants_module   === End of Compilation 1 ===
1501-510  Compilation successful for file constants_module.f.
	/bin/rm -f constants_module.f
	/bin/rm -f despace.o despace.mod
	/bin/cp despace.f90 despace.f
	xlf90_r -qfree=f90 -c despace.f -I/gpfs/d/meso/save/wx20py/JIF_CODES/WPS_NMM/../WRFV2_ijk/external/io_netcdf  -I/gpfs/d/meso/save/wx20py/JIF_CODES/WPS_NMM/../WRFV2_ijk/external/io_grib_share  -I/gpfs/d/meso/save/wx20py/JIF_CODES/WPS_NMM/../WRFV2_ijk/external/io_grib1  -I/gpfs/d/meso/save/wx20py/JIF_CODES/WPS_NMM/../WRFV2_ijk/external/io_int  -I/gpfs/d/meso/save/wx20py/JIF_CODES/WPS_NMM/../WRFV2_ijk/inc
** despace   === End of Compilation 1 ===
1501-510  Compilation successful for file despace.f.
	/bin/rm -f despace.f
	/bin/rm -f hash_module.o hash_module.mod
	/bin/cp hash_module.f90 hash_module.f
	xlf90_r -qfree=f90 -c hash_module.f -I/gpfs/d/meso/save/wx20py/JIF_CODES/WPS_NMM/../WRFV2_ijk/external/io_netcdf  -I/gpfs/d/meso/save/wx20py/JIF_CODES/WPS_NMM/../WRFV2_ijk/external/io_grib_share  -I/gpfs/d/meso/save/wx20py/JIF_CODES/WPS_NMM/../WRFV2_ijk/external/io_grib1  -I/gpfs/d/meso/save/wx20py/JIF_CODES/WPS_NMM/../WRFV2_ijk/external/io_int  -I/gpfs/d/meso/save/wx20py/JIF_CODES/WPS_NMM/../WRFV2_ijk/inc
** hash_module   === End of Compilation 1 ===
1501-510  Compilation successful for file hash_module.f.
	/bin/rm -f hash_module.f
	/bin/rm -f misc_definitions_module.o misc_definitions_module.mod
	/bin/cp misc_definitions_module.f90 misc_definitions_module.f
	xlf90_r -qfree=f90 -c misc_definitions_module.f -I/gpfs/d/meso/save/wx20py/JIF_CODES/WPS_NMM/../WRFV2_ijk/external/io_netcdf  -I/gpfs/d/meso/save/wx20py/JIF_CODES/WPS_NMM/../WRFV2_ijk/external/io_grib_share  -I/gpfs/d/meso/save/wx20py/JIF_CODES/WPS_NMM/../WRFV2_ijk/external/io_grib1  -I/gpfs/d/meso/save/wx20py/JIF_CODES/WPS_NMM/../WRFV2_ijk/external/io_int  -I/gpfs/d/meso/save/wx20py/JIF_CODES/WPS_NMM/../WRFV2_ijk/inc
** misc_definitions_module   === End of Compilation 1 ===
1501-510  Compilation successful for file misc_definitions_module.f.
	/bin/rm -f misc_definitions_module.f
	/bin/rm -f gridinfo_module.o gridinfo_module.mod
	/usr/lib/cpp -C -P -DAIX -DIBM4 -DIO_NETCDF -DIO_BINARY -DIO_GRIB1 -DBIT32 -D_GEOGRID  -I/gpfs/d/meso/save/wx20py/JIF_CODES/WPS_NMM/../WRFV2_ijk/external/io_netcdf  -I/gpfs/d/meso/save/wx20py/JIF_CODES/WPS_NMM/../WRFV2_ijk/external/io_grib_share  -I/gpfs/d/meso/save/wx20py/JIF_CODES/WPS_NMM/../WRFV2_ijk/external/io_grib1  -I/gpfs/d/meso/save/wx20py/JIF_CODES/WPS_NMM/../WRFV2_ijk/external/io_int  -I/gpfs/d/meso/save/wx20py/JIF_CODES/WPS_NMM/../WRFV2_ijk/inc gridinfo_module.F90 > gridinfo_module.f
	xlf90_r -qfree=f90 -c gridinfo_module.f -I/gpfs/d/meso/save/wx20py/JIF_CODES/WPS_NMM/../WRFV2_ijk/external/io_netcdf  -I/gpfs/d/meso/save/wx20py/JIF_CODES/WPS_NMM/../WRFV2_ijk/external/io_grib_share  -I/gpfs/d/meso/save/wx20py/JIF_CODES/WPS_NMM/../WRFV2_ijk/external/io_grib1  -I/gpfs/d/meso/save/wx20py/JIF_CODES/WPS_NMM/../WRFV2_ijk/external/io_int  -I/gpfs/d/meso/save/wx20py/JIF_CODES/WPS_NMM/../WRFV2_ijk/inc
** gridinfo_module   === End of Compilation 1 ===
1501-510  Compilation successful for file gridinfo_module.f.
	/bin/rm -f gridinfo_module.f
	/bin/rm -f module_map_utils.o module_map_utils.mod
	/bin/cp module_map_utils.f90 module_map_utils.f
	xlf90_r -qfree=f90 -c module_map_utils.f -I/gpfs/d/meso/save/wx20py/JIF_CODES/WPS_NMM/../WRFV2_ijk/external/io_netcdf  -I/gpfs/d/meso/save/wx20py/JIF_CODES/WPS_NMM/../WRFV2_ijk/external/io_grib_share  -I/gpfs/d/meso/save/wx20py/JIF_CODES/WPS_NMM/../WRFV2_ijk/external/io_grib1  -I/gpfs/d/meso/save/wx20py/JIF_CODES/WPS_NMM/../WRFV2_ijk/external/io_int  -I/gpfs/d/meso/save/wx20py/JIF_CODES/WPS_NMM/../WRFV2_ijk/inc
** map_utils   === End of Compilation 1 ===
1501-510  Compilation successful for file module_map_utils.f.
	/bin/rm -f module_map_utils.f
	/bin/rm -f llxy_module.o llxy_module.mod
	/usr/lib/cpp -C -P -DAIX -DIBM4 -DIO_NETCDF -DIO_BINARY -DIO_GRIB1 -DBIT32 -D_GEOGRID  -I/gpfs/d/meso/save/wx20py/JIF_CODES/WPS_NMM/../WRFV2_ijk/external/io_netcdf  -I/gpfs/d/meso/save/wx20py/JIF_CODES/WPS_NMM/../WRFV2_ijk/external/io_grib_share  -I/gpfs/d/meso/save/wx20py/JIF_CODES/WPS_NMM/../WRFV2_ijk/external/io_grib1  -I/gpfs/d/meso/save/wx20py/JIF_CODES/WPS_NMM/../WRFV2_ijk/external/io_int  -I/gpfs/d/meso/save/wx20py/JIF_CODES/WPS_NMM/../WRFV2_ijk/inc llxy_module.F90 > llxy_module.f
	xlf90_r -qfree=f90 -c llxy_module.f -I/gpfs/d/meso/save/wx20py/JIF_CODES/WPS_NMM/../WRFV2_ijk/external/io_netcdf  -I/gpfs/d/meso/save/wx20py/JIF_CODES/WPS_NMM/../WRFV2_ijk/external/io_grib_share  -I/gpfs/d/meso/save/wx20py/JIF_CODES/WPS_NMM/../WRFV2_ijk/external/io_grib1  -I/gpfs/d/meso/save/wx20py/JIF_CODES/WPS_NMM/../WRFV2_ijk/external/io_int  -I/gpfs/d/meso/save/wx20py/JIF_CODES/WPS_NMM/../WRFV2_ijk/inc
** llxy_module   === End of Compilation 1 ===
1501-510  Compilation successful for file llxy_module.f.
	/bin/rm -f llxy_module.f
	/bin/rm -f list_module.o list_module.mod
	/bin/cp list_module.f90 list_module.f
	xlf90_r -qfree=f90 -c list_module.f -I/gpfs/d/meso/save/wx20py/JIF_CODES/WPS_NMM/../WRFV2_ijk/external/io_netcdf  -I/gpfs/d/meso/save/wx20py/JIF_CODES/WPS_NMM/../WRFV2_ijk/external/io_grib_share  -I/gpfs/d/meso/save/wx20py/JIF_CODES/WPS_NMM/../WRFV2_ijk/external/io_grib1  -I/gpfs/d/meso/save/wx20py/JIF_CODES/WPS_NMM/../WRFV2_ijk/external/io_int  -I/gpfs/d/meso/save/wx20py/JIF_CODES/WPS_NMM/../WRFV2_ijk/inc
** list_module   === End of Compilation 1 ===
1501-510  Compilation successful for file list_module.f.
	/bin/rm -f list_module.f
	/bin/rm -f source_data_module.o source_data_module.mod
	/usr/lib/cpp -C -P -DAIX -DIBM4 -DIO_NETCDF -DIO_BINARY -DIO_GRIB1 -DBIT32 -D_GEOGRID  -I/gpfs/d/meso/save/wx20py/JIF_CODES/WPS_NMM/../WRFV2_ijk/external/io_netcdf  -I/gpfs/d/meso/save/wx20py/JIF_CODES/WPS_NMM/../WRFV2_ijk/external/io_grib_share  -I/gpfs/d/meso/save/wx20py/JIF_CODES/WPS_NMM/../WRFV2_ijk/external/io_grib1  -I/gpfs/d/meso/save/wx20py/JIF_CODES/WPS_NMM/../WRFV2_ijk/external/io_int  -I/gpfs/d/meso/save/wx20py/JIF_CODES/WPS_NMM/../WRFV2_ijk/inc source_data_module.F90 > source_data_module.f
	xlf90_r -qfree=f90 -c source_data_module.f -I/gpfs/d/meso/save/wx20py/JIF_CODES/WPS_NMM/../WRFV2_ijk/external/io_netcdf  -I/gpfs/d/meso/save/wx20py/JIF_CODES/WPS_NMM/../WRFV2_ijk/external/io_grib_share  -I/gpfs/d/meso/save/wx20py/JIF_CODES/WPS_NMM/../WRFV2_ijk/external/io_grib1  -I/gpfs/d/meso/save/wx20py/JIF_CODES/WPS_NMM/../WRFV2_ijk/external/io_int  -I/gpfs/d/meso/save/wx20py/JIF_CODES/WPS_NMM/../WRFV2_ijk/inc
** source_data_module   === End of Compilation 1 ===
1501-510  Compilation successful for file source_data_module.f.
	/bin/rm -f source_data_module.f
	/bin/rm -f output_module.o output_module.mod
	/usr/lib/cpp -C -P -DAIX -DIBM4 -DIO_NETCDF -DIO_BINARY -DIO_GRIB1 -DBIT32 -D_GEOGRID  -I/gpfs/d/meso/save/wx20py/JIF_CODES/WPS_NMM/../WRFV2_ijk/external/io_netcdf  -I/gpfs/d/meso/save/wx20py/JIF_CODES/WPS_NMM/../WRFV2_ijk/external/io_grib_share  -I/gpfs/d/meso/save/wx20py/JIF_CODES/WPS_NMM/../WRFV2_ijk/external/io_grib1  -I/gpfs/d/meso/save/wx20py/JIF_CODES/WPS_NMM/../WRFV2_ijk/external/io_int  -I/gpfs/d/meso/save/wx20py/JIF_CODES/WPS_NMM/../WRFV2_ijk/inc output_module.F90 > output_module.f
	xlf90_r -qfree=f90 -c output_module.f -I/gpfs/d/meso/save/wx20py/JIF_CODES/WPS_NMM/../WRFV2_ijk/external/io_netcdf  -I/gpfs/d/meso/save/wx20py/JIF_CODES/WPS_NMM/../WRFV2_ijk/external/io_grib_share  -I/gpfs/d/meso/save/wx20py/JIF_CODES/WPS_NMM/../WRFV2_ijk/external/io_grib1  -I/gpfs/d/meso/save/wx20py/JIF_CODES/WPS_NMM/../WRFV2_ijk/external/io_int  -I/gpfs/d/meso/save/wx20py/JIF_CODES/WPS_NMM/../WRFV2_ijk/inc
** output_module   === End of Compilation 1 ===
1501-510  Compilation successful for file output_module.f.
	/bin/rm -f output_module.f
	/bin/rm -f queue_module.o queue_module.mod
	/usr/lib/cpp -C -P -DAIX -DIBM4 -DIO_NETCDF -DIO_BINARY -DIO_GRIB1 -DBIT32 -D_GEOGRID  -I/gpfs/d/meso/save/wx20py/JIF_CODES/WPS_NMM/../WRFV2_ijk/external/io_netcdf  -I/gpfs/d/meso/save/wx20py/JIF_CODES/WPS_NMM/../WRFV2_ijk/external/io_grib_share  -I/gpfs/d/meso/save/wx20py/JIF_CODES/WPS_NMM/../WRFV2_ijk/external/io_grib1  -I/gpfs/d/meso/save/wx20py/JIF_CODES/WPS_NMM/../WRFV2_ijk/external/io_int  -I/gpfs/d/meso/save/wx20py/JIF_CODES/WPS_NMM/../WRFV2_ijk/inc queue_module.F90 > queue_module.f
	xlf90_r -qfree=f90 -c queue_module.f -I/gpfs/d/meso/save/wx20py/JIF_CODES/WPS_NMM/../WRFV2_ijk/external/io_netcdf  -I/gpfs/d/meso/save/wx20py/JIF_CODES/WPS_NMM/../WRFV2_ijk/external/io_grib_share  -I/gpfs/d/meso/save/wx20py/JIF_CODES/WPS_NMM/../WRFV2_ijk/external/io_grib1  -I/gpfs/d/meso/save/wx20py/JIF_CODES/WPS_NMM/../WRFV2_ijk/external/io_int  -I/gpfs/d/meso/save/wx20py/JIF_CODES/WPS_NMM/../WRFV2_ijk/inc
** queue_module   === End of Compilation 1 ===
1501-510  Compilation successful for file queue_module.f.
	/bin/rm -f queue_module.f
	/bin/rm -f interp_module.o interp_module.mod
	/bin/cp interp_module.f90 interp_module.f
	xlf90_r -qfree=f90 -c interp_module.f -I/gpfs/d/meso/save/wx20py/JIF_CODES/WPS_NMM/../WRFV2_ijk/external/io_netcdf  -I/gpfs/d/meso/save/wx20py/JIF_CODES/WPS_NMM/../WRFV2_ijk/external/io_grib_share  -I/gpfs/d/meso/save/wx20py/JIF_CODES/WPS_NMM/../WRFV2_ijk/external/io_grib1  -I/gpfs/d/meso/save/wx20py/JIF_CODES/WPS_NMM/../WRFV2_ijk/external/io_int  -I/gpfs/d/meso/save/wx20py/JIF_CODES/WPS_NMM/../WRFV2_ijk/inc
** interp_module   === End of Compilation 1 ===
1501-510  Compilation successful for file interp_module.f.
	/bin/rm -f interp_module.f
	/bin/rm -f proc_point_module.o proc_point_module.mod
	/bin/cp proc_point_module.f90 proc_point_module.f
	xlf90_r -qfree=f90 -c proc_point_module.f -I/gpfs/d/meso/save/wx20py/JIF_CODES/WPS_NMM/../WRFV2_ijk/external/io_netcdf  -I/gpfs/d/meso/save/wx20py/JIF_CODES/WPS_NMM/../WRFV2_ijk/external/io_grib_share  -I/gpfs/d/meso/save/wx20py/JIF_CODES/WPS_NMM/../WRFV2_ijk/external/io_grib1  -I/gpfs/d/meso/save/wx20py/JIF_CODES/WPS_NMM/../WRFV2_ijk/external/io_int  -I/gpfs/d/meso/save/wx20py/JIF_CODES/WPS_NMM/../WRFV2_ijk/inc
** proc_point_module   === End of Compilation 1 ===
1501-510  Compilation successful for file proc_point_module.f.
	/bin/rm -f proc_point_module.f
	/bin/rm -f smooth_module.o smooth_module.mod
	/bin/cp smooth_module.f90 smooth_module.f
	xlf90_r -qfree=f90 -c smooth_module.f -I/gpfs/d/meso/save/wx20py/JIF_CODES/WPS_NMM/../WRFV2_ijk/external/io_netcdf  -I/gpfs/d/meso/save/wx20py/JIF_CODES/WPS_NMM/../WRFV2_ijk/external/io_grib_share  -I/gpfs/d/meso/save/wx20py/JIF_CODES/WPS_NMM/../WRFV2_ijk/external/io_grib1  -I/gpfs/d/meso/save/wx20py/JIF_CODES/WPS_NMM/../WRFV2_ijk/external/io_int  -I/gpfs/d/meso/save/wx20py/JIF_CODES/WPS_NMM/../WRFV2_ijk/inc
** smooth_module   === End of Compilation 1 ===
1501-510  Compilation successful for file smooth_module.f.
	/bin/rm -f smooth_module.f
	/bin/rm -f process_tile_module.o process_tile_module.mod
	/usr/lib/cpp -C -P -DAIX -DIBM4 -DIO_NETCDF -DIO_BINARY -DIO_GRIB1 -DBIT32 -D_GEOGRID  -I/gpfs/d/meso/save/wx20py/JIF_CODES/WPS_NMM/../WRFV2_ijk/external/io_netcdf  -I/gpfs/d/meso/save/wx20py/JIF_CODES/WPS_NMM/../WRFV2_ijk/external/io_grib_share  -I/gpfs/d/meso/save/wx20py/JIF_CODES/WPS_NMM/../WRFV2_ijk/external/io_grib1  -I/gpfs/d/meso/save/wx20py/JIF_CODES/WPS_NMM/../WRFV2_ijk/external/io_int  -I/gpfs/d/meso/save/wx20py/JIF_CODES/WPS_NMM/../WRFV2_ijk/inc process_tile_module.F90 > process_tile_module.f
	xlf90_r -qfree=f90 -c process_tile_module.f -I/gpfs/d/meso/save/wx20py/JIF_CODES/WPS_NMM/../WRFV2_ijk/external/io_netcdf  -I/gpfs/d/meso/save/wx20py/JIF_CODES/WPS_NMM/../WRFV2_ijk/external/io_grib_share  -I/gpfs/d/meso/save/wx20py/JIF_CODES/WPS_NMM/../WRFV2_ijk/external/io_grib1  -I/gpfs/d/meso/save/wx20py/JIF_CODES/WPS_NMM/../WRFV2_ijk/external/io_int  -I/gpfs/d/meso/save/wx20py/JIF_CODES/WPS_NMM/../WRFV2_ijk/inc
** process_tile_module   === End of Compilation 1 ===
1501-510  Compilation successful for file process_tile_module.f.
	/bin/rm -f process_tile_module.f
	/bin/rm -f geogrid.o geogrid.mod
	/usr/lib/cpp -C -P -DAIX -DIBM4 -DIO_NETCDF -DIO_BINARY -DIO_GRIB1 -DBIT32 -D_GEOGRID  -I/gpfs/d/meso/save/wx20py/JIF_CODES/WPS_NMM/../WRFV2_ijk/external/io_netcdf  -I/gpfs/d/meso/save/wx20py/JIF_CODES/WPS_NMM/../WRFV2_ijk/external/io_grib_share  -I/gpfs/d/meso/save/wx20py/JIF_CODES/WPS_NMM/../WRFV2_ijk/external/io_grib1  -I/gpfs/d/meso/save/wx20py/JIF_CODES/WPS_NMM/../WRFV2_ijk/external/io_int  -I/gpfs/d/meso/save/wx20py/JIF_CODES/WPS_NMM/../WRFV2_ijk/inc geogrid.F90 > geogrid.f
	xlf90_r -qfree=f90 -c geogrid.f -I/gpfs/d/meso/save/wx20py/JIF_CODES/WPS_NMM/../WRFV2_ijk/external/io_netcdf  -I/gpfs/d/meso/save/wx20py/JIF_CODES/WPS_NMM/../WRFV2_ijk/external/io_grib_share  -I/gpfs/d/meso/save/wx20py/JIF_CODES/WPS_NMM/../WRFV2_ijk/external/io_grib1  -I/gpfs/d/meso/save/wx20py/JIF_CODES/WPS_NMM/../WRFV2_ijk/external/io_int  -I/gpfs/d/meso/save/wx20py/JIF_CODES/WPS_NMM/../WRFV2_ijk/inc
** geogrid   === End of Compilation 1 ===
1501-510  Compilation successful for file geogrid.f.
	/bin/rm -f geogrid.f
	/bin/rm -f read_binary_field.o
	cc -DAIX -DIBM4 -DIO_NETCDF -DIO_BINARY -DIO_GRIB1 -DBIT32 -D_GEOGRID  -c read_binary_field.c	
	xlf90_r  -o geogrid.exe cio.o wrf_debug.o bitarray_module.o constants_module.o despace.o geogrid.o gridinfo_module.o hash_module.o interp_module.o list_module.o llxy_module.o misc_definitions_module.o module_debug.o module_map_utils.o output_module.o parallel_module.o process_tile_module.o proc_point_module.o queue_module.o read_binary_field.o smooth_module.o source_data_module.o  /gpfs/d/meso/save/wx20py/JIF_CODES/WPS_NMM/../WRFV2_ijk/frame/pack_utils.o /gpfs/d/meso/save/wx20py/JIF_CODES/WPS_NMM/../WRFV2_ijk/frame/module_machine.o  /gpfs/d/meso/save/wx20py/JIF_CODES/WPS_NMM/../WRFV2_ijk/frame/module_internal_header_util.o  -I/gpfs/d/meso/save/wx20py/JIF_CODES/WPS_NMM/../WRFV2_ijk/external/io_grib1  -I/gpfs/d/meso/save/wx20py/JIF_CODES/WPS_NMM/../WRFV2_ijk/external/io_grib_share  -I/gpfs/d/meso/save/wx20py/JIF_CODES/WPS_NMM/../WRFV2_ijk/external/io_int  -I/usrx/local/netcdf.3.5.0/include  -I/gpfs/d/meso/save/wx20py/JIF_CODES/WPS_NMM/../WRFV2_ijk/external/io_netcdf  -L/gpfs/d/meso/save/wx20py/JIF_CODES/WPS_NMM/../WRFV2_ijk/external/io_grib1 -lio_grib1  -L/gpfs/d/meso/save/wx20py/JIF_CODES/WPS_NMM/../WRFV2_ijk/external/io_grib_share -lio_grib_share  -L/gpfs/d/meso/save/wx20py/JIF_CODES/WPS_NMM/../WRFV2_ijk/external/io_int -lwrfio_int  -L/gpfs/d/meso/save/wx20py/JIF_CODES/WPS_NMM/../WRFV2_ijk/external/io_netcdf -lwrfio_nf  -L/usrx/local/netcdf.3.5.0/lib -lnetcdf
ld: 0706-006 Cannot find or open library file: -l wrfio_nf
	ld:open(): A file or directory in the path name does not exist.
make: 1254-004 The error code from the last command is 255.
make: 1254-005 Ignored error code 255 from last command.
	if [ -e geogrid.exe ] ; then  /bin/rm -f geogrid.exe ;  fi ;  if [ -e ../geogrid.exe ] ; then  /bin/rm -f ../geogrid.exe ;  fi ;  if [ -e src/geogrid.exe ] ; then  ln -sf src/geogrid.exe . ;  fi
	( cd src/ngl ; make -i -r DEV_TOP="/gpfs/d/meso/save/wx20py/JIF_CODES/WPS_NMM" CC="cc" FC="xlf90_r" all )
	( cd w3 ; make -i -r DEV_TOP="/gpfs/d/meso/save/wx20py/JIF_CODES/WPS_NMM" all ; echo w3/libw3.a )
	/bin/rm -f bacio_module.o
	xlf90_r -qfixed -c bacio_module.f 
** bacio_module   === End of Compilation 1 ===
1501-510  Compilation successful for file bacio_module.f.
	/bin/rm -f getgb.o
	xlf90_r -qfixed -c getgb.f 
** getgb   === End of Compilation 1 ===
1501-510  Compilation successful for file getgb.f.
	/bin/rm -f getgbmh.o
	xlf90_r -qfixed -c getgbmh.f 
** getgbmh   === End of Compilation 1 ===
1501-510  Compilation successful for file getgbmh.f.
	/bin/rm -f putgbex.o
	xlf90_r -qfixed -c putgbex.f 
** putgbex   === End of Compilation 1 ===
1501-510  Compilation successful for file putgbex.f.
	/bin/rm -f w3fi73.o
	xlf90_r -qfixed -c w3fi73.f 
** w3fi73   === End of Compilation 1 ===
1501-510  Compilation successful for file w3fi73.f.
	/bin/rm -f getgb1r.o
	xlf90_r -qfixed -c getgb1r.f 
** getgb1r   === End of Compilation 1 ===
1501-510  Compilation successful for file getgb1r.f.
	/bin/rm -f getgbmp.o
	xlf90_r -qfixed -c getgbmp.f 
** getgbmp   === End of Compilation 1 ===
1501-510  Compilation successful for file getgbmp.f.
	/bin/rm -f putgbn.o
	xlf90_r -qfixed -c putgbn.f 
** putgbn   === End of Compilation 1 ===
1501-510  Compilation successful for file putgbn.f.
	/bin/rm -f w3fi74.o
	xlf90_r -qfixed -c w3fi74.f 
** w3fi74   === End of Compilation 1 ===
1501-510  Compilation successful for file w3fi74.f.
	/bin/rm -f getgb1re.o
	xlf90_r -qfixed -c getgb1re.f 
** getgb1re   === End of Compilation 1 ===
1501-510  Compilation successful for file getgb1re.f.
	/bin/rm -f getgbp.o
	xlf90_r -qfixed -c getgbp.f 
** getgbp   === End of Compilation 1 ===
1501-510  Compilation successful for file getgbp.f.
	/bin/rm -f r63w72.o
	xlf90_r -qfixed -c r63w72.f 
** r63w72   === End of Compilation 1 ===
1501-510  Compilation successful for file r63w72.f.
	/bin/rm -f w3fi75.o
	xlf90_r -qfixed -c w3fi75.f 
** w3fi75   === End of Compilation 1 ===
** fi7501   === End of Compilation 2 ===
** fi7502   === End of Compilation 3 ===
** fi7503   === End of Compilation 4 ===
** fi7505   === End of Compilation 5 ===
** fi7513   === End of Compilation 6 ===
** fi7516   === End of Compilation 7 ===
** fi7517   === End of Compilation 8 ===
** fi7518   === End of Compilation 9 ===
1501-510  Compilation successful for file w3fi75.f.
	/bin/rm -f getgb1s.o
	xlf90_r -qfixed -c getgb1s.f 
** getgb1s   === End of Compilation 1 ===
1501-510  Compilation successful for file getgb1s.f.
	/bin/rm -f getgi.o
	xlf90_r -qfixed -c getgi.f 
** getgi   === End of Compilation 1 ===
1501-510  Compilation successful for file getgi.f.
	/bin/rm -f sbyte.o
	xlf90_r -qfixed -c sbyte.f 
** sbyte   === End of Compilation 1 ===
1501-510  Compilation successful for file sbyte.f.
	/bin/rm -f w3fi76.o
	xlf90_r -qfixed -c w3fi76.f 
** w3fi76   === End of Compilation 1 ===
1501-510  Compilation successful for file w3fi76.f.
	/bin/rm -f getgbe.o
	xlf90_r -qfixed -c getgbe.f 
** getgbe   === End of Compilation 1 ===
1501-510  Compilation successful for file getgbe.f.
	/bin/rm -f getgir.o
	xlf90_r -qfixed -c getgir.f 
** getgir   === End of Compilation 1 ===
1501-510  Compilation successful for file getgir.f.
	/bin/rm -f sbytes.o
	xlf90_r -qfixed -c sbytes.f 
** sbytes   === End of Compilation 1 ===
1501-510  Compilation successful for file sbytes.f.
	/bin/rm -f w3fi82.o
	xlf90_r -qfixed -c w3fi82.f 
** w3fi82   === End of Compilation 1 ===
1501-510  Compilation successful for file w3fi82.f.
	/bin/rm -f getgbeh.o
	xlf90_r -qfixed -c getgbeh.f 
** getgbeh   === End of Compilation 1 ===
1501-510  Compilation successful for file getgbeh.f.
	/bin/rm -f idsdef.o
	xlf90_r -qfixed -c idsdef.f 
** idsdef   === End of Compilation 1 ===
1501-510  Compilation successful for file idsdef.f.
	/bin/rm -f w3fi83.o
	xlf90_r -qfixed -c w3fi83.f 
** w3fi83   === End of Compilation 1 ===
1501-510  Compilation successful for file w3fi83.f.
	/bin/rm -f getgbem.o
	xlf90_r -qfixed -c getgbem.f 
** getgbem   === End of Compilation 1 ===
1501-510  Compilation successful for file getgbem.f.
	/bin/rm -f iw3jdn.o
	xlf90_r -qfixed -c iw3jdn.f 
** iw3jdn   === End of Compilation 1 ===
1501-510  Compilation successful for file iw3jdn.f.
	/bin/rm -f w3difdat.o
	xlf90_r -qfixed -c w3difdat.f 
** w3difdat   === End of Compilation 1 ===
1501-510  Compilation successful for file w3difdat.f.
	/bin/rm -f w3fs26.o
	xlf90_r -qfixed -c w3fs26.f 
** w3fs26   === End of Compilation 1 ===
1501-510  Compilation successful for file w3fs26.f.
	/bin/rm -f getgbemh.o
	xlf90_r -qfixed -c getgbemh.f 
** getgbemh   === End of Compilation 1 ===
1501-510  Compilation successful for file getgbemh.f.
	/bin/rm -f ixgb.o
	xlf90_r -qfixed -c ixgb.f 
** ixgb   === End of Compilation 1 ===
1501-510  Compilation successful for file ixgb.f.
	/bin/rm -f w3doxdat.o
	xlf90_r -qfixed -c w3doxdat.f 
** w3doxdat   === End of Compilation 1 ===
1501-510  Compilation successful for file w3doxdat.f.
	/bin/rm -f w3log.o
	xlf90_r -qfixed -c w3log.f 
** w3log   === End of Compilation 1 ===
1501-510  Compilation successful for file w3log.f.
	/bin/rm -f getgbemp.o
	xlf90_r -qfixed -c getgbemp.f 
** getgbemp   === End of Compilation 1 ===
1501-510  Compilation successful for file getgbemp.f.
	/bin/rm -f lengds.o
	xlf90_r -qfixed -c lengds.f 
** lengds   === End of Compilation 1 ===
1501-510  Compilation successful for file lengds.f.
	/bin/rm -f w3fi01.o
	xlf90_r -qfixed -c w3fi01.f 
** w3fi01   === End of Compilation 1 ===
1501-510  Compilation successful for file w3fi01.f.
	/bin/rm -f w3movdat.o
	xlf90_r -qfixed -c w3movdat.f 
** w3movdat   === End of Compilation 1 ===
1501-510  Compilation successful for file w3movdat.f.
	/bin/rm -f getgbens.o
	xlf90_r -qfixed -c getgbens.f 
** getgbens   === End of Compilation 1 ===
1501-510  Compilation successful for file getgbens.f.
	/bin/rm -f pdsens.o
	xlf90_r -qfixed -c pdsens.f 
** pdsens   === End of Compilation 1 ===
1501-510  Compilation successful for file pdsens.f.
	/bin/rm -f w3fi58.o
	xlf90_r -qfixed -c w3fi58.f 
** w3fi58   === End of Compilation 1 ===
1501-510  Compilation successful for file w3fi58.f.
	/bin/rm -f w3reddat.o
	xlf90_r -qfixed -c w3reddat.f 
** w3reddat   === End of Compilation 1 ===
1501-510  Compilation successful for file w3reddat.f.
	/bin/rm -f getgbep.o
	xlf90_r -qfixed -c getgbep.f 
** getgbep   === End of Compilation 1 ===
1501-510  Compilation successful for file getgbep.f.
	/bin/rm -f pdseup.o
	xlf90_r -qfixed -c pdseup.f 
** pdseup   === End of Compilation 1 ===
1501-510  Compilation successful for file pdseup.f.
	/bin/rm -f w3fi59.o
	xlf90_r -qfixed -c w3fi59.f 
** w3fi59   === End of Compilation 1 ===
1501-510  Compilation successful for file w3fi59.f.
	/bin/rm -f w3tagb.o
	xlf90_r -qfixed -c w3tagb.f 
** w3tagb   === End of Compilation 1 ===
1501-510  Compilation successful for file w3tagb.f.
	/bin/rm -f errmsg.o
	xlf90_r -qfixed -c errmsg.f 
** errmsg   === End of Compilation 1 ===
1501-510  Compilation successful for file errmsg.f.
	/bin/rm -f getgbex.o
	xlf90_r -qfixed -c getgbex.f 
** getgbex   === End of Compilation 1 ===
1501-510  Compilation successful for file getgbex.f.
	/bin/rm -f putgb.o
	xlf90_r -qfixed -c putgb.f 
** putgb   === End of Compilation 1 ===
1501-510  Compilation successful for file putgb.f.
	/bin/rm -f w3fi63.o
	xlf90_r -qfixed -c w3fi63.f 
** w3fi63   === End of Compilation 1 ===
** fi631   === End of Compilation 2 ===
** fi632   === End of Compilation 3 ===
** fi633   === End of Compilation 4 ===
** fi634   === End of Compilation 5 ===
** fi634x   === End of Compilation 6 ===
** fi635   === End of Compilation 7 ===
** fi636   === End of Compilation 8 ===
** fi637   === End of Compilation 9 ===
1501-510  Compilation successful for file w3fi63.f.
	/bin/rm -f gbytes.o
	xlf90_r -qfixed -c gbytes.f 
** gbytes   === End of Compilation 1 ===
1501-510  Compilation successful for file gbytes.f.
	/bin/rm -f getgbexm.o
	xlf90_r -qfixed -c getgbexm.f 
** getgbexm   === End of Compilation 1 ===
1501-510  Compilation successful for file getgbexm.f.
	/bin/rm -f putgbe.o
	xlf90_r -qfixed -c putgbe.f 
** putgbe   === End of Compilation 1 ===
1501-510  Compilation successful for file putgbe.f.
	/bin/rm -f w3fi68.o
	xlf90_r -qfixed -c w3fi68.f 
** w3fi68   === End of Compilation 1 ===
1501-510  Compilation successful for file w3fi68.f.
	/bin/rm -f gbytes_char.o
	xlf90_r -qfixed -c gbytes_char.f 
** gbytec   === End of Compilation 1 ===
** sbytec   === End of Compilation 2 ===
** gbytesc   === End of Compilation 3 ===
** sbytesc   === End of Compilation 4 ===
1501-510  Compilation successful for file gbytes_char.f.
	/bin/rm -f getgbh.o
	xlf90_r -qfixed -c getgbh.f 
** getgbh   === End of Compilation 1 ===
1501-510  Compilation successful for file getgbh.f.
	/bin/rm -f putgben.o
	xlf90_r -qfixed -c putgben.f 
** putgben   === End of Compilation 1 ===
1501-510  Compilation successful for file putgben.f.
	/bin/rm -f getbit.o
	xlf90_r -qfixed -c getbit.f 
** getbit   === End of Compilation 1 ===
1501-510  Compilation successful for file getbit.f.
	/bin/rm -f getgbm.o
	xlf90_r -qfixed -c getgbm.f 
** getgbm   === End of Compilation 1 ===
1501-510  Compilation successful for file getgbm.f.
	/bin/rm -f putgbens.o
	xlf90_r -qfixed -c putgbens.f 
** putgbens   === End of Compilation 1 ===
1501-510  Compilation successful for file putgbens.f.
	/bin/rm -f w3fi72.o
	xlf90_r -qfixed -c w3fi72.f 
** w3fi72   === End of Compilation 1 ===
1501-510  Compilation successful for file w3fi72.f.
	/bin/rm -f fparsei.o
	xlf90_r -qfixed -c fparsei.f 
** fparsei   === End of Compilation 1 ===
1501-510  Compilation successful for file fparsei.f.
	/bin/rm -f fparser.o
	xlf90_r -qfixed -c fparser.f 
** fparser   === End of Compilation 1 ===
1501-510  Compilation successful for file fparser.f.
	/bin/rm -f instrument.o
	xlf90_r -qfixed -c instrument.f 
** instrument   === End of Compilation 1 ===
1501-510  Compilation successful for file instrument.f.
	/bin/rm -f start.o
	xlf90_r -qfixed -c start.f 
** start   === End of Compilation 1 ===
1501-510  Compilation successful for file start.f.
	/bin/rm -f summary.o
	xlf90_r -qfixed -c summary.f 
** summary   === End of Compilation 1 ===
1501-510  Compilation successful for file summary.f.
	/bin/rm -f w3utcdat.o
	xlf90_r -qfixed -c w3utcdat.f 
** w3utcdat   === End of Compilation 1 ===
1501-510  Compilation successful for file w3utcdat.f.
	/bin/rm -f w3fs21.o
	xlf90_r -qfixed -c w3fs21.f 
** w3fs21   === End of Compilation 1 ===
1501-510  Compilation successful for file w3fs21.f.
	/bin/rm -f w3locdat.o
	xlf90_r -qfixed -c w3locdat.f 
** w3locdat   === End of Compilation 1 ===
1501-510  Compilation successful for file w3locdat.f.
	/bin/rm -f w3fi71.o
	xlf90_r -qfixed -c w3fi71.f 
** w3fi71   === End of Compilation 1 ===
1501-510  Compilation successful for file w3fi71.f.
	/bin/rm -f baciof.o
	xlf90_r -qfixed -c baciof.f 
** bacio_module   === End of Compilation 1 ===
** baseto   === End of Compilation 2 ===
** baopen   === End of Compilation 3 ===
** baopenr   === End of Compilation 4 ===
** baopenw   === End of Compilation 5 ===
** baopenwt   === End of Compilation 6 ===
** baopenwa   === End of Compilation 7 ===
** baclose   === End of Compilation 8 ===
** baread   === End of Compilation 9 ===
** bawrite   === End of Compilation 10 ===
** wryte   === End of Compilation 11 ===
1501-510  Compilation successful for file baciof.f.
	/bin/rm -f bacio.v1.3.o
	cc  -DAIX -DIBM4 -DIO_NETCDF -DIO_BINARY -DIO_GRIB1 -DBIT32 -c bacio.v1.3.c 
	/bin/rm -f errexit.o
	cc  -DAIX -DIBM4 -DIO_NETCDF -DIO_BINARY -DIO_GRIB1 -DBIT32 -c errexit.c 
	ar ru  libw3.a bacio_module.o getgb.o     getgbmh.o   putgbex.o   w3fi73.o  getgb1r.o   getgbmp.o   putgbn.o    w3fi74.o  getgb1re.o  getgbp.o    r63w72.o    w3fi75.o  getgb1s.o   getgi.o     sbyte.o     w3fi76.o  getgbe.o    getgir.o    sbytes.o    w3fi82.o  getgbeh.o   idsdef.o                w3fi83.o  getgbem.o   iw3jdn.o    w3difdat.o  w3fs26.o  getgbemh.o  ixgb.o      w3doxdat.o  w3log.o  getgbemp.o  lengds.o    w3fi01.o    w3movdat.o  getgbens.o  pdsens.o    w3fi58.o    w3reddat.o  getgbep.o   pdseup.o    w3fi59.o    w3tagb.o  errmsg.o    getgbex.o   putgb.o     w3fi63.o  gbytes.o    getgbexm.o  putgbe.o    w3fi68.o  gbytes_char.o           getgbh.o    putgben.o  getbit.o    getgbm.o    putgbens.o  w3fi72.o  fparsei.o   fparser.o   instrument.o  start.o     summary.o   w3utcdat.o  w3fs21.o  w3locdat.o  w3fi71.o    baciof.o bacio.v1.3.o errexit.o
ar: Creating an archive file libw3.a.
Target "all" is up to date.
w3/libw3.a
	ln -sf w3/libw3.a .
	( cd g2 ; make -i -r DEV_TOP="/gpfs/d/meso/save/wx20py/JIF_CODES/WPS_NMM" all ; echo g2/libg2_4.a )
	xlf90_r -c -qfixed gridtemplates.f
** gridtemplates   === End of Compilation 1 ===
1501-510  Compilation successful for file gridtemplates.f.
	xlf90_r -c -qfixed pdstemplates.f
** pdstemplates   === End of Compilation 1 ===
1501-510  Compilation successful for file pdstemplates.f.
	xlf90_r -c -qfixed drstemplates.f
** drstemplates   === End of Compilation 1 ===
1501-510  Compilation successful for file drstemplates.f.
	xlf90_r -c -qfixed gribmod.f
** grib_mod   === End of Compilation 1 ===
1501-510  Compilation successful for file gribmod.f.
	xlf90_r -c -qfixed realloc.f
** re_alloc   === End of Compilation 1 ===
1501-510  Compilation successful for file realloc.f.
	/usr/lib/cpp -C -P  addfield.F > addfield.f
	xlf90_r -c -qfixed addfield.f
** addfield   === End of Compilation 1 ===
1501-510  Compilation successful for file addfield.f.
	/bin/rm -f addfield.f
	xlf90_r -c -qfixed addgrid.f
** addgrid   === End of Compilation 1 ===
1501-510  Compilation successful for file addgrid.f.
	xlf90_r -c -qfixed addlocal.f
** addlocal   === End of Compilation 1 ===
1501-510  Compilation successful for file addlocal.f.
	xlf90_r -c -qfixed getfield.f
** getfield   === End of Compilation 1 ===
** unpack3   === End of Compilation 2 ===
** unpack4   === End of Compilation 3 ===
** unpack5   === End of Compilation 4 ===
** unpack6   === End of Compilation 5 ===
1501-510  Compilation successful for file getfield.f.
	xlf90_r -c -qfixed gb_info.f
** gb_info   === End of Compilation 1 ===
1501-510  Compilation successful for file gb_info.f.
	xlf90_r -c -qfixed gf_getfld.f
** gf_getfld   === End of Compilation 1 ===
1501-510  Compilation successful for file gf_getfld.f.
	xlf90_r -c -qfixed gf_free.f
** gf_free   === End of Compilation 1 ===
1501-510  Compilation successful for file gf_free.f.
	xlf90_r -c -qfixed gf_unpack1.f
** gf_unpack1   === End of Compilation 1 ===
1501-510  Compilation successful for file gf_unpack1.f.
	xlf90_r -c -qfixed gf_unpack2.f
** gf_unpack2   === End of Compilation 1 ===
1501-510  Compilation successful for file gf_unpack2.f.
	xlf90_r -c -qfixed gf_unpack3.f
** gf_unpack3   === End of Compilation 1 ===
1501-510  Compilation successful for file gf_unpack3.f.
	xlf90_r -c -qfixed gf_unpack4.f
** gf_unpack4   === End of Compilation 1 ===
1501-510  Compilation successful for file gf_unpack4.f.
	xlf90_r -c -qfixed gf_unpack5.f
** gf_unpack5   === End of Compilation 1 ===
1501-510  Compilation successful for file gf_unpack5.f.
	xlf90_r -c -qfixed gf_unpack6.f
** gf_unpack6   === End of Compilation 1 ===
1501-510  Compilation successful for file gf_unpack6.f.
	/usr/lib/cpp -C -P  gf_unpack7.F > gf_unpack7.f
	xlf90_r -c -qfixed gf_unpack7.f
** gf_unpack7   === End of Compilation 1 ===
1501-510  Compilation successful for file gf_unpack7.f.
	/bin/rm -f gf_unpack7.f
	xlf90_r -c -qfixed gettemplates.f
** gettemplates   === End of Compilation 1 ===
1501-510  Compilation successful for file gettemplates.f.
	xlf90_r -c -qfixed getlocal.f
** getlocal   === End of Compilation 1 ===
1501-510  Compilation successful for file getlocal.f.
	xlf90_r -c -qfixed getdim.f
** getdim   === End of Compilation 1 ===
1501-510  Compilation successful for file getdim.f.
	xlf90_r -c -qfixed getpoly.f
** getpoly   === End of Compilation 1 ===
1501-510  Compilation successful for file getpoly.f.
	xlf90_r -c -qfixed gribcreate.f
** gribcreate   === End of Compilation 1 ===
1501-510  Compilation successful for file gribcreate.f.
	xlf90_r -c -qfixed gribend.f
** gribend   === End of Compilation 1 ===
1501-510  Compilation successful for file gribend.f.
	xlf90_r -c -qfixed gribinfo.f
** gribinfo   === End of Compilation 1 ===
1501-510  Compilation successful for file gribinfo.f.
	xlf90_r -c -qfixed mkieee.f
** mkieee   === End of Compilation 1 ===
1501-510  Compilation successful for file mkieee.f.
	xlf90_r -c -qfixed rdieee.f
** rdieee   === End of Compilation 1 ===
1501-510  Compilation successful for file rdieee.f.
	xlf90_r -c -qfixed simpack.f
** simpack   === End of Compilation 1 ===
1501-510  Compilation successful for file simpack.f.
	xlf90_r -c -qfixed simunpack.f
** simunpack   === End of Compilation 1 ===
1501-510  Compilation successful for file simunpack.f.
	xlf90_r -c -qfixed cmplxpack.f
** cmplxpack   === End of Compilation 1 ===
1501-510  Compilation successful for file cmplxpack.f.
	xlf90_r -c -qfixed compack.f
** compack   === End of Compilation 1 ===
1501-510  Compilation successful for file compack.f.
	xlf90_r -c -qfixed misspack.f
** misspack   === End of Compilation 1 ===
1501-510  Compilation successful for file misspack.f.
	xlf90_r -c -qfixed pack_gp.f
** pack_gp   === End of Compilation 1 ===
1501-510  Compilation successful for file pack_gp.f.
	xlf90_r -c -qfixed reduce.f
** reduce   === End of Compilation 1 ===
1501-510  Compilation successful for file reduce.f.
	xlf90_r -c -qfixed comunpack.f
** comunpack   === End of Compilation 1 ===
1501-510  Compilation successful for file comunpack.f.
	xlf90_r -c -qfixed specpack.f
** specpack   === End of Compilation 1 ===
1501-510  Compilation successful for file specpack.f.
	xlf90_r -c -qfixed specunpack.f
** specunpack   === End of Compilation 1 ===
1501-510  Compilation successful for file specunpack.f.
	/usr/lib/cpp -C -P  jpcpack.F > jpcpack.f
	xlf90_r -c -qfixed jpcpack.f
** jpcpack   === End of Compilation 1 ===
1501-510  Compilation successful for file jpcpack.f.
	/bin/rm -f jpcpack.f
	/usr/lib/cpp -C -P  jpcunpack.F > jpcunpack.f
	xlf90_r -c -qfixed jpcunpack.f
** jpcunpack   === End of Compilation 1 ===
1501-510  Compilation successful for file jpcunpack.f.
	/bin/rm -f jpcunpack.f
	cc -c  -DAIX -DIBM4 -DIO_NETCDF -DIO_BINARY -DIO_GRIB1 -DBIT32   enc_jpeg2000.c
	cc -c  -DAIX -DIBM4 -DIO_NETCDF -DIO_BINARY -DIO_GRIB1 -DBIT32   dec_jpeg2000.c
	/usr/lib/cpp -C -P  pngpack.F > pngpack.f
	xlf90_r -c -qfixed pngpack.f
** pngpack   === End of Compilation 1 ===
1501-510  Compilation successful for file pngpack.f.
	/bin/rm -f pngpack.f
	/usr/lib/cpp -C -P  pngunpack.F > pngunpack.f
	xlf90_r -c -qfixed pngunpack.f
** pngunpack   === End of Compilation 1 ===
1501-510  Compilation successful for file pngunpack.f.
	/bin/rm -f pngunpack.f
	cc -c  -DAIX -DIBM4 -DIO_NETCDF -DIO_BINARY -DIO_GRIB1 -DBIT32   enc_png.c
	cc -c  -DAIX -DIBM4 -DIO_NETCDF -DIO_BINARY -DIO_GRIB1 -DBIT32   dec_png.c
	xlf90_r -c -qfixed gbytesc.f
** gbyte   === End of Compilation 1 ===
** sbyte   === End of Compilation 2 ===
** gbytes   === End of Compilation 3 ===
** sbytes   === End of Compilation 4 ===
1501-510  Compilation successful for file gbytesc.f.
	xlf90_r -c -qfixed skgb.f
** skgb   === End of Compilation 1 ===
1501-510  Compilation successful for file skgb.f.
	xlf90_r -c -qfixed ixgb2.f
** ixgb2   === End of Compilation 1 ===
1501-510  Compilation successful for file ixgb2.f.
	xlf90_r -c -qfixed getidx.f
** getidx   === End of Compilation 1 ===
1501-510  Compilation successful for file getidx.f.
	xlf90_r -c -qfixed getg2i.f
** getg2i   === End of Compilation 1 ===
1501-510  Compilation successful for file getg2i.f.
	xlf90_r -c -qfixed getg2ir.f
** getg2ir   === End of Compilation 1 ===
1501-510  Compilation successful for file getg2ir.f.
	xlf90_r -c -qfixed getgb2s.f
** getgb2s   === End of Compilation 1 ===
1501-510  Compilation successful for file getgb2s.f.
	xlf90_r -c -qfixed getgb2r.f
** getgb2r   === End of Compilation 1 ===
1501-510  Compilation successful for file getgb2r.f.
	xlf90_r -c -qfixed getgb2l.f
** getgb2l   === End of Compilation 1 ===
1501-510  Compilation successful for file getgb2l.f.
	xlf90_r -c -qfixed getgb2.f
** getgb2   === End of Compilation 1 ===
1501-510  Compilation successful for file getgb2.f.
	xlf90_r -c -qfixed getgb2p.f
** getgb2p   === End of Compilation 1 ===
1501-510  Compilation successful for file getgb2p.f.
	xlf90_r -c -qfixed getgb2rp.f
** getgb2rp   === End of Compilation 1 ===
1501-510  Compilation successful for file getgb2rp.f.
	xlf90_r -c -qfixed putgb2.f
** putgb2   === End of Compilation 1 ===
1501-510  Compilation successful for file putgb2.f.
	xlf90_r -c -qfixed g2grids.f
** g2grids   === End of Compilation 1 ===
1501-510  Compilation successful for file g2grids.f.
	xlf90_r -c -qfixed gdt2gds.f
** gdt2gds   === End of Compilation 1 ===
1501-510  Compilation successful for file gdt2gds.f.
	xlf90_r -c -qfixed params.f
** params   === End of Compilation 1 ===
1501-510  Compilation successful for file params.f.
	cc -c  -DAIX -DIBM4 -DIO_NETCDF -DIO_BINARY -DIO_GRIB1 -DBIT32   mova2i.c
	/bin/rm -f libg2_4.a
	ar ru  libg2_4.a gridtemplates.o pdstemplates.o drstemplates.o gribmod.o realloc.o addfield.o   addgrid.o addlocal.o getfield.o gb_info.o gf_getfld.o gf_free.o gf_unpack1.o   gf_unpack2.o gf_unpack3.o gf_unpack4.o gf_unpack5.o gf_unpack6.o gf_unpack7.o  gettemplates.o getlocal.o getdim.o getpoly.o gribcreate.o gribend.o gribinfo.o  mkieee.o rdieee.o simpack.o simunpack.o cmplxpack.o compack.o misspack.o pack_gp.o  reduce.o comunpack.o specpack.o specunpack.o jpcpack.o jpcunpack.o enc_jpeg2000.o  dec_jpeg2000.o pngpack.o pngunpack.o enc_png.o dec_png.o gbytesc.o skgb.o ixgb2.o  getidx.o getg2i.o getg2ir.o getgb2s.o getgb2r.o getgb2l.o getgb2.o getgb2p.o getgb2rp.o  putgb2.o g2grids.o gdt2gds.o params.o mova2i.o
ar: Creating an archive file libg2_4.a.
Target "all" is up to date.
g2/libg2_4.a
	ln -sf g2/libg2_4.a .
Target "all" is up to date.
	( cd src ;  make -i -r ungrib.exe  WRF_DIR="/gpfs/d/meso/save/wx20py/JIF_CODES/WPS_NMM/../WRFV2_ijk"  FC="xlf90_r"  CC="cc"  CPP="/usr/lib/cpp -C -P"  FFLAGS="-qfree=f90"  CFLAGS=""  LDFLAGS=""  CPPFLAGS="-DAIX -DIBM4 -DIO_NETCDF -DIO_BINARY -DIO_GRIB1 -DBIT32 -D_UNGRIB" )
	/bin/rm -f debug_cio.o
	cc -DAIX -DIBM4 -DIO_NETCDF -DIO_BINARY -DIO_GRIB1 -DBIT32 -D_UNGRIB  -c debug_cio.c
	/usr/lib/cpp -C -P -DAIX -DIBM4 -DIO_NETCDF -DIO_BINARY -DIO_GRIB1 -DBIT32 -D_UNGRIB  module_debug.F90 > module_debug.f
	xlf90_r -c -qfree=f90 module_debug.f
** module_debug   === End of Compilation 1 ===
1501-510  Compilation successful for file module_debug.f.
	/bin/rm -f module_debug.f
	/usr/lib/cpp -C -P -DAIX -DIBM4 -DIO_NETCDF -DIO_BINARY -DIO_GRIB1 -DBIT32 -D_UNGRIB  module_stringutil.F90 > module_stringutil.f
	xlf90_r -c -qfree=f90 module_stringutil.f
** stringutil   === End of Compilation 1 ===
1501-510  Compilation successful for file module_stringutil.f.
	/bin/rm -f module_stringutil.f
	/usr/lib/cpp -C -P -DAIX -DIBM4 -DIO_NETCDF -DIO_BINARY -DIO_GRIB1 -DBIT32 -D_UNGRIB  table.F90 > table.f
	xlf90_r -c -qfree=f90 table.f
** table   === End of Compilation 1 ===
1501-510  Compilation successful for file table.f.
	/bin/rm -f table.f
	/usr/lib/cpp -C -P -DAIX -DIBM4 -DIO_NETCDF -DIO_BINARY -DIO_GRIB1 -DBIT32 -D_UNGRIB  module_datarray.F90 > module_datarray.f
	xlf90_r -c -qfree=f90 module_datarray.f
** datarray   === End of Compilation 1 ===
1501-510  Compilation successful for file module_datarray.f.
	/bin/rm -f module_datarray.f
	/usr/lib/cpp -C -P -DAIX -DIBM4 -DIO_NETCDF -DIO_BINARY -DIO_GRIB1 -DBIT32 -D_UNGRIB  gridinfo.F90 > gridinfo.f
	xlf90_r -c -qfree=f90 gridinfo.f
** gridinfo   === End of Compilation 1 ===
1501-510  Compilation successful for file gridinfo.f.
	/bin/rm -f gridinfo.f
	/usr/lib/cpp -C -P -DAIX -DIBM4 -DIO_NETCDF -DIO_BINARY -DIO_GRIB1 -DBIT32 -D_UNGRIB  new_storage.F90 > new_storage.f
	xlf90_r -c -qfree=f90 new_storage.f
** storage_module   === End of Compilation 1 ===
1501-510  Compilation successful for file new_storage.f.
	/bin/rm -f new_storage.f
	/usr/lib/cpp -C -P -DAIX -DIBM4 -DIO_NETCDF -DIO_BINARY -DIO_GRIB1 -DBIT32 -D_UNGRIB  filelist.F90 > filelist.f
	xlf90_r -c -qfree=f90 filelist.f
** filelist   === End of Compilation 1 ===
1501-510  Compilation successful for file filelist.f.
	/bin/rm -f filelist.f
	/usr/lib/cpp -C -P -DAIX -DIBM4 -DIO_NETCDF -DIO_BINARY -DIO_GRIB1 -DBIT32 -D_UNGRIB  ungrib.F90 > ungrib.f
	xlf90_r -c -qfree=f90 ungrib.f
** ungrib   === End of Compilation 1 ===
1501-510  Compilation successful for file ungrib.f.
	/bin/rm -f ungrib.f
	/usr/lib/cpp -C -P -DAIX -DIBM4 -DIO_NETCDF -DIO_BINARY -DIO_GRIB1 -DBIT32 -D_UNGRIB  output.F90 > output.f
	xlf90_r -c -qfree=f90 output.f
** output   === End of Compilation 1 ===
1501-510  Compilation successful for file output.f.
	/bin/rm -f output.f
	/usr/lib/cpp -C -P -DAIX -DIBM4 -DIO_NETCDF -DIO_BINARY -DIO_GRIB1 -DBIT32 -D_UNGRIB  rrpr.F90 > rrpr.f
	xlf90_r -c -qfree=f90 rrpr.f
** rrpr   === End of Compilation 1 ===
** make_zero_or_one   === End of Compilation 2 ===
** compute_spechumd_qvapor   === End of Compilation 3 ===
** compute_t_vptmp   === End of Compilation 4 ===
** compute_rh_spechumd   === End of Compilation 5 ===
** compute_rh_spechumd_upa   === End of Compilation 6 ===
** compute_rh_vapp_upa   === End of Compilation 7 ===
** compute_rh_depr   === End of Compilation 8 ===
** compute_rh_dewpt   === End of Compilation 9 ===
** vntrp   === End of Compilation 10 ===
1501-510  Compilation successful for file rrpr.f.
	/bin/rm -f rrpr.f
	/usr/lib/cpp -C -P -DAIX -DIBM4 -DIO_NETCDF -DIO_BINARY -DIO_GRIB1 -DBIT32 -D_UNGRIB  rd_grib1.F90 > rd_grib1.f
	xlf90_r -c -qfree=f90 rd_grib1.f
** rd_grib1   === End of Compilation 1 ===
1501-510  Compilation successful for file rd_grib1.f.
	/bin/rm -f rd_grib1.f
	/usr/lib/cpp -C -P -DAIX -DIBM4 -DIO_NETCDF -DIO_BINARY -DIO_GRIB1 -DBIT32 -D_UNGRIB  file_delete.F90 > file_delete.f
	xlf90_r -c -qfree=f90 file_delete.f
** file_delete   === End of Compilation 1 ===
1501-510  Compilation successful for file file_delete.f.
	/bin/rm -f file_delete.f
	/usr/lib/cpp -C -P -DAIX -DIBM4 -DIO_NETCDF -DIO_BINARY -DIO_GRIB1 -DBIT32 -D_UNGRIB  datint.F90 > datint.f
	xlf90_r -c -qfree=f90 datint.f
** datint   === End of Compilation 1 ===
1501-510  Compilation successful for file datint.f.
	/bin/rm -f datint.f
	/usr/lib/cpp -C -P -DAIX -DIBM4 -DIO_NETCDF -DIO_BINARY -DIO_GRIB1 -DBIT32 -D_UNGRIB rd_grib2.F90 > rd_grib2.f
	xlf90_r -c -qfixed rd_grib2.f -I. -I./ngl/g2
** rd_grib2   === End of Compilation 1 ===
** edition_num   === End of Compilation 2 ===
** g2_compute_rh_spechumd_upa   === End of Compilation 3 ===
** ncep_grid_num   === End of Compilation 4 ===
** earth_radius   === End of Compilation 5 ===
1501-510  Compilation successful for file rd_grib2.f.
	/bin/rm -f rd_grib2.f
	/usr/lib/cpp -C -P -DAIX -DIBM4 -DIO_NETCDF -DIO_BINARY -DIO_GRIB1 -DBIT32 -D_UNGRIB  build_hdate.F90 > build_hdate.f
	xlf90_r -c -qfree=f90 build_hdate.f
** build_hdate   === End of Compilation 1 ===
1501-510  Compilation successful for file build_hdate.f.
	/bin/rm -f build_hdate.f
	/usr/lib/cpp -C -P -DAIX -DIBM4 -DIO_NETCDF -DIO_BINARY -DIO_GRIB1 -DBIT32 -D_UNGRIB  geth_newdate.F90 > geth_newdate.f
	xlf90_r -c -qfree=f90 geth_newdate.f
** geth_newdate   === End of Compilation 1 ===
1501-510  Compilation successful for file geth_newdate.f.
	/bin/rm -f geth_newdate.f
	/usr/lib/cpp -C -P -DAIX -DIBM4 -DIO_NETCDF -DIO_BINARY -DIO_GRIB1 -DBIT32 -D_UNGRIB  geth_idts.F90 > geth_idts.f
	xlf90_r -c -qfree=f90 geth_idts.f
** geth_idts   === End of Compilation 1 ===
** nfeb   === End of Compilation 2 ===
1501-510  Compilation successful for file geth_idts.f.
	/bin/rm -f geth_idts.f
	/usr/lib/cpp -C -P -DAIX -DIBM4 -DIO_NETCDF -DIO_BINARY -DIO_GRIB1 -DBIT32 -D_UNGRIB  swap.F90 > swap.f
	xlf90_r -c -qfree=f90 swap.f
** swap4   === End of Compilation 1 ===
1501-510  Compilation successful for file swap.f.
	/bin/rm -f swap.f
	/usr/lib/cpp -C -P -DAIX -DIBM4 -DIO_NETCDF -DIO_BINARY -DIO_GRIB1 -DBIT32 -D_UNGRIB  parse_table.F90 > parse_table.f
	xlf90_r -c -qfree=f90 parse_table.f
** parse_table   === End of Compilation 1 ===
1501-510  Compilation successful for file parse_table.f.
	/bin/rm -f parse_table.f
	/usr/lib/cpp -C -P -DAIX -DIBM4 -DIO_NETCDF -DIO_BINARY -DIO_GRIB1 -DBIT32 -D_UNGRIB  gbytesys.F90 > gbytesys.f
	xlf90_r -c -qfree=f90 gbytesys.f
** gbyte_g1   === End of Compilation 1 ===
** gbytes_g1   === End of Compilation 2 ===
** sbyte_g1   === End of Compilation 3 ===
** sbytes_g1   === End of Compilation 4 ===
1501-510  Compilation successful for file gbytesys.f.
	/bin/rm -f gbytesys.f
	/usr/lib/cpp -C -P -DAIX -DIBM4 -DIO_NETCDF -DIO_BINARY -DIO_GRIB1 -DBIT32 -D_UNGRIB  gribcode.F90 > gribcode.f
	xlf90_r -c -qfree=f90 gribcode.f
** module_grib   === End of Compilation 1 ===
** gribget   === End of Compilation 2 ===
** gribread   === End of Compilation 3 ===
** get_sec1   === End of Compilation 4 ===
** get_sec2   === End of Compilation 5 ===
** get_gridinfo   === End of Compilation 6 ===
** gribprint   === End of Compilation 7 ===
** get_bitmap   === End of Compilation 8 ===
** gribxyll   === End of Compilation 9 ===
** gribllxy   === End of Compilation 10 ===
** glccone   === End of Compilation 11 ===
** gribheader   === End of Compilation 12 ===
** gribdata   === End of Compilation 13 ===
** deallogrib   === End of Compilation 14 ===
** griblgg   === End of Compilation 15 ===
1501-510  Compilation successful for file gribcode.f.
	/bin/rm -f gribcode.f
	/usr/lib/cpp -C -P -DAIX -DIBM4 -DIO_NETCDF -DIO_BINARY -DIO_GRIB1 -DBIT32 -D_UNGRIB  read_namelist.F90 > read_namelist.f
	xlf90_r -c -qfree=f90 read_namelist.f
** read_namelist   === End of Compilation 1 ===
1501-510  Compilation successful for file read_namelist.f.
	/bin/rm -f read_namelist.f
	/bin/rm -f cio.o
	cc -DAIX -DIBM4 -DIO_NETCDF -DIO_BINARY -DIO_GRIB1 -DBIT32 -D_UNGRIB  -c cio.c
	/bin/rm -f libpgu.a
	ar ru libpgu.a build_hdate.o geth_newdate.o geth_idts.o swap.o table.o  parse_table.o gbytesys.o gribcode.o read_namelist.o cio.o
ar: Creating an archive file libpgu.a.
	echo libpgu.a
libpgu.a
	/bin/rm -f ungrib.exe
	xlf90_r -o ungrib.exe  debug_cio.o module_debug.o module_stringutil.o table.o  module_datarray.o gridinfo.o new_storage.o filelist.o  ungrib.o output.o rrpr.o  rd_grib1.o file_delete.o datint.o rd_grib2.o   -L./ngl -lw3 -lg2_4    -L. -lpgu
	if [ -h ungrib.exe ] ; then  /bin/rm -f ungrib.exe ;  fi ;  if [ -h ../ungrib.exe ] ; then  /bin/rm -f ../ungrib.exe ;  fi ;  if [ -e src/ungrib.exe ] ; then  ln -sf src/ungrib.exe . ;  fi
	( cd src ;  make -i -r metgrid.exe  WRF_DIR="/gpfs/d/meso/save/wx20py/JIF_CODES/WPS_NMM/../WRFV2_ijk"  FC="xlf90_r"  CC="cc"  CPP="/usr/lib/cpp -C -P"  FFLAGS="-qfree=f90"  CFLAGS=""  LDFLAGS=""  CPPFLAGS="-DAIX -DIBM4 -DIO_NETCDF -DIO_BINARY -DIO_GRIB1 -DBIT32 -D_METGRID" )
	/bin/rm -f cio.o
	cc -DAIX -DIBM4 -DIO_NETCDF -DIO_BINARY -DIO_GRIB1 -DBIT32 -D_METGRID  -c cio.c	
	/bin/rm -f wrf_debug.o wrf_debug.mod
	/bin/cp wrf_debug.f90 wrf_debug.f
	xlf90_r -qfree=f90 -c wrf_debug.f -I/gpfs/d/meso/save/wx20py/JIF_CODES/WPS_NMM/../WRFV2_ijk/external/io_netcdf  -I/gpfs/d/meso/save/wx20py/JIF_CODES/WPS_NMM/../WRFV2_ijk/external/io_grib_share  -I/gpfs/d/meso/save/wx20py/JIF_CODES/WPS_NMM/../WRFV2_ijk/external/io_grib1  -I/gpfs/d/meso/save/wx20py/JIF_CODES/WPS_NMM/../WRFV2_ijk/external/io_int  -I/gpfs/d/meso/save/wx20py/JIF_CODES/WPS_NMM/../WRFV2_ijk/inc
** wrf_debug   === End of Compilation 1 ===
** wrf_message   === End of Compilation 2 ===
** wrf_error_fatal   === End of Compilation 3 ===
** wrf_error_fatal3   === End of Compilation 4 ===
1501-510  Compilation successful for file wrf_debug.f.
	/bin/rm -f wrf_debug.f
	/bin/rm -f parallel_module.o parallel_module.mod
	/usr/lib/cpp -C -P -DAIX -DIBM4 -DIO_NETCDF -DIO_BINARY -DIO_GRIB1 -DBIT32 -D_METGRID  -I/gpfs/d/meso/save/wx20py/JIF_CODES/WPS_NMM/../WRFV2_ijk/external/io_netcdf  -I/gpfs/d/meso/save/wx20py/JIF_CODES/WPS_NMM/../WRFV2_ijk/external/io_grib_share  -I/gpfs/d/meso/save/wx20py/JIF_CODES/WPS_NMM/../WRFV2_ijk/external/io_grib1  -I/gpfs/d/meso/save/wx20py/JIF_CODES/WPS_NMM/../WRFV2_ijk/external/io_int  -I/gpfs/d/meso/save/wx20py/JIF_CODES/WPS_NMM/../WRFV2_ijk/inc parallel_module.F90 > parallel_module.f
	xlf90_r -qfree=f90 -c parallel_module.f -I/gpfs/d/meso/save/wx20py/JIF_CODES/WPS_NMM/../WRFV2_ijk/external/io_netcdf  -I/gpfs/d/meso/save/wx20py/JIF_CODES/WPS_NMM/../WRFV2_ijk/external/io_grib_share  -I/gpfs/d/meso/save/wx20py/JIF_CODES/WPS_NMM/../WRFV2_ijk/external/io_grib1  -I/gpfs/d/meso/save/wx20py/JIF_CODES/WPS_NMM/../WRFV2_ijk/external/io_int  -I/gpfs/d/meso/save/wx20py/JIF_CODES/WPS_NMM/../WRFV2_ijk/inc
** parallel_module   === End of Compilation 1 ===
1501-510  Compilation successful for file parallel_module.f.
	/bin/rm -f parallel_module.f
	/bin/rm -f module_debug.o module_debug.mod
	/usr/lib/cpp -C -P -DAIX -DIBM4 -DIO_NETCDF -DIO_BINARY -DIO_GRIB1 -DBIT32 -D_METGRID  -I/gpfs/d/meso/save/wx20py/JIF_CODES/WPS_NMM/../WRFV2_ijk/external/io_netcdf  -I/gpfs/d/meso/save/wx20py/JIF_CODES/WPS_NMM/../WRFV2_ijk/external/io_grib_share  -I/gpfs/d/meso/save/wx20py/JIF_CODES/WPS_NMM/../WRFV2_ijk/external/io_grib1  -I/gpfs/d/meso/save/wx20py/JIF_CODES/WPS_NMM/../WRFV2_ijk/external/io_int  -I/gpfs/d/meso/save/wx20py/JIF_CODES/WPS_NMM/../WRFV2_ijk/inc module_debug.F90 > module_debug.f
	xlf90_r -qfree=f90 -c module_debug.f -I/gpfs/d/meso/save/wx20py/JIF_CODES/WPS_NMM/../WRFV2_ijk/external/io_netcdf  -I/gpfs/d/meso/save/wx20py/JIF_CODES/WPS_NMM/../WRFV2_ijk/external/io_grib_share  -I/gpfs/d/meso/save/wx20py/JIF_CODES/WPS_NMM/../WRFV2_ijk/external/io_grib1  -I/gpfs/d/meso/save/wx20py/JIF_CODES/WPS_NMM/../WRFV2_ijk/external/io_int  -I/gpfs/d/meso/save/wx20py/JIF_CODES/WPS_NMM/../WRFV2_ijk/inc
** module_debug   === End of Compilation 1 ===
1501-510  Compilation successful for file module_debug.f.
	/bin/rm -f module_debug.f
	/bin/rm -f bitarray_module.o bitarray_module.mod
	/bin/cp bitarray_module.f90 bitarray_module.f
	xlf90_r -qfree=f90 -c bitarray_module.f -I/gpfs/d/meso/save/wx20py/JIF_CODES/WPS_NMM/../WRFV2_ijk/external/io_netcdf  -I/gpfs/d/meso/save/wx20py/JIF_CODES/WPS_NMM/../WRFV2_ijk/external/io_grib_share  -I/gpfs/d/meso/save/wx20py/JIF_CODES/WPS_NMM/../WRFV2_ijk/external/io_grib1  -I/gpfs/d/meso/save/wx20py/JIF_CODES/WPS_NMM/../WRFV2_ijk/external/io_int  -I/gpfs/d/meso/save/wx20py/JIF_CODES/WPS_NMM/../WRFV2_ijk/inc
** bitarray_module   === End of Compilation 1 ===
1501-510  Compilation successful for file bitarray_module.f.
	/bin/rm -f bitarray_module.f
	/bin/rm -f constants_module.o constants_module.mod
	/bin/cp constants_module.f90 constants_module.f
	xlf90_r -qfree=f90 -c constants_module.f -I/gpfs/d/meso/save/wx20py/JIF_CODES/WPS_NMM/../WRFV2_ijk/external/io_netcdf  -I/gpfs/d/meso/save/wx20py/JIF_CODES/WPS_NMM/../WRFV2_ijk/external/io_grib_share  -I/gpfs/d/meso/save/wx20py/JIF_CODES/WPS_NMM/../WRFV2_ijk/external/io_grib1  -I/gpfs/d/meso/save/wx20py/JIF_CODES/WPS_NMM/../WRFV2_ijk/external/io_int  -I/gpfs/d/meso/save/wx20py/JIF_CODES/WPS_NMM/../WRFV2_ijk/inc
** constants_module   === End of Compilation 1 ===
1501-510  Compilation successful for file constants_module.f.
	/bin/rm -f constants_module.f
	/bin/rm -f datatype_module.o datatype_module.mod
	/bin/cp datatype_module.f90 datatype_module.f
	xlf90_r -qfree=f90 -c datatype_module.f -I/gpfs/d/meso/save/wx20py/JIF_CODES/WPS_NMM/../WRFV2_ijk/external/io_netcdf  -I/gpfs/d/meso/save/wx20py/JIF_CODES/WPS_NMM/../WRFV2_ijk/external/io_grib_share  -I/gpfs/d/meso/save/wx20py/JIF_CODES/WPS_NMM/../WRFV2_ijk/external/io_grib1  -I/gpfs/d/meso/save/wx20py/JIF_CODES/WPS_NMM/../WRFV2_ijk/external/io_int  -I/gpfs/d/meso/save/wx20py/JIF_CODES/WPS_NMM/../WRFV2_ijk/inc
** datatype_module   === End of Compilation 1 ===
1501-510  Compilation successful for file datatype_module.f.
	/bin/rm -f datatype_module.f
	/bin/rm -f despace.o despace.mod
	/bin/cp despace.f90 despace.f
	xlf90_r -qfree=f90 -c despace.f -I/gpfs/d/meso/save/wx20py/JIF_CODES/WPS_NMM/../WRFV2_ijk/external/io_netcdf  -I/gpfs/d/meso/save/wx20py/JIF_CODES/WPS_NMM/../WRFV2_ijk/external/io_grib_share  -I/gpfs/d/meso/save/wx20py/JIF_CODES/WPS_NMM/../WRFV2_ijk/external/io_grib1  -I/gpfs/d/meso/save/wx20py/JIF_CODES/WPS_NMM/../WRFV2_ijk/external/io_int  -I/gpfs/d/meso/save/wx20py/JIF_CODES/WPS_NMM/../WRFV2_ijk/inc
** despace   === End of Compilation 1 ===
1501-510  Compilation successful for file despace.f.
	/bin/rm -f despace.f
	/bin/rm -f misc_definitions_module.o misc_definitions_module.mod
	/bin/cp misc_definitions_module.f90 misc_definitions_module.f
	xlf90_r -qfree=f90 -c misc_definitions_module.f -I/gpfs/d/meso/save/wx20py/JIF_CODES/WPS_NMM/../WRFV2_ijk/external/io_netcdf  -I/gpfs/d/meso/save/wx20py/JIF_CODES/WPS_NMM/../WRFV2_ijk/external/io_grib_share  -I/gpfs/d/meso/save/wx20py/JIF_CODES/WPS_NMM/../WRFV2_ijk/external/io_grib1  -I/gpfs/d/meso/save/wx20py/JIF_CODES/WPS_NMM/../WRFV2_ijk/external/io_int  -I/gpfs/d/meso/save/wx20py/JIF_CODES/WPS_NMM/../WRFV2_ijk/inc
** misc_definitions_module   === End of Compilation 1 ===
1501-510  Compilation successful for file misc_definitions_module.f.
	/bin/rm -f misc_definitions_module.f
	/bin/rm -f gridinfo_module.o gridinfo_module.mod
	/usr/lib/cpp -C -P -DAIX -DIBM4 -DIO_NETCDF -DIO_BINARY -DIO_GRIB1 -DBIT32 -D_METGRID  -I/gpfs/d/meso/save/wx20py/JIF_CODES/WPS_NMM/../WRFV2_ijk/external/io_netcdf  -I/gpfs/d/meso/save/wx20py/JIF_CODES/WPS_NMM/../WRFV2_ijk/external/io_grib_share  -I/gpfs/d/meso/save/wx20py/JIF_CODES/WPS_NMM/../WRFV2_ijk/external/io_grib1  -I/gpfs/d/meso/save/wx20py/JIF_CODES/WPS_NMM/../WRFV2_ijk/external/io_int  -I/gpfs/d/meso/save/wx20py/JIF_CODES/WPS_NMM/../WRFV2_ijk/inc gridinfo_module.F90 > gridinfo_module.f
	xlf90_r -qfree=f90 -c gridinfo_module.f -I/gpfs/d/meso/save/wx20py/JIF_CODES/WPS_NMM/../WRFV2_ijk/external/io_netcdf  -I/gpfs/d/meso/save/wx20py/JIF_CODES/WPS_NMM/../WRFV2_ijk/external/io_grib_share  -I/gpfs/d/meso/save/wx20py/JIF_CODES/WPS_NMM/../WRFV2_ijk/external/io_grib1  -I/gpfs/d/meso/save/wx20py/JIF_CODES/WPS_NMM/../WRFV2_ijk/external/io_int  -I/gpfs/d/meso/save/wx20py/JIF_CODES/WPS_NMM/../WRFV2_ijk/inc
** gridinfo_module   === End of Compilation 1 ===
1501-510  Compilation successful for file gridinfo_module.f.
	/bin/rm -f gridinfo_module.f
	/bin/rm -f list_module.o list_module.mod
	/bin/cp list_module.f90 list_module.f
	xlf90_r -qfree=f90 -c list_module.f -I/gpfs/d/meso/save/wx20py/JIF_CODES/WPS_NMM/../WRFV2_ijk/external/io_netcdf  -I/gpfs/d/meso/save/wx20py/JIF_CODES/WPS_NMM/../WRFV2_ijk/external/io_grib_share  -I/gpfs/d/meso/save/wx20py/JIF_CODES/WPS_NMM/../WRFV2_ijk/external/io_grib1  -I/gpfs/d/meso/save/wx20py/JIF_CODES/WPS_NMM/../WRFV2_ijk/external/io_int  -I/gpfs/d/meso/save/wx20py/JIF_CODES/WPS_NMM/../WRFV2_ijk/inc
** list_module   === End of Compilation 1 ===
1501-510  Compilation successful for file list_module.f.
	/bin/rm -f list_module.f
	/bin/rm -f interp_option_module.o interp_option_module.mod
	/bin/cp interp_option_module.f90 interp_option_module.f
	xlf90_r -qfree=f90 -c interp_option_module.f -I/gpfs/d/meso/save/wx20py/JIF_CODES/WPS_NMM/../WRFV2_ijk/external/io_netcdf  -I/gpfs/d/meso/save/wx20py/JIF_CODES/WPS_NMM/../WRFV2_ijk/external/io_grib_share  -I/gpfs/d/meso/save/wx20py/JIF_CODES/WPS_NMM/../WRFV2_ijk/external/io_grib1  -I/gpfs/d/meso/save/wx20py/JIF_CODES/WPS_NMM/../WRFV2_ijk/external/io_int  -I/gpfs/d/meso/save/wx20py/JIF_CODES/WPS_NMM/../WRFV2_ijk/inc
** interp_option_module   === End of Compilation 1 ===
1501-510  Compilation successful for file interp_option_module.f.
	/bin/rm -f interp_option_module.f
	/bin/rm -f module_date_pack.o module_date_pack.mod
	/bin/cp module_date_pack.f90 module_date_pack.f
	xlf90_r -qfree=f90 -c module_date_pack.f -I/gpfs/d/meso/save/wx20py/JIF_CODES/WPS_NMM/../WRFV2_ijk/external/io_netcdf  -I/gpfs/d/meso/save/wx20py/JIF_CODES/WPS_NMM/../WRFV2_ijk/external/io_grib_share  -I/gpfs/d/meso/save/wx20py/JIF_CODES/WPS_NMM/../WRFV2_ijk/external/io_grib1  -I/gpfs/d/meso/save/wx20py/JIF_CODES/WPS_NMM/../WRFV2_ijk/external/io_int  -I/gpfs/d/meso/save/wx20py/JIF_CODES/WPS_NMM/../WRFV2_ijk/inc
** date_pack   === End of Compilation 1 ===
1501-510  Compilation successful for file module_date_pack.f.
	/bin/rm -f module_date_pack.f
	/bin/rm -f queue_module.o queue_module.mod
	/usr/lib/cpp -C -P -DAIX -DIBM4 -DIO_NETCDF -DIO_BINARY -DIO_GRIB1 -DBIT32 -D_METGRID  -I/gpfs/d/meso/save/wx20py/JIF_CODES/WPS_NMM/../WRFV2_ijk/external/io_netcdf  -I/gpfs/d/meso/save/wx20py/JIF_CODES/WPS_NMM/../WRFV2_ijk/external/io_grib_share  -I/gpfs/d/meso/save/wx20py/JIF_CODES/WPS_NMM/../WRFV2_ijk/external/io_grib1  -I/gpfs/d/meso/save/wx20py/JIF_CODES/WPS_NMM/../WRFV2_ijk/external/io_int  -I/gpfs/d/meso/save/wx20py/JIF_CODES/WPS_NMM/../WRFV2_ijk/inc queue_module.F90 > queue_module.f
	xlf90_r -qfree=f90 -c queue_module.f -I/gpfs/d/meso/save/wx20py/JIF_CODES/WPS_NMM/../WRFV2_ijk/external/io_netcdf  -I/gpfs/d/meso/save/wx20py/JIF_CODES/WPS_NMM/../WRFV2_ijk/external/io_grib_share  -I/gpfs/d/meso/save/wx20py/JIF_CODES/WPS_NMM/../WRFV2_ijk/external/io_grib1  -I/gpfs/d/meso/save/wx20py/JIF_CODES/WPS_NMM/../WRFV2_ijk/external/io_int  -I/gpfs/d/meso/save/wx20py/JIF_CODES/WPS_NMM/../WRFV2_ijk/inc
** queue_module   === End of Compilation 1 ===
1501-510  Compilation successful for file queue_module.f.
	/bin/rm -f queue_module.f
	/bin/rm -f input_module.o input_module.mod
	/usr/lib/cpp -C -P -DAIX -DIBM4 -DIO_NETCDF -DIO_BINARY -DIO_GRIB1 -DBIT32 -D_METGRID  -I/gpfs/d/meso/save/wx20py/JIF_CODES/WPS_NMM/../WRFV2_ijk/external/io_netcdf  -I/gpfs/d/meso/save/wx20py/JIF_CODES/WPS_NMM/../WRFV2_ijk/external/io_grib_share  -I/gpfs/d/meso/save/wx20py/JIF_CODES/WPS_NMM/../WRFV2_ijk/external/io_grib1  -I/gpfs/d/meso/save/wx20py/JIF_CODES/WPS_NMM/../WRFV2_ijk/external/io_int  -I/gpfs/d/meso/save/wx20py/JIF_CODES/WPS_NMM/../WRFV2_ijk/inc input_module.F90 > input_module.f
	xlf90_r -qfree=f90 -c input_module.f -I/gpfs/d/meso/save/wx20py/JIF_CODES/WPS_NMM/../WRFV2_ijk/external/io_netcdf  -I/gpfs/d/meso/save/wx20py/JIF_CODES/WPS_NMM/../WRFV2_ijk/external/io_grib_share  -I/gpfs/d/meso/save/wx20py/JIF_CODES/WPS_NMM/../WRFV2_ijk/external/io_grib1  -I/gpfs/d/meso/save/wx20py/JIF_CODES/WPS_NMM/../WRFV2_ijk/external/io_int  -I/gpfs/d/meso/save/wx20py/JIF_CODES/WPS_NMM/../WRFV2_ijk/inc
** input_module   === End of Compilation 1 ===
1501-510  Compilation successful for file input_module.f.
	/bin/rm -f input_module.f
	/bin/rm -f interp_module.o interp_module.mod
	/bin/cp interp_module.f90 interp_module.f
	xlf90_r -qfree=f90 -c interp_module.f -I/gpfs/d/meso/save/wx20py/JIF_CODES/WPS_NMM/../WRFV2_ijk/external/io_netcdf  -I/gpfs/d/meso/save/wx20py/JIF_CODES/WPS_NMM/../WRFV2_ijk/external/io_grib_share  -I/gpfs/d/meso/save/wx20py/JIF_CODES/WPS_NMM/../WRFV2_ijk/external/io_grib1  -I/gpfs/d/meso/save/wx20py/JIF_CODES/WPS_NMM/../WRFV2_ijk/external/io_int  -I/gpfs/d/meso/save/wx20py/JIF_CODES/WPS_NMM/../WRFV2_ijk/inc
** interp_module   === End of Compilation 1 ===
1501-510  Compilation successful for file interp_module.f.
	/bin/rm -f interp_module.f
	/bin/rm -f module_map_utils.o module_map_utils.mod
	/bin/cp module_map_utils.f90 module_map_utils.f
	xlf90_r -qfree=f90 -c module_map_utils.f -I/gpfs/d/meso/save/wx20py/JIF_CODES/WPS_NMM/../WRFV2_ijk/external/io_netcdf  -I/gpfs/d/meso/save/wx20py/JIF_CODES/WPS_NMM/../WRFV2_ijk/external/io_grib_share  -I/gpfs/d/meso/save/wx20py/JIF_CODES/WPS_NMM/../WRFV2_ijk/external/io_grib1  -I/gpfs/d/meso/save/wx20py/JIF_CODES/WPS_NMM/../WRFV2_ijk/external/io_int  -I/gpfs/d/meso/save/wx20py/JIF_CODES/WPS_NMM/../WRFV2_ijk/inc
** map_utils   === End of Compilation 1 ===
1501-510  Compilation successful for file module_map_utils.f.
	/bin/rm -f module_map_utils.f
	/bin/rm -f llxy_module.o llxy_module.mod
	/usr/lib/cpp -C -P -DAIX -DIBM4 -DIO_NETCDF -DIO_BINARY -DIO_GRIB1 -DBIT32 -D_METGRID  -I/gpfs/d/meso/save/wx20py/JIF_CODES/WPS_NMM/../WRFV2_ijk/external/io_netcdf  -I/gpfs/d/meso/save/wx20py/JIF_CODES/WPS_NMM/../WRFV2_ijk/external/io_grib_share  -I/gpfs/d/meso/save/wx20py/JIF_CODES/WPS_NMM/../WRFV2_ijk/external/io_grib1  -I/gpfs/d/meso/save/wx20py/JIF_CODES/WPS_NMM/../WRFV2_ijk/external/io_int  -I/gpfs/d/meso/save/wx20py/JIF_CODES/WPS_NMM/../WRFV2_ijk/inc llxy_module.F90 > llxy_module.f
	xlf90_r -qfree=f90 -c llxy_module.f -I/gpfs/d/meso/save/wx20py/JIF_CODES/WPS_NMM/../WRFV2_ijk/external/io_netcdf  -I/gpfs/d/meso/save/wx20py/JIF_CODES/WPS_NMM/../WRFV2_ijk/external/io_grib_share  -I/gpfs/d/meso/save/wx20py/JIF_CODES/WPS_NMM/../WRFV2_ijk/external/io_grib1  -I/gpfs/d/meso/save/wx20py/JIF_CODES/WPS_NMM/../WRFV2_ijk/external/io_int  -I/gpfs/d/meso/save/wx20py/JIF_CODES/WPS_NMM/../WRFV2_ijk/inc
** llxy_module   === End of Compilation 1 ===
1501-510  Compilation successful for file llxy_module.f.
	/bin/rm -f llxy_module.f
	/bin/rm -f module_mergesort.o module_mergesort.mod
	/bin/cp module_mergesort.f90 module_mergesort.f
	xlf90_r -qfree=f90 -c module_mergesort.f -I/gpfs/d/meso/save/wx20py/JIF_CODES/WPS_NMM/../WRFV2_ijk/external/io_netcdf  -I/gpfs/d/meso/save/wx20py/JIF_CODES/WPS_NMM/../WRFV2_ijk/external/io_grib_share  -I/gpfs/d/meso/save/wx20py/JIF_CODES/WPS_NMM/../WRFV2_ijk/external/io_grib1  -I/gpfs/d/meso/save/wx20py/JIF_CODES/WPS_NMM/../WRFV2_ijk/external/io_int  -I/gpfs/d/meso/save/wx20py/JIF_CODES/WPS_NMM/../WRFV2_ijk/inc
** module_mergesort   === End of Compilation 1 ===
1501-510  Compilation successful for file module_mergesort.f.
	/bin/rm -f module_mergesort.f
	/bin/rm -f minheap_module.o minheap_module.mod
	/bin/cp minheap_module.f90 minheap_module.f
	xlf90_r -qfree=f90 -c minheap_module.f -I/gpfs/d/meso/save/wx20py/JIF_CODES/WPS_NMM/../WRFV2_ijk/external/io_netcdf  -I/gpfs/d/meso/save/wx20py/JIF_CODES/WPS_NMM/../WRFV2_ijk/external/io_grib_share  -I/gpfs/d/meso/save/wx20py/JIF_CODES/WPS_NMM/../WRFV2_ijk/external/io_grib1  -I/gpfs/d/meso/save/wx20py/JIF_CODES/WPS_NMM/../WRFV2_ijk/external/io_int  -I/gpfs/d/meso/save/wx20py/JIF_CODES/WPS_NMM/../WRFV2_ijk/inc
** minheap_module   === End of Compilation 1 ===
1501-510  Compilation successful for file minheap_module.f.
	/bin/rm -f minheap_module.f
	/bin/rm -f storage_module.o storage_module.mod
	/usr/lib/cpp -C -P -DAIX -DIBM4 -DIO_NETCDF -DIO_BINARY -DIO_GRIB1 -DBIT32 -D_METGRID  -I/gpfs/d/meso/save/wx20py/JIF_CODES/WPS_NMM/../WRFV2_ijk/external/io_netcdf  -I/gpfs/d/meso/save/wx20py/JIF_CODES/WPS_NMM/../WRFV2_ijk/external/io_grib_share  -I/gpfs/d/meso/save/wx20py/JIF_CODES/WPS_NMM/../WRFV2_ijk/external/io_grib1  -I/gpfs/d/meso/save/wx20py/JIF_CODES/WPS_NMM/../WRFV2_ijk/external/io_int  -I/gpfs/d/meso/save/wx20py/JIF_CODES/WPS_NMM/../WRFV2_ijk/inc storage_module.F90 > storage_module.f
	xlf90_r -qfree=f90 -c storage_module.f -I/gpfs/d/meso/save/wx20py/JIF_CODES/WPS_NMM/../WRFV2_ijk/external/io_netcdf  -I/gpfs/d/meso/save/wx20py/JIF_CODES/WPS_NMM/../WRFV2_ijk/external/io_grib_share  -I/gpfs/d/meso/save/wx20py/JIF_CODES/WPS_NMM/../WRFV2_ijk/external/io_grib1  -I/gpfs/d/meso/save/wx20py/JIF_CODES/WPS_NMM/../WRFV2_ijk/external/io_int  -I/gpfs/d/meso/save/wx20py/JIF_CODES/WPS_NMM/../WRFV2_ijk/inc
** storage_module   === End of Compilation 1 ===
1501-510  Compilation successful for file storage_module.f.
	/bin/rm -f storage_module.f
	/bin/rm -f output_module.o output_module.mod
	/usr/lib/cpp -C -P -DAIX -DIBM4 -DIO_NETCDF -DIO_BINARY -DIO_GRIB1 -DBIT32 -D_METGRID  -I/gpfs/d/meso/save/wx20py/JIF_CODES/WPS_NMM/../WRFV2_ijk/external/io_netcdf  -I/gpfs/d/meso/save/wx20py/JIF_CODES/WPS_NMM/../WRFV2_ijk/external/io_grib_share  -I/gpfs/d/meso/save/wx20py/JIF_CODES/WPS_NMM/../WRFV2_ijk/external/io_grib1  -I/gpfs/d/meso/save/wx20py/JIF_CODES/WPS_NMM/../WRFV2_ijk/external/io_int  -I/gpfs/d/meso/save/wx20py/JIF_CODES/WPS_NMM/../WRFV2_ijk/inc output_module.F90 > output_module.f
	xlf90_r -qfree=f90 -c output_module.f -I/gpfs/d/meso/save/wx20py/JIF_CODES/WPS_NMM/../WRFV2_ijk/external/io_netcdf  -I/gpfs/d/meso/save/wx20py/JIF_CODES/WPS_NMM/../WRFV2_ijk/external/io_grib_share  -I/gpfs/d/meso/save/wx20py/JIF_CODES/WPS_NMM/../WRFV2_ijk/external/io_grib1  -I/gpfs/d/meso/save/wx20py/JIF_CODES/WPS_NMM/../WRFV2_ijk/external/io_int  -I/gpfs/d/meso/save/wx20py/JIF_CODES/WPS_NMM/../WRFV2_ijk/inc
** output_module   === End of Compilation 1 ===
1501-510  Compilation successful for file output_module.f.
	/bin/rm -f output_module.f
	/bin/rm -f read_met_module.o read_met_module.mod
	/usr/lib/cpp -C -P -DAIX -DIBM4 -DIO_NETCDF -DIO_BINARY -DIO_GRIB1 -DBIT32 -D_METGRID  -I/gpfs/d/meso/save/wx20py/JIF_CODES/WPS_NMM/../WRFV2_ijk/external/io_netcdf  -I/gpfs/d/meso/save/wx20py/JIF_CODES/WPS_NMM/../WRFV2_ijk/external/io_grib_share  -I/gpfs/d/meso/save/wx20py/JIF_CODES/WPS_NMM/../WRFV2_ijk/external/io_grib1  -I/gpfs/d/meso/save/wx20py/JIF_CODES/WPS_NMM/../WRFV2_ijk/external/io_int  -I/gpfs/d/meso/save/wx20py/JIF_CODES/WPS_NMM/../WRFV2_ijk/inc read_met_module.F90 > read_met_module.f
	xlf90_r -qfree=f90 -c read_met_module.f -I/gpfs/d/meso/save/wx20py/JIF_CODES/WPS_NMM/../WRFV2_ijk/external/io_netcdf  -I/gpfs/d/meso/save/wx20py/JIF_CODES/WPS_NMM/../WRFV2_ijk/external/io_grib_share  -I/gpfs/d/meso/save/wx20py/JIF_CODES/WPS_NMM/../WRFV2_ijk/external/io_grib1  -I/gpfs/d/meso/save/wx20py/JIF_CODES/WPS_NMM/../WRFV2_ijk/external/io_int  -I/gpfs/d/meso/save/wx20py/JIF_CODES/WPS_NMM/../WRFV2_ijk/inc
** read_met_module   === End of Compilation 1 ===
1501-510  Compilation successful for file read_met_module.f.
	/bin/rm -f read_met_module.f
	/bin/rm -f rotate_winds_module.o rotate_winds_module.mod
	/bin/cp rotate_winds_module.f90 rotate_winds_module.f
	xlf90_r -qfree=f90 -c rotate_winds_module.f -I/gpfs/d/meso/save/wx20py/JIF_CODES/WPS_NMM/../WRFV2_ijk/external/io_netcdf  -I/gpfs/d/meso/save/wx20py/JIF_CODES/WPS_NMM/../WRFV2_ijk/external/io_grib_share  -I/gpfs/d/meso/save/wx20py/JIF_CODES/WPS_NMM/../WRFV2_ijk/external/io_grib1  -I/gpfs/d/meso/save/wx20py/JIF_CODES/WPS_NMM/../WRFV2_ijk/external/io_int  -I/gpfs/d/meso/save/wx20py/JIF_CODES/WPS_NMM/../WRFV2_ijk/inc
** rotate_winds_module   === End of Compilation 1 ===
1501-510  Compilation successful for file rotate_winds_module.f.
	/bin/rm -f rotate_winds_module.f
	/bin/rm -f process_domain_module.o process_domain_module.mod
	/usr/lib/cpp -C -P -DAIX -DIBM4 -DIO_NETCDF -DIO_BINARY -DIO_GRIB1 -DBIT32 -D_METGRID  -I/gpfs/d/meso/save/wx20py/JIF_CODES/WPS_NMM/../WRFV2_ijk/external/io_netcdf  -I/gpfs/d/meso/save/wx20py/JIF_CODES/WPS_NMM/../WRFV2_ijk/external/io_grib_share  -I/gpfs/d/meso/save/wx20py/JIF_CODES/WPS_NMM/../WRFV2_ijk/external/io_grib1  -I/gpfs/d/meso/save/wx20py/JIF_CODES/WPS_NMM/../WRFV2_ijk/external/io_int  -I/gpfs/d/meso/save/wx20py/JIF_CODES/WPS_NMM/../WRFV2_ijk/inc process_domain_module.F90 > process_domain_module.f
	xlf90_r -qfree=f90 -c process_domain_module.f -I/gpfs/d/meso/save/wx20py/JIF_CODES/WPS_NMM/../WRFV2_ijk/external/io_netcdf  -I/gpfs/d/meso/save/wx20py/JIF_CODES/WPS_NMM/../WRFV2_ijk/external/io_grib_share  -I/gpfs/d/meso/save/wx20py/JIF_CODES/WPS_NMM/../WRFV2_ijk/external/io_grib1  -I/gpfs/d/meso/save/wx20py/JIF_CODES/WPS_NMM/../WRFV2_ijk/external/io_int  -I/gpfs/d/meso/save/wx20py/JIF_CODES/WPS_NMM/../WRFV2_ijk/inc
** process_domain_module   === End of Compilation 1 ===
1501-510  Compilation successful for file process_domain_module.f.
	/bin/rm -f process_domain_module.f
	/bin/rm -f metgrid.o metgrid.mod
	/usr/lib/cpp -C -P -DAIX -DIBM4 -DIO_NETCDF -DIO_BINARY -DIO_GRIB1 -DBIT32 -D_METGRID  -I/gpfs/d/meso/save/wx20py/JIF_CODES/WPS_NMM/../WRFV2_ijk/external/io_netcdf  -I/gpfs/d/meso/save/wx20py/JIF_CODES/WPS_NMM/../WRFV2_ijk/external/io_grib_share  -I/gpfs/d/meso/save/wx20py/JIF_CODES/WPS_NMM/../WRFV2_ijk/external/io_grib1  -I/gpfs/d/meso/save/wx20py/JIF_CODES/WPS_NMM/../WRFV2_ijk/external/io_int  -I/gpfs/d/meso/save/wx20py/JIF_CODES/WPS_NMM/../WRFV2_ijk/inc metgrid.F90 > metgrid.f
	xlf90_r -qfree=f90 -c metgrid.f -I/gpfs/d/meso/save/wx20py/JIF_CODES/WPS_NMM/../WRFV2_ijk/external/io_netcdf  -I/gpfs/d/meso/save/wx20py/JIF_CODES/WPS_NMM/../WRFV2_ijk/external/io_grib_share  -I/gpfs/d/meso/save/wx20py/JIF_CODES/WPS_NMM/../WRFV2_ijk/external/io_grib1  -I/gpfs/d/meso/save/wx20py/JIF_CODES/WPS_NMM/../WRFV2_ijk/external/io_int  -I/gpfs/d/meso/save/wx20py/JIF_CODES/WPS_NMM/../WRFV2_ijk/inc
** metgrid   === End of Compilation 1 ===
1501-510  Compilation successful for file metgrid.f.
	/bin/rm -f metgrid.f
	/bin/rm -f write_met_module.o write_met_module.mod
	/usr/lib/cpp -C -P -DAIX -DIBM4 -DIO_NETCDF -DIO_BINARY -DIO_GRIB1 -DBIT32 -D_METGRID  -I/gpfs/d/meso/save/wx20py/JIF_CODES/WPS_NMM/../WRFV2_ijk/external/io_netcdf  -I/gpfs/d/meso/save/wx20py/JIF_CODES/WPS_NMM/../WRFV2_ijk/external/io_grib_share  -I/gpfs/d/meso/save/wx20py/JIF_CODES/WPS_NMM/../WRFV2_ijk/external/io_grib1  -I/gpfs/d/meso/save/wx20py/JIF_CODES/WPS_NMM/../WRFV2_ijk/external/io_int  -I/gpfs/d/meso/save/wx20py/JIF_CODES/WPS_NMM/../WRFV2_ijk/inc write_met_module.F90 > write_met_module.f
	xlf90_r -qfree=f90 -c write_met_module.f -I/gpfs/d/meso/save/wx20py/JIF_CODES/WPS_NMM/../WRFV2_ijk/external/io_netcdf  -I/gpfs/d/meso/save/wx20py/JIF_CODES/WPS_NMM/../WRFV2_ijk/external/io_grib_share  -I/gpfs/d/meso/save/wx20py/JIF_CODES/WPS_NMM/../WRFV2_ijk/external/io_grib1  -I/gpfs/d/meso/save/wx20py/JIF_CODES/WPS_NMM/../WRFV2_ijk/external/io_int  -I/gpfs/d/meso/save/wx20py/JIF_CODES/WPS_NMM/../WRFV2_ijk/inc
** write_met_module   === End of Compilation 1 ===
1501-510  Compilation successful for file write_met_module.f.
	/bin/rm -f write_met_module.f
	xlf90_r  -o metgrid.exe cio.o wrf_debug.o bitarray_module.o constants_module.o datatype_module.o despace.o gridinfo_module.o metgrid.o input_module.o interp_module.o interp_option_module.o list_module.o llxy_module.o minheap_module.o misc_definitions_module.o module_date_pack.o module_debug.o module_map_utils.o module_mergesort.o output_module.o parallel_module.o process_domain_module.o queue_module.o read_met_module.o rotate_winds_module.o storage_module.o write_met_module.o  /gpfs/d/meso/save/wx20py/JIF_CODES/WPS_NMM/../WRFV2_ijk/frame/pack_utils.o /gpfs/d/meso/save/wx20py/JIF_CODES/WPS_NMM/../WRFV2_ijk/frame/module_machine.o  /gpfs/d/meso/save/wx20py/JIF_CODES/WPS_NMM/../WRFV2_ijk/frame/module_internal_header_util.o  -I/gpfs/d/meso/save/wx20py/JIF_CODES/WPS_NMM/../WRFV2_ijk/external/io_grib1  -I/gpfs/d/meso/save/wx20py/JIF_CODES/WPS_NMM/../WRFV2_ijk/external/io_grib_share  -I/gpfs/d/meso/save/wx20py/JIF_CODES/WPS_NMM/../WRFV2_ijk/external/io_int  -I/usrx/local/netcdf.3.5.0/include  -I/gpfs/d/meso/save/wx20py/JIF_CODES/WPS_NMM/../WRFV2_ijk/external/io_netcdf  -L/gpfs/d/meso/save/wx20py/JIF_CODES/WPS_NMM/../WRFV2_ijk/external/io_grib1 -lio_grib1  -L/gpfs/d/meso/save/wx20py/JIF_CODES/WPS_NMM/../WRFV2_ijk/external/io_grib_share -lio_grib_share  -L/gpfs/d/meso/save/wx20py/JIF_CODES/WPS_NMM/../WRFV2_ijk/external/io_int -lwrfio_int  -L/gpfs/d/meso/save/wx20py/JIF_CODES/WPS_NMM/../WRFV2_ijk/external/io_netcdf -lwrfio_nf  -L/usrx/local/netcdf.3.5.0/lib -lnetcdf
ld: 0706-006 Cannot find or open library file: -l wrfio_nf
	ld:open(): A file or directory in the path name does not exist.
make: 1254-004 The error code from the last command is 255.
make: 1254-005 Ignored error code 255 from last command.
	if [ -e metgrid.exe ] ; then  /bin/rm -f metgrid.exe ;  fi ;  if [ -e ../metgrid.exe ] ; then  /bin/rm -f ../metgrid.exe ;  fi ;  if [ -e src/metgrid.exe ] ; then  ln -sf src/metgrid.exe . ;  fi
	( cd src/ngl ; make -i -r DEV_TOP="/gpfs/d/meso/save/wx20py/JIF_CODES/WPS_NMM" CC="cc" FC="xlf90_r" all )
Target "all" is up to date.
	( cd src ;  make -i -r g1print.exe  WRF_DIR="/gpfs/d/meso/save/wx20py/JIF_CODES/WPS_NMM/../WRFV2_ijk"  FC="xlf90_r"  CC="cc"  CPP="/usr/lib/cpp -C -P"  FFLAGS="-qfree=f90"  CFLAGS=""  LDFLAGS=""  CPPFLAGS="-DAIX -DIBM4 -DIO_NETCDF -DIO_BINARY -DIO_GRIB1 -DBIT32 -D_GRIBUTIL" )
	/usr/lib/cpp -C -P -DAIX -DIBM4 -DIO_NETCDF -DIO_BINARY -DIO_GRIB1 -DBIT32 -D_GRIBUTIL  g1print.F90 > g1print.f
	xlf90_r -c -qfree=f90 g1print.f
** gribscan   === End of Compilation 1 ===
** parse_args   === End of Compilation 2 ===
1501-510  Compilation successful for file g1print.f.
	/bin/rm -f g1print.f
	xlf90_r -o g1print.exe  g1print.o libpgu.a
	if [ -h g1print.exe ] ; then  /bin/rm -f g1print.exe ;  fi ;  if [ -h ../g1print.exe ] ; then  /bin/rm -f ../g1print.exe ;  fi ;  if [ -e src/g1print.exe ] ; then  ln -sf src/g1print.exe . ;  fi
	( cd src/ngl ; make -i -r DEV_TOP="/gpfs/d/meso/save/wx20py/JIF_CODES/WPS_NMM" CC="cc" FC="xlf90_r" all )
Target "all" is up to date.
	( cd src ;  make -i -r g2print.exe  WRF_DIR="/gpfs/d/meso/save/wx20py/JIF_CODES/WPS_NMM/../WRFV2_ijk"  FC="xlf90_r"  CC="cc"  CPP="/usr/lib/cpp -C -P"  FFLAGS="-qfree=f90"  CFLAGS=""  LDFLAGS=""  CPPFLAGS="-DAIX -DIBM4 -DIO_NETCDF -DIO_BINARY -DIO_GRIB1 -DBIT32 -D_GRIBUTIL" )
	/usr/lib/cpp -C -P -DAIX -DIBM4 -DIO_NETCDF -DIO_BINARY -DIO_GRIB1 -DBIT32 -D_GRIBUTIL g2print.F90 > g2print.f
	xlf90_r -c -qfree=f90 g2print.f -I. -I./ngl/g2
** g2print   === End of Compilation 1 ===
** r_grib2   === End of Compilation 2 ===
** edition_num   === End of Compilation 3 ===
** parse_args   === End of Compilation 4 ===
1501-510  Compilation successful for file g2print.f.
	/bin/rm -f g2print.f
	xlf90_r -o g2print.exe  g2print.o  -L. -lpgu  -L./ngl -lw3 -lg2_4  
ld: 0711-317 ERROR: Undefined symbol: .__gridinfo_NMOD__&&_gridinfo
ld: 0711-317 ERROR: Undefined symbol: .__filelist_NMOD__&&_filelist
ld: 0711-345 Use the -bloadmap or -bnoquiet option to obtain more information.
make: 1254-004 The error code from the last command is 8.
make: 1254-005 Ignored error code 8 from last command.
	if [ -h g2print.exe ] ; then  /bin/rm -f g2print.exe ;  fi ;  if [ -h ../g2print.exe ] ; then  /bin/rm -f ../g2print.exe ;  fi ;  if [ -e src/g2print.exe ] ; then  ln -sf src/g2print.exe . ;  fi
	( cd src ;  make -i -r plotfmt.exe  WRF_DIR="/gpfs/d/meso/save/wx20py/JIF_CODES/WPS_NMM/../WRFV2_ijk"  FC="xlf90_r"  CC="cc"  CPP="/usr/lib/cpp -C -P"  FFLAGS="-qfree=f90"  CFLAGS=""  LDFLAGS=""  CPPFLAGS="-DAIX -DIBM4 -DIO_NETCDF -DIO_BINARY -DIO_GRIB1 -DBIT32 -D_UTIL" )
	/bin/rm -f misc_definitions_module.o misc_definitions_module.mod
	/bin/cp misc_definitions_module.f90 misc_definitions_module.f
	xlf90_r -qfree=f90 -c misc_definitions_module.f -I/gpfs/d/meso/save/wx20py/JIF_CODES/WPS_NMM/../WRFV2_ijk/external/io_netcdf  -I/gpfs/d/meso/save/wx20py/JIF_CODES/WPS_NMM/../WRFV2_ijk/external/io_grib_share  -I/gpfs/d/meso/save/wx20py/JIF_CODES/WPS_NMM/../WRFV2_ijk/external/io_grib1  -I/gpfs/d/meso/save/wx20py/JIF_CODES/WPS_NMM/../WRFV2_ijk/external/io_int  -I/gpfs/d/meso/save/wx20py/JIF_CODES/WPS_NMM/../WRFV2_ijk/inc
** misc_definitions_module   === End of Compilation 1 ===
1501-510  Compilation successful for file misc_definitions_module.f.
	/bin/rm -f misc_definitions_module.f
	/bin/rm -f constants_module.o constants_module.mod
	/bin/cp constants_module.f90 constants_module.f
	xlf90_r -qfree=f90 -c constants_module.f -I/gpfs/d/meso/save/wx20py/JIF_CODES/WPS_NMM/../WRFV2_ijk/external/io_netcdf  -I/gpfs/d/meso/save/wx20py/JIF_CODES/WPS_NMM/../WRFV2_ijk/external/io_grib_share  -I/gpfs/d/meso/save/wx20py/JIF_CODES/WPS_NMM/../WRFV2_ijk/external/io_grib1  -I/gpfs/d/meso/save/wx20py/JIF_CODES/WPS_NMM/../WRFV2_ijk/external/io_int  -I/gpfs/d/meso/save/wx20py/JIF_CODES/WPS_NMM/../WRFV2_ijk/inc
** constants_module   === End of Compilation 1 ===
1501-510  Compilation successful for file constants_module.f.
	/bin/rm -f constants_module.f
	/bin/rm -f cio.o
	cc -DAIX -DIBM4 -DIO_NETCDF -DIO_BINARY -DIO_GRIB1 -DBIT32 -D_UTIL  -c cio.c	
	/bin/rm -f module_debug.o module_debug.mod
	/usr/lib/cpp -C -P -DAIX -DIBM4 -DIO_NETCDF -DIO_BINARY -DIO_GRIB1 -DBIT32 -D_UTIL  -I/gpfs/d/meso/save/wx20py/JIF_CODES/WPS_NMM/../WRFV2_ijk/external/io_netcdf  -I/gpfs/d/meso/save/wx20py/JIF_CODES/WPS_NMM/../WRFV2_ijk/external/io_grib_share  -I/gpfs/d/meso/save/wx20py/JIF_CODES/WPS_NMM/../WRFV2_ijk/external/io_grib1  -I/gpfs/d/meso/save/wx20py/JIF_CODES/WPS_NMM/../WRFV2_ijk/external/io_int  -I/gpfs/d/meso/save/wx20py/JIF_CODES/WPS_NMM/../WRFV2_ijk/inc module_debug.F90 > module_debug.f
	xlf90_r -qfree=f90 -c module_debug.f -I/gpfs/d/meso/save/wx20py/JIF_CODES/WPS_NMM/../WRFV2_ijk/external/io_netcdf  -I/gpfs/d/meso/save/wx20py/JIF_CODES/WPS_NMM/../WRFV2_ijk/external/io_grib_share  -I/gpfs/d/meso/save/wx20py/JIF_CODES/WPS_NMM/../WRFV2_ijk/external/io_grib1  -I/gpfs/d/meso/save/wx20py/JIF_CODES/WPS_NMM/../WRFV2_ijk/external/io_int  -I/gpfs/d/meso/save/wx20py/JIF_CODES/WPS_NMM/../WRFV2_ijk/inc
** module_debug   === End of Compilation 1 ===
1501-510  Compilation successful for file module_debug.f.
	/bin/rm -f module_debug.f
	/bin/rm -f read_met_module.o read_met_module.mod
	/usr/lib/cpp -C -P -DAIX -DIBM4 -DIO_NETCDF -DIO_BINARY -DIO_GRIB1 -DBIT32 -D_UTIL  -I/gpfs/d/meso/save/wx20py/JIF_CODES/WPS_NMM/../WRFV2_ijk/external/io_netcdf  -I/gpfs/d/meso/save/wx20py/JIF_CODES/WPS_NMM/../WRFV2_ijk/external/io_grib_share  -I/gpfs/d/meso/save/wx20py/JIF_CODES/WPS_NMM/../WRFV2_ijk/external/io_grib1  -I/gpfs/d/meso/save/wx20py/JIF_CODES/WPS_NMM/../WRFV2_ijk/external/io_int  -I/gpfs/d/meso/save/wx20py/JIF_CODES/WPS_NMM/../WRFV2_ijk/inc read_met_module.F90 > read_met_module.f
	xlf90_r -qfree=f90 -c read_met_module.f -I/gpfs/d/meso/save/wx20py/JIF_CODES/WPS_NMM/../WRFV2_ijk/external/io_netcdf  -I/gpfs/d/meso/save/wx20py/JIF_CODES/WPS_NMM/../WRFV2_ijk/external/io_grib_share  -I/gpfs/d/meso/save/wx20py/JIF_CODES/WPS_NMM/../WRFV2_ijk/external/io_grib1  -I/gpfs/d/meso/save/wx20py/JIF_CODES/WPS_NMM/../WRFV2_ijk/external/io_int  -I/gpfs/d/meso/save/wx20py/JIF_CODES/WPS_NMM/../WRFV2_ijk/inc
** read_met_module   === End of Compilation 1 ===
1501-510  Compilation successful for file read_met_module.f.
	/bin/rm -f read_met_module.f
	/bin/cp plotfmt.F90 plotfmt.f
	xlf90_r -qfree=f90 -c plotfmt.f
** pltfmt   === End of Compilation 1 ===
** plt2d   === End of Compilation 2 ===
** stopit   === End of Compilation 3 ===
** graceful_stop   === End of Compilation 4 ===
** fmtxyll   === End of Compilation 5 ===
** array_flip   === End of Compilation 6 ===
1501-510  Compilation successful for file plotfmt.f.
	/bin/rm -f plotfmt.f
	xlf90_r -o plotfmt.exe  plotfmt.o read_met_module.o module_debug.o  misc_definitions_module.o cio.o   -L/usr/local/lib64/r4i4 -lncarg -lncarg_gks -lncarg_c  -L/usr/X11R6/lib -lX11
ld: 0706-006 Cannot find or open library file: -l ncarg
	ld:open(): A file or directory in the path name does not exist.
ld: 0706-006 Cannot find or open library file: -l ncarg_gks
	ld:open(): A file or directory in the path name does not exist.
ld: 0706-006 Cannot find or open library file: -l ncarg_c
	ld:open(): A file or directory in the path name does not exist.
make: 1254-004 The error code from the last command is 255.
make: 1254-005 Ignored error code 255 from last command.
	if [ -h plotfmt.exe ] ; then  /bin/rm -f plotfmt.exe ;  fi ;  if [ -h ../plotfmt.exe ] ; then  /bin/rm -f ../plotfmt.exe ;  fi ;  if [ -e src/plotfmt.exe ] ; then  ln -sf src/plotfmt.exe . ;  fi
	( cd src ;  make -i -r rd_intermediate.exe  WRF_DIR="/gpfs/d/meso/save/wx20py/JIF_CODES/WPS_NMM/../WRFV2_ijk"  FC="xlf90_r"  CC="cc"  CPP="/usr/lib/cpp -C -P"  FFLAGS="-qfree=f90"  CFLAGS=""  LDFLAGS=""  CPPFLAGS="-DAIX -DIBM4 -DIO_NETCDF -DIO_BINARY -DIO_GRIB1 -DBIT32 -D_UTIL" )
	/bin/rm -f rd_intermediate.o rd_intermediate.mod
	/usr/lib/cpp -C -P -DAIX -DIBM4 -DIO_NETCDF -DIO_BINARY -DIO_GRIB1 -DBIT32 -D_UTIL  -I/gpfs/d/meso/save/wx20py/JIF_CODES/WPS_NMM/../WRFV2_ijk/external/io_netcdf  -I/gpfs/d/meso/save/wx20py/JIF_CODES/WPS_NMM/../WRFV2_ijk/external/io_grib_share  -I/gpfs/d/meso/save/wx20py/JIF_CODES/WPS_NMM/../WRFV2_ijk/external/io_grib1  -I/gpfs/d/meso/save/wx20py/JIF_CODES/WPS_NMM/../WRFV2_ijk/external/io_int  -I/gpfs/d/meso/save/wx20py/JIF_CODES/WPS_NMM/../WRFV2_ijk/inc rd_intermediate.F90 > rd_intermediate.f
	xlf90_r -qfree=f90 -c rd_intermediate.f -I/gpfs/d/meso/save/wx20py/JIF_CODES/WPS_NMM/../WRFV2_ijk/external/io_netcdf  -I/gpfs/d/meso/save/wx20py/JIF_CODES/WPS_NMM/../WRFV2_ijk/external/io_grib_share  -I/gpfs/d/meso/save/wx20py/JIF_CODES/WPS_NMM/../WRFV2_ijk/external/io_grib1  -I/gpfs/d/meso/save/wx20py/JIF_CODES/WPS_NMM/../WRFV2_ijk/external/io_int  -I/gpfs/d/meso/save/wx20py/JIF_CODES/WPS_NMM/../WRFV2_ijk/inc
** rd_intermediate   === End of Compilation 1 ===
1501-510  Compilation successful for file rd_intermediate.f.
	/bin/rm -f rd_intermediate.f
	xlf90_r -o rd_intermediate.exe  rd_intermediate.o read_met_module.o  module_debug.o misc_definitions_module.o cio.o
	if [ -h rd_intermediate.exe ] ; then  /bin/rm -f rd_intermediate.exe ;  fi ;  if [ -h ../rd_intermediate.exe ] ; then  /bin/rm -f ../rd_intermediate.exe ;  fi ;  if [ -e src/rd_intermediate.exe ] ; then  ln -sf src/rd_intermediate.exe . ;  fi
	( cd src ;  make -i -r plotgrids.exe  WRF_DIR="/gpfs/d/meso/save/wx20py/JIF_CODES/WPS_NMM/../WRFV2_ijk"  FC="xlf90_r"  CC="cc"  CPP="/usr/lib/cpp -C -P"  FFLAGS="-qfree=f90"  CFLAGS=""  LDFLAGS=""  CPPFLAGS="-DAIX -DIBM4 -DIO_NETCDF -DIO_BINARY -DIO_GRIB1 -DBIT32 -D_UTIL" )
	/bin/rm -f module_map_utils.o module_map_utils.mod
	/bin/cp module_map_utils.f90 module_map_utils.f
	xlf90_r -qfree=f90 -c module_map_utils.f -I/gpfs/d/meso/save/wx20py/JIF_CODES/WPS_NMM/../WRFV2_ijk/external/io_netcdf  -I/gpfs/d/meso/save/wx20py/JIF_CODES/WPS_NMM/../WRFV2_ijk/external/io_grib_share  -I/gpfs/d/meso/save/wx20py/JIF_CODES/WPS_NMM/../WRFV2_ijk/external/io_grib1  -I/gpfs/d/meso/save/wx20py/JIF_CODES/WPS_NMM/../WRFV2_ijk/external/io_int  -I/gpfs/d/meso/save/wx20py/JIF_CODES/WPS_NMM/../WRFV2_ijk/inc
** map_utils   === End of Compilation 1 ===
1501-510  Compilation successful for file module_map_utils.f.
	/bin/rm -f module_map_utils.f
	/bin/cp plotgrids.f90 plotgrids.f
	xlf90_r -qfree=f90 -c plotgrids.f
** plotgrids   === End of Compilation 1 ===
** getxy   === End of Compilation 2 ===
1501-510  Compilation successful for file plotgrids.f.
	/bin/rm -f plotgrids.f
	xlf90_r -o plotgrids.exe  module_map_utils.o module_debug.o cio.o constants_module.o misc_definitions_module.o  plotgrids.o  -L/usr/local/lib64/r4i4 -lncarg -lncarg_gks -lncarg_c  -L/usr/X11R6/lib -lX11
ld: 0706-006 Cannot find or open library file: -l ncarg
	ld:open(): A file or directory in the path name does not exist.
ld: 0706-006 Cannot find or open library file: -l ncarg_gks
	ld:open(): A file or directory in the path name does not exist.
ld: 0706-006 Cannot find or open library file: -l ncarg_c
	ld:open(): A file or directory in the path name does not exist.
make: 1254-004 The error code from the last command is 255.
make: 1254-005 Ignored error code 255 from last command.
	if [ -h plotgrids.exe ] ; then  /bin/rm -f plotgrids.exe ;  fi ;  if [ -h ../plotgrids.exe ] ; then  /bin/rm -f ../plotgrids.exe ;  fi ;  if [ -e src/plotgrids.exe ] ; then  ln -sf src/plotgrids.exe . ;  fi
	( cd src ;  make -i -r mod_levs.exe  WRF_DIR="/gpfs/d/meso/save/wx20py/JIF_CODES/WPS_NMM/../WRFV2_ijk"  FC="xlf90_r"  CC="cc"  CPP="/usr/lib/cpp -C -P"  FFLAGS="-qfree=f90"  CFLAGS=""  LDFLAGS=""  CPPFLAGS="-DAIX -DIBM4 -DIO_NETCDF -DIO_BINARY -DIO_GRIB1 -DBIT32 -D_UTIL" )
	/bin/rm -f write_met_module.o write_met_module.mod
	/usr/lib/cpp -C -P -DAIX -DIBM4 -DIO_NETCDF -DIO_BINARY -DIO_GRIB1 -DBIT32 -D_UTIL  -I/gpfs/d/meso/save/wx20py/JIF_CODES/WPS_NMM/../WRFV2_ijk/external/io_netcdf  -I/gpfs/d/meso/save/wx20py/JIF_CODES/WPS_NMM/../WRFV2_ijk/external/io_grib_share  -I/gpfs/d/meso/save/wx20py/JIF_CODES/WPS_NMM/../WRFV2_ijk/external/io_grib1  -I/gpfs/d/meso/save/wx20py/JIF_CODES/WPS_NMM/../WRFV2_ijk/external/io_int  -I/gpfs/d/meso/save/wx20py/JIF_CODES/WPS_NMM/../WRFV2_ijk/inc write_met_module.F90 > write_met_module.f
	xlf90_r -qfree=f90 -c write_met_module.f -I/gpfs/d/meso/save/wx20py/JIF_CODES/WPS_NMM/../WRFV2_ijk/external/io_netcdf  -I/gpfs/d/meso/save/wx20py/JIF_CODES/WPS_NMM/../WRFV2_ijk/external/io_grib_share  -I/gpfs/d/meso/save/wx20py/JIF_CODES/WPS_NMM/../WRFV2_ijk/external/io_grib1  -I/gpfs/d/meso/save/wx20py/JIF_CODES/WPS_NMM/../WRFV2_ijk/external/io_int  -I/gpfs/d/meso/save/wx20py/JIF_CODES/WPS_NMM/../WRFV2_ijk/inc
** write_met_module   === End of Compilation 1 ===
1501-510  Compilation successful for file write_met_module.f.
	/bin/rm -f write_met_module.f
	/bin/rm -f mod_levs.o mod_levs.mod
	/usr/lib/cpp -C -P -DAIX -DIBM4 -DIO_NETCDF -DIO_BINARY -DIO_GRIB1 -DBIT32 -D_UTIL  -I/gpfs/d/meso/save/wx20py/JIF_CODES/WPS_NMM/../WRFV2_ijk/external/io_netcdf  -I/gpfs/d/meso/save/wx20py/JIF_CODES/WPS_NMM/../WRFV2_ijk/external/io_grib_share  -I/gpfs/d/meso/save/wx20py/JIF_CODES/WPS_NMM/../WRFV2_ijk/external/io_grib1  -I/gpfs/d/meso/save/wx20py/JIF_CODES/WPS_NMM/../WRFV2_ijk/external/io_int  -I/gpfs/d/meso/save/wx20py/JIF_CODES/WPS_NMM/../WRFV2_ijk/inc mod_levs.F90 > mod_levs.f
	xlf90_r -qfree=f90 -c mod_levs.f -I/gpfs/d/meso/save/wx20py/JIF_CODES/WPS_NMM/../WRFV2_ijk/external/io_netcdf  -I/gpfs/d/meso/save/wx20py/JIF_CODES/WPS_NMM/../WRFV2_ijk/external/io_grib_share  -I/gpfs/d/meso/save/wx20py/JIF_CODES/WPS_NMM/../WRFV2_ijk/external/io_grib1  -I/gpfs/d/meso/save/wx20py/JIF_CODES/WPS_NMM/../WRFV2_ijk/external/io_int  -I/gpfs/d/meso/save/wx20py/JIF_CODES/WPS_NMM/../WRFV2_ijk/inc
** mod_levs_prog   === End of Compilation 1 ===
** lenner   === End of Compilation 2 ===
1501-510  Compilation successful for file mod_levs.f.
	/bin/rm -f mod_levs.f
	xlf90_r -o mod_levs.exe  mod_levs.o module_debug.o read_met_module.o  write_met_module.o misc_definitions_module.o cio.o
	if [ -h mod_levs.exe ] ; then  /bin/rm -f mod_levs.exe ;  fi ;  if [ -h ../mod_levs.exe ] ; then  /bin/rm -f ../mod_levs.exe ;  fi ;  if [ -e src/mod_levs.exe ] ; then  ln -sf src/mod_levs.exe . ;  fi
	( cd src ;  make -i -r avg_tsfc.exe  WRF_DIR="/gpfs/d/meso/save/wx20py/JIF_CODES/WPS_NMM/../WRFV2_ijk"  FC="xlf90_r"  CC="cc"  CPP="/usr/lib/cpp -C -P"  FFLAGS="-qfree=f90"  CFLAGS=""  LDFLAGS=""  CPPFLAGS="-DAIX -DIBM4 -DIO_NETCDF -DIO_BINARY -DIO_GRIB1 -DBIT32 -D_UTIL" )
	/bin/rm -f gridinfo_module.o gridinfo_module.mod
	/usr/lib/cpp -C -P -DAIX -DIBM4 -DIO_NETCDF -DIO_BINARY -DIO_GRIB1 -DBIT32 -D_UTIL  -I/gpfs/d/meso/save/wx20py/JIF_CODES/WPS_NMM/../WRFV2_ijk/external/io_netcdf  -I/gpfs/d/meso/save/wx20py/JIF_CODES/WPS_NMM/../WRFV2_ijk/external/io_grib_share  -I/gpfs/d/meso/save/wx20py/JIF_CODES/WPS_NMM/../WRFV2_ijk/external/io_grib1  -I/gpfs/d/meso/save/wx20py/JIF_CODES/WPS_NMM/../WRFV2_ijk/external/io_int  -I/gpfs/d/meso/save/wx20py/JIF_CODES/WPS_NMM/../WRFV2_ijk/inc gridinfo_module.F90 > gridinfo_module.f
	xlf90_r -qfree=f90 -c gridinfo_module.f -I/gpfs/d/meso/save/wx20py/JIF_CODES/WPS_NMM/../WRFV2_ijk/external/io_netcdf  -I/gpfs/d/meso/save/wx20py/JIF_CODES/WPS_NMM/../WRFV2_ijk/external/io_grib_share  -I/gpfs/d/meso/save/wx20py/JIF_CODES/WPS_NMM/../WRFV2_ijk/external/io_grib1  -I/gpfs/d/meso/save/wx20py/JIF_CODES/WPS_NMM/../WRFV2_ijk/external/io_int  -I/gpfs/d/meso/save/wx20py/JIF_CODES/WPS_NMM/../WRFV2_ijk/inc
** gridinfo_module   === End of Compilation 1 ===
1501-510  Compilation successful for file gridinfo_module.f.
	/bin/rm -f gridinfo_module.f
	/bin/rm -f module_date_pack.o module_date_pack.mod
	/bin/cp module_date_pack.f90 module_date_pack.f
	xlf90_r -qfree=f90 -c module_date_pack.f -I/gpfs/d/meso/save/wx20py/JIF_CODES/WPS_NMM/../WRFV2_ijk/external/io_netcdf  -I/gpfs/d/meso/save/wx20py/JIF_CODES/WPS_NMM/../WRFV2_ijk/external/io_grib_share  -I/gpfs/d/meso/save/wx20py/JIF_CODES/WPS_NMM/../WRFV2_ijk/external/io_grib1  -I/gpfs/d/meso/save/wx20py/JIF_CODES/WPS_NMM/../WRFV2_ijk/external/io_int  -I/gpfs/d/meso/save/wx20py/JIF_CODES/WPS_NMM/../WRFV2_ijk/inc
** date_pack   === End of Compilation 1 ===
1501-510  Compilation successful for file module_date_pack.f.
	/bin/rm -f module_date_pack.f
	/bin/rm -f avg_tsfc.o avg_tsfc.mod
	/usr/lib/cpp -C -P -DAIX -DIBM4 -DIO_NETCDF -DIO_BINARY -DIO_GRIB1 -DBIT32 -D_UTIL  -I/gpfs/d/meso/save/wx20py/JIF_CODES/WPS_NMM/../WRFV2_ijk/external/io_netcdf  -I/gpfs/d/meso/save/wx20py/JIF_CODES/WPS_NMM/../WRFV2_ijk/external/io_grib_share  -I/gpfs/d/meso/save/wx20py/JIF_CODES/WPS_NMM/../WRFV2_ijk/external/io_grib1  -I/gpfs/d/meso/save/wx20py/JIF_CODES/WPS_NMM/../WRFV2_ijk/external/io_int  -I/gpfs/d/meso/save/wx20py/JIF_CODES/WPS_NMM/../WRFV2_ijk/inc avg_tsfc.F90 > avg_tsfc.f
	xlf90_r -qfree=f90 -c avg_tsfc.f -I/gpfs/d/meso/save/wx20py/JIF_CODES/WPS_NMM/../WRFV2_ijk/external/io_netcdf  -I/gpfs/d/meso/save/wx20py/JIF_CODES/WPS_NMM/../WRFV2_ijk/external/io_grib_share  -I/gpfs/d/meso/save/wx20py/JIF_CODES/WPS_NMM/../WRFV2_ijk/external/io_grib1  -I/gpfs/d/meso/save/wx20py/JIF_CODES/WPS_NMM/../WRFV2_ijk/external/io_int  -I/gpfs/d/meso/save/wx20py/JIF_CODES/WPS_NMM/../WRFV2_ijk/inc
** avg_tsfc   === End of Compilation 1 ===
1501-510  Compilation successful for file avg_tsfc.f.
	/bin/rm -f avg_tsfc.f
	xlf90_r  -o avg_tsfc.exe avg_tsfc.o cio.o module_debug.o gridinfo_module.o  read_met_module.o write_met_module.o module_date_pack.o  misc_definitions_module.o
	if [ -h avg_tsfc.exe ] ; then  /bin/rm -f avg_tsfc.exe ;  fi ;  if [ -h ../avg_tsfc.exe ] ; then  /bin/rm -f ../avg_tsfc.exe ;  fi ;  if [ -e src/avg_tsfc.exe ] ; then  ln -sf src/avg_tsfc.exe . ;  fi
