00
02
02
arw
rm: cannot remove `/ptmpd3/Matthew.Pyle/process_conusarw_comp_00/*.grd': No such file or directory
2015042400
60 30
29:18725745:d=2015042400:APCP:surface:0-2 hour acc fcst:
31:19207820:d=2015042400:APCP:surface:1-2 hour acc fcst:
2:1386100:d=15042400:APCP:kpds5=61:kpds6=1:kpds7=0:TR=4:P1=1:P2=2:TimeU=1:sfc:1-2hr acc:NAve=0
START WGRIB2bing 02 at Fri Apr 24 16:23:15 UTC 2015
3:1670668:d=2015042400:MSLET:mean sea level:2 hour fcst:
15:11861796:d=2015042400:REFD:263 K level:2 hour fcst:
16:12432120:d=2015042400:REFD:1 hybrid level:2 hour fcst:
19:13732564:d=2015042400:REFD:4000 m above ground:2 hour fcst:
20:14262131:d=2015042400:REFD:1000 m above ground:2 hour fcst:
219:172980837:d=2015042400:REFC:entire atmosphere (considered as a single layer):2 hour fcst:
239:189152558:d=2015042400:TCOLR:entire atmosphere (considered as a single layer):2 hour fcst:
240:189378344:d=2015042400:TCOLS:entire atmosphere (considered as a single layer):2 hour fcst:
241:189649649:d=2015042400:TCOLC:entire atmosphere (considered as a single layer):2 hour fcst:
6:4671495:d=2015042400:TMP:2 m above ground:2 hour fcst:
7:5446476:d=2015042400:SPFH:2 m above ground:2 hour fcst:
8:6751688:d=2015042400:DPT:2 m above ground:2 hour fcst:
9:7502132:d=2015042400:RH:2 m above ground:2 hour fcst:
229:182190800:d=2015042400:TMAX:2 m above ground:1-2 hour max fcst:
230:182952225:d=2015042400:TMIN:2 m above ground:1-2 hour min fcst:
231:183722308:d=2015042400:MAXRH:2 m above ground:1-2 hour max fcst:
232:184327419:d=2015042400:MINRH:2 m above ground:1-2 hour min fcst:
9:7502132:d=2015042400:RH:2 m above ground:2 hour fcst:
64:44971440:d=2015042400:RH:30-0 mb above ground:2 hour fcst:
68:48415344:d=2015042400:RH:60-30 mb above ground:2 hour fcst:
71:51217703:d=2015042400:RH:90-60 mb above ground:2 hour fcst:
74:54007296:d=2015042400:RH:120-90 mb above ground:2 hour fcst:
77:56820249:d=2015042400:RH:150-120 mb above ground:2 hour fcst:
84:62011179:d=2015042400:RH:200 mb:2 hour fcst:
89:65649115:d=2015042400:RH:250 mb:2 hour fcst:
94:69412275:d=2015042400:RH:300 mb:2 hour fcst:
99:73271815:d=2015042400:RH:350 mb:2 hour fcst:
104:77165931:d=2015042400:RH:400 mb:2 hour fcst:
109:81078798:d=2015042400:RH:450 mb:2 hour fcst:
114:84997088:d=2015042400:RH:500 mb:2 hour fcst:
119:88925452:d=2015042400:RH:525 mb:2 hour fcst:
124:92861676:d=2015042400:RH:550 mb:2 hour fcst:
131:98564953:d=2015042400:RH:575 mb:2 hour fcst:
136:102525289:d=2015042400:RH:600 mb:2 hour fcst:
141:106497745:d=2015042400:RH:625 mb:2 hour fcst:
146:110492440:d=2015042400:RH:650 mb:2 hour fcst:
151:114506642:d=2015042400:RH:675 mb:2 hour fcst:
156:118541036:d=2015042400:RH:700 mb:2 hour fcst:
161:122599879:d=2015042400:RH:725 mb:2 hour fcst:
166:126698526:d=2015042400:RH:750 mb:2 hour fcst:
171:130820072:d=2015042400:RH:775 mb:2 hour fcst:
176:134988858:d=2015042400:RH:800 mb:2 hour fcst:
181:139207908:d=2015042400:RH:825 mb:2 hour fcst:
186:143494823:d=2015042400:RH:850 mb:2 hour fcst:
191:147832228:d=2015042400:RH:875 mb:2 hour fcst:
196:152227596:d=2015042400:RH:900 mb:2 hour fcst:
201:156641915:d=2015042400:RH:925 mb:2 hour fcst:
206:161046892:d=2015042400:RH:950 mb:2 hour fcst:
211:165525103:d=2015042400:RH:975 mb:2 hour fcst:
215:169103308:d=2015042400:RH:1000 mb:2 hour fcst:
10.1:8119749:d=2015042400:UGRD:10 m above ground:2 hour fcst:
10.2:8119749:d=2015042400:VGRD:10 m above ground:2 hour fcst:
233:184516391:d=2015042400:MAXUW:10 m above ground:1-2 hour max fcst:
234:185404065:d=2015042400:MAXVW:10 m above ground:1-2 hour max fcst:
96.1:70596843:d=2015042400:UGRD:300 mb:2 hour fcst:
188.1:144811931:d=2015042400:UGRD:850 mb:2 hour fcst:
203.1:157920615:d=2015042400:UGRD:925 mb:2 hour fcst:
96.2:70596843:d=2015042400:VGRD:300 mb:2 hour fcst:
188.2:144811931:d=2015042400:VGRD:850 mb:2 hour fcst:
203.2:157920615:d=2015042400:VGRD:925 mb:2 hour fcst:
92:67976119:d=2015042400:HGT:300 mb:2 hour fcst:
112:83558583:d=2015042400:HGT:500 mb:2 hour fcst:
184:141952393:d=2015042400:HGT:850 mb:2 hour fcst:
199:155054565:d=2015042400:HGT:925 mb:2 hour fcst:
13:10652396:d=2015042400:PWAT:entire atmosphere (considered as a single layer):2 hour fcst:
258:202152569:d=2015042400:PWAT:30-0 mb above ground:2 hour fcst:
66:47103247:d=2015042400:PLI:30-0 mb above ground:2 hour fcst:
227:181137759:d=2015042400:MXUPHL:5000-2000 m above ground:1-2 hour max fcst:
247:192598708:d=2015042400:UPHL:5000-2000 m above ground:2 hour fcst:
21:14999933:d=2015042400:MAXREF:1000 m above ground:1-2 hour max fcst:
224:179215341:d=2015042400:GUST:surface:2 hour fcst:
11:9715637:d=2015042400:CAPE:surface:2 hour fcst:
80:59575051:d=2015042400:CAPE:180-0 mb above ground:2 hour fcst:
17:13035738:d=2015042400:RETOP:entire atmosphere (considered as a single layer):2 hour fcst:
DONE WGRIB2ing 02 at Fri Apr 24 16:23:17 UTC 2015
rm: cannot remove `today_1hprecip_para.grd': No such file or directory
 Opening WMO Originating Center Table wmocenter.tbl...
 Opening WMO GRIB2 Parameter Table g2varswmo2.tbl...
 Opening WMO GRIB2 Vertical Coordinate Table g2vcrdwmo2.tbl...
Creating the GEMPAK grid file...
GEMPAK grid file is ready...

 MESG# GDT# DIS# CAT# ID#  PDT# VCD#    GEMPAK_TIME    LEVL1 LEVL2  VCRD PARM
    1   30    0    1    8    8    1   150424/0000F002      0        NONE P01M        
 Opening Local GRIB2 Parameter Table g2varsncep1.tbl...
    2   30    0    3  192    0  101   150424/0000F002      0        NONE EMSL        
    3   30    0   16  195    0   20   150424/0000F002    263        TMPL REFD        
    4   30    0   16  195    0  105   150424/0000F002      1        HYBL REFD        
    5   30    0   16  195    0  103   150424/0000F002   4000        HGHT REFD        
    6   30    0   16  195    0  103   150424/0000F002   1000        HGHT REFD        
 Opening Local GRIB2 Vertical Coordinate Table g2vcrdncep1.tbl...
    7   30    0   16  196    0  200   150424/0000F002      0        NONE REFC        
    8   30    0    1  204    0  200   150424/0000F002      0        NONE TCOLR       
    9   30    0    1  205    0  200   150424/0000F002      0        NONE TCOLS       
   10   30    0    6  198    0  200   150424/0000F002      0        NONE TCOLC       
   11   30    0    0    0    0  103   150424/0000F002      2        HGHT TMPK        
   12   30    0    1    0    0  103   150424/0000F002      2        HGHT SPFH        
   13   30    0    0    6    0  103   150424/0000F002      2        HGHT DWPK        
   14   30    0    1    1    0  103   150424/0000F002      2        HGHT RELH        
   15   30    0    0    4    8  103   150424/0000F002      2        HGHT TMXK01      
   16   30    0    0    5    8  103   150424/0000F002      2        HGHT TMNK01      
   20   30    0    1    1    0  108   150424/0000F002     30 0      PDLY RELH        
   21   30    0    1    1    0  108   150424/0000F002     60 30     PDLY RELH        
   22   30    0    1    1    0  108   150424/0000F002     90 60     PDLY RELH        
   23   30    0    1    1    0  108   150424/0000F002    120 90     PDLY RELH        
   24   30    0    1    1    0  108   150424/0000F002    150 120    PDLY RELH        
   25   30    0    1    1    0  100   150424/0000F002    200        PRES RELH        
   26   30    0    1    1    0  100   150424/0000F002    250        PRES RELH        
   27   30    0    1    1    0  100   150424/0000F002    300        PRES RELH        
   28   30    0    1    1    0  100   150424/0000F002    350        PRES RELH        
   29   30    0    1    1    0  100   150424/0000F002    400        PRES RELH        
   30   30    0    1    1    0  100   150424/0000F002    450        PRES RELH        
   31   30    0    1    1    0  100   150424/0000F002    500        PRES RELH        
   32   30    0    1    1    0  100   150424/0000F002    525        PRES RELH        
   33   30    0    1    1    0  100   150424/0000F002    550        PRES RELH        
   34   30    0    1    1    0  100   150424/0000F002    575        PRES RELH        
   35   30    0    1    1    0  100   150424/0000F002    600        PRES RELH        
   36   30    0    1    1    0  100   150424/0000F002    625        PRES RELH        
   37   30    0    1    1    0  100   150424/0000F002    650        PRES RELH        
   38   30    0    1    1    0  100   150424/0000F002    675        PRES RELH        
   39   30    0    1    1    0  100   150424/0000F002    700        PRES RELH        
   40   30    0    1    1    0  100   150424/0000F002    725        PRES RELH        
   41   30    0    1    1    0  100   150424/0000F002    750        PRES RELH        
   42   30    0    1    1    0  100   150424/0000F002    775        PRES RELH        
   43   30    0    1    1    0  100   150424/0000F002    800        PRES RELH        
   44   30    0    1    1    0  100   150424/0000F002    825        PRES RELH        
   45   30    0    1    1    0  100   150424/0000F002    850        PRES RELH        
   46   30    0    1    1    0  100   150424/0000F002    875        PRES RELH        
   47   30    0    1    1    0  100   150424/0000F002    900        PRES RELH        
   48   30    0    1    1    0  100   150424/0000F002    925        PRES RELH        
   49   30    0    1    1    0  100   150424/0000F002    950        PRES RELH        
   50   30    0    1    1    0  100   150424/0000F002    975        PRES RELH        

 MESG# GDT# DIS# CAT# ID#  PDT# VCD#    GEMPAK_TIME    LEVL1 LEVL2  VCRD PARM
   51   30    0    1    1    0  100   150424/0000F002   1000        PRES RELH        
   52   30    0    2    2    0  103   150424/0000F002     10        HGHT UREL        
   53   30    0    2    3    0  103   150424/0000F002     10        HGHT VREL        
   54   30    0    2  222    8  103   150424/0000F002     10        HGHT MAXUW01     
   55   30    0    2  223    8  103   150424/0000F002     10        HGHT MAXVW01     
   56   30    0    2    2    0  100   150424/0000F002    300        PRES UREL        
   57   30    0    2    2    0  100   150424/0000F002    850        PRES UREL        
   58   30    0    2    2    0  100   150424/0000F002    925        PRES UREL        
   59   30    0    2    3    0  100   150424/0000F002    300        PRES VREL        
   60   30    0    2    3    0  100   150424/0000F002    850        PRES VREL        
   61   30    0    2    3    0  100   150424/0000F002    925        PRES VREL        
   62   30    0    3    5    0  100   150424/0000F002    300        PRES HGHT        
   63   30    0    3    5    0  100   150424/0000F002    500        PRES HGHT        
   64   30    0    3    5    0  100   150424/0000F002    850        PRES HGHT        
   65   30    0    3    5    0  100   150424/0000F002    925        PRES HGHT        
   66   30    0    1    3    0  200   150424/0000F002      0        NONE PWTR        
   67   30    0    1    3    0  108   150424/0000F002     30 0      PDLY PWTR        
   68   30    0    7    0    0  108   150424/0000F002     30 0      PDLY LIFT        
   69   30    0    7  199    8  103   150424/0000F002   5000 2000   HGHT MXUPHL01    
   70   30    0    7  197    0  103   150424/0000F002   5000 2000   HGHT UPHL        
   71   30    0   16  198    8  103   150424/0000F002   1000        HGHT MXDBZ01     
   72   30    0    2   22    0    1   150424/0000F002      0        NONE GUST        
   73   30    0    7    6    0    1   150424/0000F002      0        NONE CAPE        
   74   30    0    7    6    0  108   150424/0000F002    180 0      PDLY CAPE        
   75   30    0   16  197    0  200   150424/0000F002      0        NONE ECHTOP      

 GRID FILE: today_1hprecip_para.grd

 GRID NAVIGATION: 
     PROJECTION:          LCC 
     ANGLES:                25.0   -95.0    25.0
     GRID SIZE:         14731025
     LL CORNER:              12.19   -133.46
     UR CORNER:              57.29    -49.39

 GRID ANALYSIS BLOCK: 
     ANALYSIS TYPE:        BARNES
     DELTAN:               4.000
     DELTAX:           -9999.000
     DELTAY:           -9999.000
     GRID AREA:            11.00 -154.00   62.00  -48.00
     EXTEND AREA:          11.00 -154.00   62.00  -48.00
     DATA AREA:            11.00 -154.00   62.00  -48.00

 Number of grids in file:    72

 Maximum number of grids in file:   4999

 First time in file: 150424/0000F002
 Last  time in file: 150424/0000F002



        75 GRIB messages were read or scanned from the GRIB file:
                                                             SPCPCP_radar.grb

        72 grids were written to the GEMPAK file:
                                                      today_1hprecip_para.grd

 GBFILE    GRIB data file name                
 GDOUTF    Output grid file                   
 PROJ      Map projection/angles/margins|dr  CED
 GRDAREA   Area covered by grid               
 KXKY      Number of grid points in x;y      10;10
 MAXGRD    Maximum number of grids           9999
 CPYFIL    Grid file whose navigation is to  GDS
 GAREA     Graphics area                     DSET
 OUTPUT    Output device/filename            T
 G2TBLS    Input GRIB2 decoding tables        
 G2DIAG    GRIB2 diagnostic elements          
 OVERWR    Overwr flag                       NO
 PDSEXT    Y or N, add PDS extension if fou  NO
 Parameters requested: GBFILE,GDOUTF,PROJ,GRDAREA,KXKY,MAXGRD,CPYFIL,GAREA,
 OUTPUT,G2TBLS,G2DIAG,OVERWR,PDSEXT.
 GEMPAK-NAGRIB2> GEMPAK-NAGRIB2> GEMPAK-NAGRIB2> GEMPAK-NAGRIB2> GEMPAK-NAGRIB2> GEMPAK-NAGRIB2> GEMPAK-NAGRIB2> GEMPAK-NAGRIB2> GEMPAK-NAGRIB2> GEMPAK-NAGRIB2> GEMPAK-NAGRIB2> GEMPAK-NAGRIB2> GEMPAK-NAGRIB2> GEMPAK-NAGRIB2> GEMPAK-NAGRIB2> [GB 1]  No GEMPAK parameter name defined for this grid.
 [GB -34]  Could not convert GRIB2 message to GEMPAK grid.
 [GB 1]  No GEMPAK parameter name defined for this grid.
 [GB -34]  Could not convert GRIB2 message to GEMPAK grid.
 [GD -10]  Grid already exists.
 Parameters requested: GBFILE,GDOUTF,PROJ,GRDAREA,KXKY,MAXGRD,CPYFIL,GAREA,
 OUTPUT,G2TBLS,G2DIAG,OVERWR,PDSEXT.
 GEMPAK-NAGRIB2> GEMPAK-NAGRIB2>rm: cannot remove `wrfcent4km_radar2_02.grb': No such file or directory
DONE nagribbing 02 at Fri Apr 24 16:23:41 UTC 2015
 GDFILE    Grid file                          
 GDATTIM   Grid date/time                    LAST
 GLEVEL    Grid level                        0
 GVCORD    Grid vertical coordinate          PRES
 PANEL     Panel loc/color/dash/width/regn   0
 SKIP      Skip_cntr/skip_plt_x;skip_plt_y   0
 SCALE     Scalar scale / vector scale       0
 GFUNC     Scalar grid                       TMPC
 CTYPE     Contour type:  C/F                C
 CONTUR    Subbox/smooth                     0
 CINT      Contour interval/min/max          0
 LINE      Color/type/width/label/smth/fltr  2/-12/1/2
 FINT      Fill interval/min/max             0
 FLINE     Fill colors/fill types            10-20
 HILO      Color/symbol/rng/rad/cnt/intp      
 HLSYM     HILO txt size/posn/font/wdth/hw    
 CLRBAR    Color/ornt/anch/x;y/ln;wd/freq|t   
 GVECT     Vector grid                        
 WIND      Wind symbol/siz/wdth/typ/hdsz     BK2/.5/.5/122/.5
 REFVEC    Mag;x;y;txtsiz/font/wdth/HW;labl   
 TITLE     Title color/line/title            32
 TEXT      Size/fnt/wdth/brdr/N-rot/just/hw  1
 CLEAR     Clear screen flag                 YES
 GAREA     Graphics area                     dset
 IJSKIP    Iskp;Istrt;Istp/Jskp;Jstrt;Jstp    
 PROJ      Map projection/angles/margins|dr   
 MAP       Map color/dash/width/filter flag  32/12/1
 MSCALE    fgc;bgc;mask/units/lat;hide/valu  0
 LATLON    Line color/dash/width/freq/inc/l   
 DEVICE    Device|name|x size;y size|color   XW
 STNPLT    Txtc/txt attr|marker attr|stnfil   
 Parameters requested: GDFILE,GDATTIM,GLEVEL,GVCORD,PANEL,SKIP,SCALE,GFUNC,
 CTYPE,CONTUR,CINT,LINE,FINT,FLINE,HILO,HLSYM,CLRBAR,GVECT,WIND,REFVEC,TITLE,
 TEXT,CLEAR,GAREA,IJSKIP,PROJ,MAP,MSCALE,LATLON,DEVICE,STNPLT.
 GEMPAK-GDPLOT> GEMPAK-GDPLOT> GEMPAK-GDPLOT> GEMPAK-GDPLOT> GEMPAK-GDPLOT> GEMPAK-GDPLOT> GEMPAK-GDPLOT> GEMPAK-GDPLOT> GEMPAK-GDPLOT> GEMPAK-GDPLOT> GEMPAK-GDPLOT> GEMPAK-GDPLOT> GEMPAK-GDPLOT> GEMPAK-GDPLOT> GEMPAK-GDPLOT> GEMPAK-GDPLOT> GEMPAK-GDPLOT> GEMPAK-GDPLOT> GEMPAK-GDPLOT> GEMPAK-GDPLOT> GEMPAK-GDPLOT> GEMPAK-GDPLOT> GEMPAK-GDPLOT> GEMPAK-GDPLOT> GEMPAK-GDPLOT> GEMPAK-GDPLOT> GEMPAK-GDPLOT> GEMPAK-GDPLOT> GEMPAK-GDPLOT> GEMPAK-GDPLOT> GEMPAK-GDPLOT> GEMPAK-GDPLOT> GEMPAK-GDPLOT> GEMPAK-GDPLOT> GEMPAK-GDPLOT> GEMPAK-GDPLOT>
 PARAMETERS FOR GDPLOT: 

 Grid file: today_1hprecip_para.grd                                                                                                         
 TIMES:    150424/0000F002                     

 GRID IDENTIFIER: 
    LEVEL VCORD PARM                            WPARM
        0  NONE P01I                                                       

 GAREA:  21.0;-121.0;49.0;-62.6                                                                                                          
 Parameters requested: GDFILE,GDATTIM,GLEVEL,GVCORD,PANEL,SKIP,SCALE,GFUNC,
 CTYPE,CONTUR,CINT,LINE,FINT,FLINE,HILO,HLSYM,CLRBAR,GVECT,WIND,REFVEC,TITLE,
 TEXT,CLEAR,GAREA,IJSKIP,PROJ,MAP,MSCALE,LATLON,DEVICE,STNPLT.
 GEMPAK-GDPLOT> GEMPAK-GDPLOT> GEMPAK-GDPLOT> GEMPAK-GDPLOT> GEMPAK-GDPLOT> GEMPAK-GDPLOT> GEMPAK-GDPLOT> GEMPAK-GDPLOT> GEMPAK-GDPLOT> GEMPAK-GDPLOT> GEMPAK-GDPLOT> GEMPAK-GDPLOT>
 PARAMETERS FOR GDPLOT: 

 Grid file: today_1hprecip_para.grd                                                                                                         
 TIMES:    150424/0000F002                     

 GRID IDENTIFIER: 
    LEVEL VCORD PARM                            WPARM
       10  HGHT SM5S(EMSL)                      OBS@10%HGHT                

 GAREA:  21.0;-121.0;49.0;-62.6                                                                                                          
 Parameters requested: GDFILE,GDATTIM,GLEVEL,GVCORD,PANEL,SKIP,SCALE,GFUNC,
 CTYPE,CONTUR,CINT,LINE,FINT,FLINE,HILO,HLSYM,CLRBAR,GVECT,WIND,REFVEC,TITLE,
 TEXT,CLEAR,GAREA,IJSKIP,PROJ,MAP,MSCALE,LATLON,DEVICE,STNPLT.
 GEMPAK-GDPLOT> GEMPAK-GDPLOT> GEMPAK-GDPLOT> GEMPAK-GDPLOT> GEMPAK-GDPLOT> GEMPAK-GDPLOT> GEMPAK-GDPLOT> GEMPAK-GDPLOT> GEMPAK-GDPLOT> GEMPAK-GDPLOT> GEMPAK-GDPLOT> GEMPAK-GDPLOT> GEMPAK-GDPLOT> GEMPAK-GDPLOT> GEMPAK-GDPLOT> GEMPAK-GDPLOT> GEMPAK-GDPLOT> GEMPAK-GDPLOT> GEMPAK-GDPLOT> GEMPAK-GDPLOT> GEMPAK-GDPLOT> GEMPAK-GDPLOT> GEMPAK-GDPLOT> GEMPAK-GDPLOT> GEMPAK-GDPLOT>
 PARAMETERS FOR GDPLOT: 

 Grid file: today_1hprecip_para.grd                                                                                                         
 TIMES:    150424/0000F002                     

 GRID IDENTIFIER: 
    LEVEL VCORD PARM                            WPARM
        0  NONE REFC                                                       

 GAREA:  21.0;-121.0;49.0;-62.6                                                                                                          
 Parameters requested: GDFILE,GDATTIM,GLEVEL,GVCORD,PANEL,SKIP,SCALE,GFUNC,
 CTYPE,CONTUR,CINT,LINE,FINT,FLINE,HILO,HLSYM,CLRBAR,GVECT,WIND,REFVEC,TITLE,
 TEXT,CLEAR,GAREA,IJSKIP,PROJ,MAP,MSCALE,LATLON,DEVICE,STNPLT.
 GEMPAK-GDPLOT> GEMPAK-GDPLOT> GEMPAK-GDPLOT> GEMPAK-GDPLOT> GEMPAK-GDPLOT> GEMPAK-GDPLOT> GEMPAK-GDPLOT> GEMPAK-GDPLOT> GEMPAK-GDPLOT>
 PARAMETERS FOR GDPLOT: 

 Grid file: today_1hprecip_para.grd                                                                                                         
 TIMES:    150424/0000F002                     

 GRID IDENTIFIER: 
    LEVEL VCORD PARM                            WPARM
     1000  HGHT REFD                                                       

 GAREA:  21.0;-121.0;49.0;-62.6                                                                                                          
 Parameters requested: GDFILE,GDATTIM,GLEVEL,GVCORD,PANEL,SKIP,SCALE,GFUNC,
 CTYPE,CONTUR,CINT,LINE,FINT,FLINE,HILO,HLSYM,CLRBAR,GVECT,WIND,REFVEC,TITLE,
 TEXT,CLEAR,GAREA,IJSKIP,PROJ,MAP,MSCALE,LATLON,DEVICE,STNPLT.
 GEMPAK-GDPLOT> GEMPAK-GDPLOT> GEMPAK-GDPLOT> GEMPAK-GDPLOT> GEMPAK-GDPLOT> GEMPAK-GDPLOT> GEMPAK-GDPLOT> GEMPAK-GDPLOT> GEMPAK-GDPLOT> GEMPAK-GDPLOT>
 PARAMETERS FOR GDPLOT: 

 Grid file: today_1hprecip_para.grd                                                                                                         
 TIMES:    150424/0000F002                     

 GRID IDENTIFIER: 
    LEVEL VCORD PARM                            WPARM
        0  NONE TCOLC                                                      

 GAREA:  21.0;-121.0;49.0;-62.6                                                                                                          
 Parameters requested: GDFILE,GDATTIM,GLEVEL,GVCORD,PANEL,SKIP,SCALE,GFUNC,
 CTYPE,CONTUR,CINT,LINE,FINT,FLINE,HILO,HLSYM,CLRBAR,GVECT,WIND,REFVEC,TITLE,
 TEXT,CLEAR,GAREA,IJSKIP,PROJ,MAP,MSCALE,LATLON,DEVICE,STNPLT.
 GEMPAK-GDPLOT> GEMPAK-GDPLOT> GEMPAK-GDPLOT> GEMPAK-GDPLOT> GEMPAK-GDPLOT> GEMPAK-GDPLOT> GEMPAK-GDPLOT> GEMPAK-GDPLOT>
 PARAMETERS FOR GDPLOT: 

 Grid file: today_1hprecip_para.grd                                                                                                         
 TIMES:    150424/0000F002                     

 GRID IDENTIFIER: 
    LEVEL VCORD PARM                            WPARM
        2  HGHT TMPC                                                       

 GAREA:  21.0;-121.0;49.0;-62.6                                                                                                          
 Parameters requested: GDFILE,GDATTIM,GLEVEL,GVCORD,PANEL,SKIP,SCALE,GFUNC,
 CTYPE,CONTUR,CINT,LINE,FINT,FLINE,HILO,HLSYM,CLRBAR,GVECT,WIND,REFVEC,TITLE,
 TEXT,CLEAR,GAREA,IJSKIP,PROJ,MAP,MSCALE,LATLON,DEVICE,STNPLT.
 GEMPAK-GDPLOT> GEMPAK-GDPLOT> GEMPAK-GDPLOT> GEMPAK-GDPLOT> GEMPAK-GDPLOT> GEMPAK-GDPLOT> GEMPAK-GDPLOT>
 PARAMETERS FOR GDPLOT: 

 Grid file: today_1hprecip_para.grd                                                                                                         
 TIMES:    150424/0000F002                     

 GRID IDENTIFIER: 
    LEVEL VCORD PARM                            WPARM
        2  HGHT DWPC                                                       

 GAREA:  21.0;-121.0;49.0;-62.6                                                                                                          
 Parameters requested: GDFILE,GDATTIM,GLEVEL,GVCORD,PANEL,SKIP,SCALE,GFUNC,
 CTYPE,CONTUR,CINT,LINE,FINT,FLINE,HILO,HLSYM,CLRBAR,GVECT,WIND,REFVEC,TITLE,
 TEXT,CLEAR,GAREA,IJSKIP,PROJ,MAP,MSCALE,LATLON,DEVICE,STNPLT.
 GEMPAK-GDPLOT> GEMPAK-GDPLOT> GEMPAK-GDPLOT> GEMPAK-GDPLOT> GEMPAK-GDPLOT> GEMPAK-GDPLOT> GEMPAK-GDPLOT> GEMPAK-GDPLOT> GEMPAK-GDPLOT> GEMPAK-GDPLOT> GEMPAK-GDPLOT> GEMPAK-GDPLOT> GEMPAK-GDPLOT> GEMPAK-GDPLOT> GEMPAK-GDPLOT> GEMPAK-GDPLOT> GEMPAK-GDPLOT> GEMPAK-GDPLOT> GEMPAK-GDPLOT> GEMPAK-GDPLOT>
 PARAMETERS FOR GDPLOT: 

 Grid file: today_1hprecip_para.grd                                                                                                         
 TIMES:    150424/0000F002                     

 GRID IDENTIFIER: 
    LEVEL VCORD PARM                            WPARM
      180  PDLY CAPE                                                       

 GAREA:  21.0;-121.0;49.0;-62.6                                                                                                          
 Parameters requested: GDFILE,GDATTIM,GLEVEL,GVCORD,PANEL,SKIP,SCALE,GFUNC,
 CTYPE,CONTUR,CINT,LINE,FINT,FLINE,HILO,HLSYM,CLRBAR,GVECT,WIND,REFVEC,TITLE,
 TEXT,CLEAR,GAREA,IJSKIP,PROJ,MAP,MSCALE,LATLON,DEVICE,STNPLT.
 GEMPAK-GDPLOT> GEMPAK-GDPLOT> GEMPAK-GDPLOT> GEMPAK-GDPLOT> GEMPAK-GDPLOT> GEMPAK-GDPLOT> GEMPAK-GDPLOT> GEMPAK-GDPLOT> GEMPAK-GDPLOT> GEMPAK-GDPLOT> GEMPAK-GDPLOT> GEMPAK-GDPLOT>
 PARAMETERS FOR GDPLOT: 

 Grid file: today_1hprecip_para.grd                                                                                                         
 TIMES:    150424/0000F002                     

 GRID IDENTIFIER: 
    LEVEL VCORD PARM                            WPARM
       30  PDLY SM5S(LIFT)                                                 

 GAREA:  21.0;-121.0;49.0;-62.6                                                                                                          
 Parameters requested: GDFILE,GDATTIM,GLEVEL,GVCORD,PANEL,SKIP,SCALE,GFUNC,
 CTYPE,CONTUR,CINT,LINE,FINT,FLINE,HILO,HLSYM,CLRBAR,GVECT,WIND,REFVEC,TITLE,
 TEXT,CLEAR,GAREA,IJSKIP,PROJ,MAP,MSCALE,LATLON,DEVICE,STNPLT.
 GEMPAK-GDPLOT> GEMPAK-GDPLOT> GEMPAK-GDPLOT> GEMPAK-GDPLOT> GEMPAK-GDPLOT> GEMPAK-GDPLOT> GEMPAK-GDPLOT>
 PARAMETERS FOR GDPLOT: 

 Grid file: today_1hprecip_para.grd                                                                                                         
 TIMES:    150424/0000F002                     

 GRID IDENTIFIER: 
    LEVEL VCORD PARM                            WPARM
       30  PDLY SM5S(LIFT)                                                 

 GAREA:  21.0;-121.0;49.0;-62.6                                                                                                          
 Parameters requested: GDFILE,GDATTIM,GLEVEL,GVCORD,PANEL,SKIP,SCALE,GFUNC,
 CTYPE,CONTUR,CINT,LINE,FINT,FLINE,HILO,HLSYM,CLRBAR,GVECT,WIND,REFVEC,TITLE,
 TEXT,CLEAR,GAREA,IJSKIP,PROJ,MAP,MSCALE,LATLON,DEVICE,STNPLT.
 GEMPAK-GDPLOT> GEMPAK-GDPLOT> GEMPAK-GDPLOT> GEMPAK-GDPLOT> GEMPAK-GDPLOT> GEMPAK-GDPLOT> GEMPAK-GDPLOT> GEMPAK-GDPLOT> GEMPAK-GDPLOT> GEMPAK-GDPLOT> GEMPAK-GDPLOT>
 PARAMETERS FOR GDPLOT: 

 Grid file: today_1hprecip_para.grd                                                                                                         
 TIMES:    150424/0000F002                     

 GRID IDENTIFIER: 
    LEVEL VCORD PARM                            WPARM
        0  NONE SM9S(QUO(PWTR,25.4))                                       

 GAREA:  21.0;-121.0;49.0;-62.6                                                                                                          
 Parameters requested: GDFILE,GDATTIM,GLEVEL,GVCORD,PANEL,SKIP,SCALE,GFUNC,
 CTYPE,CONTUR,CINT,LINE,FINT,FLINE,HILO,HLSYM,CLRBAR,GVECT,WIND,REFVEC,TITLE,
 TEXT,CLEAR,GAREA,IJSKIP,PROJ,MAP,MSCALE,LATLON,DEVICE,STNPLT.
 GEMPAK-GDPLOT> GEMPAK-GDPLOT> GEMPAK-GDPLOT> GEMPAK-GDPLOT> GEMPAK-GDPLOT> GEMPAK-GDPLOT> GEMPAK-GDPLOT>
 PARAMETERS FOR GDPLOT: 

 Grid file: today_1hprecip_para.grd                                                                                                         
 TIMES:    150424/0000F002                     

 GRID IDENTIFIER: 
    LEVEL VCORD PARM                            WPARM
        0  NONE SM9S(QUO(PWTR,25.4))                                       

 GAREA:  21.0;-121.0;49.0;-62.6                                                                                                          
 [GEMPLT 1]  NCTRLP - Broke out of contour loop.
 [GEMPLT 1]  NCTRLP - Broke out of contour loop.
 Parameters requested: GDFILE,GDATTIM,GLEVEL,GVCORD,PANEL,SKIP,SCALE,GFUNC,
 CTYPE,CONTUR,CINT,LINE,FINT,FLINE,HILO,HLSYM,CLRBAR,GVECT,WIND,REFVEC,TITLE,
 TEXT,CLEAR,GAREA,IJSKIP,PROJ,MAP,MSCALE,LATLON,DEVICE,STNPLT.
 GEMPAK-GDPLOT> GEMPAK-GDPLOT> GEMPAK-GDPLOT> GEMPAK-GDPLOT> GEMPAK-GDPLOT> GEMPAK-GDPLOT> GEMPAK-GDPLOT> GEMPAK-GDPLOT> GEMPAK-GDPLOT> GEMPAK-GDPLOT> GEMPAK-GDPLOT> GEMPAK-GDPLOT> GEMPAK-GDPLOT> GEMPAK-GDPLOT> GEMPAK-GDPLOT> GEMPAK-GDPLOT> GEMPAK-GDPLOT> GEMPAK-GDPLOT> GEMPAK-GDPLOT> GEMPAK-GDPLOT> GEMPAK-GDPLOT> GEMPAK-GDPLOT> GEMPAK-GDPLOT> GEMPAK-GDPLOT> GEMPAK-GDPLOT> GEMPAK-GDPLOT> GEMPAK-GDPLOT> GEMPAK-GDPLOT>
 PARAMETERS FOR GDPLOT: 

 Grid file: today_1hprecip_para.grd                                                                                                         
 TIMES:    150424/0000F002                     

 GRID IDENTIFIER: 
    LEVEL VCORD PARM                            WPARM
     1000  HGHT MXDBZ01                                                    

 GAREA:  21.0;-121.0;49.0;-62.6                                                                                                          
 Parameters requested: GDFILE,GDATTIM,GLEVEL,GVCORD,PANEL,SKIP,SCALE,GFUNC,
 CTYPE,CONTUR,CINT,LINE,FINT,FLINE,HILO,HLSYM,CLRBAR,GVECT,WIND,REFVEC,TITLE,
 TEXT,CLEAR,GAREA,IJSKIP,PROJ,MAP,MSCALE,LATLON,DEVICE,STNPLT.
 GEMPAK-GDPLOT> GEMPAK-GDPLOT> GEMPAK-GDPLOT> GEMPAK-GDPLOT> GEMPAK-GDPLOT> GEMPAK-GDPLOT> GEMPAK-GDPLOT> GEMPAK-GDPLOT> GEMPAK-GDPLOT>
 PARAMETERS FOR GDPLOT: 

 Grid file: today_1hprecip_para.grd                                                                                                         
 TIMES:    150424/0000F002                     

 GRID IDENTIFIER: 
    LEVEL VCORD PARM                            WPARM
        0  NONE MUL(ECHTOP,3.28084)                                        

 GAREA:  21.0;-121.0;49.0;-62.6                                                                                                          
 Parameters requested: GDFILE,GDATTIM,GLEVEL,GVCORD,PANEL,SKIP,SCALE,GFUNC,
 CTYPE,CONTUR,CINT,LINE,FINT,FLINE,HILO,HLSYM,CLRBAR,GVECT,WIND,REFVEC,TITLE,
 TEXT,CLEAR,GAREA,IJSKIP,PROJ,MAP,MSCALE,LATLON,DEVICE,STNPLT.
 GEMPAK-GDPLOT> GEMPAK-GDPLOT> GEMPAK-GDPLOT> GEMPAK-GDPLOT> GEMPAK-GDPLOT> GEMPAK-GDPLOT> GEMPAK-GDPLOT> GEMPAK-GDPLOT> GEMPAK-GDPLOT> GEMPAK-GDPLOT>
 PARAMETERS FOR GDPLOT: 

 Grid file: today_1hprecip_para.grd                                                                                                         
 TIMES:    150424/0000F002                     

 GRID IDENTIFIER: 
    LEVEL VCORD PARM                            WPARM
        0  NONE MUL(GUST,1.944)                                            

 GAREA:  21.0;-121.0;49.0;-62.6                                                                                                          
 Parameters requested: GDFILE,GDATTIM,GLEVEL,GVCORD,PANEL,SKIP,SCALE,GFUNC,
 CTYPE,CONTUR,CINT,LINE,FINT,FLINE,HILO,HLSYM,CLRBAR,GVECT,WIND,REFVEC,TITLE,
 TEXT,CLEAR,GAREA,IJSKIP,PROJ,MAP,MSCALE,LATLON,DEVICE,STNPLT.
 GEMPAK-GDPLOT> GEMPAK-GDPLOT> GEMPAK-GDPLOT> GEMPAK-GDPLOT> GEMPAK-GDPLOT> GEMPAK-GDPLOT> GEMPAK-GDPLOT> GEMPAK-GDPLOT> GEMPAK-GDPLOT> GEMPAK-GDPLOT> GEMPAK-GDPLOT> GEMPAK-GDPLOT>
 PARAMETERS FOR GDPLOT: 

 Grid file: today_1hprecip_para.grd                                                                                                         
 TIMES:    150424/0000F002                     

 GRID IDENTIFIER: 
    LEVEL VCORD PARM                            WPARM
      300  PRES MAG(OBS)                                                   

 GAREA:  21.0;-121.0;49.0;-62.6                                                                                                          
 Parameters requested: GDFILE,GDATTIM,GLEVEL,GVCORD,PANEL,SKIP,SCALE,GFUNC,
 CTYPE,CONTUR,CINT,LINE,FINT,FLINE,HILO,HLSYM,CLRBAR,GVECT,WIND,REFVEC,TITLE,
 TEXT,CLEAR,GAREA,IJSKIP,PROJ,MAP,MSCALE,LATLON,DEVICE,STNPLT.
 GEMPAK-GDPLOT> GEMPAK-GDPLOT> GEMPAK-GDPLOT> GEMPAK-GDPLOT> GEMPAK-GDPLOT> GEMPAK-GDPLOT> GEMPAK-GDPLOT> GEMPAK-GDPLOT> GEMPAK-GDPLOT>
 PARAMETERS FOR GDPLOT: 

 Grid file: today_1hprecip_para.grd                                                                                                         
 TIMES:    150424/0000F002                     

 GRID IDENTIFIER: 
    LEVEL VCORD PARM                            WPARM
      300  PRES SM5S(HGHT)                                                 

 GAREA:  21.0;-121.0;49.0;-62.6                                                                                                          
 Parameters requested: GDFILE,GDATTIM,GLEVEL,GVCORD,PANEL,SKIP,SCALE,GFUNC,
 CTYPE,CONTUR,CINT,LINE,FINT,FLINE,HILO,HLSYM,CLRBAR,GVECT,WIND,REFVEC,TITLE,
 TEXT,CLEAR,GAREA,IJSKIP,PROJ,MAP,MSCALE,LATLON,DEVICE,STNPLT.
 GEMPAK-GDPLOT> GEMPAK-GDPLOT> GEMPAK-GDPLOT> GEMPAK-GDPLOT> GEMPAK-GDPLOT> GEMPAK-GDPLOT> GEMPAK-GDPLOT> GEMPAK-GDPLOT> GEMPAK-GDPLOT> GEMPAK-GDPLOT>
 PARAMETERS FOR GDPLOT: 

 Grid file: today_1hprecip_para.grd                                                                                                         
 TIMES:    150424/0000F002                     

 GRID IDENTIFIER: 
    LEVEL VCORD PARM                            WPARM
      500  PRES SM5S(HGHT)                                                 

 GAREA:  21.0;-121.0;49.0;-62.6                                                                                                          
 Parameters requested: GDFILE,GDATTIM,GLEVEL,GVCORD,PANEL,SKIP,SCALE,GFUNC,
 CTYPE,CONTUR,CINT,LINE,FINT,FLINE,HILO,HLSYM,CLRBAR,GVECT,WIND,REFVEC,TITLE,
 TEXT,CLEAR,GAREA,IJSKIP,PROJ,MAP,MSCALE,LATLON,DEVICE,STNPLT.
 GEMPAK-GDPLOT> GEMPAK-GDPLOT> GEMPAK-GDPLOT> GEMPAK-GDPLOT> GEMPAK-GDPLOT> GEMPAK-GDPLOT> GEMPAK-GDPLOT> GEMPAK-GDPLOT> GEMPAK-GDPLOT> GEMPAK-GDPLOT>
 PARAMETERS FOR GDPLOT: 

 Grid file: today_1hprecip_para.grd                                                                                                         
 TIMES:    150424/0000F002                     

 GRID IDENTIFIER: 
    LEVEL VCORD PARM                            WPARM
      850  PRES RELH                            OBS                        

 GAREA:  21.0;-121.0;49.0;-62.6                                                                                                          
 Parameters requested: GDFILE,GDATTIM,GLEVEL,GVCORD,PANEL,SKIP,SCALE,GFUNC,
 CTYPE,CONTUR,CINT,LINE,FINT,FLINE,HILO,HLSYM,CLRBAR,GVECT,WIND,REFVEC,TITLE,
 TEXT,CLEAR,GAREA,IJSKIP,PROJ,MAP,MSCALE,LATLON,DEVICE,STNPLT.
 GEMPAK-GDPLOT> GEMPAK-GDPLOT> GEMPAK-GDPLOT> GEMPAK-GDPLOT> GEMPAK-GDPLOT> GEMPAK-GDPLOT> GEMPAK-GDPLOT>
 PARAMETERS FOR GDPLOT: 

 Grid file: today_1hprecip_para.grd                                                                                                         
 TIMES:    150424/0000F002                     

 GRID IDENTIFIER: 
    LEVEL VCORD PARM                            WPARM
      850  PRES SM5S(HGHT)                      OBS                        

 GAREA:  21.0;-121.0;49.0;-62.6                                                                                                          
 Parameters requested: GDFILE,GDATTIM,GLEVEL,GVCORD,PANEL,SKIP,SCALE,GFUNC,
 CTYPE,CONTUR,CINT,LINE,FINT,FLINE,HILO,HLSYM,CLRBAR,GVECT,WIND,REFVEC,TITLE,
 TEXT,CLEAR,GAREA,IJSKIP,PROJ,MAP,MSCALE,LATLON,DEVICE,STNPLT.
 GEMPAK-GDPLOT> GEMPAK-GDPLOT> GEMPAK-GDPLOT> GEMPAK-GDPLOT> GEMPAK-GDPLOT> GEMPAK-GDPLOT> GEMPAK-GDPLOT> GEMPAK-GDPLOT> GEMPAK-GDPLOT> GEMPAK-GDPLOT> GEMPAK-GDPLOT>
 PARAMETERS FOR GDPLOT: 

 Grid file: today_1hprecip_para.grd                                                                                                         
 TIMES:    150424/0000F002                     

 GRID IDENTIFIER: 
    LEVEL VCORD PARM                            WPARM
      925  PRES SM5S(HGHT)                      OBS                        

 GAREA:  21.0;-121.0;49.0;-62.6                                                                                                          
 Parameters requested: GDFILE,GDATTIM,GLEVEL,GVCORD,PANEL,SKIP,SCALE,GFUNC,
 CTYPE,CONTUR,CINT,LINE,FINT,FLINE,HILO,HLSYM,CLRBAR,GVECT,WIND,REFVEC,TITLE,
 TEXT,CLEAR,GAREA,IJSKIP,PROJ,MAP,MSCALE,LATLON,DEVICE,STNPLT.
 GEMPAK-GDPLOT> GEMPAK-GDPLOT> GDFILE    Grid file                         today_1hprecip_para.grd
 GDATTIM   Grid date/time                    f02
 GLEVEL    Grid level                        925
 GVCORD    Grid vertical coordinate          pres
 PANEL     Panel loc/color/dash/width/regn   0/4//1
 SKIP      Skip_cntr/skip_plt_x;skip_plt_y   /12
 SCALE     Scalar scale / vector scale       0
 GFUNC     Scalar grid                       sm5s(hght)
 CTYPE     Contour type:  C/F                c
 CONTUR    Subbox/smooth                     0
 CINT      Contour interval/min/max          30
 LINE      Color/type/width/label/smth/fltr  32/-12/1/0/1/0/T
 FINT      Fill interval/min/max             70;80;90;98
 FLINE     Fill colors/fill types            0;21-24
 HILO      Color/symbol/rng/rad/cnt/intp      
 HLSYM     HILO txt size/posn/font/wdth/hw    
 CLRBAR    Color/ornt/anch/x;y/ln;wd/freq|t  32/H/LL/.07;.035/.85;.009|.82/2/.82/111/SW
 GVECT     Vector grid                       obs
 WIND      Wind symbol/siz/wdth/typ/hdsz     bk32/.35/.35/122/.4
 REFVEC    Mag;x;y;txtsiz/font/wdth/HW;labl  20.;.01;.01;1.0
 TITLE     Title color/line/title            32/0/ ^ para arw 925 Z,winds
 TEXT      Size/fnt/wdth/brdr/N-rot/just/hw  1.6/23/2.0/SW
 CLEAR     Clear screen flag                 y
 GAREA     Graphics area                     21.0;-121.0;49.0;-62.6
 IJSKIP    Iskp;Istrt;Istp/Jskp;Jstrt;Jstp   1
 PROJ      Map projection/angles/margins|dr  lcc/25;-95;25
 MAP       Map color/dash/width/filter flag  32/12/1
 MSCALE    fgc;bgc;mask/units/lat;hide/valu  0
 LATLON    Line color/dash/width/freq/inc/l  0
 DEVICE    Device|name|x size;y size|color   gif|para_arw_925winds_f02.gif|900;720|C
 STNPLT    Txtc/txt attr|marker attr|stnfil   
 Parameters requested: GDFILE,GDATTIM,GLEVEL,GVCORD,PANEL,SKIP,SCALE,GFUNC,
 CTYPE,CONTUR,CINT,LINE,FINT,FLINE,HILO,HLSYM,CLRBAR,GVECT,WIND,REFVEC,TITLE,
 TEXT,CLEAR,GAREA,IJSKIP,PROJ,MAP,MSCALE,LATLON,DEVICE,STNPLT.
 GEMPAK-GDPLOT> GEMPAK-GDPLOT> GEMPAK-GDPLOT> GEMPAK-GDPLOT> GEMPAK-GDPLOT> GEMPAK-GDPLOT> GEMPAK-GDPLOT> GEMPAK-GDPLOT> GEMPAK-GDPLOT> GEMPAK-GDPLOT> GEMPAK-GDPLOT> GEMPAK-GDPLOT> GEMPAK-GDPLOT> GEMPAK-GDPLOT> GEMPAK-GDPLOT> GEMPAK-GDPLOT> GEMPAK-GDPLOT> [GG -2]  Area SW;SW;SW;SW is an invalid graphics area.
 Parameters requested: GDFILE,GDATTIM,GLEVEL,GVCORD,PANEL,SKIP,SCALE,GFUNC,
 CTYPE,CONTUR,CINT,LINE,FINT,FLINE,HILO,HLSYM,CLRBAR,GVECT,WIND,REFVEC,TITLE,
 TEXT,CLEAR,GAREA,IJSKIP,PROJ,MAP,MSCALE,LATLON,DEVICE,STNPLT.
 GEMPAK-GDPLOT> GEMPAK-GDPLOT> GEMPAK-GDPLOT> GEMPAK-GDPLOT> GEMPAK-GDPLOT> GEMPAK-GDPLOT> GEMPAK-GDPLOT> [GG -2]  Area SW;SW;SW;SW is an invalid graphics area.
 Parameters requested: GDFILE,GDATTIM,GLEVEL,GVCORD,PANEL,SKIP,SCALE,GFUNC,
 CTYPE,CONTUR,CINT,LINE,FINT,FLINE,HILO,HLSYM,CLRBAR,GVECT,WIND,REFVEC,TITLE,
 TEXT,CLEAR,GAREA,IJSKIP,PROJ,MAP,MSCALE,LATLON,DEVICE,STNPLT.
 GEMPAK-GDPLOT> GEMPAK-GDPLOT> GEMPAK-GDPLOT> GEMPAK-GDPLOT> GEMPAK-GDPLOT> GEMPAK-GDPLOT> GEMPAK-GDPLOT> GEMPAK-GDPLOT> GEMPAK-GDPLOT> [GG -2]  Area SW;SW;SW;SW is an invalid graphics area.
 Parameters requested: GDFILE,GDATTIM,GLEVEL,GVCORD,PANEL,SKIP,SCALE,GFUNC,
 CTYPE,CONTUR,CINT,LINE,FINT,FLINE,HILO,HLSYM,CLRBAR,GVECT,WIND,REFVEC,TITLE,
 TEXT,CLEAR,GAREA,IJSKIP,PROJ,MAP,MSCALE,LATLON,DEVICE,STNPLT.
 GEMPAK-GDPLOT> GEMPAK-GDPLOT> GEMPAK-GDPLOT> GEMPAK-GDPLOT> GEMPAK-GDPLOT> GEMPAK-GDPLOT> GEMPAK-GDPLOT> GEMPAK-GDPLOT> GEMPAK-GDPLOT> GEMPAK-GDPLOT> GEMPAK-GDPLOT> GEMPAK-GDPLOT> GEMPAK-GDPLOT> GEMPAK-GDPLOT> GEMPAK-GDPLOT> GEMPAK-GDPLOT> [GG -2]  Area SW;SW;SW;SW is an invalid graphics area.
 Parameters requested: GDFILE,GDATTIM,GLEVEL,GVCORD,PANEL,SKIP,SCALE,GFUNC,
 CTYPE,CONTUR,CINT,LINE,FINT,FLINE,HILO,HLSYM,CLRBAR,GVECT,WIND,REFVEC,TITLE,
 TEXT,CLEAR,GAREA,IJSKIP,PROJ,MAP,MSCALE,LATLON,DEVICE,STNPLT.
 GEMPAK-GDPLOT> GEMPAK-GDPLOT> GEMPAK-GDPLOT> GEMPAK-GDPLOT> GEMPAK-GDPLOT> GEMPAK-GDPLOT> GEMPAK-GDPLOT> GEMPAK-GDPLOT> GEMPAK-GDPLOT> GEMPAK-GDPLOT> GEMPAK-GDPLOT> GEMPAK-GDPLOT> [GG -2]  Area SW;SW;SW;SW is an invalid graphics area.
 Parameters requested: GDFILE,GDATTIM,GLEVEL,GVCORD,PANEL,SKIP,SCALE,GFUNC,
 CTYPE,CONTUR,CINT,LINE,FINT,FLINE,HILO,HLSYM,CLRBAR,GVECT,WIND,REFVEC,TITLE,
 TEXT,CLEAR,GAREA,IJSKIP,PROJ,MAP,MSCALE,LATLON,DEVICE,STNPLT.
 GEMPAK-GDPLOT> GEMPAK-GDPLOT> GDFILE    Grid file                         today_1hprecip_para.grd
 GDATTIM   Grid date/time                    f02
 GLEVEL    Grid level                        0
 GVCORD    Grid vertical coordinate          none
 PANEL     Panel loc/color/dash/width/regn   0/4//1
 SKIP      Skip_cntr/skip_plt_x;skip_plt_y   /12
 SCALE     Scalar scale / vector scale       0
 GFUNC     Scalar grid                       sm5s(emsl)
 CTYPE     Contour type:  C/F                c
 CONTUR    Subbox/smooth                     3
 CINT      Contour interval/min/max          4
 LINE      Color/type/width/label/smth/fltr  4/-12/1/0/1/0/T
 FINT      Fill interval/min/max             0.01;.05;.1;.15;.2;.3;.5;.75;1;1.5;2
 FLINE     Fill colors/fill types            0;23;22;21;20;19;10;17;16;15;14;29;28;24;25
 HILO      Color/symbol/rng/rad/cnt/intp      
 HLSYM     HILO txt size/posn/font/wdth/hw    
 CLRBAR    Color/ornt/anch/x;y/ln;wd/freq|t  32/H/LL/.07;.005/.85;.009|.82/2/.82/111/SW
 GVECT     Vector grid                       obs@10%hght
 WIND      Wind symbol/siz/wdth/typ/hdsz     bk32/.35/.35/122/.4
 REFVEC    Mag;x;y;txtsiz/font/wdth/HW;labl  20.;.01;.01;1.0
 TITLE     Title color/line/title            0
 TEXT      Size/fnt/wdth/brdr/N-rot/just/hw  1.6/23/2.0/SW
 CLEAR     Clear screen flag                 n
 GAREA     Graphics area                     SW;SW;SW;SW
 IJSKIP    Iskp;Istrt;Istp/Jskp;Jstrt;Jstp   0
 PROJ      Map projection/angles/margins|dr  lcc/25;-95;25
 MAP       Map color/dash/width/filter flag  32/12/1
 MSCALE    fgc;bgc;mask/units/lat;hide/valu  0
 LATLON    Line color/dash/width/freq/inc/l  0
 DEVICE    Device|name|x size;y size|color   gif|para_arw_1h_SW_f02.gif|900;720|C
 STNPLT    Txtc/txt attr|marker attr|stnfil   
 Parameters requested: GDFILE,GDATTIM,GLEVEL,GVCORD,PANEL,SKIP,SCALE,GFUNC,
 CTYPE,CONTUR,CINT,LINE,FINT,FLINE,HILO,HLSYM,CLRBAR,GVECT,WIND,REFVEC,TITLE,
 TEXT,CLEAR,GAREA,IJSKIP,PROJ,MAP,MSCALE,LATLON,DEVICE,STNPLT.
 GEMPAK-GDPLOT> GEMPAK-GDPLOT> GEMPAK-GDPLOT> GEMPAK-GDPLOT> GEMPAK-GDPLOT> GEMPAK-GDPLOT> GEMPAK-GDPLOT> GEMPAK-GDPLOT> GEMPAK-GDPLOT> GEMPAK-GDPLOT> GEMPAK-GDPLOT> GEMPAK-GDPLOT> GEMPAK-GDPLOT> GEMPAK-GDPLOT> GEMPAK-GDPLOT> GEMPAK-GDPLOT> GEMPAK-GDPLOT> [GG -2]  Area SE;SE;SE;SE is an invalid graphics area.
 Parameters requested: GDFILE,GDATTIM,GLEVEL,GVCORD,PANEL,SKIP,SCALE,GFUNC,
 CTYPE,CONTUR,CINT,LINE,FINT,FLINE,HILO,HLSYM,CLRBAR,GVECT,WIND,REFVEC,TITLE,
 TEXT,CLEAR,GAREA,IJSKIP,PROJ,MAP,MSCALE,LATLON,DEVICE,STNPLT.
 GEMPAK-GDPLOT> GEMPAK-GDPLOT> GEMPAK-GDPLOT> GEMPAK-GDPLOT> GEMPAK-GDPLOT> GEMPAK-GDPLOT> GEMPAK-GDPLOT> [GG -2]  Area SE;SE;SE;SE is an invalid graphics area.
 Parameters requested: GDFILE,GDATTIM,GLEVEL,GVCORD,PANEL,SKIP,SCALE,GFUNC,
 CTYPE,CONTUR,CINT,LINE,FINT,FLINE,HILO,HLSYM,CLRBAR,GVECT,WIND,REFVEC,TITLE,
 TEXT,CLEAR,GAREA,IJSKIP,PROJ,MAP,MSCALE,LATLON,DEVICE,STNPLT.
 GEMPAK-GDPLOT> GEMPAK-GDPLOT> GEMPAK-GDPLOT> GEMPAK-GDPLOT> GEMPAK-GDPLOT> GEMPAK-GDPLOT> GEMPAK-GDPLOT> GEMPAK-GDPLOT> GEMPAK-GDPLOT> [GG -2]  Area SE;SE;SE;SE is an invalid graphics area.
 Parameters requested: GDFILE,GDATTIM,GLEVEL,GVCORD,PANEL,SKIP,SCALE,GFUNC,
 CTYPE,CONTUR,CINT,LINE,FINT,FLINE,HILO,HLSYM,CLRBAR,GVECT,WIND,REFVEC,TITLE,
 TEXT,CLEAR,GAREA,IJSKIP,PROJ,MAP,MSCALE,LATLON,DEVICE,STNPLT.
 GEMPAK-GDPLOT> GEMPAK-GDPLOT> GEMPAK-GDPLOT> GEMPAK-GDPLOT> GEMPAK-GDPLOT> GEMPAK-GDPLOT> GEMPAK-GDPLOT> GEMPAK-GDPLOT> GEMPAK-GDPLOT> GEMPAK-GDPLOT> GEMPAK-GDPLOT> GEMPAK-GDPLOT> GEMPAK-GDPLOT> GEMPAK-GDPLOT> GEMPAK-GDPLOT> GEMPAK-GDPLOT> [GG -2]  Area SE;SE;SE;SE is an invalid graphics area.
 Parameters requested: GDFILE,GDATTIM,GLEVEL,GVCORD,PANEL,SKIP,SCALE,GFUNC,
 CTYPE,CONTUR,CINT,LINE,FINT,FLINE,HILO,HLSYM,CLRBAR,GVECT,WIND,REFVEC,TITLE,
 TEXT,CLEAR,GAREA,IJSKIP,PROJ,MAP,MSCALE,LATLON,DEVICE,STNPLT.
 GEMPAK-GDPLOT> GEMPAK-GDPLOT> GEMPAK-GDPLOT> GEMPAK-GDPLOT> GEMPAK-GDPLOT> GEMPAK-GDPLOT> GEMPAK-GDPLOT> GEMPAK-GDPLOT> GEMPAK-GDPLOT> GEMPAK-GDPLOT> GEMPAK-GDPLOT> GEMPAK-GDPLOT> [GG -2]  Area SE;SE;SE;SE is an invalid graphics area.
 Parameters requested: GDFILE,GDATTIM,GLEVEL,GVCORD,PANEL,SKIP,SCALE,GFUNC,
 CTYPE,CONTUR,CINT,LINE,FINT,FLINE,HILO,HLSYM,CLRBAR,GVECT,WIND,REFVEC,TITLE,
 TEXT,CLEAR,GAREA,IJSKIP,PROJ,MAP,MSCALE,LATLON,DEVICE,STNPLT.
 GEMPAK-GDPLOT> GEMPAK-GDPLOT> GDFILE    Grid file                         today_1hprecip_para.grd
 GDATTIM   Grid date/time                    f02
 GLEVEL    Grid level                        0
 GVCORD    Grid vertical coordinate          none
 PANEL     Panel loc/color/dash/width/regn   0/4//1
 SKIP      Skip_cntr/skip_plt_x;skip_plt_y   /12
 SCALE     Scalar scale / vector scale       0
 GFUNC     Scalar grid                       sm5s(emsl)
 CTYPE     Contour type:  C/F                c
 CONTUR    Subbox/smooth                     3
 CINT      Contour interval/min/max          4
 LINE      Color/type/width/label/smth/fltr  4/-12/1/0/1/0/T
 FINT      Fill interval/min/max             0.01;.05;.1;.15;.2;.3;.5;.75;1;1.5;2
 FLINE     Fill colors/fill types            0;23;22;21;20;19;10;17;16;15;14;29;28;24;25
 HILO      Color/symbol/rng/rad/cnt/intp      
 HLSYM     HILO txt size/posn/font/wdth/hw    
 CLRBAR    Color/ornt/anch/x;y/ln;wd/freq|t  32/H/LL/.07;.035/.85;.009|.82/2/.82/111/SW
 GVECT     Vector grid                       obs@10%hght
 WIND      Wind symbol/siz/wdth/typ/hdsz     bk32/.35/.35/122/.4
 REFVEC    Mag;x;y;txtsiz/font/wdth/HW;labl  20.;.01;.01;1.0
 TITLE     Title color/line/title            0
 TEXT      Size/fnt/wdth/brdr/N-rot/just/hw  1.6/23/2.0/SW
 CLEAR     Clear screen flag                 n
 GAREA     Graphics area                     SE;SE;SE;SE
 IJSKIP    Iskp;Istrt;Istp/Jskp;Jstrt;Jstp   0
 PROJ      Map projection/angles/margins|dr  lcc/25;-95;25
 MAP       Map color/dash/width/filter flag  32/12/1
 MSCALE    fgc;bgc;mask/units/lat;hide/valu  0
 LATLON    Line color/dash/width/freq/inc/l  0
 DEVICE    Device|name|x size;y size|color   gif|para_arw_1h_SE_f02.gif|900;720|C
 STNPLT    Txtc/txt attr|marker attr|stnfil   
 Parameters requested: GDFILE,GDATTIM,GLEVEL,GVCORD,PANEL,SKIP,SCALE,GFUNC,
 CTYPE,CONTUR,CINT,LINE,FINT,FLINE,HILO,HLSYM,CLRBAR,GVECT,WIND,REFVEC,TITLE,
 TEXT,CLEAR,GAREA,IJSKIP,PROJ,MAP,MSCALE,LATLON,DEVICE,STNPLT.
 GEMPAK-GDPLOT> GEMPAK-GDPLOT> GEMPAK-GDPLOT> GEMPAK-GDPLOT> GEMPAK-GDPLOT> GEMPAK-GDPLOT> GEMPAK-GDPLOT> GEMPAK-GDPLOT> GEMPAK-GDPLOT> GEMPAK-GDPLOT> GEMPAK-GDPLOT> GEMPAK-GDPLOT> GEMPAK-GDPLOT> GEMPAK-GDPLOT> GEMPAK-GDPLOT> GEMPAK-GDPLOT> GEMPAK-GDPLOT> [GG -2]  Area NW;NW;NW;NW is an invalid graphics area.
 Parameters requested: GDFILE,GDATTIM,GLEVEL,GVCORD,PANEL,SKIP,SCALE,GFUNC,
 CTYPE,CONTUR,CINT,LINE,FINT,FLINE,HILO,HLSYM,CLRBAR,GVECT,WIND,REFVEC,TITLE,
 TEXT,CLEAR,GAREA,IJSKIP,PROJ,MAP,MSCALE,LATLON,DEVICE,STNPLT.
 GEMPAK-GDPLOT> GEMPAK-GDPLOT> GEMPAK-GDPLOT> GEMPAK-GDPLOT> GEMPAK-GDPLOT> GEMPAK-GDPLOT> GEMPAK-GDPLOT> [GG -2]  Area NW;NW;NW;NW is an invalid graphics area.
 Parameters requested: GDFILE,GDATTIM,GLEVEL,GVCORD,PANEL,SKIP,SCALE,GFUNC,
 CTYPE,CONTUR,CINT,LINE,FINT,FLINE,HILO,HLSYM,CLRBAR,GVECT,WIND,REFVEC,TITLE,
 TEXT,CLEAR,GAREA,IJSKIP,PROJ,MAP,MSCALE,LATLON,DEVICE,STNPLT.
 GEMPAK-GDPLOT> GEMPAK-GDPLOT> GEMPAK-GDPLOT> GEMPAK-GDPLOT> GEMPAK-GDPLOT> GEMPAK-GDPLOT> GEMPAK-GDPLOT> GEMPAK-GDPLOT> GEMPAK-GDPLOT> [GG -2]  Area NW;NW;NW;NW is an invalid graphics area.
 Parameters requested: GDFILE,GDATTIM,GLEVEL,GVCORD,PANEL,SKIP,SCALE,GFUNC,
 CTYPE,CONTUR,CINT,LINE,FINT,FLINE,HILO,HLSYM,CLRBAR,GVECT,WIND,REFVEC,TITLE,
 TEXT,CLEAR,GAREA,IJSKIP,PROJ,MAP,MSCALE,LATLON,DEVICE,STNPLT.
 GEMPAK-GDPLOT> GEMPAK-GDPLOT> GEMPAK-GDPLOT> GEMPAK-GDPLOT> GEMPAK-GDPLOT> GEMPAK-GDPLOT> GEMPAK-GDPLOT> GEMPAK-GDPLOT> GEMPAK-GDPLOT> GEMPAK-GDPLOT> GEMPAK-GDPLOT> GEMPAK-GDPLOT> GEMPAK-GDPLOT> GEMPAK-GDPLOT> GEMPAK-GDPLOT> GEMPAK-GDPLOT> [GG -2]  Area NW;NW;NW;NW is an invalid graphics area.
 Parameters requested: GDFILE,GDATTIM,GLEVEL,GVCORD,PANEL,SKIP,SCALE,GFUNC,
 CTYPE,CONTUR,CINT,LINE,FINT,FLINE,HILO,HLSYM,CLRBAR,GVECT,WIND,REFVEC,TITLE,
 TEXT,CLEAR,GAREA,IJSKIP,PROJ,MAP,MSCALE,LATLON,DEVICE,STNPLT.
 GEMPAK-GDPLOT> GEMPAK-GDPLOT> GEMPAK-GDPLOT> GEMPAK-GDPLOT> GEMPAK-GDPLOT> GEMPAK-GDPLOT> GEMPAK-GDPLOT> GEMPAK-GDPLOT> GEMPAK-GDPLOT> GEMPAK-GDPLOT> GEMPAK-GDPLOT> GEMPAK-GDPLOT> [GG -2]  Area NW;NW;NW;NW is an invalid graphics area.
 Parameters requested: GDFILE,GDATTIM,GLEVEL,GVCORD,PANEL,SKIP,SCALE,GFUNC,
 CTYPE,CONTUR,CINT,LINE,FINT,FLINE,HILO,HLSYM,CLRBAR,GVECT,WIND,REFVEC,TITLE,
 TEXT,CLEAR,GAREA,IJSKIP,PROJ,MAP,MSCALE,LATLON,DEVICE,STNPLT.
 GEMPAK-GDPLOT> GEMPAK-GDPLOT> GDFILE    Grid file                         today_1hprecip_para.grd
 GDATTIM   Grid date/time                    f02
 GLEVEL    Grid level                        0
 GVCORD    Grid vertical coordinate          none
 PANEL     Panel loc/color/dash/width/regn   0/4//1
 SKIP      Skip_cntr/skip_plt_x;skip_plt_y   /12
 SCALE     Scalar scale / vector scale       0
 GFUNC     Scalar grid                       sm5s(emsl)
 CTYPE     Contour type:  C/F                c
 CONTUR    Subbox/smooth                     3
 CINT      Contour interval/min/max          4
 LINE      Color/type/width/label/smth/fltr  4/-12/1/0/1/0/T
 FINT      Fill interval/min/max             0.01;.05;.1;.15;.2;.3;.5;.75;1;1.5;2
 FLINE     Fill colors/fill types            0;23;22;21;20;19;10;17;16;15;14;29;28;24;25
 HILO      Color/symbol/rng/rad/cnt/intp      
 HLSYM     HILO txt size/posn/font/wdth/hw    
 CLRBAR    Color/ornt/anch/x;y/ln;wd/freq|t  32/H/LL/.07;.035/.85;.009|.82/2/.82/111/SW
 GVECT     Vector grid                       obs@10%hght
 WIND      Wind symbol/siz/wdth/typ/hdsz     bk32/.35/.35/122/.4
 REFVEC    Mag;x;y;txtsiz/font/wdth/HW;labl  20.;.01;.01;1.0
 TITLE     Title color/line/title            0
 TEXT      Size/fnt/wdth/brdr/N-rot/just/hw  1.6/23/2.0/SW
 CLEAR     Clear screen flag                 n
 GAREA     Graphics area                     NW;NW;NW;NW
 IJSKIP    Iskp;Istrt;Istp/Jskp;Jstrt;Jstp   0
 PROJ      Map projection/angles/margins|dr  lcc/25;-95;25
 MAP       Map color/dash/width/filter flag  32/12/1
 MSCALE    fgc;bgc;mask/units/lat;hide/valu  0
 LATLON    Line color/dash/width/freq/inc/l  0
 DEVICE    Device|name|x size;y size|color   gif|para_arw_1h_NW_f02.gif|900;720|C
 STNPLT    Txtc/txt attr|marker attr|stnfil   
 Parameters requested: GDFILE,GDATTIM,GLEVEL,GVCORD,PANEL,SKIP,SCALE,GFUNC,
 CTYPE,CONTUR,CINT,LINE,FINT,FLINE,HILO,HLSYM,CLRBAR,GVECT,WIND,REFVEC,TITLE,
 TEXT,CLEAR,GAREA,IJSKIP,PROJ,MAP,MSCALE,LATLON,DEVICE,STNPLT.
 GEMPAK-GDPLOT> GEMPAK-GDPLOT> GEMPAK-GDPLOT> GEMPAK-GDPLOT> GEMPAK-GDPLOT> GEMPAK-GDPLOT> GEMPAK-GDPLOT> GEMPAK-GDPLOT> GEMPAK-GDPLOT> GEMPAK-GDPLOT> GEMPAK-GDPLOT> GEMPAK-GDPLOT> GEMPAK-GDPLOT> GEMPAK-GDPLOT> GEMPAK-GDPLOT> GEMPAK-GDPLOT> GEMPAK-GDPLOT> [GG -2]  Area NE;NE;NE;NE is an invalid graphics area.
 Parameters requested: GDFILE,GDATTIM,GLEVEL,GVCORD,PANEL,SKIP,SCALE,GFUNC,
 CTYPE,CONTUR,CINT,LINE,FINT,FLINE,HILO,HLSYM,CLRBAR,GVECT,WIND,REFVEC,TITLE,
 TEXT,CLEAR,GAREA,IJSKIP,PROJ,MAP,MSCALE,LATLON,DEVICE,STNPLT.
 GEMPAK-GDPLOT> GEMPAK-GDPLOT> GEMPAK-GDPLOT> GEMPAK-GDPLOT> GEMPAK-GDPLOT> GEMPAK-GDPLOT> GEMPAK-GDPLOT> [GG -2]  Area NE;NE;NE;NE is an invalid graphics area.
 Parameters requested: GDFILE,GDATTIM,GLEVEL,GVCORD,PANEL,SKIP,SCALE,GFUNC,
 CTYPE,CONTUR,CINT,LINE,FINT,FLINE,HILO,HLSYM,CLRBAR,GVECT,WIND,REFVEC,TITLE,
 TEXT,CLEAR,GAREA,IJSKIP,PROJ,MAP,MSCALE,LATLON,DEVICE,STNPLT.
 GEMPAK-GDPLOT> GEMPAK-GDPLOT> GEMPAK-GDPLOT> GEMPAK-GDPLOT> GEMPAK-GDPLOT> GEMPAK-GDPLOT> GEMPAK-GDPLOT> GEMPAK-GDPLOT> GEMPAK-GDPLOT> [GG -2]  Area NE;NE;NE;NE is an invalid graphics area.
 Parameters requested: GDFILE,GDATTIM,GLEVEL,GVCORD,PANEL,SKIP,SCALE,GFUNC,
 CTYPE,CONTUR,CINT,LINE,FINT,FLINE,HILO,HLSYM,CLRBAR,GVECT,WIND,REFVEC,TITLE,
 TEXT,CLEAR,GAREA,IJSKIP,PROJ,MAP,MSCALE,LATLON,DEVICE,STNPLT.
 GEMPAK-GDPLOT> GEMPAK-GDPLOT> GEMPAK-GDPLOT> GEMPAK-GDPLOT> GEMPAK-GDPLOT> GEMPAK-GDPLOT> GEMPAK-GDPLOT> GEMPAK-GDPLOT> GEMPAK-GDPLOT> GEMPAK-GDPLOT> GEMPAK-GDPLOT> GEMPAK-GDPLOT> GEMPAK-GDPLOT> GEMPAK-GDPLOT> GEMPAK-GDPLOT> GEMPAK-GDPLOT> [GG -2]  Area NE;NE;NE;NE is an invalid graphics area.
 Parameters requested: GDFILE,GDATTIM,GLEVEL,GVCORD,PANEL,SKIP,SCALE,GFUNC,
 CTYPE,CONTUR,CINT,LINE,FINT,FLINE,HILO,HLSYM,CLRBAR,GVECT,WIND,REFVEC,TITLE,
 TEXT,CLEAR,GAREA,IJSKIP,PROJ,MAP,MSCALE,LATLON,DEVICE,STNPLT.
 GEMPAK-GDPLOT> GEMPAK-GDPLOT> GEMPAK-GDPLOT> GEMPAK-GDPLOT> GEMPAK-GDPLOT> GEMPAK-GDPLOT> GEMPAK-GDPLOT> GEMPAK-GDPLOT> GEMPAK-GDPLOT> GEMPAK-GDPLOT> GEMPAK-GDPLOT> GEMPAK-GDPLOT> [GG -2]  Area NE;NE;NE;NE is an invalid graphics area.
 Parameters requested: GDFILE,GDATTIM,GLEVEL,GVCORD,PANEL,SKIP,SCALE,GFUNC,
 CTYPE,CONTUR,CINT,LINE,FINT,FLINE,HILO,HLSYM,CLRBAR,GVECT,WIND,REFVEC,TITLE,
 TEXT,CLEAR,GAREA,IJSKIP,PROJ,MAP,MSCALE,LATLON,DEVICE,STNPLT.
 GEMPAK-GDPLOT> GEMPAK-GDPLOT>DONE plotting 02 at Fri Apr 24 16:25:20 UTC 2015
all done
