	/lib/cpp -C -P  -I../io_quilt io_int.F90 | m4 -Uinclude -Uindex -Ulen - > io_int.f
	xlf  -w -g -I../io_quilt -I../../inc -c io_int.f
"io_int.f", line 12.0: 1515-005 (S) Continuation line is not permitted at beginning of program or after INCLUDE, EJECT, @PROCESS statements or comment directive.  Line is ignored.
"io_int.f", line 14.0: 1515-005 (S) Continuation line is not permitted at beginning of program or after INCLUDE, EJECT, @PROCESS statements or comment directive.  Line is ignored.
"io_int.f", line 19.0: 1515-005 (S) Continuation line is not permitted at beginning of program or after INCLUDE, EJECT, @PROCESS statements or comment directive.  Line is ignored.
"io_int.f", line 20.56: 1515-019 (S) Syntax is incorrect.
"io_int.f", line 39.6: 1514-050 (S) Specification statement is out of order.  Statement is ignored.
"io_int.f", line 40.6: 1514-050 (S) Specification statement is out of order.  Statement is ignored.
"io_int.f", line 41.26: 1516-044 (S) A conversion from type LOGICAL is not permitted.
"io_int.f", line 44.45: 1515-020 (S) Syntax Error: Token " ) " is missing. A token is supplied.
"io_int.f", line 45.6: 1514-050 (S) Specification statement is out of order.  Statement is ignored.
"io_int.f", line 50.20: 1516-042 (S) Operand must be type LOGICAL.
"io_int.f", line 58.0: 1515-010 (S) String is missing a closing delimiter.  Closing delimiter assumed at end of line.
"io_int.f", line 58.30: 1515-020 (S) Syntax Error: Token " ) " is missing. A token is supplied.
"io_int.f", line 60.7: 1515-025 (S) Only a name of a variable, array element, or character substring is permitted on the left hand side of an assignment statement.
"io_int.f", line 61.6: 1515-044 (S) Object in the NULLIFY statement must have the POINTER attribute.
"io_int.f", line 62.7: 1515-022 (S) Syntax Error: Extra token " dsubroutineint_get_fresh_handlebroutineinit_module_ext_internal " was found. The token is ignored.
"io_int.f", line 66.6: 1514-050 (S) Specification statement is out of order.  Statement is ignored.
"io_int.f", line 69.7: 1515-022 (S) Syntax Error: Extra token " dsubroutineinit_module_ext_internaldulemodule_ext_internaltineext_int_ioinit " was found. The token is ignored.
"io_int.f", line 73.26: 1515-022 (S) Syntax Error: Extra token " ( " was found. The token is ignored.
"io_int.f", line 73.28: 1515-022 (S) Syntax Error: Extra token " status " was found. The token is ignored.
"io_int.f", line 73.35: 1515-022 (S) Syntax Error: Extra token " ) " was found. The token is ignored.
"io_int.f", line 74.3: 1515-017 (S) Label contains characters that are not permitted.  Label is ignored.
"io_int.f", line 81.72: 1515-019 (S) Syntax is incorrect.
"io_int.f", line 82.41: 1514-047 (S) No initializations for this DATA statement will be done because of presence of syntax error.
"io_int.f", line 82.63: 1515-019 (S) Syntax is incorrect.
"io_int.f", line 83.3: 1515-017 (S) Label contains characters that are not permitted.  Label is ignored.
"io_int.f", line 85.11: 1515-019 (S) Syntax is incorrect.
"io_int.f", line 102.37: 1515-019 (S) Syntax is incorrect.
"io_int.f", line 112.3: 1515-017 (S) Label contains characters that are not permitted.  Label is ignored.
"io_int.f", line 114.11: 1515-019 (S) Syntax is incorrect.
"io_int.f", line 122.37: 1515-019 (S) Syntax is incorrect.
"io_int.f", line 133.31: 1514-047 (S) No initializations for this DATA statement will be done because of presence of syntax error.
"io_int.f", line 133.53: 1515-019 (S) Syntax is incorrect.
"io_int.f", line 134.3: 1515-017 (S) Label contains characters that are not permitted.  Label is ignored.
"io_int.f", line 136.12: 1515-019 (S) Syntax is incorrect.
"io_int.f", line 150.37: 1515-019 (S) Syntax is incorrect.
"io_int.f", line 152.0: 1515-010 (S) String is missing a closing delimiter.  Closing delimiter assumed at end of line.
"io_int.f", line 152.67: 1516-044 (S) A conversion from type CHARACTER Literal is not permitted.
"io_int.f", line 161.3: 1515-017 (S) Label contains characters that are not permitted.  Label is ignored.
"io_int.f", line 163.11: 1515-019 (S) Syntax is incorrect.
"io_int.f", line 176.3: 1515-017 (S) Label contains characters that are not permitted.  Label is ignored.
"io_int.f", line 178.11: 1515-019 (S) Syntax is incorrect.
"io_int.f", line 190.53: 1515-019 (S) Syntax is incorrect.
"io_int.f", line 190.53: 1515-018 (S) Incorrect character found in source at line 190 in column 53.  Hexadecimal value of character is 26.
"io_int.f", line 191.46: 1515-019 (S) Syntax is incorrect.
"io_int.f", line 193.72: 1515-019 (S) Syntax is incorrect.
"io_int.f", line 197.10: 1515-019 (S) Syntax is incorrect.
"io_int.f", line 204.3: 1515-017 (S) Label contains characters that are not permitted.  Label is ignored.
"io_int.f", line 206.11: 1515-019 (S) Syntax is incorrect.
"io_int.f", line 216.69: 1515-020 (S) Syntax Error: Token " ) " is missing. A token is supplied.
"io_int.f", line 217.40: 1515-019 (S) Syntax is incorrect.
"io_int.f", line 218.12: 1511-016 (S) Expression used in a logical IF or block IF must be of type logical.  Respecify.
"io_int.f", line 226.7: 1515-022 (S) Syntax Error: Extra token " broutineext_int_inquire_filenametineext_int_iosync " was found. The token is ignored.
"io_int.f", line 229.27: 1515-022 (S) Syntax Error: Extra token " ( " was found. The token is ignored.
"io_int.f", line 229.29: 1515-022 (S) Syntax Error: Extra token " datahandle " was found. The token is ignored.
"io_int.f", line 229.39: 1515-022 (S) Syntax Error: Extra token " , " was found. The token is ignored.
"io_int.f", line 229.41: 1515-022 (S) Syntax Error: Extra token " status " was found. The token is ignored.
"io_int.f", line 229.48: 1515-022 (S) Syntax Error: Extra token " ) " was found. The token is ignored.
"io_int.f", line 230.3: 1515-017 (S) Label contains characters that are not permitted.  Label is ignored.
"io_int.f", line 232.11: 1515-019 (S) Syntax is incorrect.
"io_int.f", line 241.3: 1515-017 (S) Label contains characters that are not permitted.  Label is ignored.
"io_int.f", line 243.21: 1515-019 (S) Syntax is incorrect.
"io_int.f", line 248.7: 1515-019 (S) Syntax is incorrect.
"io_int.f", line 259.3: 1515-017 (S) Label contains characters that are not permitted.  Label is ignored.
"io_int.f", line 261.11: 1515-019 (S) Syntax is incorrect.
"io_int.f", line 272.3: 1515-017 (S) Label contains characters that are not permitted.  Label is ignored.
"io_int.f", line 274.11: 1515-019 (S) Syntax is incorrect.
"io_int.f", line 316.43: 1516-040 (S) Item has not been defined with the EXTERNAL or INTRINSIC attribute.
"io_int.f", line 316.63: 1515-020 (S) Syntax Error: Token " ) " is missing. A token is supplied.
"io_int.f", line 317.48: 1515-019 (S) Syntax is incorrect.
"io_int.f", line 318.48: 1515-019 (S) Syntax is incorrect.
"io_int.f", line 319.49: 1515-019 (S) Syntax is incorrect.
"io_int.f", line 320.49: 1515-019 (S) Syntax is incorrect.
"io_int.f", line 321.48: 1515-019 (S) Syntax is incorrect.
"io_int.f", line 323.71: 1515-019 (S) Syntax is incorrect.
"io_int.f", line 324.26: 1513-041 (S) Arguments of the wrong type were specified for the INTRINSIC procedure "trim".
"io_int.f", line 326.11: 1515-025 (S) Only a name of a variable, array element, or character substring is permitted on the left hand side of an assignment statement.
"io_int.f", line 326.48: 1513-041 (S) Arguments of the wrong type were specified for the INTRINSIC procedure "trim".
"io_int.f", line 327.28: 1512-012 (S) The UNIT specifier must be either an INTEGER expression or a CHARACTER variable, array, array element or substring.
"io_int.f", line 329.10: 1516-052 (S) The statement label 7717 is referenced but not defined in this scope.
"io_int.f", line 331.22: 1512-012 (S) The UNIT specifier must be either an INTEGER expression or a CHARACTER variable, array, array element or substring.
"io_int.f", line 334.7: 1511-039 (E) ENDIF statement must not contain a construct name.  Statement will be matched with the previous IF statement.
"io_int.f", line 336.12: 1515-019 (S) Syntax is incorrect.
"io_int.f", line 346.3: 1515-017 (S) Label contains characters that are not permitted.  Label is ignored.
"io_int.f", line 348.11: 1515-019 (S) Syntax is incorrect.
"io_int.f", line 353.70: 1515-018 (S) Incorrect character found in source at line 353 in column 70.  Hexadecimal value of character is 26.
"io_int.f", line 354.31: 1514-047 (S) No initializations for this DATA statement will be done because of presence of syntax error.
"io_int.f", line 354.44: 1515-019 (S) Syntax is incorrect.
"io_int.f", line 362.43: 1515-019 (S) Syntax is incorrect.
"io_int.f", line 363.3: 1515-017 (S) Label contains characters that are not permitted.  Label is ignored.
"io_int.f", line 365.11: 1515-019 (S) Syntax is incorrect.
"io_int.f", line 408.43: 1516-040 (S) Item has not been defined with the EXTERNAL or INTRINSIC attribute.
"io_int.f", line 408.63: 1515-020 (S) Syntax Error: Token " ) " is missing. A token is supplied.
"io_int.f", line 409.48: 1515-019 (S) Syntax is incorrect.
"io_int.f", line 410.48: 1515-019 (S) Syntax is incorrect.
"io_int.f", line 411.49: 1515-019 (S) Syntax is incorrect.
"io_int.f", line 412.49: 1515-019 (S) Syntax is incorrect.
"io_int.f", line 413.48: 1515-019 (S) Syntax is incorrect.
"io_int.f", line 415.23: 1513-041 (S) Arguments of the wrong type were specified for the INTRINSIC procedure "trim".
"io_int.f", line 417.28: 1513-041 (S) Arguments of the wrong type were specified for the INTRINSIC procedure "trim".
"io_int.f", line 419.24: 1513-041 (S) Arguments of the wrong type were specified for the INTRINSIC procedure "trim".
"io_int.f", line 425.9: 1516-011 (S) Substrings are not permitted for non-character variables.
"io_int.f", line 425.28: 1516-011 (S) Substrings are not permitted for non-character variables.
"io_int.f", line 426.9: 1516-011 (S) Substrings are not permitted for non-character variables.
"io_int.f", line 426.26: 1516-011 (S) Substrings are not permitted for non-character variables.
"io_int.f", line 428.26: 1512-012 (S) The UNIT specifier must be either an INTEGER expression or a CHARACTER variable, array, array element or substring.
"io_int.f", line 432.7: 1511-039 (E) ENDIF statement must not contain a construct name.  Statement will be matched with the previous IF statement.
"io_int.f", line 434.12: 1515-019 (S) Syntax is incorrect.
"io_int.f", line 444.3: 1515-017 (S) Label contains characters that are not permitted.  Label is ignored.
"io_int.f", line 446.11: 1515-019 (S) Syntax is incorrect.
"io_int.f", line 470.1: 1515-017 (S) Label contains characters that are not permitted.  Label is ignored.
"io_int.f", line 472.7: 1515-019 (S) Syntax is incorrect.
"io_int.f", line 491.69: 1515-019 (S) Syntax is incorrect.
"io_int.f", line 491.69: 1515-018 (S) Incorrect character found in source at line 491 in column 69.  Hexadecimal value of character is 26.
"io_int.f", line 492.55: 1515-019 (S) Syntax is incorrect.
"io_int.f", line 495.33: 1516-040 (S) Item has not been defined with the EXTERNAL or INTRINSIC attribute.
"io_int.f", line 495.64: 1515-020 (S) Syntax Error: Token " ) " is missing. A token is supplied.
"io_int.f", line 496.46: 1515-019 (S) Syntax is incorrect.
"io_int.f", line 499.33: 1516-040 (S) Item has not been defined with the EXTERNAL or INTRINSIC attribute.
"io_int.f", line 499.64: 1515-020 (S) Syntax Error: Token " ) " is missing. A token is supplied.
"io_int.f", line 500.46: 1515-019 (S) Syntax is incorrect.
"io_int.f", line 503.43: 1516-040 (S) Item has not been defined with the EXTERNAL or INTRINSIC attribute.
"io_int.f", line 503.63: 1515-020 (S) Syntax Error: Token " ) " is missing. A token is supplied.
"io_int.f", line 504.48: 1515-019 (S) Syntax is incorrect.
"io_int.f", line 505.48: 1515-019 (S) Syntax is incorrect.
"io_int.f", line 506.49: 1515-019 (S) Syntax is incorrect.
"io_int.f", line 507.49: 1515-019 (S) Syntax is incorrect.
"io_int.f", line 508.48: 1515-019 (S) Syntax is incorrect.
"io_int.f", line 510.72: 1515-019 (S) Syntax is incorrect.
"io_int.f", line 512.28: 1512-012 (S) The UNIT specifier must be either an INTEGER expression or a CHARACTER variable, array, array element or substring.
"io_int.f", line 513.27: 1516-044 (S) A conversion from type CHARACTER Literal is not permitted.
"io_int.f", line 513.27: 1515-009 (E) Null literal string is not permitted.  A single blank is assumed.
"io_int.f", line 516.26: 1513-041 (S) Arguments of the wrong type were specified for the INTRINSIC procedure "trim".
"io_int.f", line 518.30: 1512-012 (S) The UNIT specifier must be either an INTEGER expression or a CHARACTER variable, array, array element or substring.
"io_int.f", line 521.24: 1512-012 (S) The UNIT specifier must be either an INTEGER expression or a CHARACTER variable, array, array element or substring.
"io_int.f", line 522.12: 1516-052 (S) The statement label 7727 is referenced but not defined in this scope.
"io_int.f", line 527.6: 1511-017 (S) ELSE statement appears outside of IF block.
"io_int.f", line 529.6: 1511-017 (S) ENDIF statement appears outside of IF block.
"io_int.f", line 532.12: 1515-019 (S) Syntax is incorrect.
"io_int.f", line 541.3: 1515-017 (S) Label contains characters that are not permitted.  Label is ignored.
"io_int.f", line 543.11: 1515-019 (S) Syntax is incorrect.
"io_int.f", line 556.19: 1516-044 (S) A conversion from type LOGICAL is not permitted.
"io_int.f", line 557.18: 1511-014 (S) Expression used in a DO WHILE statement must be of type logical.  Respecify.
"io_int.f", line 558.20: 1512-012 (S) The UNIT specifier must be either an INTEGER expression or a CHARACTER variable, array, array element or substring.
"io_int.f", line 558.50: 1513-020 (S) Procedure names must be specified with arguments in this context.
"io_int.f", line 562.37: 1516-040 (S) Item has not been defined with the EXTERNAL or INTRINSIC attribute.
"io_int.f", line 562.68: 1515-020 (S) Syntax Error: Token " ) " is missing. A token is supplied.
"io_int.f", line 563.50: 1515-019 (S) Syntax is incorrect.
"io_int.f", line 564.16: 1513-041 (S) Arguments of the wrong type were specified for the INTRINSIC procedure "trim".
"io_int.f", line 564.38: 1513-041 (S) Arguments of the wrong type were specified for the INTRINSIC procedure "trim".
"io_int.f", line 566.0: 1515-010 (S) String is missing a closing delimiter.  Closing delimiter assumed at end of line.
"io_int.f", line 566.32: 1515-020 (S) Syntax Error: Token " ) " is missing. A token is supplied.
"io_int.f", line 568.20: 1516-044 (S) A conversion from type LOGICAL is not permitted.
"io_int.f", line 570.67: 1515-019 (S) Syntax is incorrect.
"io_int.f", line 571.20: 1515-019 (S) Syntax is incorrect.
"io_int.f", line 572.30: 1512-012 (S) The UNIT specifier must be either an INTEGER expression or a CHARACTER variable, array, array element or substring.
"io_int.f", line 573.18: 1516-044 (S) A conversion from type LOGICAL is not permitted.
"io_int.f", line 576.16: 1516-044 (S) A conversion from type LOGICAL is not permitted.
"io_int.f", line 585.71: 1515-019 (S) Syntax is incorrect.
"io_int.f", line 586.3: 1515-017 (S) Label contains characters that are not permitted.  Label is ignored.
"io_int.f", line 588.11: 1515-019 (S) Syntax is incorrect.
"io_int.f", line 599.71: 1515-019 (S) Syntax is incorrect.
"io_int.f", line 600.30: 1514-047 (S) No initializations for this DATA statement will be done because of presence of syntax error.
"io_int.f", line 604.10: 1515-019 (S) Syntax is incorrect.
"io_int.f", line 635.3: 1515-017 (S) Label contains characters that are not permitted.  Label is ignored.
"io_int.f", line 637.11: 1515-019 (S) Syntax is incorrect.
"io_int.f", line 650.19: 1516-044 (S) A conversion from type LOGICAL is not permitted.
"io_int.f", line 651.18: 1511-014 (S) Expression used in a DO WHILE statement must be of type logical.  Respecify.
"io_int.f", line 652.20: 1512-012 (S) The UNIT specifier must be either an INTEGER expression or a CHARACTER variable, array, array element or substring.
"io_int.f", line 652.50: 1513-020 (S) Procedure names must be specified with arguments in this context.
"io_int.f", line 659.37: 1516-040 (S) Item has not been defined with the EXTERNAL or INTRINSIC attribute.
"io_int.f", line 659.68: 1515-020 (S) Syntax Error: Token " ) " is missing. A token is supplied.
"io_int.f", line 660.50: 1515-019 (S) Syntax is incorrect.
"io_int.f", line 663.23: 1513-041 (S) Arguments of the wrong type were specified for the INTRINSIC procedure "trim".
"io_int.f", line 663.45: 1513-041 (S) Arguments of the wrong type were specified for the INTRINSIC procedure "trim".
"io_int.f", line 665.0: 1515-010 (S) String is missing a closing delimiter.  Closing delimiter assumed at end of line.
"io_int.f", line 665.39: 1515-020 (S) Syntax Error: Token " ) " is missing. A token is supplied.
"io_int.f", line 667.27: 1516-044 (S) A conversion from type LOGICAL is not permitted.
"io_int.f", line 669.72: 1515-019 (S) Syntax is incorrect.
"io_int.f", line 670.34: 1515-019 (S) Syntax is incorrect.
"io_int.f", line 671.30: 1512-012 (S) The UNIT specifier must be either an INTEGER expression or a CHARACTER variable, array, array element or substring.
"io_int.f", line 672.25: 1516-044 (S) A conversion from type LOGICAL is not permitted.
"io_int.f", line 673.0: 1515-010 (S) String is missing a closing delimiter.  Closing delimiter assumed at end of line.
"io_int.f", line 676.23: 1516-044 (S) A conversion from type LOGICAL is not permitted.
"io_int.f", line 677.0: 1515-010 (S) String is missing a closing delimiter.  Closing delimiter assumed at end of line.
"io_int.f", line 686.72: 1515-019 (S) Syntax is incorrect.
"io_int.f", line 687.3: 1515-017 (S) Label contains characters that are not permitted.  Label is ignored.
"io_int.f", line 689.11: 1515-019 (S) Syntax is incorrect.
"io_int.f", line 700.71: 1515-019 (S) Syntax is incorrect.
"io_int.f", line 701.30: 1514-047 (S) No initializations for this DATA statement will be done because of presence of syntax error.
"io_int.f", line 706.10: 1515-019 (S) Syntax is incorrect.
"io_int.f", line 737.3: 1515-017 (S) Label contains characters that are not permitted.  Label is ignored.
"io_int.f", line 739.11: 1515-019 (S) Syntax is incorrect.
"io_int.f", line 751.19: 1516-044 (S) A conversion from type LOGICAL is not permitted.
"io_int.f", line 752.18: 1511-014 (S) Expression used in a DO WHILE statement must be of type logical.  Respecify.
"io_int.f", line 753.20: 1512-012 (S) The UNIT specifier must be either an INTEGER expression or a CHARACTER variable, array, array element or substring.
"io_int.f", line 753.50: 1513-020 (S) Procedure names must be specified with arguments in this context.
"io_int.f", line 759.71: 1515-019 (S) Syntax is incorrect.
"io_int.f", line 760.55: 1515-019 (S) Syntax is incorrect.
"io_int.f", line 761.23: 1513-041 (S) Arguments of the wrong type were specified for the INTRINSIC procedure "trim".
"io_int.f", line 761.45: 1513-041 (S) Arguments of the wrong type were specified for the INTRINSIC procedure "trim".
"io_int.f", line 762.27: 1516-044 (S) A conversion from type LOGICAL is not permitted.
"io_int.f", line 764.71: 1515-019 (S) Syntax is incorrect.
"io_int.f", line 765.34: 1515-019 (S) Syntax is incorrect.
"io_int.f", line 766.30: 1512-012 (S) The UNIT specifier must be either an INTEGER expression or a CHARACTER variable, array, array element or substring.
"io_int.f", line 767.25: 1516-044 (S) A conversion from type LOGICAL is not permitted.
"io_int.f", line 770.23: 1516-044 (S) A conversion from type LOGICAL is not permitted.
"io_int.f", line 779.72: 1515-019 (S) Syntax is incorrect.
"io_int.f", line 780.3: 1515-017 (S) Label contains characters that are not permitted.  Label is ignored.
"io_int.f", line 782.11: 1515-019 (S) Syntax is incorrect.
"io_int.f", line 793.68: 1515-019 (S) Syntax is incorrect.
"io_int.f", line 793.68: 1515-018 (S) Incorrect character found in source at line 793 in column 68.  Hexadecimal value of character is 26.
"io_int.f", line 794.35: 1514-047 (S) No initializations for this DATA statement will be done because of presence of syntax error.
"io_int.f", line 794.57: 1515-019 (S) Syntax is incorrect.
"io_int.f", line 798.10: 1515-019 (S) Syntax is incorrect.
"io_int.f", line 904.3: 1515-017 (S) Label contains characters that are not permitted.  Label is ignored.
"io_int.f", line 906.11: 1515-019 (S) Syntax is incorrect.
"io_int.f", line 915.8: 1515-019 (S) Syntax is incorrect.
"io_int.f", line 919.3: 1515-017 (S) Label contains characters that are not permitted.  Label is ignored.
"io_int.f", line 921.11: 1515-019 (S) Syntax is incorrect.
"io_int.f", line 1035.3: 1515-017 (S) Label contains characters that are not permitted.  Label is ignored.
"io_int.f", line 1037.11: 1515-019 (S) Syntax is incorrect.
"io_int.f", line 1047.18: 1512-012 (S) The UNIT specifier must be either an INTEGER expression or a CHARACTER variable, array, array element or substring.
"io_int.f", line 1047.31: 1513-020 (S) Procedure names must be specified with arguments in this context.
"io_int.f", line 1049.69: 1515-019 (S) Syntax is incorrect.
"io_int.f", line 1049.69: 1515-018 (S) Incorrect character found in source at line 1049 in column 69.  Hexadecimal value of character is 26.
"io_int.f", line 1050.46: 1515-019 (S) Syntax is incorrect.
"io_int.f", line 1056.7: 1515-019 (S) Syntax is incorrect.
"io_int.f", line 1060.3: 1515-017 (S) Label contains characters that are not permitted.  Label is ignored.
"io_int.f", line 1062.11: 1515-019 (S) Syntax is incorrect.
"io_int.f", line 1072.68: 1515-019 (S) Syntax is incorrect.
"io_int.f", line 1072.68: 1515-018 (S) Incorrect character found in source at line 1072 in column 68.  Hexadecimal value of character is 26.
"io_int.f", line 1073.30: 1514-047 (S) No initializations for this DATA statement will be done because of presence of syntax error.
"io_int.f", line 1073.71: 1515-019 (S) Syntax is incorrect.
"io_int.f", line 1077.10: 1515-019 (S) Syntax is incorrect.
"io_int.f", line 1215.40: 1515-019 (S) Syntax is incorrect.
"io_int.f", line 1216.41: 1515-019 (S) Syntax is incorrect.
"io_int.f", line 1217.41: 1515-019 (S) Syntax is incorrect.
"io_int.f", line 1218.40: 1515-019 (S) Syntax is incorrect.
"io_int.f", line 1219.36: 1515-019 (S) Syntax is incorrect.
"io_int.f", line 1220.3: 1515-017 (S) Label contains characters that are not permitted.  Label is ignored.
"io_int.f", line 1222.11: 1515-019 (S) Syntax is incorrect.
"io_int.f", line 1281.43: 1516-040 (S) Item has not been defined with the EXTERNAL or INTRINSIC attribute.
"io_int.f", line 1281.63: 1515-020 (S) Syntax Error: Token " ) " is missing. A token is supplied.
"io_int.f", line 1282.48: 1515-019 (S) Syntax is incorrect.
"io_int.f", line 1283.48: 1515-019 (S) Syntax is incorrect.
"io_int.f", line 1284.49: 1515-019 (S) Syntax is incorrect.
"io_int.f", line 1285.49: 1515-019 (S) Syntax is incorrect.
"io_int.f", line 1286.48: 1515-019 (S) Syntax is incorrect.
"io_int.f", line 1287.19: 1513-041 (S) Arguments of the wrong type were specified for the INTRINSIC procedure "trim".
"io_int.f", line 1287.41: 1513-041 (S) Arguments of the wrong type were specified for the INTRINSIC procedure "trim".
"io_int.f", line 1289.71: 1515-019 (S) Syntax is incorrect.
"io_int.f", line 1291.71: 1515-019 (S) Syntax is incorrect.
"io_int.f", line 1293.0: 1515-010 (S) String is missing a closing delimiter.  Closing delimiter assumed at end of line.
"io_int.f", line 1293.30: 1515-020 (S) Syntax Error: Token " ) " is missing. A token is supplied.
"io_int.f", line 1294.24: 1512-012 (S) The UNIT specifier must be either an INTEGER expression or a CHARACTER variable, array, array element or substring.
"io_int.f", line 1297.52: 1513-041 (S) Arguments of the wrong type were specified for the INTRINSIC procedure "trim".
"io_int.f", line 1299.22: 1512-012 (S) The UNIT specifier must be either an INTEGER expression or a CHARACTER variable, array, array element or substring.
"io_int.f", line 1304.7: 1511-039 (E) ENDIF statement must not contain a construct name.  Statement will be matched with the previous IF statement.
"io_int.f", line 1306.12: 1515-019 (S) Syntax is incorrect.
"io_int.f", line 1318.41: 1515-019 (S) Syntax is incorrect.
"io_int.f", line 1319.42: 1515-019 (S) Syntax is incorrect.
"io_int.f", line 1320.42: 1515-019 (S) Syntax is incorrect.
"io_int.f", line 1321.41: 1515-019 (S) Syntax is incorrect.
"io_int.f", line 1322.37: 1515-019 (S) Syntax is incorrect.
"io_int.f", line 1323.3: 1515-017 (S) Label contains characters that are not permitted.  Label is ignored.
"io_int.f", line 1325.11: 1515-019 (S) Syntax is incorrect.
"io_int.f", line 1360.3: 1515-017 (S) Label contains characters that are not permitted.  Label is ignored.
"io_int.f", line 1360.11: 1515-019 (S) Syntax is incorrect.
"io_int.f", line 1367.0: 1515-010 (S) String is missing a closing delimiter.  Closing delimiter assumed at end of line.
"io_int.f", line 1373.29: 1514-047 (S) No initializations for this DATA statement will be done because of presence of syntax error.
"io_int.f", line 1374.41: 1515-019 (S) Syntax is incorrect.
"io_int.f", line 1375.42: 1515-019 (S) Syntax is incorrect.
"io_int.f", line 1376.42: 1515-019 (S) Syntax is incorrect.
"io_int.f", line 1377.41: 1515-019 (S) Syntax is incorrect.
"io_int.f", line 1381.45: 1515-023 (S) Syntax Error: Illegal token " then " is replaced by token " ) ".
"io_int.f", line 1386.7: 1515-019 (S) Syntax is incorrect.
"io_int.f", line 1393.49: 1515-018 (S) Incorrect character found in source at line 1393 in column 49.  Hexadecimal value of character is 26.
"io_int.f", line 1394.34: 1515-019 (S) Syntax is incorrect.
"io_int.f", line 1394.49: 1515-018 (S) Incorrect character found in source at line 1394 in column 49.  Hexadecimal value of character is 26.
"io_int.f", line 1395.34: 1515-019 (S) Syntax is incorrect.
"io_int.f", line 1404.52: 1515-018 (S) Incorrect character found in source at line 1404 in column 52.  Hexadecimal value of character is 26.
"io_int.f", line 1405.37: 1515-019 (S) Syntax is incorrect.
"io_int.f", line 1405.52: 1515-018 (S) Incorrect character found in source at line 1405 in column 52.  Hexadecimal value of character is 26.
"io_int.f", line 1406.37: 1515-019 (S) Syntax is incorrect.
"io_int.f", line 1415.49: 1515-018 (S) Incorrect character found in source at line 1415 in column 49.  Hexadecimal value of character is 26.
"io_int.f", line 1416.34: 1515-019 (S) Syntax is incorrect.
"io_int.f", line 1416.49: 1515-018 (S) Incorrect character found in source at line 1416 in column 49.  Hexadecimal value of character is 26.
"io_int.f", line 1417.34: 1515-019 (S) Syntax is incorrect.
"io_int.f", line 1426.52: 1515-018 (S) Incorrect character found in source at line 1426 in column 52.  Hexadecimal value of character is 26.
"io_int.f", line 1427.37: 1515-019 (S) Syntax is incorrect.
"io_int.f", line 1427.52: 1515-018 (S) Incorrect character found in source at line 1427 in column 52.  Hexadecimal value of character is 26.
"io_int.f", line 1428.37: 1515-019 (S) Syntax is incorrect.
"io_int.f", 1511-020 (S) Program or subprogram contains block IF statements which do not have matching ENDIF statements prior to the end of the routine or prior to the start of internal routines.
"io_int.f", 1515-002 (S) END card is missing.  One is assumed.
** _main   === End of Compilation 1 ===
1501-511  Compilation failed for file io_int.f.
make: 1254-004 The error code from the last command is 1.


Stop.
