2013-06-26 20:33:46.979 ---  *** Starting program ungrib.exe ***
2013-06-26 20:33:47.002 --- Start_date =  2013-05-09_00:00:00 ,      End_date = 2013-05-09_06:00:00
2013-06-26 20:33:47.002 --- Namelist information (coarse domain):
2013-06-26 20:33:47.002 ---   START_YEAR       = 0
2013-06-26 20:33:47.002 ---   START_MONTH      = 0
2013-06-26 20:33:47.002 ---   START_DAY        = 0
2013-06-26 20:33:47.002 ---   START_HOUR       = 0
2013-06-26 20:33:47.003 ---   END_YEAR         = 0
2013-06-26 20:33:47.003 ---   END_MONTH        = 0
2013-06-26 20:33:47.003 ---   END_DAY          = 0
2013-06-26 20:33:47.003 ---   END_HOUR         = 0
2013-06-26 20:33:47.003 ---   START_DATE       = 2013-05-09_00:00:00
2013-06-26 20:33:47.003 ---   END_DATE         = 2013-05-09_06:00:00
2013-06-26 20:33:47.003 ---   INTERVAL_SECONDS = 10800
2013-06-26 20:33:47.003 ---   DEBUG_LEVEL      = 50
2013-06-26 20:33:47.003 --- /
2013-06-26 20:33:47.003 --- &UNGRIB
2013-06-26 20:33:47.003 --- out_format = SI
2013-06-26 20:33:47.003 --- ordered_by_date = TRUE
2013-06-26 20:33:47.003 --- prefix = FILE
2013-06-26 20:33:47.003 --- /
2013-06-26 20:33:47.003 --- output format is SI
2013-06-26 20:33:47.003 --- INFORM: Interval value: 10800 seconds or  3.000000 hours
2013-06-26 20:33:47.003 --- Path to intermediate files is ./
2013-06-26 20:33:47.003 --- ERROR: edition_num: unable to open GRIBFILE.AAA
