Currently Loaded Modulefiles:
  1) craype-sandybridge
  2) ncep/1.0
  3) craype-network-aries
  4) craype/2.3.0
  5) intel/15.0.3.187
  6) cray-libsci/13.0.3
  7) udreg/2.3.2-1.0502.9889.2.20.ari
  8) ugni/6.0-1.0502.10245.9.9.ari
  9) pmi/5.0.6-1.0000.10439.140.2.ari
 10) dmapp/7.0.1-1.0502.10246.8.47.ari
 11) gni-headers/4.0-1.0502.10317.9.2.ari
 12) xpmem/0.1-2.0502.57015.1.15.ari
 13) dvs/2.5_0.9.0-1.0502.1958.2.55.ari
 14) alps/5.2.3-2.0502.9295.14.14.ari
 15) rca/1.0.0-2.0502.57212.2.56.ari
 16) atp/1.8.1
 17) PrgEnv-intel/5.2.56
 18) iobuf/2.0.5
 19) ip-intel/2.0.0
 20) bacio-intel/2.0.1
 21) w3nco-intel/2.0.6
 22) w3emc-intel/2.2.0
 23) g2-intel/3.1.0
 24) g2tmpl-intel/1.3.0
 25) jasper-gnu-sandybridge/1.900.1
 26) png-intel-sandybridge/1.2.49
 27) zlib-intel-sandybridge/1.2.7
 28) ../modulefiles/HREF/v2.0.0
/bin/rm   href_get_prcip
/bin/rm: cannot remove `href_get_prcip': No such file or directory
make: *** [clean] Error 1
ftn -fp-model strict -g -traceback -O3 -assume noold_ldout_format -g -convert big_endian -I /gpfs/hps/nco/ops/nwprod/lib/g2/v3.1.0/intel/include/g2_v3.1.0_4 -o href_get_prcip href_get_prcip.f /gpfs/hps/nco/ops/nwprod/lib/ip/v2.0.0/intel/libip_v2.0.0_4.a /gpfs/hps/nco/ops/nwprod/lib/w3nco/v2.0.6/intel/libw3nco_v2.0.6_4.a /gpfs/hps/nco/ops/nwprod/lib/w3emc/v2.2.0/intel/libw3emc_v2.2.0_4.a /gpfs/hps/nco/ops/nwprod/lib/bacio/v2.0.1/intel/libbacio_v2.0.1_4.a  /gpfs/hps/nco/ops/nwprod/lib/g2/v3.1.0/intel/libg2_v3.1.0_4.a /usrx/local/prod//jasper/1.900.1/gnu/sandybridge/lib/libjasper.a /usrx/local/prod//png/1.2.49/intel/sandybridge/lib/libpng.a /usrx/local/prod/zlib/1.2.7/intel/sandybridge/lib/libz.a
/usrx/local/prod//jasper/1.900.1/gnu/sandybridge/lib/libjasper.a(jas_stream.o): In function `jas_stream_tmpfile':
/usrx/local/prod/jasper/1.900.1/gnu/sandybridge/sorc/jasper-1.900.1/src/libjasper/base/jas_stream.c:368: warning: the use of `tmpnam' is dangerous, better use `mkstemp'
/bin/cp href_get_prcip ../../exec/href_get_prcip
/bin/rm   href_get_prcip
/bin/rm  *.o href_ensprod
/bin/rm: cannot remove `*.o': No such file or directory
/bin/rm: cannot remove `href_ensprod': No such file or directory
make: *** [clean] Error 1
ftn -O3 -fp-model precise  -g -traceback -convert big_endian -assume noold_ldout_format -I /gpfs/hps/nco/ops/nwprod/lib/g2/v3.1.0/intel/include/g2_v3.1.0_4    -c -o char_process.o char_process.f
ftn -O3 -fp-model precise  -g -traceback -convert big_endian -assume noold_ldout_format -I /gpfs/hps/nco/ops/nwprod/lib/g2/v3.1.0/intel/include/g2_v3.1.0_4    -c -o util.o util.f
ftn -O3 -fp-model precise  -g -traceback -convert big_endian -assume noold_ldout_format -I /gpfs/hps/nco/ops/nwprod/lib/g2/v3.1.0/intel/include/g2_v3.1.0_4    -c -o readGB2.o readGB2.f
ftn -O3 -fp-model precise  -g -traceback -convert big_endian -assume noold_ldout_format -I /gpfs/hps/nco/ops/nwprod/lib/g2/v3.1.0/intel/include/g2_v3.1.0_4    -c -o print_gfld.o print_gfld.f
ftn -O3 -fp-model precise  -g -traceback -convert big_endian -assume noold_ldout_format -I /gpfs/hps/nco/ops/nwprod/lib/g2/v3.1.0/intel/include/g2_v3.1.0_4    -c -o Zputgb2.o Zputgb2.f
ftn -O3 -fp-model precise  -g -traceback -convert big_endian -assume noold_ldout_format -I /gpfs/hps/nco/ops/nwprod/lib/g2/v3.1.0/intel/include/g2_v3.1.0_4    -c -o packGB2_mean.o packGB2_mean.f
ftn -O3 -fp-model precise  -g -traceback -convert big_endian -assume noold_ldout_format -I /gpfs/hps/nco/ops/nwprod/lib/g2/v3.1.0/intel/include/g2_v3.1.0_4    -c -o packGB2_prob.o packGB2_prob.f
ftn -O3 -fp-model precise  -g -traceback -convert big_endian -assume noold_ldout_format -I /gpfs/hps/nco/ops/nwprod/lib/g2/v3.1.0/intel/include/g2_v3.1.0_4    -c -o packGB2_mean_derv.o packGB2_mean_derv.f
ftn -O3 -fp-model precise  -g -traceback -convert big_endian -assume noold_ldout_format -I /gpfs/hps/nco/ops/nwprod/lib/g2/v3.1.0/intel/include/g2_v3.1.0_4    -c -o packGB2_prob_derv.o packGB2_prob_derv.f
ftn -O3 -fp-model precise  -g -traceback -convert big_endian -assume noold_ldout_format -I /gpfs/hps/nco/ops/nwprod/lib/g2/v3.1.0/intel/include/g2_v3.1.0_4    -c -o preciptype.o preciptype.f
ftn -O3 -fp-model precise  -g -traceback -convert big_endian -assume noold_ldout_format -I /gpfs/hps/nco/ops/nwprod/lib/g2/v3.1.0/intel/include/g2_v3.1.0_4    -c -o wind.o wind.f
ftn -O3 -fp-model precise  -g -traceback -convert big_endian -assume noold_ldout_format -I /gpfs/hps/nco/ops/nwprod/lib/g2/v3.1.0/intel/include/g2_v3.1.0_4    -c -o bulkshear.o bulkshear.f
ftn -O3 -fp-model precise  -g -traceback -convert big_endian -assume noold_ldout_format -I /gpfs/hps/nco/ops/nwprod/lib/g2/v3.1.0/intel/include/g2_v3.1.0_4    -c -o get_icing.o get_icing.f
ftn -O3 -fp-model precise  -g -traceback -convert big_endian -assume noold_ldout_format -I /gpfs/hps/nco/ops/nwprod/lib/g2/v3.1.0/intel/include/g2_v3.1.0_4    -c -o get_cat.o get_cat.f
ftn -O3 -fp-model precise  -g -traceback -convert big_endian -assume noold_ldout_format -I /gpfs/hps/nco/ops/nwprod/lib/g2/v3.1.0/intel/include/g2_v3.1.0_4    -c -o getflight.o getflight.f
ftn -O3 -fp-model precise  -g -traceback -convert big_endian -assume noold_ldout_format -I /gpfs/hps/nco/ops/nwprod/lib/g2/v3.1.0/intel/include/g2_v3.1.0_4    -c -o Hains_index.o Hains_index.f
ftn -O3 -fp-model precise  -g -traceback -convert big_endian -assume noold_ldout_format -I /gpfs/hps/nco/ops/nwprod/lib/g2/v3.1.0/intel/include/g2_v3.1.0_4    -c -o getceiling.o getceiling.f
ftn -O3 -fp-model precise  -g -traceback -convert big_endian -assume noold_ldout_format -I /gpfs/hps/nco/ops/nwprod/lib/g2/v3.1.0/intel/include/g2_v3.1.0_4    -c -o new_fog.o new_fog.f
ftn -O3 -fp-model precise  -g -traceback -convert big_endian -assume noold_ldout_format -I /gpfs/hps/nco/ops/nwprod/lib/g2/v3.1.0/intel/include/g2_v3.1.0_4    -c -o get_new_fog.o get_new_fog.f
ftn -O3 -fp-model precise  -g -traceback -convert big_endian -assume noold_ldout_format -I /gpfs/hps/nco/ops/nwprod/lib/g2/v3.1.0/intel/include/g2_v3.1.0_4    -c -o thickness.o thickness.f
ftn -O3 -fp-model precise  -g -traceback -convert big_endian -assume noold_ldout_format -I /gpfs/hps/nco/ops/nwprod/lib/g2/v3.1.0/intel/include/g2_v3.1.0_4    -c -o llws.o llws.f
ftn -O3 -fp-model precise  -g -traceback -convert big_endian -assume noold_ldout_format -I /gpfs/hps/nco/ops/nwprod/lib/g2/v3.1.0/intel/include/g2_v3.1.0_4    -c -o getconv.o getconv.f
ftn -O3 -fp-model precise  -g -traceback -convert big_endian -assume noold_ldout_format -I /gpfs/hps/nco/ops/nwprod/lib/g2/v3.1.0/intel/include/g2_v3.1.0_4    -c -o get_mxp.o get_mxp.f
ftn -O3 -fp-model precise  -g -traceback -convert big_endian -assume noold_ldout_format -I /gpfs/hps/nco/ops/nwprod/lib/g2/v3.1.0/intel/include/g2_v3.1.0_4    -c -o mxp.o mxp.f
ftn -O3 -fp-model precise  -g -traceback -convert big_endian -assume noold_ldout_format -I /gpfs/hps/nco/ops/nwprod/lib/g2/v3.1.0/intel/include/g2_v3.1.0_4    -c -o packGB2_mxp.o packGB2_mxp.f
ftn -O3 -fp-model precise  -g -traceback -convert big_endian -assume noold_ldout_format -I /gpfs/hps/nco/ops/nwprod/lib/g2/v3.1.0/intel/include/g2_v3.1.0_4    -c -o packGB2_max.o packGB2_max.f
ftn -O3 -fp-model precise  -g -traceback -convert big_endian -assume noold_ldout_format -I /gpfs/hps/nco/ops/nwprod/lib/g2/v3.1.0/intel/include/g2_v3.1.0_4    -c -o packGB2_spag.o packGB2_spag.f
ftn -O3 -fp-model precise  -g -traceback -convert big_endian -assume noold_ldout_format -I /gpfs/hps/nco/ops/nwprod/lib/g2/v3.1.0/intel/include/g2_v3.1.0_4    -c -o get_cptp_severe.o get_cptp_severe.f
ftn -O3 -fp-model precise  -g -traceback -convert big_endian -assume noold_ldout_format -I /gpfs/hps/nco/ops/nwprod/lib/g2/v3.1.0/intel/include/g2_v3.1.0_4    -c -o calibrate2_hrly_rgn3.o calibrate2_hrly_rgn3.f
ftn -O3 -fp-model precise  -g -traceback -convert big_endian -assume noold_ldout_format -I /gpfs/hps/nco/ops/nwprod/lib/g2/v3.1.0/intel/include/g2_v3.1.0_4    -c -o calibrate2_dryt.o calibrate2_dryt.f
ftn -O3 -fp-model precise  -g -traceback -convert big_endian -assume noold_ldout_format -I /gpfs/hps/nco/ops/nwprod/lib/g2/v3.1.0/intel/include/g2_v3.1.0_4    -c -o calibrate2_svr.o calibrate2_svr.f
ftn -O3 -fp-model precise  -g -traceback -convert big_endian -assume noold_ldout_format -I /gpfs/hps/nco/ops/nwprod/lib/g2/v3.1.0/intel/include/g2_v3.1.0_4    -c -o calibrate2.o calibrate2.f
ftn -O3 -fp-model precise  -g -traceback -convert big_endian -assume noold_ldout_format -I /gpfs/hps/nco/ops/nwprod/lib/g2/v3.1.0/intel/include/g2_v3.1.0_4    -c -o meanwind.o meanwind.f
ftn -O3 -fp-model precise  -g -traceback -convert big_endian -assume noold_ldout_format -I /gpfs/hps/nco/ops/nwprod/lib/g2/v3.1.0/intel/include/g2_v3.1.0_4    -c -o meanomeg.o meanomeg.f
ftn -O3 -fp-model precise  -g -traceback -convert big_endian -assume noold_ldout_format -I /gpfs/hps/nco/ops/nwprod/lib/g2/v3.1.0/intel/include/g2_v3.1.0_4    -c -o fosberg.o fosberg.f
ftn -O3 -fp-model precise  -g -traceback -convert big_endian -assume noold_ldout_format -I /gpfs/hps/nco/ops/nwprod/lib/g2/v3.1.0/intel/include/g2_v3.1.0_4    -c -o get_fosberg.o get_fosberg.f
ftn -O3 -fp-model precise  -g -traceback -convert big_endian -assume noold_ldout_format -I /gpfs/hps/nco/ops/nwprod/lib/g2/v3.1.0/intel/include/g2_v3.1.0_4    -c -o get_wind_rh_joint_prob.o get_wind_rh_joint_prob.f
ftn -O3 -fp-model precise  -g -traceback -convert big_endian -assume noold_ldout_format -I /gpfs/hps/nco/ops/nwprod/lib/g2/v3.1.0/intel/include/g2_v3.1.0_4    -c -o pmatch_mean.o pmatch_mean.f
ftn -O3 -fp-model precise  -g -traceback -convert big_endian -assume noold_ldout_format -I /gpfs/hps/nco/ops/nwprod/lib/g2/v3.1.0/intel/include/g2_v3.1.0_4    -c -o snow4href.o snow4href.f
ftn -O3 -fp-model precise  -g -traceback -convert big_endian -assume noold_ldout_format -I /gpfs/hps/nco/ops/nwprod/lib/g2/v3.1.0/intel/include/g2_v3.1.0_4    -c -o get_time_packGB2.o get_time_packGB2.f
ftn -O3 -fp-model precise  -g -traceback -convert big_endian -assume noold_ldout_format -I /gpfs/hps/nco/ops/nwprod/lib/g2/v3.1.0/intel/include/g2_v3.1.0_4   -o href_ensprod sref_ens_gen.f char_process.o util.o readGB2.o print_gfld.o Zputgb2.o packGB2_mean.o packGB2_prob.o packGB2_mean_derv.o packGB2_prob_derv.o preciptype.o wind.o bulkshear.o get_icing.o get_cat.o getflight.o Hains_index.o getceiling.o new_fog.o get_new_fog.o thickness.o llws.o getconv.o get_mxp.o mxp.o packGB2_mxp.o packGB2_max.o packGB2_spag.o get_cptp_severe.o calibrate2_hrly_rgn3.o calibrate2_dryt.o calibrate2_svr.o calibrate2.o meanwind.o meanomeg.o fosberg.o get_fosberg.o get_wind_rh_joint_prob.o pmatch_mean.o snow4href.o get_time_packGB2.o  /gpfs/hps/nco/ops/nwprod/lib/ip/v2.0.0/intel/libip_v2.0.0_4.a /gpfs/hps/nco/ops/nwprod/lib/w3nco/v2.0.6/intel/libw3nco_v2.0.6_4.a /gpfs/hps/nco/ops/nwprod/lib/w3emc/v2.2.0/intel/libw3emc_v2.2.0_4.a /gpfs/hps/nco/ops/nwprod/lib/bacio/v2.0.1/intel/libbacio_v2.0.1_4.a  /gpfs/hps/nco/ops/nwprod/lib/g2/v3.1.0/intel/libg2_v3.1.0_4.a /usrx/local/prod//jasper/1.900.1/gnu/sandybridge/lib/libjasper.a /usrx/local/prod//png/1.2.49/intel/sandybridge/lib/libpng.a /usrx/local/prod/zlib/1.2.7/intel/sandybridge/lib/libz.a
/usrx/local/prod//jasper/1.900.1/gnu/sandybridge/lib/libjasper.a(jas_stream.o): In function `jas_stream_tmpfile':
/usrx/local/prod/jasper/1.900.1/gnu/sandybridge/sorc/jasper-1.900.1/src/libjasper/base/jas_stream.c:368: warning: the use of `tmpnam' is dangerous, better use `mkstemp'
/bin/cp href_ensprod ../../exec/
/bin/rm  *.o href_ensprod
