2013-06-27 13:06:37.880 ---  *** Starting program geogrid.exe ***
2013-06-27 13:06:37.882 --- Using the following namelist variables:
2013-06-27 13:06:37.882 --- &SHARE
2013-06-27 13:06:37.882 ---   WRF_CORE         = ARW
2013-06-27 13:06:37.882 ---   MAX_DOM          = 1
2013-06-27 13:06:37.882 ---   START_YEAR       = 0
2013-06-27 13:06:37.882 ---   START_MONTH      = 0
2013-06-27 13:06:37.882 ---   START_DAY        = 0
2013-06-27 13:06:37.883 ---   START_HOUR       = 0
2013-06-27 13:06:37.883 ---   START_MINUTE     = 0
2013-06-27 13:06:37.883 ---   START_SECOND     = 0
2013-06-27 13:06:37.884 ---   END_YEAR         = 0
2013-06-27 13:06:37.884 ---   END_MONTH        = 0
2013-06-27 13:06:37.884 ---   END_DAY          = 0
2013-06-27 13:06:37.884 ---   END_HOUR         = 0
2013-06-27 13:06:37.884 ---   END_MINUTE       = 0
2013-06-27 13:06:37.884 ---   END_SECOND       = 0
2013-06-27 13:06:37.884 ---   START_DATE       = 2013-05-09_00:00:00
2013-06-27 13:06:37.884 ---   END_DATE         = 2013-05-09_06:00:00
2013-06-27 13:06:37.884 ---   INTERVAL_SECONDS = 10800
2013-06-27 13:06:37.884 ---   IO_FORM_GEOGRID  = 1
2013-06-27 13:06:37.884 ---   OPT_OUTPUT_FROM_GEOGRID_PATH = ./
2013-06-27 13:06:37.884 ---   SUBGRID_RATIO_X  = 1
2013-06-27 13:06:37.884 ---   SUBGRID_RATIO_Y  = 1
2013-06-27 13:06:37.884 ---   DEBUG_LEVEL      = 50
2013-06-27 13:06:37.884 ---   ACTIVE_GRID      = .TRUE.
2013-06-27 13:06:37.884 ---   NOCOLONS         = .FALSE.
2013-06-27 13:06:37.884 --- /
2013-06-27 13:06:37.884 --- &GEOGRID
2013-06-27 13:06:37.884 ---   PARENT_ID         = 1
2013-06-27 13:06:37.884 ---   PARENT_GRID_RATIO = 1
2013-06-27 13:06:37.884 ---   I_PARENT_START    = 1
2013-06-27 13:06:37.884 ---   J_PARENT_START    = 1
2013-06-27 13:06:37.884 ---   S_WE              = 1
2013-06-27 13:06:37.884 ---   E_WE              = 1189
2013-06-27 13:06:37.884 ---   S_SN              = 1
2013-06-27 13:06:37.884 ---   E_SN              = 931
2013-06-27 13:06:37.884 ---   GEOG_DATA_RES     = 2m
2013-06-27 13:06:37.884 ---   DX                = 3000.000000
2013-06-27 13:06:37.884 ---   DY                = 3000.000000
2013-06-27 13:06:37.884 ---   MAP_PROJ          = lambert
2013-06-27 13:06:37.884 ---   POLE_LAT          = 90.000000
2013-06-27 13:06:37.884 ---   POLE_LON          = 0.000000
2013-06-27 13:06:37.884 ---   REF_LAT           = 62.000000
2013-06-27 13:06:37.884 ---   REF_LON           = -153.000000
2013-06-27 13:06:37.884 ---   REF_X             = 100000002004087734272.000000
2013-06-27 13:06:37.885 ---   REF_Y             = 100000002004087734272.000000
2013-06-27 13:06:37.885 ---   TRUELAT1          = 62.000000
2013-06-27 13:06:37.885 ---   TRUELAT2          = 62.000000
2013-06-27 13:06:37.885 ---   STAND_LON         = -153.000000
2013-06-27 13:06:37.885 ---   GEOG_DATA_PATH    = /meso/noscrub/Matthew.Pyle/geog
2013-06-27 13:06:37.885 ---   OPT_GEOGRID_TBL_PATH = geogrid/
2013-06-27 13:06:37.885 --- /
2013-06-27 13:06:37.902 --- Processing domain 1 of 1
2013-06-27 13:06:37.903 --- INFORM: Using 2m interpolator sequence for HGT_M.
2013-06-27 13:06:37.903 --- INFORM: Using 2m data source for HGT_M.
2013-06-27 13:06:37.984 --- INFORM: Using 2m interpolator sequence for LANDUSEF.
2013-06-27 13:06:37.984 --- INFORM: Using 2m data source for LANDUSEF.
2013-06-27 13:06:38.016 --- INFORM: For SOILTEMP, couldn't find interpolator sequence for resolution 2m.
2013-06-27 13:06:38.016 --- INFORM: Using default interpolator sequence for SOILTEMP.
2013-06-27 13:06:38.016 --- INFORM: For SOILTEMP, couldn't find 2m data source.
2013-06-27 13:06:38.016 --- INFORM: Using default data source for SOILTEMP.
2013-06-27 13:06:38.028 --- INFORM: Using 2m interpolator sequence for SOILCTOP.
2013-06-27 13:06:38.028 --- INFORM: Using 2m data source for SOILCTOP.
2013-06-27 13:06:38.063 --- INFORM: Using 2m interpolator sequence for SOILCBOT.
2013-06-27 13:06:38.063 --- INFORM: Using 2m data source for SOILCBOT.
2013-06-27 13:06:38.106 --- INFORM: For ALBEDO12M, couldn't find interpolator sequence for resolution 2m.
2013-06-27 13:06:38.106 --- INFORM: Using default interpolator sequence for ALBEDO12M.
2013-06-27 13:06:38.106 --- INFORM: For ALBEDO12M, couldn't find 2m data source.
2013-06-27 13:06:38.106 --- INFORM: Using default data source for ALBEDO12M.
2013-06-27 13:06:38.108 --- INFORM: For GREENFRAC, couldn't find interpolator sequence for resolution 2m.
2013-06-27 13:06:38.108 --- INFORM: Using default interpolator sequence for GREENFRAC.
2013-06-27 13:06:38.108 --- INFORM: For GREENFRAC, couldn't find 2m data source.
2013-06-27 13:06:38.108 --- INFORM: Using default data source for GREENFRAC.
2013-06-27 13:06:38.111 --- INFORM: For SNOALB, couldn't find interpolator sequence for resolution 2m.
2013-06-27 13:06:38.111 --- INFORM: Using default interpolator sequence for SNOALB.
2013-06-27 13:06:38.111 --- INFORM: For SNOALB, couldn't find 2m data source.
2013-06-27 13:06:38.111 --- INFORM: Using default data source for SNOALB.
2013-06-27 13:06:38.135 --- INFORM: For SLOPECAT, couldn't find interpolator sequence for resolution 2m.
2013-06-27 13:06:38.135 --- INFORM: Using default interpolator sequence for SLOPECAT.
2013-06-27 13:06:38.135 --- INFORM: For SLOPECAT, couldn't find 2m data source.
2013-06-27 13:06:38.135 --- INFORM: Using default data source for SLOPECAT.
2013-06-27 13:06:38.154 --- INFORM: For VAR_SSO, couldn't find interpolator sequence for resolution 2m.
2013-06-27 13:06:38.154 --- INFORM: Using default interpolator sequence for VAR_SSO.
2013-06-27 13:06:38.154 --- INFORM: For VAR_SSO, couldn't find 2m data source.
2013-06-27 13:06:38.154 --- INFORM: Using default data source for VAR_SSO.
2013-06-27 13:06:39.377 --- Processing field 1 of 15 (LANDUSEF)
2013-06-27 13:06:46.118 --- Processing field 2 of 15 (LU_INDEX)
2013-06-27 13:06:46.295 --- Processing field 3 of 15 (HGT_M)
2013-06-27 13:06:47.222 --- Processing field 4 of 15 (SLPX)
2013-06-27 13:06:47.251 --- Processing field 5 of 15 (SLPY)
2013-06-27 13:06:47.276 --- Processing field 6 of 15 (SOILTEMP)
2013-06-27 13:06:47.854 --- Processing field 7 of 15 (SOILCTOP)
2013-06-27 13:06:52.620 --- Processing field 8 of 15 (SCT_DOM)
2013-06-27 13:06:52.703 --- Processing field 9 of 15 (SOILCBOT)
2013-06-27 13:06:57.444 --- Processing field 10 of 15 (SCB_DOM)
2013-06-27 13:06:57.530 --- Processing field 11 of 15 (ALBEDO12M)
2013-06-27 13:06:59.133 --- Processing field 12 of 15 (GREENFRAC)
2013-06-27 13:07:00.761 --- Processing field 13 of 15 (SNOALB)
2013-06-27 13:07:01.227 --- Processing field 14 of 15 (SLOPECAT)
2013-06-27 13:07:01.949 --- Processing field 15 of 15 (VAR_SSO)
2013-06-27 13:07:08.929 ---  *** Successful completion of program geogrid.exe ***
