# NMM DFI
state  real   hcoeff         {ndfi} misc    1      -      -   "HCOEFF"      "initialization weights"
state  real   dfi_pd        ij     misc    1      -      r   "DFI_PD"      "Mass at I,J in the sigma domain"               "Pa"
state  real   dfi_t         ijk    misc    1      -      r   "DFI_T"       "Sensible temperature"                          "K"
state  real   dfi_q         ijk    misc    1      -      r   "DFI_Q"       "Specific humidity"                             "kg kg-1"
state  real   dfi_u         ijk    misc    1      -      r   "DFI_U"       "U component of wind"                           "m s-1"
state  real   dfi_v         ijk    misc    1      -      r   "DFI_V"       "V component of wind"                           "m s-1"
state  real   dfi_q2        ijk    misc    1      -      r   "DFI_Q2"      "2 * Turbulence kinetic energy"                 "m2 s-2"
state  real   dfi_cwm       ijk    misc    1      -      r   "DFI_CWM"     "Total condensate"                              "kg kg-1"
state  real   dfi_rrw       ijk    misc    1      -      r   "DFI_RRW"     "Tracer"                                        "kg kg-1"
# DFI namelist
rconfig   integer dfi_opt                namelist,dfi_control   1       0     rh   "dfi_opt"                ""      ""
rconfig   integer dfi_nfilter            namelist,dfi_control   1       7     rh   "dfi_nfilter"                "Digital filter type"      ""
rconfig   logical dfi_write_filtered_input  namelist,dfi_control  1  .true.   rh   "dfi_write_filtered_input"                "Write a wrfinput_filtered_d0n file?"      ""
rconfig   logical dfi_write_dfi_history  namelist,dfi_control   1   .false.   rh   "dfi_write_dfi_history"    "Write history files during filtering?"      ""
rconfig   integer dfi_cutoff_seconds     namelist,dfi_control   1    3600     rh   "dfi_cutoff_seconds"       "Digital filter cutoff time"      ""
rconfig   integer dfi_time_dim           namelist,dfi_control   1    1000     rh   "dfi_time_dim"             "MAX DIMENSION FOR HCOEFF"
rconfig   integer dfi_fwdstop_year       namelist,dfi_control   1    2004     rh   "dfi_fwdstop_year"         "4 DIGIT YEAR OF START OF DFI" "YEARS"
rconfig   integer dfi_fwdstop_month      namelist,dfi_control   1      03     rh   "dfi_fwdstop_month"        "2 DIGIT MONTH OF THE YEAR OF START OF DFI" "MONTHS"
rconfig   integer dfi_fwdstop_day        namelist,dfi_control   1      13     rh   "dfi_fwdstop_day"          "2 DIGIT DAY OF THE MONTH OF START OF DFI" "DAYS"
rconfig   integer dfi_fwdstop_hour       namelist,dfi_control   1      12     rh   "dfi_fwdstop_hour"         "2 DIGIT HOUR OF THE DAY OF START OF DFI" "HOURS"
rconfig   integer dfi_fwdstop_minute     namelist,dfi_control   1      00     rh   "dfi_fwdstop_minute"       "2 DIGIT MINUTE OF THE HOUR OF START OF DFI" "MINUTES"
rconfig   integer dfi_fwdstop_second     namelist,dfi_control   1      00     rh   "dfi_fwdstop_second"       "2 DIGIT SECOND OF THE MINUTE OF START OF DFI" "SECONDS"
rconfig   integer dfi_bckstop_year       namelist,dfi_control   1    2004     rh   "dfi_bckstop_year"         "4 DIGIT YEAR OF END OF DFI" "YEARS"
rconfig   integer dfi_bckstop_month      namelist,dfi_control   1      03     rh   "dfi_bckstop_month"        "2 DIGIT MONTH OF THE YEAR OF END OF DFI" "MONTHS"
rconfig   integer dfi_bckstop_day        namelist,dfi_control   1      14     rh   "dfi_bckstop_day"          "2 DIGIT DAY OF THE MONTH OF END OF DFI" "DAYS"
rconfig   integer dfi_bckstop_hour       namelist,dfi_control   1      12     rh   "dfi_bckstop_hour"         "2 DIGIT HOUR OF THE DAY OF END OF DFI" "HOURS"
rconfig   integer dfi_bckstop_minute     namelist,dfi_control   1      00     rh   "dfi_bckstop_minute"       "2 DIGIT MINUTE OF THE HOUR OF END OF DFI" "MINUTES"
rconfig   integer dfi_bckstop_second     namelist,dfi_control   1      00     rh   "dfi_bckstop_second"       "2 DIGIT SECOND OF THE MINUTE OF END OF DFI" "SECONDS"
rconfig   integer dfi_stage               derived                       1         3       -        "dfi_stage"            "current stage of DFI processing"      "0=DFI setup, 1=DFI backward integration, 2=DFI forward integration, 3=WRF forecast"
rconfig   integer mp_physics_dfi          derived                  max_domains   -1       -        "mp_physics_dfi"       ""      "-1 = no DFI and so no need to allocate DFI moist and scalar variables, >0 = running with DFI, so allocate DFI moist and scalar variables appropriate for selected microphysics package"
package   nodfimoist        mp_physics_dfi==-1       -             -
package   passiveqv_dfi     mp_physics_dfi==0        -             dfi_moist:dfi_qv
package   kesslerscheme_dfi mp_physics_dfi==1        -             dfi_moist:dfi_qv,dfi_qc,dfi_qr
package   linscheme_dfi     mp_physics_dfi==2        -             dfi_moist:dfi_qv,dfi_qc,dfi_qr,dfi_qi,dfi_qs,dfi_qg
package   wsm3scheme_dfi    mp_physics_dfi==3        -             dfi_moist:dfi_qv,dfi_qc,dfi_qr
package   wsm5scheme_dfi    mp_physics_dfi==4        -             dfi_moist:dfi_qv,dfi_qc,dfi_qr,dfi_qi,dfi_qs
package   etampnew_dfi      mp_physics_dfi==5        -             dfi_moist:dfi_qv,dfi_qc,dfi_qr,dfi_qi,dfi_qs,dfi_qg;dfi_scalar:dfi_qt
package   wsm6scheme_dfi    mp_physics_dfi==6        -             dfi_moist:dfi_qv,dfi_qc,dfi_qr,dfi_qi,dfi_qs,dfi_qg
package   gsfcgcescheme_dfi mp_physics_dfi==7        -             dfi_moist:dfi_qv,dfi_qc,dfi_qr,dfi_qi,dfi_qs,dfi_qg
package   thompson_dfi      mp_physics_dfi==8        -             dfi_moist:dfi_qv,dfi_qc,dfi_qr,dfi_qi,dfi_qs,dfi_qg;dfi_scalar:dfi_qni,dfi_qnr
package   morr_two_moment_dfi  mp_physics_dfi==10    -             dfi_moist:dfi_qv,dfi_qc,dfi_qr,dfi_qi,dfi_qs,dfi_qg;dfi_scalar:dfi_qni,dfi_qns,dfi_qnr,dfi_qng
package   wdm5scheme_dfi    mp_physics_dfi==14       -             dfi_moist:dfi_qv,dfi_qc,dfi_qr,dfi_qi,dfi_qs;dfi_scalar:dfi_qnn,dfi_qnc,dfi_qnr
package   wdm6scheme_dfi    mp_physics_dfi==16       -             dfi_moist:dfi_qv,dfi_qc,dfi_qr,dfi_qi,dfi_qs,dfi_qg;dfi_scalar:dfi_qnn,dfi_qnc,dfi_qnr
package   thompson07_dfi    mp_physics_dfi==98       -             dfi_moist:dfi_qv,dfi_qc,dfi_qr,dfi_qi,dfi_qs,dfi_qg;dfi_scalar:dfi_qni
