IBM XL Fortran for AIX, V12.1 (5724-U82) Version 12.01.0000.0001 --- /gpfs/c/nco/ops/nwprod/sorc/hiresw_post_hls.fd/BLOSFC2.f 12/22/08 15:45:41
 
>>>>> OPTIONS SECTION <<<<<
***   Options In Effect   ***
  
         ==  On / Off Options  ==
         CR              DBG             ESCAPE          FULLPATH
         I4              INLGLUE         NOLIBESSL       NOLIBPOSIX
         OBJECT          SOURCE          STRICT          SWAPOMP
         THREADED        UNWIND          NOZEROSIZE
  
         ==  Options Of Integer Type ==
         ALIAS_SIZE(65536)     FIXED(72)             MAXMEM(-1)
         OPTIMIZE(2)           SPILLSIZE(2000)       STACKTEMP(0)
  
  
         ==  Options Of Character Type  ==
         64(LARGETYPE)         ALIAS(STD,INTPTR)     ALIGN(BINDC(POWER),STRUCT(NATURAL))
         ARCH(PWR6)            ATTR(FULL)            AUTODBL(NONE)
         DESCRIPTOR(V1)        DIRECTIVE(IBM*,IBMT)  ENUM()
         FLAG(I,I)             FLOAT(RNDSNGL,MAF,FOLD,RNGCHK,SINGLE)
         HALT(S)               IEEE(NEAR)            INTSIZE(4)
         LANGLVL(EXTENDED)     POSITION(APPENDOLD)   REALSIZE(4)
         SAVE(ALL)             TUNE(PWR6)            UNROLL(AUTO)
         XREF(FULL)            XLF2003(NOPOLYMORPHIC,NOBOZLITARGS,NOSTOPEXCEPT,NOVOLATILE,NOAUTOREALLOC,OLDNANINF)
         XLF77(NOLEADZERO,GEDIT77,NOBLANKPAD,OLDBOZ,INTARG,INTXOR,PERSISTENT,SOFTEOF)
         XLF90(NOSIGNEDZERO,NOAUTODEALLOC,OLDPAD)
  
>>>>> SOURCE SECTION <<<<<
          1 |      SUBROUTINE BLOSFC2
          2 |C$$$  SUBPROGRAM DOCUMENTATION BLOCK
          3 |C                .      .    .
          4 |C SUBPROGRAM:    BLOSFC2     SETS BELOW SURFACE VALUES
          5 |C   PRGRMMR: TREADON         ORG: W/NP2      DATE: 93-05-07
          6 |C
          7 |C ABSTRACT:  THIS ROUTINE SETS BELOW GROUND Q, U, V,
          8 |C     AND OMEGA.  FOR U, V, AND OMEGA WE SIMPLY FILL
          9 |C     BELOW GROUND ARRAY ELEMENTS WITH VALUES FROM
         10 |C     THE FIRST ATMOSPHERIC ETA LAYER (FAL).  FOR Q
         11 |C     WE FIRST COMPUTE THE FAL RELATIVE HUMIDITY.  USING
         12 |C     THE GIVEN TEMPERATURE AND PRESSURE WE USE THIS
         13 |C     FAL RH FIELD TO COMPUTE BELOW SURFACE Q WHICH
         14 |C     MAINTAINS THE FAL RH.
         15 |C   .
         16 |C
         17 |C PROGRAM HISTORY LOG:
         18 |C   93-01-27  RUSS TREADON
         19 |C   93-05-07  RUSS TREADON - ADDED DOCBLOC
         20 |C   96-03-07  MIKE BALDWIN - SPEED UP CODE
         21 |C   98-06-08  T BLACK      - CONVERSION FROM 1-D TO 2-D
         22 |C   98-08-17  MIKE BALDWIN - COMPUTE RH OVER ICE
         23 |C   98-12-22  MIKE BALDWIN - BACK OUT RH OVER ICE
         24 |C   00-01-03  JIM TUCCILLO - MPI VERSION
         25 |C
         26 |C USAGE:    CALL BLOSFC2
         27 |C   INPUT ARGUMENT LIST:
         28 |C     NONE
         29 |C
         30 |C   OUTPUT ARGUMENT LIST:
         31 |C     NONE
         32 |C
         33 |C   OUTPUT FILES:
         34 |C     NONE
         35 |C
         36 |C   SUBPROGRAMS CALLED:
         37 |C     UTILITIES:
         38 |C       NONE
         39 |C     LIBRARY:
         40 |C       COMMON   - MAPOT
         41 |C                  LOOPS
         42 |C                  MASKS
         43 |C
         44 |C   ATTRIBUTES:
         45 |C     LANGUAGE: FORTRAN 90
         46 |C     MACHINE : CRAY C-90
         47 |C$$$
         48 |C
         49 |C
         50 |      use vrbls
         51 |      use omgaot
         52 |      use extra
         53 |      use cldwtr
         54 |      use masks
         55 |C
         56 |C     INCLUDE PARAMETER STATEMENTS.  SET LOCAL PARAMETERS.
         57 |      INCLUDE "parmeta"
  1       1 |C-------------------------------------------------------------
  1       2 |C***  SET PRIMARY GRID DIMENSIONS AND PRESSURE OUTPUT LEVELS
  1       3 |      PARAMETER (IM=89,JM=143,LM=60,LSM=39)
  1       4 |C-------------------------------------------------------------
  1       5 |C***  SET THE NUMBER OF PEs IN THE I-DIRECTION AND J-DIRECTION
  1       6 |      PARAMETER(INPES=5,JNPES=6)
  1       7 |C-------------------------------------------------------------
  1       8 |C
  1       9 |      PARAMETER(IGSTL=-5,IGSTR=5)
  1      10 |      PARAMETER(JGSTL=-5,JGSTR=5)
  1      11 |      PARAMETER(ITAIL=IM-(INPES*(IM/INPES)))
  1      12 |      PARAMETER(JTAIL=JM-(JNPES*(JM/JNPES)))
  1      13 |C
  1      14 |      PARAMETER(IDIM1=IGSTL,IDIM2=IM/INPES+IGSTR+1)
  1      15 |      PARAMETER(JDIM1=JGSTL,JDIM2=JM/JNPES+JGSTR+1)
  1      16 |C
  1      17 |C-------------------------------------------------------------
         58 |      INCLUDE "params"
  2       1 |C
  2       2 |C     ARRAY DIMENSIONS.
  2       3 |      PARAMETER	
  2       4 |     & (IMT=2*IM-1,JMT=JM/2+1)
  2       5 |      PARAMETER
  2       6 |     & (IM1=IM-1,JM2=JM-2,JAM=6+2*(JM-10)
  2       7 |     &, NINC=2*IM-1
  2       8 |     &, LM1=LM-1,LP1=LM+1
  2       9 |     &, LB=2*IM+JM-3)
  2      10 |C
  2      11 |C     SMOOTHING PARAMETERS.
  2      12 |      PARAMETER
  2      13 |     & (KSMUD=4,KSLPD=1,KSSLP=2,KSFI=2,KST=2
  2      14 |     &, KSUV=2,KSRH=2,KSAV=2,KSLI=2,KSLP=2
  2      15 |     &, SMTHA=-1.8E-4,SMTHB=16.,NSUMD=1)
  2      16 |C
  2      17 |C     DIMENSIONS FOR PROFILE OUPUT ARRAYS.
  2      18 |      PARAMETER
  2      19 |     & (NSTAT=100,NWORD=6+6*LM+9,NWORD3=NWORD-3,NWORD6=NWORD-6)
  2      20 |C
  2      21 |C     CONSTANTS.
  2      22 |      PARAMETER
  2      23 |     & (CM1=2937.4,CM2=4.9283,CM3=23.5518)
  2      24 |      PARAMETER
  2      25 |     & (D00=0.0,D1=0.1,D01=0.01,D001=0.001,D50=0.50,H999=999.
  2      26 |     &, H1=1.0,H2=2.0,H4=4.0,H99999=99999.,H1M12=1.E-12
  2      27 |     &, H1000=1000.,H1M5=1.E-5,D125=.125,D25=0.25,H100=100.
  2      28 |     &, H10000=10000.,H10E5=1.E5,CAPA=0.28589641E0
  2      29 |     &, D115=0.115,D608=0.608,D05=0.05,D0065=0.0065
  2      30 |     &, H1E2=100.,H1E4=1.E4,H1M2=1.E-2)
  2      31 |      PARAMETER
  2      32 |     & (G=9.8,RD=287.04,ROG=RD/G,GI=1./G
  2      33 |     &, OVERRC=1.75,AD05=OVERRC*D05,CFT0=OVERRC-H1
  2      34 |     &, DTR=1.745329E-2,RTD=1./DTR,ERAD=6.376E6,CP=1004.6
  2      35 |     &, RCAPA=1./CAPA,P1000=1000.E2,DP10M=110
  2      36 |     &, ELWV=2.50E6,CPDR=CP/RD,RG=1./GI,ELDR=ELWV/RD
  2      37 |     &, BETA=.00367,BTG=BETA*9.8)
  2      38 |      PARAMETER
  2      39 |     & (FMW=18.015,FMD=28.964,EPS=FMW/FMD,ONEPS=1.-EPS,TFRZ=273.16
  2      40 |     &, RDOCP=RD/CP,LHEAT=2.5E6,LHTOCP=LHEAT/CP,EPSQ2=0.2
  2      41 |     &, PQ0=379.90516,A2=17.2693882,A3=273.16,A4=35.86)
         59 |      PARAMETER (DPBND=60.E2,ISMTHP=2,ISMTHT=2,ISMTHQ=2,ISMTHR=2,
         60 |     &  CLIMIT=1.E-20)
         61 |C
         62 |C     DECLARE VARIABLES.
         63 |      REAL PBND(IM,JM),QBND(IM,JM),RHBND(IM,JM),TBND(IM,JM)
         64 |      REAL PSUM(IM,JM),ICEB(IM,JM),IWM1(IM,JM)
         65 |C
         66 |C     INCLUDE COMMON BLOCKS
         67 |      INCLUDE "MAPOT.comm"
  3       1 |C-----------------------------------------------------------------------
  3       2 |                             C O M M O N /MAPOT/
  3       3 |     & LSL,IXM,IYM
  3       4 |     &,ISHDE(99)
  3       5 |     &,R,PT,TSPH
  3       6 |     &,WBD,SBD,TLM0D,TPH0D,DLMD,DPHD,CMLD,DP30,X1P,Y1P
  3       7 |     &,DISLP,Z0SLP,SPL(LSM),ALSL(LSM)
  3       8 |     &,DETA(LM),AETA(LM),ETA(LP1),TSHDE(99)
  3       9 |     &,ERLAM0,CPHI0,SPHI0
  3      10 |     &,KUNIT,LUNIT,MUNIT,IUNIT,NUNIT
  3      11 |     &,DSG1(LM),SGML1(LM),SG1(LP1),PDTOP
  3      12 |     &,DSG2(LM),SGML2(LM),SG2(LP1)
  3      13 |C-----------------------------------------------------------------------
         68 |      INCLUDE "LOOPS.comm"
  4       1 |C-----------------------------------------------------------------------
  4       2 |                             C O M M O N /LOOPS/
  4       3 |     & IHLA  (JAM),IHHA  (JAM),IVLA  (JAM),IVHA  (JAM),JRA   (JAM)
  4       4 |C
  4       5 |     &,LMH   (IM,JM),LMV   (IM,JM)
  4       6 |C-----------------------------------------------------------------------
         69 |      INCLUDE "CTLBLK.comm"
  5       1 |C-----------------------------------------------------------------------
  5       2 |      COMMON /CTLBLK/
  5       3 |     & SIGMA,RUN,IDAT(3),IHRST,FIRST,RESTRT,NFCST,NBC,LIST,IOUT
  5       4 |     &,DT,NTSD,NTSTM,NDDAMP,NPREC,IDTAD,NBOCO,NSHDE,NCP
  5       5 |     &,NPHS,NRADS,NRADL
  5       6 |      INTEGER NUM_PROCS, ME, JSTA, JEND,
  5       7 |     &        JSTA_M, JSTA_M2, JEND_M, JEND_M2, IUP, IDN, ICNT, IDSP,
  5       8 |     &        JSTA_2L, JEND_2U
  5       9 |      COMMON /PARALLEL/NUM_PROCS, ME, JSTA, JEND, JSTA_M, JEND_M,
  5      10 |     &                 JSTA_M2, JEND_M2, IUP, IDN,
  5      11 |     &                 ICNT(0:1023), IDSP(0:1023),
  5      12 |     &                 JSTA_2L, JEND_2U, NUM_SERVERS, MPI_COMM_INTER,
  5      13 |     &                 MPI_COMM_COMP
  5      14 |C-----------------------------------------------------------------------
         70 |C
         71 |C********************************************************************
         72 |C     START BLOSFC HERE.
         73 |C
         74 |C     SET BELOW GROUND OMEGA.
         75 |!$omp  parallel do
         76 |      DO L = 1,LM
         77 |         DO J=JSTA,JEND
         78 |         DO I=1,IM
         79 |           LLMH = LMH(I,J)
         80 |           IF(L.GT.LLMH) OMGA(I,J,L) = OMGA(I,J,LLMH)
         81 |         ENDDO
         82 |         ENDDO
         83 |         CALL EXCH_P(OMGA(1,jsta_2l,L))
         84 |      ENDDO
         85 |C
         86 |C     SET BELOW GROUND U AND V WIND COMPONENTS.
         87 |!$omp  parallel do
         88 |!$omp& private(llmv)
         89 |      DO L = 1,LM
         90 |         DO J=JSTA,JEND
         91 |         DO I=1,IM
         92 |           LLMV = LMV(I,J)
         93 |           IF (L.GT.LLMV) THEN
         94 |             U(I,J,L) = U(I,J,LLMV)
         95 |             V(I,J,L) = V(I,J,LLMV)
         96 |           ENDIF
         97 |         ENDDO
         98 |         ENDDO
         99 |         CALL EXCH_P(U(1,jsta_2l,L))
        100 |         CALL EXCH_P(V(1,jsta_2l,L))
        101 |      ENDDO
        102 |C
        103 |C     LOOP OVER HORIZONTAL.  AT EACH MASS POINT COMPUTE
        104 |C     LAYER MEAN P, T, AND Q IN A DPBND THICK BOUNDARY
        105 |C     LAYER FROM THE SURFACE UP.
        106 |C
        107 |!$omp  parallel do
        108 |      DO J=JSTA,JEND
        109 |      DO I=1,IM
        110 |        PBND(I,J)= PD(I,J) + PT - 0.5*DPBND
        111 |        PSUM(I,J)= D00
        112 |        TBND(I,J)= D00
        113 |        QBND(I,J)= D00
        114 |        ICEB(I,J)= D00
        115 |        IWM1(I,J)= D00
        116 |      ENDDO
        117 |      ENDDO
        118 |!$omp  parallel do
        119 |!$omp& private(dp,iwm1,pbot,pm,ptop,riw)
        120 |      DO L = 1,LM
        121 |        DO J=JSTA,JEND
        122 |        DO I=1,IM
        123 |          PM = D50*(PINT(I,J,L)+PINT(I,J,L+1))
        124 |          PTOP = PBND(I,J)-DPBND*0.5
        125 |          PBOT = PBND(I,J)+DPBND*0.5
        126 |C   COMPUTE IW
        127 |          RIW=0.
        128 |          IF(CWM(I,J,L).GT.CLIMIT) THEN
        129 |             IF(T(I,J,L).LT.258.15)THEN
        130 |               RIW=1.
        131 |             ELSEIF(T(I,J,L).GE.273.15)THEN
        132 |               RIW=0.
        133 |             ELSE
        134 |               IF(IWM1(I,J).EQ.1.0)RIW=1.
        135 |             ENDIF
        136 |          ELSE
        137 |             RIW=0.
        138 |          ENDIF
        139 |          IWM1(I,J)=RIW
        140 |C   COMPUTE IW
        141 |          IF (PM.GT.PTOP.AND.PM.LE.PBOT) THEN
        142 |             DP = PINT(I,J,L+1)-PINT(I,J,L)
        143 |             PSUM(I,J) = PSUM(I,J) + DP
        144 |             TBND(I,J) = TBND(I,J) + T(I,J,L)*DP
        145 |             QBND(I,J) = QBND(I,J) + Q(I,J,L)*DP
        146 |             ICEB(I,J) = ICEB(I,J) + RIW*DP
        147 |          ENDIF
        148 |        ENDDO
        149 |        ENDDO
        150 |      ENDDO
        151 |C
        152 |      DO J=JSTA,JEND
        153 |      DO I=1,IM
        154 |         IF (PSUM(I,J).NE.0.) THEN
        155 |            RPSUM   = 1./PSUM(I,J)
        156 |            TBND(I,J) = TBND(I,J)*RPSUM
        157 |            QBND(I,J) = QBND(I,J)*RPSUM
        158 |            ICEB(I,J) = ICEB(I,J)*RPSUM
        159 |            IF (ICEB(I,J).LT.0.5) ICEB(I,J)=0.
        160 |         ELSE
        161 |            LLMH=LMH(I,J)
        162 |            TBND(I,J) = T(I,J,LLMH)
        163 |            QBND(I,J) = Q(I,J,LLMH)
        164 |            ICEB(I,J) = IWM1(I,J)
        165 |         ENDIF
        166 |      ENDDO
        167 |      ENDDO
        168 |C     USE BOUNDARY LAYER PRESSURE, TEMPERATURE, AND SPECIFIC
        169 |C     HUMIDITY ARRAYS TO COMPUTE BOUNDARY LAYER RELATIVE
        170 |C     HUMIDITY
        171 |      CALL P2FILT(ISMTHP,HBM2,PBND)
        172 |      CALL P2FILT(ISMTHT,HBM2,TBND)
        173 |      CALL P2FILT(ISMTHQ,HBM2,QBND)
        174 |C
        175 |C     BOUND QBND
        176 |C
        177 |      DO J=JSTA,JEND
        178 |         DO I=1,IM
        179 |            QBND(I,J) = AMIN1(AMAX1(H1M12,QBND(I,J)),H99999)
        180 |         ENDDO
        181 |      ENDDO
        182 |      CALL CALRH2(PBND,TBND,QBND,ICEB,RHBND,IM,JM)
        183 |      CALL P2FILT(ISMTHR,HBM2,RHBND)
        184 |C
        185 |C     SET BELOW GROUND Q TO PRESERVE BOUNDARY LAYER
        186 |C     RELATIVE HUMIDITY.
        187 |C
        188 |!$omp  parallel do
        189 |!$omp& private(ai,bi,llmh,pm,qi,qint,qs,qw,tm,tmt0,tmt15)
        190 |      DO L = 1,LM
        191 |        DO J=JSTA,JEND
        192 |        DO I=1,IM
        193 |          LLMH=LMH(I,J)
        194 |          IF(L.GT.LLMH)THEN
        195 |            PM=D50*(PINT(I,J,L)+PINT(I,J,L+1))
        196 |            TM=T(I,J,L)
        197 |C
        198 |            TMT0=TM-273.16
        199 |            TMT15=AMIN1(TMT0,-15.)
        200 |            AI=0.008855
        201 |            BI=1.
        202 |            IF(TMT0.LT.-20.)THEN
        203 |              AI=0.007225
        204 |              BI=0.9674
        205 |            ENDIF
        206 |            QW=PQ0/PM*EXP(A2*(TM-A3)/(TM-A4))
        207 |            QI=QW*(BI+AI*AMIN1(TMT0,0.))
        208 |            QINT=QW*(1.-0.00032*TMT15*(TMT15+15.))
        209 |            IF(TMT0.LT.-15.)THEN
        210 |               QS=QI
        211 |            ELSEIF(TMT0.GE.0.)THEN
        212 |               QS=QINT
        213 |            ELSE
        214 |               IF(ICEB(I,J).GT.0.0) THEN
        215 |                 QS=QI
        216 |               ELSE
        217 |                 QS=QINT
        218 |               ENDIF
        219 |            ENDIF
        220 |CMEB 12/22/98 SWITCH TO RH VS WATER NO MATTER WHAT
        221 |C             DELETE THIS LINE TO SWITCH BACK TO RH VS ICE
        222 |            QS=QW
        223 |CMEB 12/22/98 SWITCH TO RH VS WATER NO MATTER WHAT
        224 |C
        225 |C
        226 |            Q(I,J,L)=RHBND(I,J)*QS
        227 |            Q(I,J,L)=AMAX1(H1M12,Q(I,J,L))
        228 |          ENDIF
        229 |        ENDDO
        230 |        ENDDO
        231 |        CALL EXCH_P(Q(1,jsta_2l,L))
        232 |      ENDDO
        233 |C
        234 |C     END OF ROUTINE
        235 |C
        236 |      RETURN
        237 |      END
 
>>>>> ATTRIBUTE AND CROSS REFERENCE SECTION <<<<<
 
 
 
IDENTIFIER NAME                  CROSS REFERENCE AND ATTRIBUTES
 
a2                               Parameter, Real(4)
                                 2-41.23$  0-206.27
 
a3                               Parameter, Real(4)
                                 2-41.37$  0-206.34
 
a4                               Parameter, Real(4)
                                 2-41.47$  0-206.42
 
ad05                             Parameter, Real(4)
                                 2-33.21$
 
aeta                             Common member, Real(4) (1:60), Offset: 1020, Alignment: full word
                                 3-8.17$
 
ai                               Static, Real(4), Offset: 0, Alignment: full word
                                 0-200.13@  0-203.15@  0-207.23
 
alpint                           Allocatable, Use associated, Controlled, Real(4) (:, :, :), Offset: 0, Alignment: full word
                                 0-52.11$
 
alsl                             Common member, Real(4) (1:39), Offset: 624, Alignment: quadruple word
                                 3-7.29$
 
amax1                            Pure Intrinsic Real(4)
                                 0-179.31  0-227.22
 
amin1                            Pure Intrinsic Real(4)
                                 0-179.25  0-199.19  0-207.26
 
beta                             Parameter, Real(4)
                                 2-37.9$  2-37.25
 
bi                               Static, Real(4), Offset: 0, Alignment: full word
                                 0-201.13@  0-204.15@  0-207.20
 
blosfc2                          Subroutine
                                 0-1.18$
 
btg                              Parameter, Real(4)
                                 2-37.21$
 
calrh2                           External Subroutine
                                 0-182.12
 
capa                             Parameter, Real(4)
                                 2-28.34$  2-35.18
 
cft0                             Parameter, Real(4)
                                 2-33.37$
 
cldwtr                           Use associated, Nonintrinsic Module
                                 0-53.11$  0-53.11
 
climit                           Parameter, Real(4)
                                 0-60.9$  0-128.28
 
cm1                              Parameter, Real(4)
                                 2-23.9$
 
cm2                              Parameter, Real(4)
                                 2-23.20$
 
cm3                              Parameter, Real(4)
                                 2-23.31$
 
cmld                             Common member, Real(4), Offset: 444, Alignment: full word
                                 3-6.38$
 
cp                               Parameter, Real(4)
                                 2-34.49$  2-36.26  2-40.18  2-40.46
 
cpdr                             Parameter, Real(4)
                                 2-36.21$
 
cphi0                            Common member, Real(4), Offset: 1904, Alignment: quadruple word
                                 3-9.15$
 
ctlblk                           Common Block, Alignment: double word
                                 5-2.15$
 
cwm                              Allocatable, Use associated, Controlled, Real(4) (:, :, :), Offset: 0, Alignment: full word
                                 0-53.11$  0-128.14
 
d00                              Parameter, Real(4)
                                 2-25.9$  0-111.20  0-112.20  0-113.20  0-114.20  0-115.20
 
d001                             Parameter, Real(4)
                                 2-25.33$
 
d0065                            Parameter, Real(4)
                                 2-29.40$
 
d01                              Parameter, Real(4)
                                 2-25.24$
 
d05                              Parameter, Real(4)
                                 2-29.31$  2-33.33
 
d1                               Parameter, Real(4)
                                 2-25.17$
 
d115                             Parameter, Real(4)
                                 2-29.9$
 
d125                             Parameter, Real(4)
                                 2-27.32$
 
d25                              Parameter, Real(4)
                                 2-27.42$
 
d50                              Parameter, Real(4)
                                 2-25.44$  0-123.16  0-195.16
 
d608                             Parameter, Real(4)
                                 2-29.20$
 
deta                             Common member, Real(4) (1:60), Offset: 780, Alignment: full word
                                 3-8.8$
 
dislp                            Common member, Real(4), Offset: 460, Alignment: full word
                                 3-7.8$
 
dlmd                             Common member, Real(4), Offset: 436, Alignment: full word
                                 3-6.28$
 
dp                               Static, Real(4), Offset: 0, Alignment: full word
                                 0-142.14@  0-143.38  0-144.47  0-145.47  0-146.42
 
dp10m                            Parameter, Real(4)
                                 2-35.37$
 
dp30                             Common member, Real(4), Offset: 448, Alignment: quadruple word
                                 3-6.43$
 
dpbnd                            Parameter, Real(4)
                                 0-59.18$  0-110.39  0-124.28  0-125.28
 
dphd                             Common member, Real(4), Offset: 440, Alignment: double word
                                 3-6.33$
 
dsg1                             Common member, Real(4) (1:60), Offset: 1932, Alignment: full word
                                 3-11.8$
 
dsg2                             Common member, Real(4) (1:60), Offset: 2660, Alignment: full word
                                 3-12.8$
 
dt                               Common member, Real(4), Offset: 48, Alignment: quadruple word
                                 5-4.8$
 
dtr                              Parameter, Real(4)
                                 2-34.9$  2-34.32
 
dwdt                             Allocatable, Use associated, Controlled, Real(4) (:, :, :), Offset: 0, Alignment: full word
                                 0-50.11$
 
eldr                             Parameter, Real(4)
                                 2-36.41$
 
elwv                             Parameter, Real(4)
                                 2-36.9$  2-36.46
 
eps                              Parameter, Real(4)
                                 2-39.31$  2-39.52
 
epsq2                            Parameter, Real(4)
                                 2-40.49$
 
erad                             Parameter, Real(4)
                                 2-34.36$
 
erlam0                           Common member, Real(4), Offset: 1900, Alignment: full word
                                 3-9.8$
 
eta                              Common member, Real(4) (1:61), Offset: 1260, Alignment: full word
                                 3-8.26$
 
exch_p                           External Subroutine
                                 0-83.15  0-99.15  0-100.15  0-231.14
 
exp                              Pure Intrinsic
                                 0-206.23
 
extra                            Use associated, Nonintrinsic Module
                                 0-52.11$  0-52.11
 
first                            Common member, Real(4), Offset: 24, Alignment: double word
                                 5-3.32$
 
fis                              Allocatable, Use associated, Controlled, Real(4) (:, :), Offset: 0, Alignment: full word
                                 0-50.11$
 
fmd                              Parameter, Real(4)
                                 2-39.20$  2-39.39
 
fmw                              Parameter, Real(4)
                                 2-39.9$  2-39.35
 
fsl                              Allocatable, Use associated, Controlled, Real(4) (:, :), Offset: 0, Alignment: full word
                                 0-52.11$
 
g                                Parameter, Real(4)
                                 2-32.9$  2-32.32  2-32.40
 
gi                               Parameter, Real(4)
                                 2-32.34$  2-36.38
 
h1                               Parameter, Real(4)
                                 2-26.9$  2-33.49
 
h100                             Parameter, Real(4)
                                 2-27.51$
 
h1000                            Parameter, Real(4)
                                 2-27.9$
 
h10000                           Parameter, Real(4)
                                 2-28.9$
 
h10e5                            Parameter, Real(4)
                                 2-28.23$
 
h1e2                             Parameter, Real(4)
                                 2-30.9$
 
h1e4                             Parameter, Real(4)
                                 2-30.19$
 
h1m12                            Parameter, Real(4)
                                 2-26.44$  0-179.37  0-227.28
 
h1m2                             Parameter, Real(4)
                                 2-30.29$
 
h1m5                             Parameter, Real(4)
                                 2-27.21$
 
h2                               Parameter, Real(4)
                                 2-26.16$
 
h4                               Parameter, Real(4)
                                 2-26.23$
 
h999                             Parameter, Real(4)
                                 2-25.53$
 
h99999                           Parameter, Real(4)
                                 2-26.30$  0-179.54
 
hbm2                             Allocatable, Use associated, Controlled, Real(4) (:, :), Offset: 0, Alignment: full word
                                 0-54.11$  0-171.26  0-172.26  0-173.26  0-183.26
 
htm                              Allocatable, Use associated, Controlled, Real(4) (:, :, :), Offset: 0, Alignment: full word
                                 0-54.11$
 
i                                Static, Integer(4), Offset: 0, Alignment: full word
                                 0-78.13@  0-79.23  0-80.31  0-80.45  0-91.13@  0-92.23  0-94.16  0-94.27  0-95.16  0-95.27
                                 0-109.10@  0-110.14  0-110.23  0-111.14  0-112.14  0-113.14  0-114.14  0-115.14  0-122.12@
                                 0-123.26  0-123.38  0-124.23  0-125.23  0-128.18  0-129.19  0-131.23  0-134.24  0-139.16  0-142.24
                                 0-142.38  0-143.19  0-143.31  0-144.19  0-144.31  0-144.40  0-145.19  0-145.31  0-145.40  0-146.19
                                 0-146.31  0-153.10@  0-154.19  0-155.31  0-156.18  0-156.30  0-157.18  0-157.30  0-158.18  0-158.30
                                 0-159.22  0-159.40  0-161.22  0-162.18  0-162.27  0-163.18  0-163.27  0-164.18  0-164.30  0-178.13@
                                 0-179.18  0-179.48  0-192.12@  0-193.20  0-195.26  0-195.38  0-196.18  0-214.24  0-226.15  0-226.28
                                 0-227.15  0-227.36
 
iceb                             Static, Real(4) (1:89, 1:143), Offset: 0, Alignment: full word
                                 0-64.24$  0-114.9@  0-146.14@  0-146.26  0-158.13@  0-158.25  0-159.17  0-159.35@  0-164.13@
                                 0-182.34  0-214.19
 
icnt                             Common member, Integer(4) (0:1023), Offset: 40, Alignment: double word
                                 5-7.59$  5-11.24$
 
idat                             Common member, Integer(4) (1:3), Offset: 8, Alignment: double word
                                 5-3.18$
 
idim1                            Parameter, Integer(4)
                                 1-14.17$
 
idim2                            Parameter, Integer(4)
                                 1-14.29$
 
idn                              Common member, Integer(4), Offset: 36, Alignment: full word
                                 5-7.54$  5-10.47$
 
idsp                             Common member, Integer(4) (0:1023), Offset: 4136, Alignment: double word
                                 5-7.65$  5-11.38$
 
idtad                            Common member, Integer(4), Offset: 68, Alignment: full word
                                 5-4.35$
 
igstl                            Parameter, Integer(4)
                                 1-9.17$  1-14.23
 
igstr                            Parameter, Integer(4)
                                 1-9.26$  1-14.44
 
ihha                             Common member, Integer(4) (1:272), Offset: 1088, Alignment: quadruple word
                                 4-3.20$
 
ihla                             Common member, Integer(4) (1:272), Offset: 0, Alignment: quadruple word
                                 4-3.8$
 
ihrst                            Common member, Integer(4), Offset: 20, Alignment: full word
                                 5-3.26$
 
im                               Parameter, Integer(4)
                                 1-3.18$  0-63.17  0-63.29  0-63.42  0-63.54  0-64.17  0-64.29  0-64.41  0-78.17  0-91.17  0-109.14
                                 0-122.16  0-153.14  0-178.17  0-182.45  0-192.16  1-11.23  1-11.34  1-14.35  2-4.15  2-6.13  2-7.16
                                 2-9.14  4-5.15  4-5.29
 
im1                              Parameter, Integer(4)
                                 2-6.9$
 
imt                              Parameter, Integer(4)
                                 2-4.9$
 
inpes                            Parameter, Integer(4)
                                 1-6.17$  1-11.27  1-11.37  1-14.38
 
iout                             Common member, Integer(4), Offset: 44, Alignment: full word
                                 5-3.60$
 
ishde                            Common member, Integer(4) (1:99), Offset: 12, Alignment: full word
                                 3-4.8$
 
ismthp                           Parameter, Integer(4)
                                 0-59.30$  0-171.19
 
ismthq                           Parameter, Integer(4)
                                 0-59.48$  0-173.19
 
ismthr                           Parameter, Integer(4)
                                 0-59.57$  0-183.19
 
ismtht                           Parameter, Integer(4)
                                 0-59.39$  0-172.19
 
itail                            Parameter, Integer(4)
                                 1-11.17$
 
iunit                            Common member, Integer(4), Offset: 1924, Alignment: full word
                                 3-10.26$
 
iup                              Common member, Integer(4), Offset: 32, Alignment: quadruple word
                                 5-7.49$  5-10.42$
 
ivha                             Common member, Integer(4) (1:272), Offset: 3264, Alignment: quadruple word
                                 4-3.44$
 
ivla                             Common member, Integer(4) (1:272), Offset: 2176, Alignment: quadruple word
                                 4-3.32$
 
iwm1                             Static, Real(4) (1:89, 1:143), Offset: 0, Alignment: full word
                                 0-64.36$  0-115.9@  0-134.19  0-139.11@  0-164.25
 
ixm                              Common member, Integer(4), Offset: 4, Alignment: full word
                                 3-3.12$
 
iym                              Common member, Integer(4), Offset: 8, Alignment: double word
                                 3-3.16$
 
j                                Static, Integer(4), Offset: 0, Alignment: full word
                                 0-77.13@  0-79.25  0-80.33  0-80.47  0-90.13@  0-92.25  0-94.18  0-94.29  0-95.18  0-95.29
                                 0-108.10@  0-110.16  0-110.25  0-111.16  0-112.16  0-113.16  0-114.16  0-115.16  0-121.12@
                                 0-123.28  0-123.40  0-124.25  0-125.25  0-128.20  0-129.21  0-131.25  0-134.26  0-139.18  0-142.26
                                 0-142.40  0-143.21  0-143.33  0-144.21  0-144.33  0-144.42  0-145.21  0-145.33  0-145.42  0-146.21
                                 0-146.33  0-152.10@  0-154.21  0-155.33  0-156.20  0-156.32  0-157.20  0-157.32  0-158.20  0-158.32
                                 0-159.24  0-159.42  0-161.24  0-162.20  0-162.29  0-163.20  0-163.29  0-164.20  0-164.32  0-177.10@
                                 0-179.20  0-179.50  0-191.12@  0-193.22  0-195.28  0-195.40  0-196.20  0-214.26  0-226.17  0-226.30
                                 0-227.17  0-227.38
 
jam                              Parameter, Integer(4)
                                 2-6.27$  4-3.15  4-3.27  4-3.39  4-3.51  4-3.63
 
jdim1                            Parameter, Integer(4)
                                 1-15.17$
 
jdim2                            Parameter, Integer(4)
                                 1-15.29$
 
jend                             Common member, Integer(4), Offset: 12, Alignment: full word
                                 5-6.36$  5-9.45$  0-77.20  0-90.20  0-108.17  0-121.19  0-152.17  0-177.17  0-191.19
 
jend_2u                          Common member, Integer(4), Offset: 8236, Alignment: full word
                                 5-8.24$  5-12.33$
 
jend_m                           Common member, Integer(4), Offset: 20, Alignment: full word
                                 5-7.32$  5-9.59$
 
jend_m2                          Common member, Integer(4), Offset: 28, Alignment: full word
                                 5-7.40$  5-10.33$
 
jgstl                            Parameter, Integer(4)
                                 1-10.17$  1-15.23
 
jgstr                            Parameter, Integer(4)
                                 1-10.26$  1-15.44
 
jm                               Parameter, Integer(4)
                                 1-3.24$  0-63.20  0-63.32  0-63.45  0-63.57  0-64.20  0-64.32  0-64.44  0-182.48  1-12.23  1-12.34
                                 1-15.35  2-4.24  2-6.22  2-6.36  2-9.17  4-5.18  4-5.32
 
jm2                              Parameter, Integer(4)
                                 2-6.18$
 
jmt                              Parameter, Integer(4)
                                 2-4.20$
 
jnpes                            Parameter, Integer(4)
                                 1-6.25$  1-12.27  1-12.37  1-15.38
 
jra                              Common member, Integer(4) (1:272), Offset: 4352, Alignment: quadruple word
                                 4-3.56$
 
jsta                             Common member, Integer(4), Offset: 8, Alignment: double word
                                 5-6.30$  5-9.39$  0-77.15  0-90.15  0-108.12  0-121.14  0-152.12  0-177.12  0-191.14
 
jsta_2l                          Common member, Integer(4), Offset: 8232, Alignment: double word
                                 5-8.15$  5-12.24$  0-83.29  0-99.26  0-100.26  0-231.25
 
jsta_m                           Common member, Integer(4), Offset: 16, Alignment: quadruple word
                                 5-7.15$  5-9.51$
 
jsta_m2                          Common member, Integer(4), Offset: 24, Alignment: double word
                                 5-7.23$  5-10.24$
 
jtail                            Parameter, Integer(4)
                                 1-12.17$
 
kmnt                             Allocatable, Use associated, Controlled, Real(4) (:, :), Offset: 0, Alignment: full word
                                 0-52.11$
 
kmntm                            Allocatable, Use associated, Controlled, Real(4) (:), Offset: 0, Alignment: full word
                                 0-52.11$
 
ksav                             Parameter, Integer(4)
                                 2-14.23$
 
ksfi                             Parameter, Integer(4)
                                 2-13.33$
 
ksli                             Parameter, Integer(4)
                                 2-14.30$
 
kslp                             Parameter, Integer(4)
                                 2-14.37$
 
kslpd                            Parameter, Integer(4)
                                 2-13.17$
 
ksmud                            Parameter, Integer(4)
                                 2-13.9$
 
ksrh                             Parameter, Integer(4)
                                 2-14.16$
 
ksslp                            Parameter, Integer(4)
                                 2-13.25$
 
kst                              Parameter, Integer(4)
                                 2-13.40$
 
ksuv                             Parameter, Integer(4)
                                 2-14.9$
 
kunit                            Common member, Integer(4), Offset: 1912, Alignment: double word
                                 3-10.8$
 
l                                Static, Integer(4), Offset: 0, Alignment: full word
                                 0-76.10@  0-80.15  0-80.35  0-83.37  0-89.10@  0-93.16  0-94.20  0-95.20  0-99.34  0-100.34
                                 0-120.10@  0-123.30  0-123.42  0-128.22  0-129.23  0-131.27  0-142.28  0-142.42  0-144.44  0-145.44
                                 0-190.10@  0-194.14  0-195.30  0-195.42  0-196.22  0-226.19  0-227.19  0-227.40  0-231.33
 
lb                               Parameter, Integer(4)
                                 2-9.9$
 
lc                               Allocatable, Use associated, Controlled, Real(4) (:, :), Offset: 0, Alignment: full word
                                 0-53.11$
 
lheat                            Parameter, Integer(4)
                                 2-40.21$  2-40.40
 
lhtocp                           Parameter, Integer(4)
                                 2-40.33$
 
list                             Common member, Integer(4), Offset: 40, Alignment: double word
                                 5-3.55$
 
llmh                             Static, Integer(4), Offset: 0, Alignment: full word
                                 0-79.12@  0-80.20  0-80.49  0-161.13@  0-162.31  0-163.31  0-193.11@  0-194.19
 
llmv                             Static, Integer(4), Offset: 0, Alignment: full word
                                 0-92.12@  0-93.21  0-94.31  0-95.31
 
lm                               Parameter, Integer(4)
                                 1-3.31$  0-76.16  0-89.16  0-120.16  0-190.16  2-8.13  2-8.22  2-19.29  3-8.13  3-8.22  3-11.13
                                 3-11.23  3-12.13  3-12.23
 
lm1                              Parameter, Integer(4)
                                 2-8.9$
 
lmh                              Common member, Integer(4) (1:89, 1:143), Offset: 5440, Alignment: quadruple word
                                 4-5.8$  0-79.19  0-161.18  0-193.16
 
lmv                              Common member, Integer(4) (1:89, 1:143), Offset: 56348, Alignment: full word
                                 4-5.22$  0-92.19
 
loops                            Common Block, Alignment: double word
                                 4-2.43$
 
lp1                              Parameter, Integer(4)
                                 2-8.18$  3-8.30  3-11.31  3-12.31
 
lsl                              Common member, Integer(4), Offset: 0, Alignment: quadruple word
                                 3-3.8$
 
lsm                              Parameter, Integer(4)
                                 1-3.37$  3-7.24  3-7.34
 
lunit                            Common member, Integer(4), Offset: 1916, Alignment: full word
                                 3-10.14$
 
mapot                            Common Block, Alignment: double word
                                 3-2.43$
 
masks                            Use associated, Nonintrinsic Module
                                 0-54.11$  0-54.11
 
me                               Common member, Integer(4), Offset: 4, Alignment: full word
                                 5-6.26$  5-9.35$
 
mpi_comm_comp                    Common member, Integer(4), Offset: 8248, Alignment: double word
                                 5-13.24$
 
mpi_comm_inter                   Common member, Integer(4), Offset: 8244, Alignment: full word
                                 5-12.55$
 
munit                            Common member, Integer(4), Offset: 1920, Alignment: quadruple word
                                 3-10.20$
 
nbc                              Common member, Integer(4), Offset: 36, Alignment: full word
                                 5-3.51$
 
nboco                            Common member, Integer(4), Offset: 72, Alignment: double word
                                 5-4.41$
 
ncp                              Common member, Integer(4), Offset: 80, Alignment: quadruple word
                                 5-4.53$
 
nddamp                           Common member, Integer(4), Offset: 60, Alignment: full word
                                 5-4.22$
 
nfcst                            Common member, Integer(4), Offset: 32, Alignment: quadruple word
                                 5-3.45$
 
ninc                             Parameter, Integer(4)
                                 2-7.9$
 
nphs                             Common member, Integer(4), Offset: 84, Alignment: full word
                                 5-5.8$
 
nprec                            Common member, Integer(4), Offset: 64, Alignment: quadruple word
                                 5-4.29$
 
nradl                            Common member, Integer(4), Offset: 92, Alignment: full word
                                 5-5.19$
 
nrads                            Common member, Integer(4), Offset: 88, Alignment: double word
                                 5-5.13$
 
nshde                            Common member, Integer(4), Offset: 76, Alignment: full word
                                 5-4.47$
 
nstat                            Parameter, Integer(4)
                                 2-19.9$
 
nsumd                            Parameter, Integer(4)
                                 2-15.33$
 
ntsd                             Common member, Integer(4), Offset: 52, Alignment: full word
                                 5-4.11$
 
ntstm                            Common member, Integer(4), Offset: 56, Alignment: double word
                                 5-4.16$
 
num_procs                        Common member, Integer(4), Offset: 0, Alignment: quadruple word
                                 5-6.15$  5-9.24$
 
num_servers                      Common member, Integer(4), Offset: 8240, Alignment: quadruple word
                                 5-12.42$
 
nunit                            Common member, Integer(4), Offset: 1928, Alignment: double word
                                 3-10.32$
 
nword                            Parameter, Integer(4)
                                 2-19.19$  2-19.41  2-19.56
 
nword3                           Parameter, Integer(4)
                                 2-19.34$
 
nword6                           Parameter, Integer(4)
                                 2-19.49$
 
oldrd                            Use associated, Static, Logical(4), Offset: 0, Alignment: quadruple word
                                 0-52.11$
 
omga                             Allocatable, Use associated, Controlled, Real(4) (:, :, :), Offset: 0, Alignment: full word
                                 0-51.11$  0-80.26@  0-80.40  0-83.22
 
omgaot                           Use associated, Nonintrinsic Module
                                 0-51.11$  0-51.11
 
oneps                            Parameter, Real(4)
                                 2-39.43$
 
overrc                           Parameter, Real(4)
                                 2-33.9$  2-33.26  2-33.42
 
p1000                            Parameter, Real(4)
                                 2-35.23$
 
p2filt                           External Subroutine
                                 0-171.12  0-172.12  0-173.12  0-183.12
 
parallel                         Common Block, Alignment: double word
                                 5-9.15$
 
pbnd                             Static, Real(4) (1:89, 1:143), Offset: 0, Alignment: full word
                                 0-63.12$  0-110.9@  0-124.18  0-125.18  0-171.31  0-182.19
 
pbot                             Static, Real(4), Offset: 0, Alignment: full word
                                 0-125.11@  0-141.36
 
pd                               Allocatable, Use associated, Controlled, Real(4) (:, :), Offset: 0, Alignment: full word
                                 0-50.11$  0-110.20
 
pdsl                             Allocatable, Use associated, Controlled, Real(4) (:, :), Offset: 0, Alignment: full word
                                 0-52.11$
 
pdtop                            Common member, Real(4), Offset: 2656, Alignment: quadruple word
                                 3-11.36$
 
pdvp1                            Allocatable, Use associated, Controlled, Real(4) (:, :), Offset: 0, Alignment: full word
                                 0-52.11$
 
pfsl                             Allocatable, Use associated, Controlled, Real(4) (:, :), Offset: 0, Alignment: full word
                                 0-52.11$
 
pint                             Allocatable, Use associated, Controlled, Real(4) (:, :, :), Offset: 0, Alignment: full word
                                 0-52.11$  0-123.21  0-123.33  0-142.19  0-142.33  0-195.21  0-195.33
 
pm                               Static, Real(4), Offset: 0, Alignment: full word
                                 0-123.11@  0-141.15  0-141.30  0-195.13@  0-206.20
 
pq0                              Parameter, Real(4)
                                 2-41.9$  0-206.16
 
pslp                             Allocatable, Use associated, Controlled, Real(4) (:, :), Offset: 0, Alignment: full word
                                 0-52.11$
 
psum                             Static, Real(4) (1:89, 1:143), Offset: 0, Alignment: full word
                                 0-64.12$  0-111.9@  0-143.14@  0-143.26  0-154.14  0-155.26
 
pt                               Common member, Real(4), Offset: 412, Alignment: full word
                                 3-5.10$  0-110.30
 
ptop                             Static, Real(4), Offset: 0, Alignment: full word
                                 0-124.11@  0-141.21
 
ptsl                             Allocatable, Use associated, Controlled, Real(4) (:, :), Offset: 0, Alignment: full word
                                 0-52.11$
 
q                                Allocatable, Use associated, Controlled, Real(4) (:, :, :), Offset: 0, Alignment: full word
                                 0-50.11$  0-145.38  0-163.25  0-226.13@  0-227.13@  0-227.34  0-231.21
 
qbnd                             Static, Real(4) (1:89, 1:143), Offset: 0, Alignment: full word
                                 0-63.24$  0-113.9@  0-145.14@  0-145.26  0-157.13@  0-157.25  0-163.13@  0-173.31  0-179.13@
                                 0-179.43  0-182.29
 
qi                               Static, Real(4), Offset: 0, Alignment: full word
                                 0-207.13@  0-210.19  0-215.21
 
qint                             Static, Real(4), Offset: 0, Alignment: full word
                                 0-208.13@  0-212.19  0-217.21
 
qs                               Static, Real(4), Offset: 0, Alignment: full word
                                 0-210.16@  0-212.16@  0-215.18@  0-217.18@  0-222.13@  0-226.33
 
qsl                              Allocatable, Use associated, Controlled, Real(4) (:, :), Offset: 0, Alignment: full word
                                 0-52.11$
 
qw                               Static, Real(4), Offset: 0, Alignment: full word
                                 0-206.13@  0-207.16  0-208.18  0-222.16
 
r                                Common member, Real(4), Offset: 408, Alignment: double word
                                 3-5.8$
 
rcapa                            Parameter, Real(4)
                                 2-35.9$
 
rd                               Parameter, Real(4)
                                 2-32.15$  2-32.29  2-36.29  2-36.51  2-40.15
 
rdocp                            Parameter, Real(4)
                                 2-40.9$
 
res                              Allocatable, Use associated, Controlled, Real(4) (:, :), Offset: 0, Alignment: full word
                                 0-50.11$
 
restrt                           Common member, Real(4), Offset: 28, Alignment: full word
                                 5-3.38$
 
rg                               Parameter, Real(4)
                                 2-36.32$
 
rhbnd                            Static, Real(4) (1:89, 1:143), Offset: 0, Alignment: full word
                                 0-63.36$  0-182.39  0-183.31  0-226.22
 
riw                              Static, Real(4), Offset: 0, Alignment: full word
                                 0-127.11@  0-130.16@  0-132.16@  0-134.36@  0-137.14@  0-139.21  0-146.38
 
rog                              Parameter, Real(4)
                                 2-32.25$
 
rpsum                            Static, Real(4), Offset: 0, Alignment: full word
                                 0-155.13@  0-156.35  0-157.35  0-158.35
 
rtd                              Parameter, Real(4)
                                 2-34.25$
 
run                              Common member, Real(4), Offset: 4, Alignment: full word
                                 5-3.14$
 
sbd                              Common member, Real(4), Offset: 424, Alignment: double word
                                 3-6.12$
 
sg1                              Common member, Real(4) (1:61), Offset: 2412, Alignment: full word
                                 3-11.27$
 
sg2                              Common member, Real(4) (1:61), Offset: 3140, Alignment: full word
                                 3-12.27$
 
sgml1                            Common member, Real(4) (1:60), Offset: 2172, Alignment: full word
                                 3-11.17$
 
sgml2                            Common member, Real(4) (1:60), Offset: 2900, Alignment: full word
                                 3-12.17$
 
sice                             Allocatable, Use associated, Controlled, Real(4) (:, :), Offset: 0, Alignment: full word
                                 0-54.11$
 
sigma                            Common member, Real(4), Offset: 0, Alignment: quadruple word
                                 5-3.8$
 
slp                              Allocatable, Use associated, Controlled, Real(4) (:, :), Offset: 0, Alignment: full word
                                 0-52.11$
 
sm                               Allocatable, Use associated, Controlled, Real(4) (:, :), Offset: 0, Alignment: full word
                                 0-54.11$
 
smtha                            Parameter, Real(4)
                                 2-15.9$
 
smthb                            Parameter, Real(4)
                                 2-15.23$
 
sphi0                            Common member, Real(4), Offset: 1908, Alignment: full word
                                 3-9.21$
 
spl                              Common member, Real(4) (1:39), Offset: 468, Alignment: full word
                                 3-7.20$
 
sr                               Allocatable, Use associated, Controlled, Real(4) (:, :), Offset: 0, Alignment: full word
                                 0-53.11$
 
stdrd                            Use associated, Static, Logical(4), Offset: 4, Alignment: full word
                                 0-52.11$
 
t                                Allocatable, Use associated, Controlled, Real(4) (:, :, :), Offset: 0, Alignment: full word
                                 0-50.11$  0-129.17  0-131.21  0-144.38  0-162.25  0-196.16
 
t500                             Allocatable, Use associated, Controlled, Real(4) (:, :), Offset: 0, Alignment: full word
                                 0-52.11$
 
tbnd                             Static, Real(4) (1:89, 1:143), Offset: 0, Alignment: full word
                                 0-63.49$  0-112.9@  0-144.14@  0-144.26  0-156.13@  0-156.25  0-162.13@  0-172.31  0-182.24
 
tfrz                             Parameter, Real(4)
                                 2-39.56$
 
tlm0d                            Common member, Real(4), Offset: 428, Alignment: full word
                                 3-6.16$
 
tm                               Static, Real(4), Offset: 0, Alignment: full word
                                 0-196.13@  0-198.18  0-206.31  0-206.39
 
tmt0                             Static, Real(4), Offset: 0, Alignment: full word
                                 0-198.13@  0-199.25  0-202.16  0-207.32  0-209.16  0-211.20
 
tmt15                            Static, Real(4), Offset: 0, Alignment: full word
                                 0-199.13@  0-208.33  0-208.40
 
tph0d                            Common member, Real(4), Offset: 432, Alignment: quadruple word
                                 3-6.22$
 
tshde                            Common member, Real(4) (1:99), Offset: 1504, Alignment: quadruple word
                                 3-8.35$
 
tsl                              Allocatable, Use associated, Controlled, Real(4) (:, :), Offset: 0, Alignment: full word
                                 0-52.11$
 
tsph                             Common member, Real(4), Offset: 416, Alignment: quadruple word
                                 3-5.13$
 
ttv                              Allocatable, Use associated, Controlled, Real(4) (:, :), Offset: 0, Alignment: full word
                                 0-52.11$
 
u                                Allocatable, Use associated, Controlled, Real(4) (:, :, :), Offset: 0, Alignment: full word
                                 0-50.11$  0-94.14@  0-94.25  0-99.22
 
u00                              Allocatable, Use associated, Controlled, Real(4) (:, :), Offset: 0, Alignment: full word
                                 0-53.11$
 
ul                               Allocatable, Use associated, Controlled, Real(4) (:), Offset: 0, Alignment: full word
                                 0-53.11$
 
v                                Allocatable, Use associated, Controlled, Real(4) (:, :, :), Offset: 0, Alignment: full word
                                 0-50.11$  0-95.14@  0-95.25  0-100.22
 
vbm2                             Allocatable, Use associated, Controlled, Real(4) (:, :), Offset: 0, Alignment: full word
                                 0-54.11$
 
vbm3                             Allocatable, Use associated, Controlled, Real(4) (:, :), Offset: 0, Alignment: full word
                                 0-54.11$
 
vrbls                            Use associated, Nonintrinsic Module
                                 0-50.11$  0-50.11
 
vtm                              Allocatable, Use associated, Controlled, Real(4) (:, :, :), Offset: 0, Alignment: full word
                                 0-54.11$
 
w                                Allocatable, Use associated, Controlled, Real(4) (:, :, :), Offset: 0, Alignment: full word
                                 0-50.11$
 
wbd                              Common member, Real(4), Offset: 420, Alignment: full word
                                 3-6.8$
 
x1p                              Common member, Real(4), Offset: 452, Alignment: full word
                                 3-6.48$
 
y1p                              Common member, Real(4), Offset: 456, Alignment: double word
                                 3-6.52$
 
z0slp                            Common member, Real(4), Offset: 464, Alignment: quadruple word
                                 3-7.14$
 
z1000                            Allocatable, Use associated, Controlled, Real(4) (:, :), Offset: 0, Alignment: full word
                                 0-52.11$
 
zint                             Allocatable, Use associated, Controlled, Real(4) (:, :, :), Offset: 0, Alignment: full word
                                 0-52.11$
 
** blosfc2   === End of Compilation 1 ===
 
>>>>> FILE TABLE SECTION <<<<<
 
 
                                       FILE CREATION        FROM
FILE NO   FILENAME                    DATE       TIME       FILE    LINE
     0    BLOSFC2.f                   12/18/08   11:40:50
     1    /gpfs/c/nco/ops/nwprod/sorc/hiresw_post_hls.fd/parmeta
                                      12/18/08   11:40:52      0      57
     2    /gpfs/c/nco/ops/nwprod/sorc/hiresw_post_hls.fd/params
                                      12/18/08   11:40:52      0      58
     3    /gpfs/c/nco/ops/nwprod/sorc/hiresw_post_hls.fd/MAPOT.comm
                                      12/18/08   11:40:51      0      67
     4    /gpfs/c/nco/ops/nwprod/sorc/hiresw_post_hls.fd/LOOPS.comm
                                      12/18/08   11:40:51      0      68
     5    /gpfs/c/nco/ops/nwprod/sorc/hiresw_post_hls.fd/CTLBLK.comm
                                      12/18/08   11:40:50      0      69
 
 
>>>>> COMPILATION EPILOGUE SECTION <<<<<
 
 
FORTRAN Summary of Diagnosed Conditions
 
TOTAL   UNRECOVERABLE  SEVERE       ERROR     WARNING    INFORMATIONAL
               (U)       (S)         (E)        (W)          (I)
    0           0         0           0          0            0
 
 
    Source records read.......................................     328
1501-510  Compilation successful for file BLOSFC2.f.
1501-543  Object file created.
