IBM XL Fortran for AIX, V12.1 (5724-U82) Version 12.01.0000.0001 --- /gpfs/c/nco/ops/nwprod/sorc/hiresw_post_hls.fd/BOUNDL.f 12/22/08 15:45:42
 
>>>>> OPTIONS SECTION <<<<<
***   Options In Effect   ***
  
         ==  On / Off Options  ==
         CR              DBG             ESCAPE          FULLPATH
         I4              INLGLUE         NOLIBESSL       NOLIBPOSIX
         OBJECT          SOURCE          STRICT          SWAPOMP
         THREADED        UNWIND          NOZEROSIZE
  
         ==  Options Of Integer Type ==
         ALIAS_SIZE(65536)     FIXED(72)             MAXMEM(-1)
         OPTIMIZE(2)           SPILLSIZE(2000)       STACKTEMP(0)
  
  
         ==  Options Of Character Type  ==
         64(LARGETYPE)         ALIAS(STD,INTPTR)     ALIGN(BINDC(POWER),STRUCT(NATURAL))
         ARCH(PWR6)            ATTR(FULL)            AUTODBL(NONE)
         DESCRIPTOR(V1)        DIRECTIVE(IBM*,IBMT)  ENUM()
         FLAG(I,I)             FLOAT(RNDSNGL,MAF,FOLD,RNGCHK,SINGLE)
         HALT(S)               IEEE(NEAR)            INTSIZE(4)
         LANGLVL(EXTENDED)     POSITION(APPENDOLD)   REALSIZE(4)
         SAVE(ALL)             TUNE(PWR6)            UNROLL(AUTO)
         XREF(FULL)            XLF2003(NOPOLYMORPHIC,NOBOZLITARGS,NOSTOPEXCEPT,NOVOLATILE,NOAUTOREALLOC,OLDNANINF)
         XLF77(NOLEADZERO,GEDIT77,NOBLANKPAD,OLDBOZ,INTARG,INTXOR,PERSISTENT,SOFTEOF)
         XLF90(NOSIGNEDZERO,NOAUTODEALLOC,OLDPAD)
  
>>>>> SOURCE SECTION <<<<<
          1 |      SUBROUTINE BOUNDL(FLD,FMIN,FMAX,IM,JM)
          2 |C$$$  SUBPROGRAM DOCUMENTATION BLOCK
          3 |C                .      .    .
          4 |C SUBPROGRAM:    BOUNDL       CLIPS DATA IN PASSED ARRAY
          5 |C   PRGRMMR: TREADON         ORG: W/NP2      DATE: 93-01-18
          6 |C
          7 |C ABSTRACT:  THIS ROUTINE BOUNDS DATA IN THE PASSED ARRAY
          8 |C   FLD (IMxJM ELEMENTS LONG) AND CLIPS DATA VALUES SUCH
          9 |C   THAT ON EXITING THE ROUTINE
         10 |C                FMIN <= FLD(I,J) <= FMAX
         11 |C   FOR ALL POINTS.
         12 |C
         13 |C   EACH MPI TASK BOUNDS THE PORTION OF THE ARRAY THAT IT "OWNS".
         14 |C
         15 |C
         16 |C PROGRAM HISTORY LOG:
         17 |C   93-01-18  RUSS TREADON
         18 |C   93-05-07  RUSS TREADON - ADDED DOCBLOC
         19 |C   98-05-29  BLACK - CONVERSION FROM 1-D TO 2-D
         20 |C   00-01-04  JIM TUCCILLO - MPI VERSION
         21 |C
         22 |C USAGE:    CALL BOUND(FLD,FMIN,FMAX,NPTS)
         23 |C   INPUT ARGUMENT LIST:
         24 |C     FMIN     - LOWER (INCLUSIVE) BOUND FOR DATA.
         25 |C     FMAX     - UPPER (INCLUSIVE) BOUND FOR DATA.
         26 |C     IM,JM    - DIMENSION OF DATA ARRAY FLD.
         27 |C
         28 |C   OUTPUT ARGUMENT LIST:
         29 |C     FLD      - ARRAY WHOSE ELEMENTS ARE BOUNDED BY [FMIN,FMAX].
         30 |C
         31 |C   OUTPUT FILES:
         32 |C     NONE
         33 |C
         34 |C   SUBPROGRAMS CALLED:
         35 |C     UTILITIES:
         36 |C       NONE
         37 |C     LIBRARY:
         38 |C       NONE
         39 |C
         40 |C   ATTRIBUTES:
         41 |C     LANGUAGE: FORTRAN 90
         42 |C     MACHINE : CRAY C-90
         43 |C$$$
         44 |C
         45 |C
         46 |      INCLUDE "CTLBLK.comm"
  1       1 |C-----------------------------------------------------------------------
  1       2 |      COMMON /CTLBLK/
  1       3 |     & SIGMA,RUN,IDAT(3),IHRST,FIRST,RESTRT,NFCST,NBC,LIST,IOUT
  1       4 |     &,DT,NTSD,NTSTM,NDDAMP,NPREC,IDTAD,NBOCO,NSHDE,NCP
  1       5 |     &,NPHS,NRADS,NRADL
  1       6 |      INTEGER NUM_PROCS, ME, JSTA, JEND,
  1       7 |     &        JSTA_M, JSTA_M2, JEND_M, JEND_M2, IUP, IDN, ICNT, IDSP,
  1       8 |     &        JSTA_2L, JEND_2U
  1       9 |      COMMON /PARALLEL/NUM_PROCS, ME, JSTA, JEND, JSTA_M, JEND_M,
  1      10 |     &                 JSTA_M2, JEND_M2, IUP, IDN,
  1      11 |     &                 ICNT(0:1023), IDSP(0:1023),
  1      12 |     &                 JSTA_2L, JEND_2U, NUM_SERVERS, MPI_COMM_INTER,
  1      13 |     &                 MPI_COMM_COMP
  1      14 |C-----------------------------------------------------------------------
         47 |C
         48 |C     DECLARE VARIABLES.
         49 |      REAL FMAX, FMIN, FLD(IM,JM)
         50 |C
         51 |C
         52 |C**********************************************************************
         53 |C     START BOUND HERE.
         54 |C
         55 |C     BOUND ARRAY.
         56 |!$omp  parallel do
         57 |      DO J=JSTA,JEND
         58 |      DO I=1,IM
         59 |        FLD(I,J) = AMAX1(FMIN,FLD(I,J))
         60 |        FLD(I,J) = AMIN1(FLD(I,J),FMAX)
         61 |      ENDDO
         62 |      ENDDO
         63 |C
         64 |C     END OF ROUTINE.
         65 |C
         66 |      RETURN
         67 |      END
 
>>>>> ATTRIBUTE AND CROSS REFERENCE SECTION <<<<<
 
 
 
IDENTIFIER NAME                  CROSS REFERENCE AND ATTRIBUTES
 
amax1                            Pure Intrinsic Real(4)
                                 0-59.20
 
amin1                            Pure Intrinsic Real(4)
                                 0-60.20
 
boundl                           Subroutine
                                 0-1.18$
 
ctlblk                           Common Block, Alignment: double word
                                 1-2.15$
 
dt                               Common member, Real(4), Offset: 48, Alignment: quadruple word
                                 1-4.8$
 
first                            Common member, Real(4), Offset: 24, Alignment: double word
                                 1-3.32$
 
fld                              Reference argument, Real(4) (1:?, 1:?), Offset: 0, Alignment: full word
                                 0-49.24$  0-1.25  0-59.9@  0-59.31  0-60.9@  0-60.26
 
fmax                             Reference argument, Real(4), Offset: 0, Alignment: full word
                                 0-49.12$  0-1.34  0-60.35
 
fmin                             Reference argument, Real(4), Offset: 0, Alignment: full word
                                 0-49.18$  0-1.29  0-59.26
 
i                                Static, Integer(4), Offset: 0, Alignment: full word
                                 0-58.10@  0-59.13  0-59.35  0-60.13  0-60.30
 
icnt                             Common member, Integer(4) (0:1023), Offset: 40, Alignment: double word
                                 1-7.59$  1-11.24$
 
idat                             Common member, Integer(4) (1:3), Offset: 8, Alignment: double word
                                 1-3.18$
 
idn                              Common member, Integer(4), Offset: 36, Alignment: full word
                                 1-7.54$  1-10.47$
 
idsp                             Common member, Integer(4) (0:1023), Offset: 4136, Alignment: double word
                                 1-7.65$  1-11.38$
 
idtad                            Common member, Integer(4), Offset: 68, Alignment: full word
                                 1-4.35$
 
ihrst                            Common member, Integer(4), Offset: 20, Alignment: full word
                                 1-3.26$
 
im                               Reference argument, Integer(4), Offset: 0, Alignment: full word
                                 0-1.39  0-49.28  0-49.28  0-58.14
 
iout                             Common member, Integer(4), Offset: 44, Alignment: full word
                                 1-3.60$
 
iup                              Common member, Integer(4), Offset: 32, Alignment: quadruple word
                                 1-7.49$  1-10.42$
 
j                                Static, Integer(4), Offset: 0, Alignment: full word
                                 0-57.10@  0-59.15  0-59.37  0-60.15  0-60.32
 
jend                             Common member, Integer(4), Offset: 12, Alignment: full word
                                 1-6.36$  1-9.45$  0-57.17
 
jend_2u                          Common member, Integer(4), Offset: 8236, Alignment: full word
                                 1-8.24$  1-12.33$
 
jend_m                           Common member, Integer(4), Offset: 20, Alignment: full word
                                 1-7.32$  1-9.59$
 
jend_m2                          Common member, Integer(4), Offset: 28, Alignment: full word
                                 1-7.40$  1-10.33$
 
jm                               Reference argument, Integer(4), Offset: 0, Alignment: full word
                                 0-1.42  0-49.31  0-49.31
 
jsta                             Common member, Integer(4), Offset: 8, Alignment: double word
                                 1-6.30$  1-9.39$  0-57.12
 
jsta_2l                          Common member, Integer(4), Offset: 8232, Alignment: double word
                                 1-8.15$  1-12.24$
 
jsta_m                           Common member, Integer(4), Offset: 16, Alignment: quadruple word
                                 1-7.15$  1-9.51$
 
jsta_m2                          Common member, Integer(4), Offset: 24, Alignment: double word
                                 1-7.23$  1-10.24$
 
list                             Common member, Integer(4), Offset: 40, Alignment: double word
                                 1-3.55$
 
me                               Common member, Integer(4), Offset: 4, Alignment: full word
                                 1-6.26$  1-9.35$
 
mpi_comm_comp                    Common member, Integer(4), Offset: 8248, Alignment: double word
                                 1-13.24$
 
mpi_comm_inter                   Common member, Integer(4), Offset: 8244, Alignment: full word
                                 1-12.55$
 
nbc                              Common member, Integer(4), Offset: 36, Alignment: full word
                                 1-3.51$
 
nboco                            Common member, Integer(4), Offset: 72, Alignment: double word
                                 1-4.41$
 
ncp                              Common member, Integer(4), Offset: 80, Alignment: quadruple word
                                 1-4.53$
 
nddamp                           Common member, Integer(4), Offset: 60, Alignment: full word
                                 1-4.22$
 
nfcst                            Common member, Integer(4), Offset: 32, Alignment: quadruple word
                                 1-3.45$
 
nphs                             Common member, Integer(4), Offset: 84, Alignment: full word
                                 1-5.8$
 
nprec                            Common member, Integer(4), Offset: 64, Alignment: quadruple word
                                 1-4.29$
 
nradl                            Common member, Integer(4), Offset: 92, Alignment: full word
                                 1-5.19$
 
nrads                            Common member, Integer(4), Offset: 88, Alignment: double word
                                 1-5.13$
 
nshde                            Common member, Integer(4), Offset: 76, Alignment: full word
                                 1-4.47$
 
ntsd                             Common member, Integer(4), Offset: 52, Alignment: full word
                                 1-4.11$
 
ntstm                            Common member, Integer(4), Offset: 56, Alignment: double word
                                 1-4.16$
 
num_procs                        Common member, Integer(4), Offset: 0, Alignment: quadruple word
                                 1-6.15$  1-9.24$
 
num_servers                      Common member, Integer(4), Offset: 8240, Alignment: quadruple word
                                 1-12.42$
 
parallel                         Common Block, Alignment: double word
                                 1-9.15$
 
restrt                           Common member, Real(4), Offset: 28, Alignment: full word
                                 1-3.38$
 
run                              Common member, Real(4), Offset: 4, Alignment: full word
                                 1-3.14$
 
sigma                            Common member, Real(4), Offset: 0, Alignment: quadruple word
                                 1-3.8$
 
** boundl   === End of Compilation 1 ===
 
>>>>> FILE TABLE SECTION <<<<<
 
 
                                       FILE CREATION        FROM
FILE NO   FILENAME                    DATE       TIME       FILE    LINE
     0    BOUNDL.f                    12/18/08   11:40:50
     1    /gpfs/c/nco/ops/nwprod/sorc/hiresw_post_hls.fd/CTLBLK.comm
                                      12/18/08   11:40:50      0      46
 
 
>>>>> COMPILATION EPILOGUE SECTION <<<<<
 
 
FORTRAN Summary of Diagnosed Conditions
 
TOTAL   UNRECOVERABLE  SEVERE       ERROR     WARNING    INFORMATIONAL
               (U)       (S)         (E)        (W)          (I)
    0           0         0           0          0            0
 
 
    Source records read.......................................      81
1501-510  Compilation successful for file BOUNDL.f.
1501-543  Object file created.
