IBM XL Fortran for AIX, V12.1 (5724-U82) Version 12.01.0000.0001 --- /gpfs/c/nco/ops/nwprod/sorc/hiresw_post_hls.fd/CALEKM2.f 12/22/08 15:45:43
 
>>>>> OPTIONS SECTION <<<<<
***   Options In Effect   ***
  
         ==  On / Off Options  ==
         CR              DBG             ESCAPE          FULLPATH
         I4              INLGLUE         NOLIBESSL       NOLIBPOSIX
         OBJECT          SOURCE          STRICT          SWAPOMP
         THREADED        UNWIND          NOZEROSIZE
  
         ==  Options Of Integer Type ==
         ALIAS_SIZE(65536)     FIXED(72)             MAXMEM(-1)
         OPTIMIZE(2)           SPILLSIZE(2000)       STACKTEMP(0)
  
  
         ==  Options Of Character Type  ==
         64(LARGETYPE)         ALIAS(STD,INTPTR)     ALIGN(BINDC(POWER),STRUCT(NATURAL))
         ARCH(PWR6)            ATTR(FULL)            AUTODBL(NONE)
         DESCRIPTOR(V1)        DIRECTIVE(IBM*,IBMT)  ENUM()
         FLAG(I,I)             FLOAT(RNDSNGL,MAF,FOLD,RNGCHK,SINGLE)
         HALT(S)               IEEE(NEAR)            INTSIZE(4)
         LANGLVL(EXTENDED)     POSITION(APPENDOLD)   REALSIZE(4)
         SAVE(ALL)             TUNE(PWR6)            UNROLL(AUTO)
         XREF(FULL)            XLF2003(NOPOLYMORPHIC,NOBOZLITARGS,NOSTOPEXCEPT,NOVOLATILE,NOAUTOREALLOC,OLDNANINF)
         XLF77(NOLEADZERO,GEDIT77,NOBLANKPAD,OLDBOZ,INTARG,INTXOR,PERSISTENT,SOFTEOF)
         XLF90(NOSIGNEDZERO,NOAUTODEALLOC,OLDPAD)
  
>>>>> SOURCE SECTION <<<<<
          1 |      SUBROUTINE CALEKM2(U1D,V1D)
          2 |C$$$  SUBPROGRAM DOCUMENTATION BLOCK
          3 |C                .      .    .
          4 |C SUBPROGRAM:    CALEKM2     COMPUTES EKMAN ROT. GEOS. WINDS
          5 |C   PRGRMMR: TREADON         ORG: W/NP2      DATE: 93-03-25
          6 |C
          7 |C ABSTRACT:
          8 |C     THIS ROUTINE COMPUTES EKMAN SPRIAL ROTATED GEOSTROPHIC
          9 |C     WINDS FROM THE SEA LEVEL PRESSURE.  THE EKMAN SPIRAL
         10 |C     ROTATION IS BASED ON THE MATERIAL PRESENTED IN SECTION
         11 |C     8.5.2 (PP274-277) OF "NUMERICAL WEATHER PREDICTION AND
         12 |C     DYNAMIC METEOROLOGY" BY HALTINER AND WILLIAMS
         13 |C     (WILEY,1980).
         14 |C   .
         15 |C
         16 |C PROGRAM HISTORY LOG:
         17 |C   93-03-23  RUSS TREADON
         18 |C   98-06-16  T BLACK - CONVERSION FROM 1-D TO 2-D
         19 |C   00-01-04  JIM TUCCILLO - MPI VERSION
         20 |C
         21 |C USAGE:    CALL CALEKM2(U1D,V1D)
         22 |C   INPUT ARGUMENT LIST:
         23 |C     NONE
         24 |C
         25 |C   OUTPUT ARGUMENT LIST:
         26 |C     U1D      - EKMAN SPIRAL GEOSTROPHIC U WIND
         27 |C     V1D      - EKMAN SPIRAL GEOSTROPHIC V WIND
         28 |C
         29 |C   OUTPUT FILES:
         30 |C     NONE
         31 |C
         32 |C   SUBPROGRAMS CALLED:
         33 |C     UTILITIES:
         34 |C       NONE
         35 |C     LIBRARY:
         36 |C       COMMON   -
         37 |C                  DYNAMD
         38 |C                  MAPOT
         39 |C                  CTLBLK
         40 |C                  MASKS
         41 |C                  LOOPS
         42 |C                  INDX
         43 |C
         44 |C   ATTRIBUTES:
         45 |C     LANGUAGE: FORTRAN 90
         46 |C     MACHINE : CRAY C-90
         47 |C$$$
         48 |C
         49 |      use vrbls
         50 |      use extra
         51 |      use masks
         52 |C
         53 |C     INCLUDE PARAMETERS
         54 |      INCLUDE "parmeta"
  1       1 |C-------------------------------------------------------------
  1       2 |C***  SET PRIMARY GRID DIMENSIONS AND PRESSURE OUTPUT LEVELS
  1       3 |      PARAMETER (IM=89,JM=143,LM=60,LSM=39)
  1       4 |C-------------------------------------------------------------
  1       5 |C***  SET THE NUMBER OF PEs IN THE I-DIRECTION AND J-DIRECTION
  1       6 |      PARAMETER(INPES=5,JNPES=6)
  1       7 |C-------------------------------------------------------------
  1       8 |C
  1       9 |      PARAMETER(IGSTL=-5,IGSTR=5)
  1      10 |      PARAMETER(JGSTL=-5,JGSTR=5)
  1      11 |      PARAMETER(ITAIL=IM-(INPES*(IM/INPES)))
  1      12 |      PARAMETER(JTAIL=JM-(JNPES*(JM/JNPES)))
  1      13 |C
  1      14 |      PARAMETER(IDIM1=IGSTL,IDIM2=IM/INPES+IGSTR+1)
  1      15 |      PARAMETER(JDIM1=JGSTL,JDIM2=JM/JNPES+JGSTR+1)
  1      16 |C
  1      17 |C-------------------------------------------------------------
         55 |      INCLUDE "params"
  2       1 |C
  2       2 |C     ARRAY DIMENSIONS.
  2       3 |      PARAMETER	
  2       4 |     & (IMT=2*IM-1,JMT=JM/2+1)
  2       5 |      PARAMETER
  2       6 |     & (IM1=IM-1,JM2=JM-2,JAM=6+2*(JM-10)
  2       7 |     &, NINC=2*IM-1
  2       8 |     &, LM1=LM-1,LP1=LM+1
  2       9 |     &, LB=2*IM+JM-3)
  2      10 |C
  2      11 |C     SMOOTHING PARAMETERS.
  2      12 |      PARAMETER
  2      13 |     & (KSMUD=4,KSLPD=1,KSSLP=2,KSFI=2,KST=2
  2      14 |     &, KSUV=2,KSRH=2,KSAV=2,KSLI=2,KSLP=2
  2      15 |     &, SMTHA=-1.8E-4,SMTHB=16.,NSUMD=1)
  2      16 |C
  2      17 |C     DIMENSIONS FOR PROFILE OUPUT ARRAYS.
  2      18 |      PARAMETER
  2      19 |     & (NSTAT=100,NWORD=6+6*LM+9,NWORD3=NWORD-3,NWORD6=NWORD-6)
  2      20 |C
  2      21 |C     CONSTANTS.
  2      22 |      PARAMETER
  2      23 |     & (CM1=2937.4,CM2=4.9283,CM3=23.5518)
  2      24 |      PARAMETER
  2      25 |     & (D00=0.0,D1=0.1,D01=0.01,D001=0.001,D50=0.50,H999=999.
  2      26 |     &, H1=1.0,H2=2.0,H4=4.0,H99999=99999.,H1M12=1.E-12
  2      27 |     &, H1000=1000.,H1M5=1.E-5,D125=.125,D25=0.25,H100=100.
  2      28 |     &, H10000=10000.,H10E5=1.E5,CAPA=0.28589641E0
  2      29 |     &, D115=0.115,D608=0.608,D05=0.05,D0065=0.0065
  2      30 |     &, H1E2=100.,H1E4=1.E4,H1M2=1.E-2)
  2      31 |      PARAMETER
  2      32 |     & (G=9.8,RD=287.04,ROG=RD/G,GI=1./G
  2      33 |     &, OVERRC=1.75,AD05=OVERRC*D05,CFT0=OVERRC-H1
  2      34 |     &, DTR=1.745329E-2,RTD=1./DTR,ERAD=6.376E6,CP=1004.6
  2      35 |     &, RCAPA=1./CAPA,P1000=1000.E2,DP10M=110
  2      36 |     &, ELWV=2.50E6,CPDR=CP/RD,RG=1./GI,ELDR=ELWV/RD
  2      37 |     &, BETA=.00367,BTG=BETA*9.8)
  2      38 |      PARAMETER
  2      39 |     & (FMW=18.015,FMD=28.964,EPS=FMW/FMD,ONEPS=1.-EPS,TFRZ=273.16
  2      40 |     &, RDOCP=RD/CP,LHEAT=2.5E6,LHTOCP=LHEAT/CP,EPSQ2=0.2
  2      41 |     &, PQ0=379.90516,A2=17.2693882,A3=273.16,A4=35.86)
         56 |C
         57 |      PARAMETER (EDDYK=5.,TWOK=2.*EDDYK)
         58 |      PARAMETER (Z=250.,H=50.,ZMH=Z-H)
         59 |      PARAMETER (ARGLIM=500.,ISMTHP=2)
         60 |      PARAMETER (FACTOR=1.0,RHO=1.)
         61 |C
         62 |C     DECLARE VARIABLES
         63 |      REAL U1D(IM,JM),V1D(IM,JM),SLPH(IM,JM),SLPV(IM,JM)
         64 |C
         65 |C     INCLUDE COMMON BLOCKS.
         66 |      INCLUDE "DYNAMD.comm"
  3       1 |C-----------------------------------------------------------------------
  3       2 |                             C O M M O N /DYNAM/
  3       3 |     & DY,CPGFV,EN,ENT,RDYN,PTDYN,F4D,F4Q,EF4T
  3       4 |     &,DETAD(LM),RDETA(LM),AETAD(LM),F4Q2(LM),ETAD(LP1),DFL(LP1)
  3       5 |C
  3       6 |     &,EM    (JAM),EMT   (JAM)
  3       7 |C
  3       8 |     &,DX   (IM,JM),WPDAR(IM,JM),CPGFU(IM,JM),CURV (IM,JM),FCP  (IM,JM)
  3       9 |     &,FDIV (IM,JM),FAD  (IM,JM),F    (IM,JM),DDMPU(IM,JM),DDMPV(IM,JM)
  3      10 |C-----------------------------------------------------------------------
         67 |      INCLUDE "MAPOT.comm"
  4       1 |C-----------------------------------------------------------------------
  4       2 |                             C O M M O N /MAPOT/
  4       3 |     & LSL,IXM,IYM
  4       4 |     &,ISHDE(99)
  4       5 |     &,R,PT,TSPH
  4       6 |     &,WBD,SBD,TLM0D,TPH0D,DLMD,DPHD,CMLD,DP30,X1P,Y1P
  4       7 |     &,DISLP,Z0SLP,SPL(LSM),ALSL(LSM)
  4       8 |     &,DETA(LM),AETA(LM),ETA(LP1),TSHDE(99)
  4       9 |     &,ERLAM0,CPHI0,SPHI0
  4      10 |     &,KUNIT,LUNIT,MUNIT,IUNIT,NUNIT
  4      11 |     &,DSG1(LM),SGML1(LM),SG1(LP1),PDTOP
  4      12 |     &,DSG2(LM),SGML2(LM),SG2(LP1)
  4      13 |C-----------------------------------------------------------------------
         68 |      INCLUDE "CTLBLK.comm"
  5       1 |C-----------------------------------------------------------------------
  5       2 |      COMMON /CTLBLK/
  5       3 |     & SIGMA,RUN,IDAT(3),IHRST,FIRST,RESTRT,NFCST,NBC,LIST,IOUT
  5       4 |     &,DT,NTSD,NTSTM,NDDAMP,NPREC,IDTAD,NBOCO,NSHDE,NCP
  5       5 |     &,NPHS,NRADS,NRADL
  5       6 |      INTEGER NUM_PROCS, ME, JSTA, JEND,
  5       7 |     &        JSTA_M, JSTA_M2, JEND_M, JEND_M2, IUP, IDN, ICNT, IDSP,
  5       8 |     &        JSTA_2L, JEND_2U
  5       9 |      COMMON /PARALLEL/NUM_PROCS, ME, JSTA, JEND, JSTA_M, JEND_M,
  5      10 |     &                 JSTA_M2, JEND_M2, IUP, IDN,
  5      11 |     &                 ICNT(0:1023), IDSP(0:1023),
  5      12 |     &                 JSTA_2L, JEND_2U, NUM_SERVERS, MPI_COMM_INTER,
  5      13 |     &                 MPI_COMM_COMP
  5      14 |C-----------------------------------------------------------------------
         69 |      INCLUDE "LOOPS.comm"
  6       1 |C-----------------------------------------------------------------------
  6       2 |                             C O M M O N /LOOPS/
  6       3 |     & IHLA  (JAM),IHHA  (JAM),IVLA  (JAM),IVHA  (JAM),JRA   (JAM)
  6       4 |C
  6       5 |     &,LMH   (IM,JM),LMV   (IM,JM)
  6       6 |C-----------------------------------------------------------------------
         70 |      INCLUDE "INDX.comm"
  7       1 |C-----------------------------------------------------------------------
  7       2 |                        C O M M O N /INDX/
  7       3 |     & IHE(JM),IHW(JM),IVE(JM),IVW(JM)
  7       4 |C-----------------------------------------------------------------------
         71 |C
         72 |C******************************************************************
         73 |C     START CALEKM2 HERE.
         74 |C
         75 |C     SET CONSTANTS.
         76 |      D75PI =3.*ACOS(-1.)/4.
         77 |      DEG2RD=ACOS(-1.)/180.
         78 |      SQRT2 =SQRT(2.)
         79 |C
         80 |C     INITIALIZE WIND COMPONENTS TO ZERO.
         81 |C
         82 |!$omp  parallel do
         83 |      DO J=JSTA,JEND
         84 |      DO I=1,IM
         85 |        U1D(I,J) =D00
         86 |        V1D(I,J) =D00
         87 |        SLPH(I,J)=SLP(I,J)
         88 |        SLPV(I,J)=D00
         89 |      ENDDO
         90 |      ENDDO
         91 |C
         92 |C     COMPUTE 1000MB HEIGHTS AT V POINTS.
         93 |C
         94 |      CALL P2FILT(ISMTHP,HBM2,SLPH)
         95 |C
         96 |      DO J=JSTA_M,JEND_M
         97 |      DO I=2,IM-1
         98 |        SLPV(I,J)=D25*(SLPH(I+IVE(J),J)+SLPH(I+IVW(J),J)
         99 |     1                +SLPH(I,J+1)+SLPH(I,J-1))
        100 |      ENDDO
        101 |      ENDDO
        102 |C
        103 |      CALL P2FLTV(ISMTHP,VBM2,SLPV)
        104 |C
        105 |C     LOOP OVER HORIZONTAL GRID.
        106 |C
        107 |      DO 30 J=JSTA_M2,JEND_M2
        108 |      DO 30 I=2,IM-1
        109 |C
        110 |C        OBTAIN FAL WIND COMPONENTS
        111 |C
        112 |      LLMH=LMH(I,J)
        113 |      UFAL=U(I,J,LLMH)
        114 |      VFAL=V(I,J,LLMH)
        115 |
        116 |CX         WRITE(81,*)' '
        117 |CX 1234    FORMAT(I5,1X,I2,1X,5(G12.6,1X))
        118 |
        119 |C
        120 |C        COMPUTE GEOSTROPHIC WIND BASED ON SEA LEVEL PRESSURE.
        121 |C
        122 |      FTRUE=(2.*F(I,J))/DT
        123 |      RRHOF=1./(RHO*FTRUE)
        124 |      DPDX =(SLPV(I+IHE(J),J)-SLPV(I+IHW(J),J))/(2.*DX(I,J))
        125 |      DPDY =(SLPV(I,J+1)-SLPV(I,J-1))/(2.*DY)
        126 |      UG   =-1.*RRHOF*DPDY*HBM2(I,J)
        127 |      VG   =RRHOF*DPDX*HBM2(I,J)
        128 |      SPDG =SQRT(UG**2+VG**2)
        129 |
        130 |CX         WRITE(81,1235) G,FTRUE,DX(K),DY
        131 |CX         WRITE(81,1235) SLPV(K),SLPV(K-1),SLPV(K+IM-1),SLPV(K-IM)
        132 |CX         WRITE(81,1235) GRF,DZDX,DZDY,UG,VG,SPDG
        133 |CX 1235    FORMAT(5(G12.6,1X))
        134 |
        135 |C
        136 |C        COMPUTE EKMAN SPIRAL COEFFICIENTS.
        137 |C
        138 |      WDIRT=WDIR(UFAL,VFAL)
        139 |      WDIRG=WDIR(UG,VG)
        140 |      B    =SQRT(FTRUE/TWOK)
        141 |      BZMH =B*ZMH
        142 |      IF (BZMH.GT. ARGLIM) BZMH= ARGLIM
        143 |      IF (BZMH.LT.-ARGLIM) BZMH=-ARGLIM
        144 |      EXBZMH = EXP(-1.*BZMH)
        145 |C
        146 |C        COMPUTE EKMAN SPIRAL U WIND COMPONENT.
        147 |C
        148 |      ALPHAS=+45.
        149 |      ALPHAS=ALPHAS*DEG2RD*FACTOR
        150 |      SINALF=SIN(ALPHAS)
        151 |      ARG   =D75PI + ALPHAS - BZMH
        152 |      COSARG=COS(ARG)
        153 |      IF(((WDIRG.GE.000.).AND.(WDIRG.LE.090.)).OR.
        154 |     X     ((WDIRG.GE.270.).AND.(WDIRG.LE.360.)) )
        155 |     X    COSARG = -1.*COSARG
        156 |      U1D(I,J)=UG+SQRT2*SPDG*SINALF*EXBZMH*COSARG
        157 |
        158 |CX         WRITE(81,1235) WDIRG,WDIRT,ALPHAS,SINALF
        159 |CX         WRITE(81,1235) B,ZMH,BZMH,EXBZMH
        160 |CX         WRITE(81,1235) ARG,COSARG,SINARG
        161 |C
        162 |C        COMPUTE EKMAN SPIRAL V WIND COMPONENT.
        163 |C
        164 |      ALPHAS=+45.
        165 |      ALPHAS=ALPHAS*DEG2RD*FACTOR
        166 |      SINALF=SIN(ALPHAS)
        167 |      ARG   =D75PI + ALPHAS - BZMH
        168 |      SINARG=SIN(ARG)
        169 |      IF((WDIRG.GE.000.).AND.(WDIRG.LE.180.))
        170 |     X    SINARG=-1.*SINARG
        171 |      V1D(I,J)=VG+SQRT2*SPDG*SINALF*EXBZMH*SINARG
        172 |
        173 |CX         WRITE(81,1235) WDIRG,WDIRT,ALPHAS,SINALF
        174 |CX         WRITE(81,1235) B,ZMH,BZMH,EXBZMH
        175 |CX         WRITE(81,1235) ARG,COSARG,SINARG
        176 |
        177 |C
        178 |C     SCALE EKMAN SPIRAL WIND COMPONENTS TO AN ACCEPTABLE
        179 |C     LEVEL THIS IS ENTIRELY AD HOC.  IT WAS DONE TO PRODUCE
        180 |C     A PLEASING WIND FIELD.
        181 |C
        182 |      U1D(I,J)=D50*U1D(I,J)
        183 |      V1D(I,J)=D50*V1D(I,J)
        184 |
        185 |CX         WRITE(81,1234) K,LLMH,WDIRG,WDIRT,UG,VG
        186 |CX         WRITE(81,1234) K,LLMH,SQRT2,SPDG,ALPHAS/DEG2RD,SINALF
        187 |CX         WRITE(81,1234) K,LLMH,EXBZMH,COSARG,SINARG
        188 |CX         WRITE(81,1234) K,LLMH,UFAL,VFAL,U1D(K),V1D(K)
        189 |
        190 | 30   CONTINUE
        191 |C
        192 |C     END OF ROUTINE.
        193 |      RETURN
        194 |      END
 
>>>>> ATTRIBUTE AND CROSS REFERENCE SECTION <<<<<
 
 
 
IDENTIFIER NAME                  CROSS REFERENCE AND ATTRIBUTES
 
a2                               Parameter, Real(4)
                                 2-41.23$
 
a3                               Parameter, Real(4)
                                 2-41.37$
 
a4                               Parameter, Real(4)
                                 2-41.47$
 
acos                             Pure Intrinsic
                                 0-76.17  0-77.14
 
ad05                             Parameter, Real(4)
                                 2-33.21$
 
aeta                             Common member, Real(4) (1:60), Offset: 1020, Alignment: full word
                                 4-8.17$
 
aetad                            Common member, Real(4) (1:60), Offset: 516, Alignment: full word
                                 3-4.28$
 
alphas                           Static, Real(4), Offset: 0, Alignment: full word
                                 0-148.7@  0-149.7@  0-149.14  0-150.18  0-151.22  0-164.7@  0-165.7@  0-165.14  0-166.18  0-167.22
 
alpint                           Allocatable, Use associated, Controlled, Real(4) (:, :, :), Offset: 0, Alignment: full word
                                 0-50.11$
 
alsl                             Common member, Real(4) (1:39), Offset: 624, Alignment: quadruple word
                                 4-7.29$
 
arg                              Static, Real(4), Offset: 0, Alignment: full word
                                 0-151.7@  0-152.18  0-167.7@  0-168.18
 
arglim                           Parameter, Real(4)
                                 0-59.18$  0-142.20  0-142.34  0-143.20  0-143.34
 
b                                Static, Real(4), Offset: 0, Alignment: full word
                                 0-140.7@  0-141.13
 
beta                             Parameter, Real(4)
                                 2-37.9$  2-37.25
 
btg                              Parameter, Real(4)
                                 2-37.21$
 
bzmh                             Static, Real(4), Offset: 0, Alignment: full word
                                 0-141.7@  0-142.11  0-142.28@  0-143.11  0-143.28@  0-144.24  0-151.31  0-167.31
 
calekm2                          Subroutine
                                 0-1.18$
 
capa                             Parameter, Real(4)
                                 2-28.34$  2-35.18
 
cft0                             Parameter, Real(4)
                                 2-33.37$
 
cm1                              Parameter, Real(4)
                                 2-23.9$
 
cm2                              Parameter, Real(4)
                                 2-23.20$
 
cm3                              Parameter, Real(4)
                                 2-23.31$
 
cmld                             Common member, Real(4), Offset: 444, Alignment: full word
                                 4-6.38$
 
cos                              Pure Intrinsic
                                 0-152.14
 
cosarg                           Static, Real(4), Offset: 0, Alignment: full word
                                 0-152.7@  0-155.11@  0-155.24  0-156.44
 
cp                               Parameter, Real(4)
                                 2-34.49$  2-36.26  2-40.18  2-40.46
 
cpdr                             Parameter, Real(4)
                                 2-36.21$
 
cpgfu                            Common member, Real(4) (1:89, 1:143), Offset: 105476, Alignment: full word
                                 3-8.34$
 
cpgfv                            Common member, Real(4), Offset: 4, Alignment: full word
                                 3-3.11$
 
cphi0                            Common member, Real(4), Offset: 1904, Alignment: quadruple word
                                 4-9.15$
 
ctlblk                           Common Block, Alignment: double word
                                 5-2.15$
 
curv                             Common member, Real(4) (1:89, 1:143), Offset: 156384, Alignment: quadruple word
                                 3-8.47$
 
d00                              Parameter, Real(4)
                                 2-25.9$  0-85.19  0-86.19  0-88.19
 
d001                             Parameter, Real(4)
                                 2-25.33$
 
d0065                            Parameter, Real(4)
                                 2-29.40$
 
d01                              Parameter, Real(4)
                                 2-25.24$
 
d05                              Parameter, Real(4)
                                 2-29.31$  2-33.33
 
d1                               Parameter, Real(4)
                                 2-25.17$
 
d115                             Parameter, Real(4)
                                 2-29.9$
 
d125                             Parameter, Real(4)
                                 2-27.32$
 
d25                              Parameter, Real(4)
                                 2-27.42$  0-98.19
 
d50                              Parameter, Real(4)
                                 2-25.44$  0-182.16  0-183.16
 
d608                             Parameter, Real(4)
                                 2-29.20$
 
d75pi                            Static, Real(4), Offset: 0, Alignment: full word
                                 0-76.7@  0-151.14  0-167.14
 
ddmpu                            Common member, Real(4) (1:89, 1:143), Offset: 410924, Alignment: full word
                                 3-9.47$
 
ddmpv                            Common member, Real(4) (1:89, 1:143), Offset: 461832, Alignment: double word
                                 3-9.60$
 
deg2rd                           Static, Real(4), Offset: 0, Alignment: full word
                                 0-77.7@  0-149.21  0-165.21
 
deta                             Common member, Real(4) (1:60), Offset: 780, Alignment: full word
                                 4-8.8$
 
detad                            Common member, Real(4) (1:60), Offset: 36, Alignment: full word
                                 3-4.8$
 
dfl                              Common member, Real(4) (1:61), Offset: 1240, Alignment: double word
                                 3-4.57$
 
dislp                            Common member, Real(4), Offset: 460, Alignment: full word
                                 4-7.8$
 
dlmd                             Common member, Real(4), Offset: 436, Alignment: full word
                                 4-6.28$
 
dp10m                            Parameter, Real(4)
                                 2-35.37$
 
dp30                             Common member, Real(4), Offset: 448, Alignment: quadruple word
                                 4-6.43$
 
dpdx                             Static, Real(4), Offset: 0, Alignment: full word
                                 0-124.7@  0-127.19
 
dpdy                             Static, Real(4), Offset: 0, Alignment: full word
                                 0-125.7@  0-126.23
 
dphd                             Common member, Real(4), Offset: 440, Alignment: double word
                                 4-6.33$
 
dsg1                             Common member, Real(4) (1:60), Offset: 1932, Alignment: full word
                                 4-11.8$
 
dsg2                             Common member, Real(4) (1:60), Offset: 2660, Alignment: full word
                                 4-12.8$
 
dt                               Common member, Real(4), Offset: 48, Alignment: quadruple word
                                 5-4.8$  0-122.25
 
dtr                              Parameter, Real(4)
                                 2-34.9$  2-34.32
 
dwdt                             Allocatable, Use associated, Controlled, Real(4) (:, :, :), Offset: 0, Alignment: full word
                                 0-49.11$
 
dx                               Common member, Real(4) (1:89, 1:143), Offset: 3660, Alignment: full word
                                 3-8.8$  0-124.53
 
dy                               Common member, Real(4), Offset: 0, Alignment: quadruple word
                                 3-3.8$  0-125.43
 
dynam                            Common Block, Alignment: double word
                                 3-2.43$
 
eddyk                            Parameter, Real(4)
                                 0-57.18$  0-57.35
 
ef4t                             Common member, Real(4), Offset: 32, Alignment: quadruple word
                                 3-3.43$
 
eldr                             Parameter, Real(4)
                                 2-36.41$
 
elwv                             Parameter, Real(4)
                                 2-36.9$  2-36.46
 
em                               Common member, Real(4) (1:272), Offset: 1484, Alignment: full word
                                 3-6.8$
 
emt                              Common member, Real(4) (1:272), Offset: 2572, Alignment: full word
                                 3-6.20$
 
en                               Common member, Real(4), Offset: 8, Alignment: double word
                                 3-3.17$
 
ent                              Common member, Real(4), Offset: 12, Alignment: full word
                                 3-3.20$
 
eps                              Parameter, Real(4)
                                 2-39.31$  2-39.52
 
epsq2                            Parameter, Real(4)
                                 2-40.49$
 
erad                             Parameter, Real(4)
                                 2-34.36$
 
erlam0                           Common member, Real(4), Offset: 1900, Alignment: full word
                                 4-9.8$
 
eta                              Common member, Real(4) (1:61), Offset: 1260, Alignment: full word
                                 4-8.26$
 
etad                             Common member, Real(4) (1:61), Offset: 996, Alignment: full word
                                 3-4.47$
 
exbzmh                           Static, Real(4), Offset: 0, Alignment: full word
                                 0-144.7@  0-156.37  0-171.37
 
exp                              Pure Intrinsic
                                 0-144.16
 
extra                            Use associated, Nonintrinsic Module
                                 0-50.11$  0-50.11
 
f                                Common member, Real(4) (1:89, 1:143), Offset: 360016, Alignment: quadruple word
                                 3-9.34$  0-122.17
 
f4d                              Common member, Real(4), Offset: 24, Alignment: double word
                                 3-3.35$
 
f4q                              Common member, Real(4), Offset: 28, Alignment: full word
                                 3-3.39$
 
f4q2                             Common member, Real(4) (1:60), Offset: 756, Alignment: full word
                                 3-4.38$
 
factor                           Parameter, Real(4)
                                 0-60.18$  0-149.28  0-165.28
 
fad                              Common member, Real(4) (1:89, 1:143), Offset: 309108, Alignment: full word
                                 3-9.21$
 
fcp                              Common member, Real(4) (1:89, 1:143), Offset: 207292, Alignment: full word
                                 3-8.60$
 
fdiv                             Common member, Real(4) (1:89, 1:143), Offset: 258200, Alignment: double word
                                 3-9.8$
 
first                            Common member, Real(4), Offset: 24, Alignment: double word
                                 5-3.32$
 
fis                              Allocatable, Use associated, Controlled, Real(4) (:, :), Offset: 0, Alignment: full word
                                 0-49.11$
 
fmd                              Parameter, Real(4)
                                 2-39.20$  2-39.39
 
fmw                              Parameter, Real(4)
                                 2-39.9$  2-39.35
 
fsl                              Allocatable, Use associated, Controlled, Real(4) (:, :), Offset: 0, Alignment: full word
                                 0-50.11$
 
ftrue                            Static, Real(4), Offset: 0, Alignment: full word
                                 0-122.7@  0-123.21  0-140.18
 
g                                Parameter, Real(4)
                                 2-32.9$  2-32.32  2-32.40
 
gi                               Parameter, Real(4)
                                 2-32.34$  2-36.38
 
h                                Parameter, Real(4)
                                 0-58.25$  0-58.37
 
h1                               Parameter, Real(4)
                                 2-26.9$  2-33.49
 
h100                             Parameter, Real(4)
                                 2-27.51$
 
h1000                            Parameter, Real(4)
                                 2-27.9$
 
h10000                           Parameter, Real(4)
                                 2-28.9$
 
h10e5                            Parameter, Real(4)
                                 2-28.23$
 
h1e2                             Parameter, Real(4)
                                 2-30.9$
 
h1e4                             Parameter, Real(4)
                                 2-30.19$
 
h1m12                            Parameter, Real(4)
                                 2-26.44$
 
h1m2                             Parameter, Real(4)
                                 2-30.29$
 
h1m5                             Parameter, Real(4)
                                 2-27.21$
 
h2                               Parameter, Real(4)
                                 2-26.16$
 
h4                               Parameter, Real(4)
                                 2-26.23$
 
h999                             Parameter, Real(4)
                                 2-25.53$
 
h99999                           Parameter, Real(4)
                                 2-26.30$
 
hbm2                             Allocatable, Use associated, Controlled, Real(4) (:, :), Offset: 0, Alignment: full word
                                 0-51.11$  0-94.26  0-126.28  0-127.24
 
htm                              Allocatable, Use associated, Controlled, Real(4) (:, :, :), Offset: 0, Alignment: full word
                                 0-51.11$
 
i                                Static, Integer(4), Offset: 0, Alignment: full word
                                 0-84.10@  0-85.13  0-86.13  0-87.14  0-87.23  0-88.14  0-97.10@  0-98.14  0-98.29  0-98.46  0-99.29
                                 0-99.41  0-108.13@  0-112.16  0-113.14  0-114.14  0-122.19  0-124.19  0-124.36  0-124.56  0-125.19
                                 0-125.31  0-126.33  0-127.29  0-156.11  0-171.11  0-182.11  0-182.24  0-183.11  0-183.24
 
icnt                             Common member, Integer(4) (0:1023), Offset: 40, Alignment: double word
                                 5-7.59$  5-11.24$
 
idat                             Common member, Integer(4) (1:3), Offset: 8, Alignment: double word
                                 5-3.18$
 
idim1                            Parameter, Integer(4)
                                 1-14.17$
 
idim2                            Parameter, Integer(4)
                                 1-14.29$
 
idn                              Common member, Integer(4), Offset: 36, Alignment: full word
                                 5-7.54$  5-10.47$
 
idsp                             Common member, Integer(4) (0:1023), Offset: 4136, Alignment: double word
                                 5-7.65$  5-11.38$
 
idtad                            Common member, Integer(4), Offset: 68, Alignment: full word
                                 5-4.35$
 
igstl                            Parameter, Integer(4)
                                 1-9.17$  1-14.23
 
igstr                            Parameter, Integer(4)
                                 1-9.26$  1-14.44
 
ihe                              Common member, Integer(4) (1:143), Offset: 0, Alignment: quadruple word
                                 7-3.8$  0-124.21
 
ihha                             Common member, Integer(4) (1:272), Offset: 1088, Alignment: quadruple word
                                 6-3.20$
 
ihla                             Common member, Integer(4) (1:272), Offset: 0, Alignment: quadruple word
                                 6-3.8$
 
ihrst                            Common member, Integer(4), Offset: 20, Alignment: full word
                                 5-3.26$
 
ihw                              Common member, Integer(4) (1:143), Offset: 572, Alignment: full word
                                 7-3.16$  0-124.38
 
im                               Parameter, Integer(4)
                                 1-3.18$  0-63.16  0-63.27  0-63.39  0-63.51  0-84.14  0-97.14  0-108.17  1-11.23  1-11.34  1-14.35
                                 2-4.15  2-6.13  2-7.16  2-9.14  3-8.14  3-8.27  3-8.40  3-8.53  3-8.66  3-9.14  3-9.27  3-9.40
                                 3-9.53  3-9.66  6-5.15  6-5.29
 
im1                              Parameter, Integer(4)
                                 2-6.9$
 
imt                              Parameter, Integer(4)
                                 2-4.9$
 
indx                             Common Block, Alignment: double word
                                 7-2.38$
 
inpes                            Parameter, Integer(4)
                                 1-6.17$  1-11.27  1-11.37  1-14.38
 
iout                             Common member, Integer(4), Offset: 44, Alignment: full word
                                 5-3.60$
 
ishde                            Common member, Integer(4) (1:99), Offset: 12, Alignment: full word
                                 4-4.8$
 
ismthp                           Parameter, Integer(4)
                                 0-59.30$  0-94.19  0-103.19
 
itail                            Parameter, Integer(4)
                                 1-11.17$
 
iunit                            Common member, Integer(4), Offset: 1924, Alignment: full word
                                 4-10.26$
 
iup                              Common member, Integer(4), Offset: 32, Alignment: quadruple word
                                 5-7.49$  5-10.42$
 
ive                              Common member, Integer(4) (1:143), Offset: 1144, Alignment: double word
                                 7-3.24$  0-98.31
 
ivha                             Common member, Integer(4) (1:272), Offset: 3264, Alignment: quadruple word
                                 6-3.44$
 
ivla                             Common member, Integer(4) (1:272), Offset: 2176, Alignment: quadruple word
                                 6-3.32$
 
ivw                              Common member, Integer(4) (1:143), Offset: 1716, Alignment: full word
                                 7-3.32$  0-98.48
 
ixm                              Common member, Integer(4), Offset: 4, Alignment: full word
                                 4-3.12$
 
iym                              Common member, Integer(4), Offset: 8, Alignment: double word
                                 4-3.16$
 
j                                Static, Integer(4), Offset: 0, Alignment: full word
                                 0-83.10@  0-85.15  0-86.15  0-87.16  0-87.25  0-88.16  0-96.10@  0-98.16  0-98.35  0-98.38  0-98.52
                                 0-98.55  0-99.31  0-99.43  0-107.13@  0-112.18  0-113.16  0-114.16  0-122.21  0-124.25  0-124.28
                                 0-124.42  0-124.45  0-124.58  0-125.21  0-125.33  0-126.35  0-127.31  0-156.13  0-171.13  0-182.13
                                 0-182.26  0-183.13  0-183.26
 
jam                              Parameter, Integer(4)
                                 2-6.27$  3-6.15  3-6.27  6-3.15  6-3.27  6-3.39  6-3.51  6-3.63
 
jdim1                            Parameter, Integer(4)
                                 1-15.17$
 
jdim2                            Parameter, Integer(4)
                                 1-15.29$
 
jend                             Common member, Integer(4), Offset: 12, Alignment: full word
                                 5-6.36$  5-9.45$  0-83.17
 
jend_2u                          Common member, Integer(4), Offset: 8236, Alignment: full word
                                 5-8.24$  5-12.33$
 
jend_m                           Common member, Integer(4), Offset: 20, Alignment: full word
                                 5-7.32$  5-9.59$  0-96.19
 
jend_m2                          Common member, Integer(4), Offset: 28, Alignment: full word
                                 5-7.40$  5-10.33$  0-107.23
 
jgstl                            Parameter, Integer(4)
                                 1-10.17$  1-15.23
 
jgstr                            Parameter, Integer(4)
                                 1-10.26$  1-15.44
 
jm                               Parameter, Integer(4)
                                 1-3.24$  0-63.19  0-63.30  0-63.42  0-63.54  1-12.23  1-12.34  1-15.35  2-4.24  2-6.22  2-6.36
                                 2-9.17  3-8.17  3-8.30  3-8.43  3-8.56  3-8.69  3-9.17  3-9.30  3-9.43  3-9.56  3-9.69  6-5.18
                                 6-5.32  7-3.12  7-3.20  7-3.28  7-3.36
 
jm2                              Parameter, Integer(4)
                                 2-6.18$
 
jmt                              Parameter, Integer(4)
                                 2-4.20$
 
jnpes                            Parameter, Integer(4)
                                 1-6.25$  1-12.27  1-12.37  1-15.38
 
jra                              Common member, Integer(4) (1:272), Offset: 4352, Alignment: quadruple word
                                 6-3.56$
 
jsta                             Common member, Integer(4), Offset: 8, Alignment: double word
                                 5-6.30$  5-9.39$  0-83.12
 
jsta_2l                          Common member, Integer(4), Offset: 8232, Alignment: double word
                                 5-8.15$  5-12.24$
 
jsta_m                           Common member, Integer(4), Offset: 16, Alignment: quadruple word
                                 5-7.15$  5-9.51$  0-96.12
 
jsta_m2                          Common member, Integer(4), Offset: 24, Alignment: double word
                                 5-7.23$  5-10.24$  0-107.15
 
jtail                            Parameter, Integer(4)
                                 1-12.17$
 
kmnt                             Allocatable, Use associated, Controlled, Real(4) (:, :), Offset: 0, Alignment: full word
                                 0-50.11$
 
kmntm                            Allocatable, Use associated, Controlled, Real(4) (:), Offset: 0, Alignment: full word
                                 0-50.11$
 
ksav                             Parameter, Integer(4)
                                 2-14.23$
 
ksfi                             Parameter, Integer(4)
                                 2-13.33$
 
ksli                             Parameter, Integer(4)
                                 2-14.30$
 
kslp                             Parameter, Integer(4)
                                 2-14.37$
 
kslpd                            Parameter, Integer(4)
                                 2-13.17$
 
ksmud                            Parameter, Integer(4)
                                 2-13.9$
 
ksrh                             Parameter, Integer(4)
                                 2-14.16$
 
ksslp                            Parameter, Integer(4)
                                 2-13.25$
 
kst                              Parameter, Integer(4)
                                 2-13.40$
 
ksuv                             Parameter, Integer(4)
                                 2-14.9$
 
kunit                            Common member, Integer(4), Offset: 1912, Alignment: double word
                                 4-10.8$
 
lb                               Parameter, Integer(4)
                                 2-9.9$
 
lheat                            Parameter, Integer(4)
                                 2-40.21$  2-40.40
 
lhtocp                           Parameter, Integer(4)
                                 2-40.33$
 
list                             Common member, Integer(4), Offset: 40, Alignment: double word
                                 5-3.55$
 
llmh                             Static, Integer(4), Offset: 0, Alignment: full word
                                 0-112.7@  0-113.18  0-114.18
 
lm                               Parameter, Integer(4)
                                 1-3.31$  2-8.13  2-8.22  2-19.29  3-4.14  3-4.24  3-4.34  3-4.43  4-8.13  4-8.22  4-11.13  4-11.23
                                 4-12.13  4-12.23
 
lm1                              Parameter, Integer(4)
                                 2-8.9$
 
lmh                              Common member, Integer(4) (1:89, 1:143), Offset: 5440, Alignment: quadruple word
                                 6-5.8$  0-112.12
 
lmv                              Common member, Integer(4) (1:89, 1:143), Offset: 56348, Alignment: full word
                                 6-5.22$
 
loops                            Common Block, Alignment: double word
                                 6-2.43$
 
lp1                              Parameter, Integer(4)
                                 2-8.18$  3-4.52  3-4.61  4-8.30  4-11.31  4-12.31
 
lsl                              Common member, Integer(4), Offset: 0, Alignment: quadruple word
                                 4-3.8$
 
lsm                              Parameter, Integer(4)
                                 1-3.37$  4-7.24  4-7.34
 
lunit                            Common member, Integer(4), Offset: 1916, Alignment: full word
                                 4-10.14$
 
mapot                            Common Block, Alignment: double word
                                 4-2.43$
 
masks                            Use associated, Nonintrinsic Module
                                 0-51.11$  0-51.11
 
me                               Common member, Integer(4), Offset: 4, Alignment: full word
                                 5-6.26$  5-9.35$
 
mpi_comm_comp                    Common member, Integer(4), Offset: 8248, Alignment: double word
                                 5-13.24$
 
mpi_comm_inter                   Common member, Integer(4), Offset: 8244, Alignment: full word
                                 5-12.55$
 
munit                            Common member, Integer(4), Offset: 1920, Alignment: quadruple word
                                 4-10.20$
 
nbc                              Common member, Integer(4), Offset: 36, Alignment: full word
                                 5-3.51$
 
nboco                            Common member, Integer(4), Offset: 72, Alignment: double word
                                 5-4.41$
 
ncp                              Common member, Integer(4), Offset: 80, Alignment: quadruple word
                                 5-4.53$
 
nddamp                           Common member, Integer(4), Offset: 60, Alignment: full word
                                 5-4.22$
 
nfcst                            Common member, Integer(4), Offset: 32, Alignment: quadruple word
                                 5-3.45$
 
ninc                             Parameter, Integer(4)
                                 2-7.9$
 
nphs                             Common member, Integer(4), Offset: 84, Alignment: full word
                                 5-5.8$
 
nprec                            Common member, Integer(4), Offset: 64, Alignment: quadruple word
                                 5-4.29$
 
nradl                            Common member, Integer(4), Offset: 92, Alignment: full word
                                 5-5.19$
 
nrads                            Common member, Integer(4), Offset: 88, Alignment: double word
                                 5-5.13$
 
nshde                            Common member, Integer(4), Offset: 76, Alignment: full word
                                 5-4.47$
 
nstat                            Parameter, Integer(4)
                                 2-19.9$
 
nsumd                            Parameter, Integer(4)
                                 2-15.33$
 
ntsd                             Common member, Integer(4), Offset: 52, Alignment: full word
                                 5-4.11$
 
ntstm                            Common member, Integer(4), Offset: 56, Alignment: double word
                                 5-4.16$
 
num_procs                        Common member, Integer(4), Offset: 0, Alignment: quadruple word
                                 5-6.15$  5-9.24$
 
num_servers                      Common member, Integer(4), Offset: 8240, Alignment: quadruple word
                                 5-12.42$
 
nunit                            Common member, Integer(4), Offset: 1928, Alignment: double word
                                 4-10.32$
 
nword                            Parameter, Integer(4)
                                 2-19.19$  2-19.41  2-19.56
 
nword3                           Parameter, Integer(4)
                                 2-19.34$
 
nword6                           Parameter, Integer(4)
                                 2-19.49$
 
oldrd                            Use associated, Static, Logical(4), Offset: 0, Alignment: quadruple word
                                 0-50.11$
 
oneps                            Parameter, Real(4)
                                 2-39.43$
 
overrc                           Parameter, Real(4)
                                 2-33.9$  2-33.26  2-33.42
 
p1000                            Parameter, Real(4)
                                 2-35.23$
 
p2filt                           External Subroutine
                                 0-94.12
 
p2fltv                           External Subroutine
                                 0-103.12
 
parallel                         Common Block, Alignment: double word
                                 5-9.15$
 
pd                               Allocatable, Use associated, Controlled, Real(4) (:, :), Offset: 0, Alignment: full word
                                 0-49.11$
 
pdsl                             Allocatable, Use associated, Controlled, Real(4) (:, :), Offset: 0, Alignment: full word
                                 0-50.11$
 
pdtop                            Common member, Real(4), Offset: 2656, Alignment: quadruple word
                                 4-11.36$
 
pdvp1                            Allocatable, Use associated, Controlled, Real(4) (:, :), Offset: 0, Alignment: full word
                                 0-50.11$
 
pfsl                             Allocatable, Use associated, Controlled, Real(4) (:, :), Offset: 0, Alignment: full word
                                 0-50.11$
 
pint                             Allocatable, Use associated, Controlled, Real(4) (:, :, :), Offset: 0, Alignment: full word
                                 0-50.11$
 
pq0                              Parameter, Real(4)
                                 2-41.9$
 
pslp                             Allocatable, Use associated, Controlled, Real(4) (:, :), Offset: 0, Alignment: full word
                                 0-50.11$
 
pt                               Common member, Real(4), Offset: 412, Alignment: full word
                                 4-5.10$
 
ptdyn                            Common member, Real(4), Offset: 20, Alignment: full word
                                 3-3.29$
 
ptsl                             Allocatable, Use associated, Controlled, Real(4) (:, :), Offset: 0, Alignment: full word
                                 0-50.11$
 
q                                Allocatable, Use associated, Controlled, Real(4) (:, :, :), Offset: 0, Alignment: full word
                                 0-49.11$
 
qsl                              Allocatable, Use associated, Controlled, Real(4) (:, :), Offset: 0, Alignment: full word
                                 0-50.11$
 
r                                Common member, Real(4), Offset: 408, Alignment: double word
                                 4-5.8$
 
rcapa                            Parameter, Real(4)
                                 2-35.9$
 
rd                               Parameter, Real(4)
                                 2-32.15$  2-32.29  2-36.29  2-36.51  2-40.15
 
rdeta                            Common member, Real(4) (1:60), Offset: 276, Alignment: full word
                                 3-4.18$
 
rdocp                            Parameter, Real(4)
                                 2-40.9$
 
rdyn                             Common member, Real(4), Offset: 16, Alignment: quadruple word
                                 3-3.24$
 
res                              Allocatable, Use associated, Controlled, Real(4) (:, :), Offset: 0, Alignment: full word
                                 0-49.11$
 
restrt                           Common member, Real(4), Offset: 28, Alignment: full word
                                 5-3.38$
 
rg                               Parameter, Real(4)
                                 2-36.32$
 
rho                              Parameter, Real(4)
                                 0-60.29$  0-123.17
 
rog                              Parameter, Real(4)
                                 2-32.25$
 
rrhof                            Static, Real(4), Offset: 0, Alignment: full word
                                 0-123.7@  0-126.17  0-127.13
 
rtd                              Parameter, Real(4)
                                 2-34.25$
 
run                              Common member, Real(4), Offset: 4, Alignment: full word
                                 5-3.14$
 
sbd                              Common member, Real(4), Offset: 424, Alignment: double word
                                 4-6.12$
 
sg1                              Common member, Real(4) (1:61), Offset: 2412, Alignment: full word
                                 4-11.27$
 
sg2                              Common member, Real(4) (1:61), Offset: 3140, Alignment: full word
                                 4-12.27$
 
sgml1                            Common member, Real(4) (1:60), Offset: 2172, Alignment: full word
                                 4-11.17$
 
sgml2                            Common member, Real(4) (1:60), Offset: 2900, Alignment: full word
                                 4-12.17$
 
sice                             Allocatable, Use associated, Controlled, Real(4) (:, :), Offset: 0, Alignment: full word
                                 0-51.11$
 
sigma                            Common member, Real(4), Offset: 0, Alignment: quadruple word
                                 5-3.8$
 
sin                              Pure Intrinsic
                                 0-150.14  0-166.14  0-168.14
 
sinalf                           Static, Real(4), Offset: 0, Alignment: full word
                                 0-150.7@  0-156.30  0-166.7@  0-171.30
 
sinarg                           Static, Real(4), Offset: 0, Alignment: full word
                                 0-168.7@  0-170.11@  0-170.22  0-171.44
 
slp                              Allocatable, Use associated, Controlled, Real(4) (:, :), Offset: 0, Alignment: full word
                                 0-50.11$  0-87.19
 
slph                             Static, Real(4) (1:89, 1:143), Offset: 0, Alignment: full word
                                 0-63.34$  0-87.9@  0-94.31  0-98.24  0-98.41  0-99.24  0-99.36
 
slpv                             Static, Real(4) (1:89, 1:143), Offset: 0, Alignment: full word
                                 0-63.46$  0-88.9@  0-98.9@  0-103.31  0-124.14  0-124.31  0-125.14  0-125.26
 
sm                               Allocatable, Use associated, Controlled, Real(4) (:, :), Offset: 0, Alignment: full word
                                 0-51.11$
 
smtha                            Parameter, Real(4)
                                 2-15.9$
 
smthb                            Parameter, Real(4)
                                 2-15.23$
 
spdg                             Static, Real(4), Offset: 0, Alignment: full word
                                 0-128.7@  0-156.25  0-171.25
 
sphi0                            Common member, Real(4), Offset: 1908, Alignment: full word
                                 4-9.21$
 
spl                              Common member, Real(4) (1:39), Offset: 468, Alignment: full word
                                 4-7.20$
 
sqrt                             Pure Intrinsic
                                 0-78.14  0-128.13  0-140.13
 
sqrt2                            Static, Real(4), Offset: 0, Alignment: full word
                                 0-78.7@  0-156.19  0-171.19
 
stdrd                            Use associated, Static, Logical(4), Offset: 4, Alignment: full word
                                 0-50.11$
 
t                                Allocatable, Use associated, Controlled, Real(4) (:, :, :), Offset: 0, Alignment: full word
                                 0-49.11$
 
t500                             Allocatable, Use associated, Controlled, Real(4) (:, :), Offset: 0, Alignment: full word
                                 0-50.11$
 
tfrz                             Parameter, Real(4)
                                 2-39.56$
 
tlm0d                            Common member, Real(4), Offset: 428, Alignment: full word
                                 4-6.16$
 
tph0d                            Common member, Real(4), Offset: 432, Alignment: quadruple word
                                 4-6.22$
 
tshde                            Common member, Real(4) (1:99), Offset: 1504, Alignment: quadruple word
                                 4-8.35$
 
tsl                              Allocatable, Use associated, Controlled, Real(4) (:, :), Offset: 0, Alignment: full word
                                 0-50.11$
 
tsph                             Common member, Real(4), Offset: 416, Alignment: quadruple word
                                 4-5.13$
 
ttv                              Allocatable, Use associated, Controlled, Real(4) (:, :), Offset: 0, Alignment: full word
                                 0-50.11$
 
twok                             Parameter, Real(4)
                                 0-57.27$  0-140.24
 
u                                Allocatable, Use associated, Controlled, Real(4) (:, :, :), Offset: 0, Alignment: full word
                                 0-49.11$  0-113.12
 
u1d                              Reference argument, Real(4) (1:89, 1:143), Offset: 0, Alignment: full word
                                 0-63.12$  0-1.26  0-85.9@  0-156.7@  0-182.7@  0-182.20
 
ufal                             Static, Real(4), Offset: 0, Alignment: full word
                                 0-113.7@  0-138.18
 
ug                               Static, Real(4), Offset: 0, Alignment: full word
                                 0-126.7@  0-128.18  0-139.18  0-156.16
 
v                                Allocatable, Use associated, Controlled, Real(4) (:, :, :), Offset: 0, Alignment: full word
                                 0-49.11$  0-114.12
 
v1d                              Reference argument, Real(4) (1:89, 1:143), Offset: 0, Alignment: full word
                                 0-63.23$  0-1.30  0-86.9@  0-171.7@  0-183.7@  0-183.20
 
vbm2                             Allocatable, Use associated, Controlled, Real(4) (:, :), Offset: 0, Alignment: full word
                                 0-51.11$  0-103.26
 
vbm3                             Allocatable, Use associated, Controlled, Real(4) (:, :), Offset: 0, Alignment: full word
                                 0-51.11$
 
vfal                             Static, Real(4), Offset: 0, Alignment: full word
                                 0-114.7@  0-138.23
 
vg                               Static, Real(4), Offset: 0, Alignment: full word
                                 0-127.7@  0-128.24  0-139.21  0-171.16
 
vrbls                            Use associated, Nonintrinsic Module
                                 0-49.11$  0-49.11
 
vtm                              Allocatable, Use associated, Controlled, Real(4) (:, :, :), Offset: 0, Alignment: full word
                                 0-51.11$
 
w                                Allocatable, Use associated, Controlled, Real(4) (:, :, :), Offset: 0, Alignment: full word
                                 0-49.11$
 
wbd                              Common member, Real(4), Offset: 420, Alignment: full word
                                 4-6.8$
 
wdir                             External Function Real(4)
                                 0-138.13  0-139.13
 
wdirg                            Static, Real(4), Offset: 0, Alignment: full word
                                 0-139.7@  0-153.12  0-153.32  0-154.14  0-154.34  0-169.11  0-169.31
 
wdirt                            Static, Real(4), Offset: 0, Alignment: full word
                                 0-138.7@
 
wpdar                            Common member, Real(4) (1:89, 1:143), Offset: 54568, Alignment: double word
                                 3-8.21$
 
x1p                              Common member, Real(4), Offset: 452, Alignment: full word
                                 4-6.48$
 
y1p                              Common member, Real(4), Offset: 456, Alignment: double word
                                 4-6.52$
 
z                                Parameter, Real(4)
                                 0-58.18$  0-58.35
 
z0slp                            Common member, Real(4), Offset: 464, Alignment: quadruple word
                                 4-7.14$
 
z1000                            Allocatable, Use associated, Controlled, Real(4) (:, :), Offset: 0, Alignment: full word
                                 0-50.11$
 
zint                             Allocatable, Use associated, Controlled, Real(4) (:, :, :), Offset: 0, Alignment: full word
                                 0-50.11$
 
zmh                              Parameter, Real(4)
                                 0-58.31$  0-141.15
 
** calekm2   === End of Compilation 1 ===
 
>>>>> COMPILATION UNIT EPILOGUE SECTION <<<<<
 
FORTRAN Summary of Diagnosed Conditions
 
TOTAL   UNRECOVERABLE  SEVERE       ERROR     WARNING    INFORMATIONAL
               (U)       (S)         (E)        (W)          (I)
    0           0         0           0          0            0
 
>>>>> OPTIONS SECTION <<<<<
***   Options In Effect   ***
  
         ==  On / Off Options  ==
         CR              DBG             ESCAPE          FULLPATH
         I4              INLGLUE         NOLIBESSL       NOLIBPOSIX
         OBJECT          SOURCE          STRICT          SWAPOMP
         THREADED        UNWIND          NOZEROSIZE
  
         ==  Options Of Integer Type ==
         ALIAS_SIZE(65536)     FIXED(72)             MAXMEM(-1)
         OPTIMIZE(2)           SPILLSIZE(2000)       STACKTEMP(0)
  
  
         ==  Options Of Character Type  ==
         64(LARGETYPE)         ALIAS(STD,INTPTR)     ALIGN(BINDC(POWER),STRUCT(NATURAL))
         ARCH(PWR6)            ATTR(FULL)            AUTODBL(NONE)
         DESCRIPTOR(V1)        DIRECTIVE(IBM*,IBMT)  ENUM()
         FLAG(I,I)             FLOAT(RNDSNGL,MAF,FOLD,RNGCHK,SINGLE)
         HALT(S)               IEEE(NEAR)            INTSIZE(4)
         LANGLVL(EXTENDED)     POSITION(APPENDOLD)   REALSIZE(4)
         SAVE(ALL)             TUNE(PWR6)            UNROLL(AUTO)
         XREF(FULL)            XLF2003(NOPOLYMORPHIC,NOBOZLITARGS,NOSTOPEXCEPT,NOVOLATILE,NOAUTOREALLOC,OLDNANINF)
         XLF77(NOLEADZERO,GEDIT77,NOBLANKPAD,OLDBOZ,INTARG,INTXOR,PERSISTENT,SOFTEOF)
         XLF90(NOSIGNEDZERO,NOAUTODEALLOC,OLDPAD)
  
>>>>> SOURCE SECTION <<<<<
        195 |
        196 |
        197 |
        198 |
 
>>>>> FILE TABLE SECTION <<<<<
 
 
                                       FILE CREATION        FROM
FILE NO   FILENAME                    DATE       TIME       FILE    LINE
     0    CALEKM2.f                   12/18/08   11:40:50
     1    /gpfs/c/nco/ops/nwprod/sorc/hiresw_post_hls.fd/parmeta
                                      12/18/08   11:40:52      0      54
     2    /gpfs/c/nco/ops/nwprod/sorc/hiresw_post_hls.fd/params
                                      12/18/08   11:40:52      0      55
     3    /gpfs/c/nco/ops/nwprod/sorc/hiresw_post_hls.fd/DYNAMD.comm
                                      12/18/08   11:40:50      0      66
     4    /gpfs/c/nco/ops/nwprod/sorc/hiresw_post_hls.fd/MAPOT.comm
                                      12/18/08   11:40:51      0      67
     5    /gpfs/c/nco/ops/nwprod/sorc/hiresw_post_hls.fd/CTLBLK.comm
                                      12/18/08   11:40:50      0      68
     6    /gpfs/c/nco/ops/nwprod/sorc/hiresw_post_hls.fd/LOOPS.comm
                                      12/18/08   11:40:51      0      69
     7    /gpfs/c/nco/ops/nwprod/sorc/hiresw_post_hls.fd/INDX.comm
                                      12/18/08   11:40:51      0      70
 
 
>>>>> COMPILATION EPILOGUE SECTION <<<<<
 
 
FORTRAN Summary of Diagnosed Conditions
 
TOTAL   UNRECOVERABLE  SEVERE       ERROR     WARNING    INFORMATIONAL
               (U)       (S)         (E)        (W)          (I)
    0           0         0           0          0            0
 
 
    Source records read.......................................     303
1501-510  Compilation successful for file CALEKM2.f.
1501-543  Object file created.
