IBM XL Fortran for AIX, V12.1 (5724-U82) Version 12.01.0000.0001 --- /gpfs/c/nco/ops/nwprod/sorc/hiresw_post_hls.fd/CALHEL.f 12/22/08 15:45:43
 
>>>>> OPTIONS SECTION <<<<<
***   Options In Effect   ***
  
         ==  On / Off Options  ==
         CR              DBG             ESCAPE          FULLPATH
         I4              INLGLUE         NOLIBESSL       NOLIBPOSIX
         OBJECT          SOURCE          STRICT          SWAPOMP
         THREADED        UNWIND          NOZEROSIZE
  
         ==  Options Of Integer Type ==
         ALIAS_SIZE(65536)     FIXED(72)             MAXMEM(-1)
         OPTIMIZE(2)           SPILLSIZE(2000)       STACKTEMP(0)
  
  
         ==  Options Of Character Type  ==
         64(LARGETYPE)         ALIAS(STD,INTPTR)     ALIGN(BINDC(POWER),STRUCT(NATURAL))
         ARCH(PWR6)            ATTR(FULL)            AUTODBL(NONE)
         DESCRIPTOR(V1)        DIRECTIVE(IBM*,IBMT)  ENUM()
         FLAG(I,I)             FLOAT(RNDSNGL,MAF,FOLD,RNGCHK,SINGLE)
         HALT(S)               IEEE(NEAR)            INTSIZE(4)
         LANGLVL(EXTENDED)     POSITION(APPENDOLD)   REALSIZE(4)
         SAVE(ALL)             TUNE(PWR6)            UNROLL(AUTO)
         XREF(FULL)            XLF2003(NOPOLYMORPHIC,NOBOZLITARGS,NOSTOPEXCEPT,NOVOLATILE,NOAUTOREALLOC,OLDNANINF)
         XLF77(NOLEADZERO,GEDIT77,NOBLANKPAD,OLDBOZ,INTARG,INTXOR,PERSISTENT,SOFTEOF)
         XLF90(NOSIGNEDZERO,NOAUTODEALLOC,OLDPAD)
  
>>>>> SOURCE SECTION <<<<<
          1 |      SUBROUTINE CALHEL(DEPTH,UST,VST,HELI)
          2 |C$$$  SUBPROGRAM DOCUMENTATION BLOCK
          3 |C                .      .    .
          4 |C SUBPROGRAM:    CALHEL       COMPUTES STORM RELATIVE HELICITY
          5 |C   PRGRMMR: BALDWIN         ORG: W/NP2      DATE: 94-08-22
          6 |C
          7 |C ABSTRACT:
          8 |C     THIS ROUTINE COMPUTES ESTIMATED STORM MOTION AND
          9 |C     STORM-RELATIVE ENVIRONMENTAL HELICITY.
         10 |C     (DAVIES-JONES ET AL 1990) THE ALGORITHM PROCEEDS AS
         11 |C     FOLLOWS.
         12 |C
         13 |C     THE STORM MOTION COMPUTATION NO LONGER EMPLOYS THE DAVIES AND
         14 |C     JOHNS (1993) METHOD WHICH DEFINED STORM MOTION AS 30 DEGREES TO
         15 |C     THE RIGHT OF THE 0-6 KM MEAN WIND AT 75% OF THE SPEED FOR MEAN
         16 |C     SPEEDS LESS THAN 15 M/S AND 20 DEGREES TO THE RIGHT FOR SPEEDS
         17 |C     GREATER THAN 15 M/S.   INSTEAD, WE NOW USE THE DYNAMIC METHOD
         18 |C     (BUNKERS ET AL. 1998) WHICH HAS BEEN FOUND TO DO BETTER IN
         19 |C     CASES WITH 'NON-CLASSIC' HODOGRAPHS (SUCH AS NORTHWEST-FLOW
         20 |C     EVENTS) AND DO AS WELL OR BETTER THAN THE OLD METHOD IN MORE
         21 |C     CLASSIC SITUATIONS.
         22 |C
         23 |C PROGRAM HISTORY LOG:
         24 |C   94-08-22  MICHAEL BALDWIN
         25 |C   97-03-27  MICHAEL BALDWIN - SPEED UP CODE
         26 |C   98-06-15  T BLACK         - CONVERSION FROM 1-D TO 2-D
         27 |C   00-01-04  JIM TUCCILLO    - MPI VERSION
         28 |C   00-01-10  G MANIKIN       - CHANGED TO BUNKERS METHOD
         29 |C   01-10-22  H CHUANG        - MODIFIED TO PROCESS HYBRID MODEL OUTPUT
         30 |C   02-05-22  G MANIKIN       - NOW ALLOW CHOICE OF COMPUTING
         31 |C                               HELICITY OVER TWO DIFFERENT
         32 |C                               (0-1 and 0-3 KM) DEPTHS
         33 |C   03-03-25  G MANIKIN       - MODIFIED CODE TO COMPUTE MEAN WINDS
         34 |C                               USING ARITHMETIC AVERAGES INSTEAD OF
         35 |C                               MASS WEIGHTING;  DIFFERENCES ARE MINOR
         36 |C                               BUT WANT TO BE CONSISTENT WITH THE
         37 |C                               BUNKERS METHOD
         38 |C
         39 |C USAGE:    CALHEL(UST,VST,HELI)
         40 |C   INPUT ARGUMENT LIST:
         41 |C     DPTH      - DEPTH IN METERS OVER WHICH HELICITY SHOULD BE COMPUTED;
         42 |C                 ALLOWS ONE TO DISTINGUISH 0-3 KM AND 0-1 KM VALUES
         43 |C
         44 |C   OUTPUT ARGUMENT LIST:
         45 |C     UST      - ESTIMATED U COMPONENT (M/S) OF STORM MOTION.
         46 |C     VST      - ESTIMATED V COMPONENT (M/S) OF STORM MOTION.
         47 |C     HELI     - STORM-RELATIVE HELICITY (M**2/S**2)
         48 |C
         49 |C   OUTPUT FILES:
         50 |C     NONE
         51 |C
         52 |C   SUBPROGRAMS CALLED:
         53 |C     UTILITIES:
         54 |C
         55 |C     LIBRARY:
         56 |C       COMMON   - VRBLS
         57 |C                  LOOPS
         58 |C                  PHYS
         59 |C                  EXTRA
         60 |C                  MASKS
         61 |C                  OPTIONS
         62 |C                  INDX
         63 |C
         64 |C   ATTRIBUTES:
         65 |C     LANGUAGE: FORTRAN 90
         66 |C     MACHINE : IBM SP
         67 |C$$$
         68 |C
         69 |      use vrbls
         70 |      use extra
         71 |      use masks
         72 |C
         73 |C     INCLUDE PARAMETERS.
         74 |      INCLUDE "parmeta"
  1       1 |C-------------------------------------------------------------
  1       2 |C***  SET PRIMARY GRID DIMENSIONS AND PRESSURE OUTPUT LEVELS
  1       3 |      PARAMETER (IM=89,JM=143,LM=60,LSM=39)
  1       4 |C-------------------------------------------------------------
  1       5 |C***  SET THE NUMBER OF PEs IN THE I-DIRECTION AND J-DIRECTION
  1       6 |      PARAMETER(INPES=5,JNPES=6)
  1       7 |C-------------------------------------------------------------
  1       8 |C
  1       9 |      PARAMETER(IGSTL=-5,IGSTR=5)
  1      10 |      PARAMETER(JGSTL=-5,JGSTR=5)
  1      11 |      PARAMETER(ITAIL=IM-(INPES*(IM/INPES)))
  1      12 |      PARAMETER(JTAIL=JM-(JNPES*(JM/JNPES)))
  1      13 |C
  1      14 |      PARAMETER(IDIM1=IGSTL,IDIM2=IM/INPES+IGSTR+1)
  1      15 |      PARAMETER(JDIM1=JGSTL,JDIM2=JM/JNPES+JGSTR+1)
  1      16 |C
  1      17 |C-------------------------------------------------------------
         75 |      INCLUDE "params"
  2       1 |C
  2       2 |C     ARRAY DIMENSIONS.
  2       3 |      PARAMETER	
  2       4 |     & (IMT=2*IM-1,JMT=JM/2+1)
  2       5 |      PARAMETER
  2       6 |     & (IM1=IM-1,JM2=JM-2,JAM=6+2*(JM-10)
  2       7 |     &, NINC=2*IM-1
  2       8 |     &, LM1=LM-1,LP1=LM+1
  2       9 |     &, LB=2*IM+JM-3)
  2      10 |C
  2      11 |C     SMOOTHING PARAMETERS.
  2      12 |      PARAMETER
  2      13 |     & (KSMUD=4,KSLPD=1,KSSLP=2,KSFI=2,KST=2
  2      14 |     &, KSUV=2,KSRH=2,KSAV=2,KSLI=2,KSLP=2
  2      15 |     &, SMTHA=-1.8E-4,SMTHB=16.,NSUMD=1)
  2      16 |C
  2      17 |C     DIMENSIONS FOR PROFILE OUPUT ARRAYS.
  2      18 |      PARAMETER
  2      19 |     & (NSTAT=100,NWORD=6+6*LM+9,NWORD3=NWORD-3,NWORD6=NWORD-6)
  2      20 |C
  2      21 |C     CONSTANTS.
  2      22 |      PARAMETER
  2      23 |     & (CM1=2937.4,CM2=4.9283,CM3=23.5518)
  2      24 |      PARAMETER
  2      25 |     & (D00=0.0,D1=0.1,D01=0.01,D001=0.001,D50=0.50,H999=999.
  2      26 |     &, H1=1.0,H2=2.0,H4=4.0,H99999=99999.,H1M12=1.E-12
  2      27 |     &, H1000=1000.,H1M5=1.E-5,D125=.125,D25=0.25,H100=100.
  2      28 |     &, H10000=10000.,H10E5=1.E5,CAPA=0.28589641E0
  2      29 |     &, D115=0.115,D608=0.608,D05=0.05,D0065=0.0065
  2      30 |     &, H1E2=100.,H1E4=1.E4,H1M2=1.E-2)
  2      31 |      PARAMETER
  2      32 |     & (G=9.8,RD=287.04,ROG=RD/G,GI=1./G
  2      33 |     &, OVERRC=1.75,AD05=OVERRC*D05,CFT0=OVERRC-H1
  2      34 |     &, DTR=1.745329E-2,RTD=1./DTR,ERAD=6.376E6,CP=1004.6
  2      35 |     &, RCAPA=1./CAPA,P1000=1000.E2,DP10M=110
  2      36 |     &, ELWV=2.50E6,CPDR=CP/RD,RG=1./GI,ELDR=ELWV/RD
  2      37 |     &, BETA=.00367,BTG=BETA*9.8)
  2      38 |      PARAMETER
  2      39 |     & (FMW=18.015,FMD=28.964,EPS=FMW/FMD,ONEPS=1.-EPS,TFRZ=273.16
  2      40 |     &, RDOCP=RD/CP,LHEAT=2.5E6,LHTOCP=LHEAT/CP,EPSQ2=0.2
  2      41 |     &, PQ0=379.90516,A2=17.2693882,A3=273.16,A4=35.86)
         76 |      INCLUDE "parm.tbl"
  3       1 |      PARAMETER (ITB=076,JTB=134,ITBQ=152,JTBQ=440)
         77 |      PARAMETER (PI=3.141592654)
         78 |      PARAMETER (P150=15000.0,P300=30000.0,S15=15.0)
         79 |      PARAMETER (D3000=3000.0,PI6=0.5235987756,PI9=0.34906585)
         80 |      PARAMETER (D5500=5500.0,D6000=6000.0,D7000=7000.0)
         81 |      PARAMETER (D500=500.0)
         82 |C
         83 |C     DECLARE VARIABLES
         84 |C
         85 |      REAL UST(IM,JM),VST(IM,JM),HELI(IM,JM),HTSFC(IM,JM)
         86 |      REAL UST6(IM,JM),VST6(IM,JM)
         87 |      REAL UST5(IM,JM),VST5(IM,JM)
         88 |      REAL UST1(IM,JM),VST1(IM,JM)
         89 |      INTEGER COUNT6(IM,JM),COUNT5(IM,JM),COUNT1(IM,JM)
         90 |C
         91 |C     INCLUDE COMMON BLOCKS.
         92 |      INCLUDE "LOOPS.comm"
  4       1 |C-----------------------------------------------------------------------
  4       2 |                             C O M M O N /LOOPS/
  4       3 |     & IHLA  (JAM),IHHA  (JAM),IVLA  (JAM),IVHA  (JAM),JRA   (JAM)
  4       4 |C
  4       5 |     &,LMH   (IM,JM),LMV   (IM,JM)
  4       6 |C-----------------------------------------------------------------------
         93 |      INCLUDE "PHYS.comm"
  5       1 |C-----------------------------------------------------------------------
  5       2 |                             C O M M O N /PHYS/
  5       3 |     & KTM,PT,DTQ2,TDTQ2,DTD,TDTD
  5       4 |     &,ROS,CS,DS,ROI,CI,DI
  5       5 |     &,PL,THL,RDQ,RDTH,RDP,RDTHE
  5       6 |     &,PLQ,RDPQ,RDTHEQ
  5       7 |     &,DETA(LM),AETA(LM),DFRLG(LP1)
  5       8 |     &,DSG1(LM),SGML1(LM)
  5       9 |     &,DSG2(LM),SGML2(LM),PDTOP
  5      10 |     &,QS0   (JTB),SQS   (JTB),THE0  (ITB),STHE  (ITB)
  5      11 |     &,                        THE0Q(ITBQ),STHEQ(ITBQ)
  5      12 |C
  5      13 |     &,MXSNAL(IM,JM),EPSR  (IM,JM),RADIN (IM,JM),RADOT (IM,JM)
  5      14 |     &,GLAT  (IM,JM),GLON  (IM,JM),CZEN  (IM,JM), SWNET(IM,JM)
  5      15 |     &,ELWDWN(IM,JM),HTOP  (IM,JM),HBOT  (IM,JM),ALBEDO(IM,JM)
  5      16 |     &,TG    (IM,JM),GFFC  (IM,JM),SST   (IM,JM),ALBASE(IM,JM)
  5      17 |     &,HDAC  (IM,JM),HDACV (IM,JM),CZMEAN(IM,JM),SIGT4 (IM,JM)
  5      18 |C
  5      19 |     &,PTBL  (ITB,JTB),TTBL  (JTB,ITB),TTBLQ(JTBQ,ITBQ)
  5      20 |C-----------------------------------------------------------------------
         94 |      INCLUDE "OPTIONS.comm"
  6       1 |C
  6       2 |      COMMON /OPTIONS/ SPVAL,IBESSL,KSB,IOFFS,IFLAG,SATDEL
         95 |      INCLUDE "INDX.comm"
  7       1 |C-----------------------------------------------------------------------
  7       2 |                        C O M M O N /INDX/
  7       3 |     & IHE(JM),IHW(JM),IVE(JM),IVW(JM)
  7       4 |C-----------------------------------------------------------------------
         96 |      INCLUDE "CTLBLK.comm"
  8       1 |C-----------------------------------------------------------------------
  8       2 |      COMMON /CTLBLK/
  8       3 |     & SIGMA,RUN,IDAT(3),IHRST,FIRST,RESTRT,NFCST,NBC,LIST,IOUT
  8       4 |     &,DT,NTSD,NTSTM,NDDAMP,NPREC,IDTAD,NBOCO,NSHDE,NCP
  8       5 |     &,NPHS,NRADS,NRADL
  8       6 |      INTEGER NUM_PROCS, ME, JSTA, JEND,
  8       7 |     &        JSTA_M, JSTA_M2, JEND_M, JEND_M2, IUP, IDN, ICNT, IDSP,
  8       8 |     &        JSTA_2L, JEND_2U
  8       9 |      COMMON /PARALLEL/NUM_PROCS, ME, JSTA, JEND, JSTA_M, JEND_M,
  8      10 |     &                 JSTA_M2, JEND_M2, IUP, IDN,
  8      11 |     &                 ICNT(0:1023), IDSP(0:1023),
  8      12 |     &                 JSTA_2L, JEND_2U, NUM_SERVERS, MPI_COMM_INTER,
  8      13 |     &                 MPI_COMM_COMP
  8      14 |C-----------------------------------------------------------------------
         97 |C
         98 |C****************************************************************
         99 |C     START CALHEL HERE
        100 |C
        101 |C     INITIALIZE ARRAYS.
        102 |C
        103 |!$omp  parallel do
        104 |      DO J=JSTA,JEND
        105 |      DO I=1,IM
        106 |         UST(I,J)    = 0.0
        107 |         VST(I,J)    = 0.0
        108 |         HELI(I,J)   = 0.0
        109 |         UST1(I,J)   = 0.0
        110 |         VST1(I,J)   = 0.0
        111 |         UST5(I,J)   = 0.0
        112 |         VST5(I,J)   = 0.0
        113 |         UST6(I,J)   = 0.0
        114 |         VST6(I,J)   = 0.0
        115 |         COUNT6(I,J) = 0
        116 |         COUNT5(I,J) = 0
        117 |         COUNT1(I,J) = 0
        118 |      ENDDO
        119 |      ENDDO
        120 |C
        121 |C     LOOP OVER HORIZONTAL GRID.
        122 |C
        123 |      CALL EXCH_P(RES)
        124 |      CALL EXCH_P(PD)
        125 |      DO L = 1,LP1
        126 |        CALL EXCH_P(ZINT(1,jsta_2l,L))
        127 |      END DO
        128 |C
        129 |!$omp  parallel do
        130 |!$omp& private(htsfc,ie,iw,pdslvk,pkl,psfck)
        131 |      DO L = 1,LM
        132 |        DO J=JSTA_M,JEND_M
        133 |        DO I=2,IM-1
        134 |          IE=I+IVE(J)
        135 |          IW=I+IVW(J)
        136 |          PDSLVK=(PD(IW,J)*RES(IW,J)+PD(IE,J)*RES(IE,J)+
        137 |     1           PD(I,J+1)*RES(I,J+1)+PD(I,J-1)*RES(I,J-1))*0.25
        138 |          PSFCK=PDTOP*SGML1(LMV(I,J))+SGML2(LMV(I,J))*PDSLVK+PT
        139 |          HTSFC(I,J)=0.25*(ZINT(IW,J,LMV(I,J)+1)+ZINT(IE,J,LMV(I,J)+1)+
        140 |     1                ZINT(I,J+1,LMV(I,J)+1)+ZINT(I,J-1,LMV(I,J)+1))
        141 |C
        142 |C     COMPUTE MASS WEIGHTED MEAN WIND IN THE 0-6 KM LAYER, THE
        143 |C  0-0.5 KM LAYER, AND THE 5.5-6 KM LAYER
        144 |C
        145 |          Z2=0.125*(ZINT(IW,J,L)+ZINT(IW,J,L+1)+
        146 |     1            ZINT(IE,J,L)+ZINT(IE,J,L+1)+
        147 |     1            ZINT(I,J+1,L)+ZINT(I,J+1,L+1)+
        148 |     1            ZINT(I,J-1,L)+ZINT(I,J-1,L+1))
        149 |          DZABV=Z2-HTSFC(I,J)
        150 |
        151 |          IF (DZABV.LE.D6000 .AND. L.LE.LMV(I,J)) THEN
        152 |               UST6(I,J) = UST6(I,J) + U(I,J,L)
        153 |               VST6(I,J) = VST6(I,J) + V(I,J,L)
        154 |               COUNT6(I,J) = COUNT6(I,J) + 1
        155 |          ENDIF
        156 |
        157 |          IF (DZABV.LT.D6000 .AND. DZABV.GE.D5500 .AND.
        158 |     &       L.LE.LMV(I,J)) THEN
        159 |               UST5(I,J) = UST5(I,J) + U(I,J,L)
        160 |               VST5(I,J) = VST5(I,J) + V(I,J,L)
        161 |               COUNT5(I,J) = COUNT5(I,J) + 1
        162 |          ENDIF
        163 |
        164 |          IF (DZABV.LT.D500 .AND. L.LE.LMV(I,J)) THEN
        165 |               UST1(I,J) = UST1(I,J) + U(I,J,L)
        166 |               VST1(I,J) = VST1(I,J) + V(I,J,L)
        167 |               COUNT1(I,J) = COUNT1(I,J) + 1
        168 |          ENDIF
        169 |
        170 |        ENDDO
        171 |        ENDDO
        172 |      ENDDO
        173 |C
        174 |C CASE WHERE THERE IS NO LEVEL WITH HEIGHT BETWEEN 5500 AND 6000
        175 |C
        176 |      DO J=JSTA_M,JEND_M
        177 |      DO I=2,IM-1
        178 |        IF (COUNT5(I,J) .EQ. 0) THEN
        179 |         DO L=LM,1,-1
        180 |          IE=I+IVE(J)
        181 |          IW=I+IVW(J)
        182 |          Z2=0.125*(ZINT(IW,J,L)+ZINT(IW,J,L+1)+
        183 |     1            ZINT(IE,J,L)+ZINT(IE,J,L+1)+
        184 |     1            ZINT(I,J+1,L)+ZINT(I,J+1,L+1)+
        185 |     1            ZINT(I,J-1,L)+ZINT(I,J-1,L+1))
        186 |          DZABV=Z2-HTSFC(I,J)
        187 |          IF (DZABV.LT.D7000 .AND. DZABV.GE.D6000) THEN
        188 |               UST5(I,J) = UST5(I,J) + U(I,J,L)
        189 |               VST5(I,J) = VST5(I,J) + V(I,J,L)
        190 |               COUNT5(I,J) = 1
        191 |               GOTO 30
        192 |          ENDIF
        193 |         ENDDO
        194 |        ENDIF
        195 |30    CONTINUE
        196 |      ENDDO
        197 |      ENDDO
        198 |
        199 |C
        200 |!$omp  parallel do
        201 |!$omp& private(umean6,vmean6,umean5,vmean5,umean1,vmean1,ushr,vshr)
        202 |
        203 |      DO J=JSTA_M,JEND_M
        204 |      DO I=2,IM-1
        205 |         IF (COUNT6(I,J).GT.0.0 .AND. COUNT1(I,J) .GT. 0.0
        206 |     1      .AND. COUNT5(I,J) .GT. 0.0) THEN
        207 |           UMEAN5 = UST5(I,J) / COUNT5(I,J)
        208 |           VMEAN5 = VST5(I,J) / COUNT5(I,J)
        209 |           UMEAN1 = UST1(I,J) / COUNT1(I,J)
        210 |           VMEAN1 = VST1(I,J) / COUNT1(I,J)
        211 |           UMEAN6 = UST6(I,J) / COUNT6(I,J)
        212 |           VMEAN6 = VST6(I,J) / COUNT6(I,J)
        213 |
        214 |C
        215 |C      COMPUTE STORM MOTION VECTOR
        216 |C      IT IS DEFINED AS 7.5 M/S TO THE RIGHT OF THE 0-6 KM MEAN
        217 |C      WIND CONSTRAINED ALONG A LINE WHICH IS BOTH PERPENDICULAR
        218 |C      TO THE 0-6 KM MEAN VERTICAL WIND SHEAR VECTOR AND PASSES
        219 |C      THROUGH THE 0-6 KM MEAN WIND.  THE WIND SHEAR VECTOR IS
        220 |C      SET AS THE DIFFERENCE BETWEEN THE 5.5-6 KM WIND (THE HEAD
        221 |C      OF THE SHEAR VECTOR) AND THE 0-0.5 KM WIND (THE TAIL).
        222 |C      THIS IS FOR THE RIGHT-MOVING CASE;  WE IGNORE THE LEFT MOVER.
        223 |
        224 |           USHR = UMEAN5 - UMEAN1
        225 |           VSHR = VMEAN5 - VMEAN1
        226 |
        227 |           UST(I,J) = UMEAN6 + (7.5*VSHR/SQRT(USHR*USHR+VSHR*VSHR))
        228 |           VST(I,J) = VMEAN6 - (7.5*USHR/SQRT(USHR*USHR+VSHR*VSHR))
        229 |         ELSE
        230 |           UST(I,J) = 0.0
        231 |           VST(I,J) = 0.0
        232 |        ENDIF
        233 |      ENDDO
        234 |      ENDDO
        235 |C
        236 |C       COMPUTE STORM-RELATIVE HELICITY
        237 |C
        238 |!$omp  parallel do
        239 |!$omp& private(du1,du2,dv1,dv2,dz,dz1,dz2,dzabv,ie,iw,z1,z2,z3)
        240 |      DO L = 2,LM-1
        241 |        DO J=JSTA_M,JEND_M
        242 |        DO I=2,IM-1
        243 |          IW=I+IVW(J)
        244 |          IE=I+IVE(J)
        245 |          Z2=0.125*(ZINT(IW,J,L)+ZINT(IW,J,L+1)+
        246 |     &              ZINT(IE,J,L)+ZINT(IE,J,L+1)+
        247 |     &              ZINT(I,J+1,L)+ZINT(I,J+1,L+1)+
        248 |     &              ZINT(I,J-1,L)+ZINT(I,J-1,L+1))
        249 |          DZABV=Z2-HTSFC(I,J)
        250 |C
        251 |          IF(DZABV.LT.DEPTH.AND.L.LE.LMV(I,J))THEN
        252 |            Z1=0.125*(ZINT(IW,J,L+1)+ZINT(IW,J,L+2)+
        253 |     &                ZINT(IE,J,L+1)+ZINT(IE,J,L+2)+
        254 |     &                ZINT(I,J+1,L+1)+ZINT(I,J+1,L+2)+
        255 |     &                ZINT(I,J-1,L+1)+ZINT(I,J-1,L+2))
        256 |            Z3=0.125*(ZINT(IW,J,L-1)+ZINT(IW,J,L)+
        257 |     &                ZINT(IE,J,L-1)+ZINT(IE,J,L)+
        258 |     &                ZINT(I,J+1,L-1)+ZINT(I,J+1,L)+
        259 |     &                ZINT(I,J-1,L-1)+ZINT(I,J-1,L))
        260 |            DZ=0.25*((ZINT(IW,J,L)+ZINT(IE,J,L)+
        261 |     &                ZINT(I,J-1,L)+ZINT(I,J+1,L))-
        262 |     &               (ZINT(IW,J,L+1)+ZINT(IE,J,L+1)+
        263 |     &                ZINT(I,J-1,L+1)+ZINT(I,J+1,L+1)))
        264 |            DZ1=Z1-Z2
        265 |            DZ2=Z2-Z3
        266 |            DU1=U(I,J,L+1)-U(I,J,L)
        267 |            DU2=U(I,J,L)-U(I,J,L-1)
        268 |            DV1=V(I,J,L+1)-V(I,J,L)
        269 |            DV2=V(I,J,L)-V(I,J,L-1)
        270 |            HELI(I,J)=((V(I,J,L)-VST(I,J))*
        271 |     1                (DZ2*(DU1/DZ1)+DZ1*(DU2/DZ2))
        272 |     2                -(U(I,J,L)-UST(I,J))*
        273 |     3                (DZ2*(DV1/DZ1)+DZ1*(DV2/DZ2)))
        274 |     4                *DZ/(DZ1+DZ2)+HELI(I,J)
        275 |           ENDIF
        276 |        ENDDO
        277 |        ENDDO
        278 |      ENDDO
        279 |C
        280 |C     END OF ROUTINE.
        281 |C
        282 |      RETURN
        283 |      END
 
>>>>> ATTRIBUTE AND CROSS REFERENCE SECTION <<<<<
 
 
 
IDENTIFIER NAME                  CROSS REFERENCE AND ATTRIBUTES
 
a2                               Parameter, Real(4)
                                 2-41.23$
 
a3                               Parameter, Real(4)
                                 2-41.37$
 
a4                               Parameter, Real(4)
                                 2-41.47$
 
ad05                             Parameter, Real(4)
                                 2-33.21$
 
aeta                             Common member, Real(4) (1:60), Offset: 324, Alignment: full word
                                 5-7.17$
 
albase                           Common member, Real(4) (1:89, 1:143), Offset: 768288, Alignment: quadruple word
                                 5-16.50$
 
albedo                           Common member, Real(4) (1:89, 1:143), Offset: 564656, Alignment: quadruple word
                                 5-15.50$
 
alpint                           Allocatable, Use associated, Controlled, Real(4) (:, :, :), Offset: 0, Alignment: full word
                                 0-70.11$
 
beta                             Parameter, Real(4)
                                 2-37.9$  2-37.25
 
btg                              Parameter, Real(4)
                                 2-37.21$
 
calhel                           Subroutine
                                 0-1.18$
 
capa                             Parameter, Real(4)
                                 2-28.34$  2-35.18
 
cft0                             Parameter, Real(4)
                                 2-33.37$
 
ci                               Common member, Real(4), Offset: 40, Alignment: double word
                                 5-4.22$
 
cm1                              Parameter, Real(4)
                                 2-23.9$
 
cm2                              Parameter, Real(4)
                                 2-23.20$
 
cm3                              Parameter, Real(4)
                                 2-23.31$
 
count1                           Static, Integer(4) (1:89, 1:143), Offset: 0, Alignment: full word
                                 0-89.43$  0-117.10@  0-167.16@  0-167.30  0-205.39  0-209.33  0-210.33
 
count5                           Static, Integer(4) (1:89, 1:143), Offset: 0, Alignment: full word
                                 0-89.29$  0-116.10@  0-161.16@  0-161.30  0-178.13  0-190.16@  0-206.19  0-207.33  0-208.33
 
count6                           Static, Integer(4) (1:89, 1:143), Offset: 0, Alignment: full word
                                 0-89.15$  0-115.10@  0-154.16@  0-154.30  0-205.14  0-211.33  0-212.33
 
cp                               Parameter, Real(4)
                                 2-34.49$  2-36.26  2-40.18  2-40.46
 
cpdr                             Parameter, Real(4)
                                 2-36.21$
 
cs                               Common member, Real(4), Offset: 28, Alignment: full word
                                 5-4.12$
 
ctlblk                           Common Block, Alignment: double word
                                 8-2.15$
 
czen                             Common member, Real(4) (1:89, 1:143), Offset: 310116, Alignment: full word
                                 5-14.36$
 
czmean                           Common member, Real(4) (1:89, 1:143), Offset: 921012, Alignment: full word
                                 5-17.36$
 
d00                              Parameter, Real(4)
                                 2-25.9$
 
d001                             Parameter, Real(4)
                                 2-25.33$
 
d0065                            Parameter, Real(4)
                                 2-29.40$
 
d01                              Parameter, Real(4)
                                 2-25.24$
 
d05                              Parameter, Real(4)
                                 2-29.31$  2-33.33
 
d1                               Parameter, Real(4)
                                 2-25.17$
 
d115                             Parameter, Real(4)
                                 2-29.9$
 
d125                             Parameter, Real(4)
                                 2-27.32$
 
d25                              Parameter, Real(4)
                                 2-27.42$
 
d3000                            Parameter, Real(4)
                                 0-79.18$
 
d50                              Parameter, Real(4)
                                 2-25.44$
 
d500                             Parameter, Real(4)
                                 0-81.18$  0-164.24
 
d5500                            Parameter, Real(4)
                                 0-80.18$  0-157.45
 
d6000                            Parameter, Real(4)
                                 0-80.31$  0-151.24  0-157.24  0-187.45
 
d608                             Parameter, Real(4)
                                 2-29.20$
 
d7000                            Parameter, Real(4)
                                 0-80.44$  0-187.24
 
depth                            Reference argument, Real(4), Offset: 0, Alignment: full word
                                 0-1.25  0-251.23
 
deta                             Common member, Real(4) (1:60), Offset: 84, Alignment: full word
                                 5-7.8$
 
dfrlg                            Common member, Real(4) (1:61), Offset: 564, Alignment: full word
                                 5-7.26$
 
di                               Common member, Real(4), Offset: 44, Alignment: full word
                                 5-4.25$
 
dp10m                            Parameter, Real(4)
                                 2-35.37$
 
ds                               Common member, Real(4), Offset: 32, Alignment: quadruple word
                                 5-4.15$
 
dsg1                             Common member, Real(4) (1:60), Offset: 808, Alignment: double word
                                 5-8.8$
 
dsg2                             Common member, Real(4) (1:60), Offset: 1288, Alignment: double word
                                 5-9.8$
 
dt                               Common member, Real(4), Offset: 48, Alignment: quadruple word
                                 8-4.8$
 
dtd                              Common member, Real(4), Offset: 16, Alignment: quadruple word
                                 5-3.26$
 
dtq2                             Common member, Real(4), Offset: 8, Alignment: double word
                                 5-3.15$
 
dtr                              Parameter, Real(4)
                                 2-34.9$  2-34.32
 
du1                              Static, Real(4), Offset: 0, Alignment: full word
                                 0-266.13@  0-271.29
 
du2                              Static, Real(4), Offset: 0, Alignment: full word
                                 0-267.13@  0-271.43
 
dv1                              Static, Real(4), Offset: 0, Alignment: full word
                                 0-268.13@  0-273.29
 
dv2                              Static, Real(4), Offset: 0, Alignment: full word
                                 0-269.13@  0-273.43
 
dwdt                             Allocatable, Use associated, Controlled, Real(4) (:, :, :), Offset: 0, Alignment: full word
                                 0-69.11$
 
dz                               Static, Real(4), Offset: 0, Alignment: full word
                                 0-260.13@  0-274.24
 
dz1                              Static, Real(4), Offset: 0, Alignment: full word
                                 0-264.13@  0-271.33  0-271.38  0-273.33  0-273.38  0-274.28
 
dz2                              Static, Real(4), Offset: 0, Alignment: full word
                                 0-265.13@  0-271.24  0-271.47  0-273.24  0-273.47  0-274.32
 
dzabv                            Static, Real(4), Offset: 0, Alignment: full word
                                 0-149.11@  0-151.15  0-157.15  0-157.36  0-164.15  0-186.11@  0-187.15  0-187.36  0-249.11@
                                 0-251.14
 
eldr                             Parameter, Real(4)
                                 2-36.41$
 
elwdwn                           Common member, Real(4) (1:89, 1:143), Offset: 411932, Alignment: full word
                                 5-15.8$
 
elwv                             Parameter, Real(4)
                                 2-36.9$  2-36.46
 
eps                              Parameter, Real(4)
                                 2-39.31$  2-39.52
 
epsq2                            Parameter, Real(4)
                                 2-40.49$
 
epsr                             Common member, Real(4) (1:89, 1:143), Offset: 55576, Alignment: double word
                                 5-13.22$
 
erad                             Parameter, Real(4)
                                 2-34.36$
 
exch_p                           External Subroutine
                                 0-123.12  0-124.12  0-126.14
 
extra                            Use associated, Nonintrinsic Module
                                 0-70.11$  0-70.11
 
first                            Common member, Real(4), Offset: 24, Alignment: double word
                                 8-3.32$
 
fis                              Allocatable, Use associated, Controlled, Real(4) (:, :), Offset: 0, Alignment: full word
                                 0-69.11$
 
fmd                              Parameter, Real(4)
                                 2-39.20$  2-39.39
 
fmw                              Parameter, Real(4)
                                 2-39.9$  2-39.35
 
fsl                              Allocatable, Use associated, Controlled, Real(4) (:, :), Offset: 0, Alignment: full word
                                 0-70.11$
 
g                                Parameter, Real(4)
                                 2-32.9$  2-32.32  2-32.40
 
gffc                             Common member, Real(4) (1:89, 1:143), Offset: 666472, Alignment: double word
                                 5-16.22$
 
gi                               Parameter, Real(4)
                                 2-32.34$  2-36.38
 
glat                             Common member, Real(4) (1:89, 1:143), Offset: 208300, Alignment: full word
                                 5-14.8$
 
glon                             Common member, Real(4) (1:89, 1:143), Offset: 259208, Alignment: double word
                                 5-14.22$
 
h1                               Parameter, Real(4)
                                 2-26.9$  2-33.49
 
h100                             Parameter, Real(4)
                                 2-27.51$
 
h1000                            Parameter, Real(4)
                                 2-27.9$
 
h10000                           Parameter, Real(4)
                                 2-28.9$
 
h10e5                            Parameter, Real(4)
                                 2-28.23$
 
h1e2                             Parameter, Real(4)
                                 2-30.9$
 
h1e4                             Parameter, Real(4)
                                 2-30.19$
 
h1m12                            Parameter, Real(4)
                                 2-26.44$
 
h1m2                             Parameter, Real(4)
                                 2-30.29$
 
h1m5                             Parameter, Real(4)
                                 2-27.21$
 
h2                               Parameter, Real(4)
                                 2-26.16$
 
h4                               Parameter, Real(4)
                                 2-26.23$
 
h999                             Parameter, Real(4)
                                 2-25.53$
 
h99999                           Parameter, Real(4)
                                 2-26.30$
 
hbm2                             Allocatable, Use associated, Controlled, Real(4) (:, :), Offset: 0, Alignment: full word
                                 0-71.11$
 
hbot                             Common member, Real(4) (1:89, 1:143), Offset: 513748, Alignment: full word
                                 5-15.36$
 
hdac                             Common member, Real(4) (1:89, 1:143), Offset: 819196, Alignment: full word
                                 5-17.8$
 
hdacv                            Common member, Real(4) (1:89, 1:143), Offset: 870104, Alignment: double word
                                 5-17.22$
 
heli                             Reference argument, Real(4) (1:89, 1:143), Offset: 0, Alignment: full word
                                 0-85.34$  0-1.39  0-108.10@  0-270.13@  0-274.37
 
htm                              Allocatable, Use associated, Controlled, Real(4) (:, :, :), Offset: 0, Alignment: full word
                                 0-71.11$
 
htop                             Common member, Real(4) (1:89, 1:143), Offset: 462840, Alignment: double word
                                 5-15.22$
 
htsfc                            Static, Real(4) (1:89, 1:143), Offset: 0, Alignment: full word
                                 0-85.46$  0-139.11@  0-149.20  0-186.20  0-249.20
 
i                                Static, Integer(4), Offset: 0, Alignment: full word
                                 0-105.10@  0-106.14  0-107.14  0-108.15  0-109.15  0-110.15  0-111.15  0-112.15  0-113.15  0-114.15
                                 0-115.17  0-116.17  0-117.17  0-133.12@  0-134.14  0-135.14  0-137.21  0-137.32  0-137.42  0-137.53
                                 0-138.33  0-138.49  0-139.17  0-139.42  0-139.64  0-140.28  0-140.38  0-140.51  0-140.61  0-147.24
                                 0-147.38  0-148.24  0-148.38  0-149.26  0-151.45  0-152.21  0-152.33  0-152.42  0-153.21  0-153.33
                                 0-153.42  0-154.23  0-154.37  0-158.23  0-159.21  0-159.33  0-159.42  0-160.21  0-160.33  0-160.42
                                 0-161.23  0-161.37  0-164.44  0-165.21  0-165.33  0-165.42  0-166.21  0-166.33  0-166.42  0-167.23
                                 0-167.37  0-177.10@  0-178.20  0-180.14  0-181.14  0-184.24  0-184.38  0-185.24  0-185.38  0-186.26
                                 0-188.21  0-188.33  0-188.42  0-189.21  0-189.33  0-189.42  0-190.23  0-204.10@  0-205.21  0-205.46
                                 0-206.26  0-207.26  0-207.40  0-208.26  0-208.40  0-209.26  0-209.40  0-210.26  0-210.40  0-211.26
                                 0-211.40  0-212.26  0-212.40  0-227.16  0-228.16  0-230.16  0-231.16  0-242.12@  0-243.14  0-244.14
                                 0-247.26  0-247.40  0-248.26  0-248.40  0-249.26  0-251.42  0-254.28  0-254.44  0-255.28  0-255.44
                                 0-258.28  0-258.44  0-259.28  0-259.44  0-261.28  0-261.42  0-263.28  0-263.44  0-266.19  0-266.30
                                 0-267.19  0-267.28  0-268.19  0-268.30  0-269.19  0-269.28  0-270.18  0-270.27  0-270.38  0-272.27
                                 0-272.38  0-274.42
 
ibessl                           Common member, Integer(4), Offset: 4, Alignment: full word
                                 6-2.30$
 
icnt                             Common member, Integer(4) (0:1023), Offset: 40, Alignment: double word
                                 8-7.59$  8-11.24$
 
idat                             Common member, Integer(4) (1:3), Offset: 8, Alignment: double word
                                 8-3.18$
 
idim1                            Parameter, Integer(4)
                                 1-14.17$
 
idim2                            Parameter, Integer(4)
                                 1-14.29$
 
idn                              Common member, Integer(4), Offset: 36, Alignment: full word
                                 8-7.54$  8-10.47$
 
idsp                             Common member, Integer(4) (0:1023), Offset: 4136, Alignment: double word
                                 8-7.65$  8-11.38$
 
idtad                            Common member, Integer(4), Offset: 68, Alignment: full word
                                 8-4.35$
 
ie                               Static, Integer(4), Offset: 0, Alignment: full word
                                 0-134.11@  0-136.41  0-136.51  0-139.55  0-146.24  0-146.37  0-180.11@  0-183.24  0-183.37
                                 0-244.11@  0-246.26  0-246.39  0-253.28  0-253.43  0-257.28  0-257.43  0-260.41  0-262.43
 
iflag                            Common member, Integer(4), Offset: 16, Alignment: quadruple word
                                 6-2.47$
 
igstl                            Parameter, Integer(4)
                                 1-9.17$  1-14.23
 
igstr                            Parameter, Integer(4)
                                 1-9.26$  1-14.44
 
ihe                              Common member, Integer(4) (1:143), Offset: 0, Alignment: quadruple word
                                 7-3.8$
 
ihha                             Common member, Integer(4) (1:272), Offset: 1088, Alignment: quadruple word
                                 4-3.20$
 
ihla                             Common member, Integer(4) (1:272), Offset: 0, Alignment: quadruple word
                                 4-3.8$
 
ihrst                            Common member, Integer(4), Offset: 20, Alignment: full word
                                 8-3.26$
 
ihw                              Common member, Integer(4) (1:143), Offset: 572, Alignment: full word
                                 7-3.16$
 
im                               Parameter, Integer(4)
                                 1-3.18$  0-85.16  0-85.27  0-85.39  0-85.52  0-86.17  0-86.29  0-87.17  0-87.29  0-88.17  0-88.29
                                 0-89.22  0-89.36  0-89.50  0-105.14  0-133.16  0-177.14  0-204.14  0-242.16  1-11.23  1-11.34
                                 1-14.35  2-4.15  2-6.13  2-7.16  2-9.14  4-5.15  4-5.29  5-13.15  5-13.29  5-13.43  5-13.57
                                 5-14.15  5-14.29  5-14.43  5-14.57  5-15.15  5-15.29  5-15.43  5-15.57  5-16.15  5-16.29  5-16.43
                                 5-16.57  5-17.15  5-17.29  5-17.43  5-17.57
 
im1                              Parameter, Integer(4)
                                 2-6.9$
 
imt                              Parameter, Integer(4)
                                 2-4.9$
 
indx                             Common Block, Alignment: double word
                                 7-2.38$
 
inpes                            Parameter, Integer(4)
                                 1-6.17$  1-11.27  1-11.37  1-14.38
 
ioffs                            Common member, Integer(4), Offset: 12, Alignment: full word
                                 6-2.41$
 
iout                             Common member, Integer(4), Offset: 44, Alignment: full word
                                 8-3.60$
 
itail                            Parameter, Integer(4)
                                 1-11.17$
 
itb                              Parameter, Integer(4)
                                 3-1.18$  5-10.39  5-10.51  5-19.15  5-19.35
 
itbq                             Parameter, Integer(4)
                                 3-1.34$  5-11.38  5-11.50  5-19.51
 
iup                              Common member, Integer(4), Offset: 32, Alignment: quadruple word
                                 8-7.49$  8-10.42$
 
ive                              Common member, Integer(4) (1:143), Offset: 1144, Alignment: double word
                                 7-3.24$  0-134.16  0-180.16  0-244.16
 
ivha                             Common member, Integer(4) (1:272), Offset: 3264, Alignment: quadruple word
                                 4-3.44$
 
ivla                             Common member, Integer(4) (1:272), Offset: 2176, Alignment: quadruple word
                                 4-3.32$
 
ivw                              Common member, Integer(4) (1:143), Offset: 1716, Alignment: full word
                                 7-3.32$  0-135.16  0-181.16  0-243.16
 
iw                               Static, Integer(4), Offset: 0, Alignment: full word
                                 0-135.11@  0-136.22  0-136.32  0-139.33  0-145.26  0-145.39  0-181.11@  0-182.26  0-182.39
                                 0-243.11@  0-245.26  0-245.39  0-252.28  0-252.43  0-256.28  0-256.43  0-260.28  0-262.28
 
j                                Static, Integer(4), Offset: 0, Alignment: full word
                                 0-104.10@  0-106.16  0-107.16  0-108.17  0-109.17  0-110.17  0-111.17  0-112.17  0-113.17  0-114.17
                                 0-115.19  0-116.19  0-117.19  0-132.12@  0-134.20  0-135.20  0-136.25  0-136.35  0-136.44  0-136.54
                                 0-137.23  0-137.34  0-137.44  0-137.55  0-138.35  0-138.51  0-139.19  0-139.36  0-139.44  0-139.58
                                 0-139.66  0-140.30  0-140.40  0-140.53  0-140.63  0-145.29  0-145.42  0-146.27  0-146.40  0-147.26
                                 0-147.40  0-148.26  0-148.40  0-149.28  0-151.47  0-152.23  0-152.35  0-152.44  0-153.23  0-153.35
                                 0-153.44  0-154.25  0-154.39  0-158.25  0-159.23  0-159.35  0-159.44  0-160.23  0-160.35  0-160.44
                                 0-161.25  0-161.39  0-164.46  0-165.23  0-165.35  0-165.44  0-166.23  0-166.35  0-166.44  0-167.25
                                 0-167.39  0-176.10@  0-178.22  0-180.20  0-181.20  0-182.29  0-182.42  0-183.27  0-183.40  0-184.26
                                 0-184.40  0-185.26  0-185.40  0-186.28  0-188.23  0-188.35  0-188.44  0-189.23  0-189.35  0-189.44
                                 0-190.25  0-203.10@  0-205.23  0-205.48  0-206.28  0-207.28  0-207.42  0-208.28  0-208.42  0-209.28
                                 0-209.42  0-210.28  0-210.42  0-211.28  0-211.42  0-212.28  0-212.42  0-227.18  0-228.18  0-230.18
                                 0-231.18  0-241.12@  0-243.20  0-244.20  0-245.29  0-245.42  0-246.29  0-246.42  0-247.28  0-247.42
                                 0-248.28  0-248.42  0-249.28  0-251.44  0-252.31  0-252.46  0-253.31  0-253.46  0-254.30  0-254.46
                                 0-255.30  0-255.46  0-256.31  0-256.46  0-257.31  0-257.46  0-258.30  0-258.46  0-259.30  0-259.46
                                 0-260.31  0-260.44  0-261.30  0-261.44  0-262.31  0-262.46  0-263.30  0-263.46  0-266.21  0-266.32
                                 0-267.21  0-267.30  0-268.21  0-268.32  0-269.21  0-269.30  0-270.20  0-270.29  0-270.40  0-272.29
                                 0-272.40  0-274.44
 
jam                              Parameter, Integer(4)
                                 2-6.27$  4-3.15  4-3.27  4-3.39  4-3.51  4-3.63
 
jdim1                            Parameter, Integer(4)
                                 1-15.17$
 
jdim2                            Parameter, Integer(4)
                                 1-15.29$
 
jend                             Common member, Integer(4), Offset: 12, Alignment: full word
                                 8-6.36$  8-9.45$  0-104.17
 
jend_2u                          Common member, Integer(4), Offset: 8236, Alignment: full word
                                 8-8.24$  8-12.33$
 
jend_m                           Common member, Integer(4), Offset: 20, Alignment: full word
                                 8-7.32$  8-9.59$  0-132.21  0-176.19  0-203.19  0-241.21
 
jend_m2                          Common member, Integer(4), Offset: 28, Alignment: full word
                                 8-7.40$  8-10.33$
 
jgstl                            Parameter, Integer(4)
                                 1-10.17$  1-15.23
 
jgstr                            Parameter, Integer(4)
                                 1-10.26$  1-15.44
 
jm                               Parameter, Integer(4)
                                 1-3.24$  0-85.19  0-85.30  0-85.42  0-85.55  0-86.20  0-86.32  0-87.20  0-87.32  0-88.20  0-88.32
                                 0-89.25  0-89.39  0-89.53  1-12.23  1-12.34  1-15.35  2-4.24  2-6.22  2-6.36  2-9.17  4-5.18
                                 4-5.32  5-13.18  5-13.32  5-13.46  5-13.60  5-14.18  5-14.32  5-14.46  5-14.60  5-15.18  5-15.32
                                 5-15.46  5-15.60  5-16.18  5-16.32  5-16.46  5-16.60  5-17.18  5-17.32  5-17.46  5-17.60  7-3.12
                                 7-3.20  7-3.28  7-3.36
 
jm2                              Parameter, Integer(4)
                                 2-6.18$
 
jmt                              Parameter, Integer(4)
                                 2-4.20$
 
jnpes                            Parameter, Integer(4)
                                 1-6.25$  1-12.27  1-12.37  1-15.38
 
jra                              Common member, Integer(4) (1:272), Offset: 4352, Alignment: quadruple word
                                 4-3.56$
 
jsta                             Common member, Integer(4), Offset: 8, Alignment: double word
                                 8-6.30$  8-9.39$  0-104.12
 
jsta_2l                          Common member, Integer(4), Offset: 8232, Alignment: double word
                                 8-8.15$  8-12.24$  0-126.28
 
jsta_m                           Common member, Integer(4), Offset: 16, Alignment: quadruple word
                                 8-7.15$  8-9.51$  0-132.14  0-176.12  0-203.12  0-241.14
 
jsta_m2                          Common member, Integer(4), Offset: 24, Alignment: double word
                                 8-7.23$  8-10.24$
 
jtail                            Parameter, Integer(4)
                                 1-12.17$
 
jtb                              Parameter, Integer(4)
                                 3-1.26$  5-10.15  5-10.27  5-19.19  5-19.31
 
jtbq                             Parameter, Integer(4)
                                 3-1.43$  5-19.46
 
kmnt                             Allocatable, Use associated, Controlled, Real(4) (:, :), Offset: 0, Alignment: full word
                                 0-70.11$
 
kmntm                            Allocatable, Use associated, Controlled, Real(4) (:), Offset: 0, Alignment: full word
                                 0-70.11$
 
ksav                             Parameter, Integer(4)
                                 2-14.23$
 
ksb                              Common member, Integer(4), Offset: 8, Alignment: double word
                                 6-2.37$
 
ksfi                             Parameter, Integer(4)
                                 2-13.33$
 
ksli                             Parameter, Integer(4)
                                 2-14.30$
 
kslp                             Parameter, Integer(4)
                                 2-14.37$
 
kslpd                            Parameter, Integer(4)
                                 2-13.17$
 
ksmud                            Parameter, Integer(4)
                                 2-13.9$
 
ksrh                             Parameter, Integer(4)
                                 2-14.16$
 
ksslp                            Parameter, Integer(4)
                                 2-13.25$
 
kst                              Parameter, Integer(4)
                                 2-13.40$
 
ksuv                             Parameter, Integer(4)
                                 2-14.9$
 
ktm                              Common member, Integer(4), Offset: 0, Alignment: quadruple word
                                 5-3.8$
 
l                                Static, Integer(4), Offset: 0, Alignment: full word
                                 0-125.10@  0-126.36  0-131.10@  0-145.31  0-145.44  0-146.29  0-146.42  0-147.30  0-147.44
                                 0-148.30  0-148.44  0-151.36  0-152.46  0-153.46  0-158.14  0-159.46  0-160.46  0-164.35  0-165.46
                                 0-166.46  0-179.13@  0-182.31  0-182.44  0-183.29  0-183.42  0-184.30  0-184.44  0-185.30  0-185.44
                                 0-188.46  0-189.46  0-240.10@  0-245.31  0-245.44  0-246.31  0-246.44  0-247.32  0-247.46  0-248.32
                                 0-248.46  0-251.33  0-252.33  0-252.48  0-253.33  0-253.48  0-254.34  0-254.50  0-255.34  0-255.50
                                 0-256.33  0-256.48  0-257.33  0-257.48  0-258.34  0-258.50  0-259.34  0-259.50  0-260.33  0-260.46
                                 0-261.34  0-261.48  0-262.33  0-262.48  0-263.34  0-263.50  0-266.23  0-266.34  0-267.23  0-267.32
                                 0-268.23  0-268.34  0-269.23  0-269.32  0-270.31  0-272.31
 
lb                               Parameter, Integer(4)
                                 2-9.9$
 
lheat                            Parameter, Integer(4)
                                 2-40.21$  2-40.40
 
lhtocp                           Parameter, Integer(4)
                                 2-40.33$
 
list                             Common member, Integer(4), Offset: 40, Alignment: double word
                                 8-3.55$
 
lm                               Parameter, Integer(4)
                                 1-3.31$  0-131.16  0-179.15  0-240.16  2-8.13  2-8.22  2-19.29  5-7.13  5-7.22  5-8.13  5-8.23
                                 5-9.13  5-9.23
 
lm1                              Parameter, Integer(4)
                                 2-8.9$
 
lmh                              Common member, Integer(4) (1:89, 1:143), Offset: 5440, Alignment: quadruple word
                                 4-5.8$
 
lmv                              Common member, Integer(4) (1:89, 1:143), Offset: 56348, Alignment: full word
                                 4-5.22$  0-138.29  0-138.45  0-139.38  0-139.60  0-140.34  0-140.57  0-151.41  0-158.19  0-164.40
                                 0-251.38
 
loops                            Common Block, Alignment: double word
                                 4-2.43$
 
lp1                              Parameter, Integer(4)
                                 2-8.18$  0-125.16  5-7.32
 
lsm                              Parameter, Integer(4)
                                 1-3.37$
 
masks                            Use associated, Nonintrinsic Module
                                 0-71.11$  0-71.11
 
me                               Common member, Integer(4), Offset: 4, Alignment: full word
                                 8-6.26$  8-9.35$
 
mpi_comm_comp                    Common member, Integer(4), Offset: 8248, Alignment: double word
                                 8-13.24$
 
mpi_comm_inter                   Common member, Integer(4), Offset: 8244, Alignment: full word
                                 8-12.55$
 
mxsnal                           Common member, Integer(4) (1:89, 1:143), Offset: 4668, Alignment: full word
                                 5-13.8$
 
nbc                              Common member, Integer(4), Offset: 36, Alignment: full word
                                 8-3.51$
 
nboco                            Common member, Integer(4), Offset: 72, Alignment: double word
                                 8-4.41$
 
ncp                              Common member, Integer(4), Offset: 80, Alignment: quadruple word
                                 8-4.53$
 
nddamp                           Common member, Integer(4), Offset: 60, Alignment: full word
                                 8-4.22$
 
nfcst                            Common member, Integer(4), Offset: 32, Alignment: quadruple word
                                 8-3.45$
 
ninc                             Parameter, Integer(4)
                                 2-7.9$
 
nphs                             Common member, Integer(4), Offset: 84, Alignment: full word
                                 8-5.8$
 
nprec                            Common member, Integer(4), Offset: 64, Alignment: quadruple word
                                 8-4.29$
 
nradl                            Common member, Integer(4), Offset: 92, Alignment: full word
                                 8-5.19$
 
nrads                            Common member, Integer(4), Offset: 88, Alignment: double word
                                 8-5.13$
 
nshde                            Common member, Integer(4), Offset: 76, Alignment: full word
                                 8-4.47$
 
nstat                            Parameter, Integer(4)
                                 2-19.9$
 
nsumd                            Parameter, Integer(4)
                                 2-15.33$
 
ntsd                             Common member, Integer(4), Offset: 52, Alignment: full word
                                 8-4.11$
 
ntstm                            Common member, Integer(4), Offset: 56, Alignment: double word
                                 8-4.16$
 
num_procs                        Common member, Integer(4), Offset: 0, Alignment: quadruple word
                                 8-6.15$  8-9.24$
 
num_servers                      Common member, Integer(4), Offset: 8240, Alignment: quadruple word
                                 8-12.42$
 
nword                            Parameter, Integer(4)
                                 2-19.19$  2-19.41  2-19.56
 
nword3                           Parameter, Integer(4)
                                 2-19.34$
 
nword6                           Parameter, Integer(4)
                                 2-19.49$
 
oldrd                            Use associated, Static, Logical(4), Offset: 0, Alignment: quadruple word
                                 0-70.11$
 
oneps                            Parameter, Real(4)
                                 2-39.43$
 
options                          Common Block, Alignment: double word
                                 6-2.15$
 
overrc                           Parameter, Real(4)
                                 2-33.9$  2-33.26  2-33.42
 
p1000                            Parameter, Real(4)
                                 2-35.23$
 
p150                             Parameter, Real(4)
                                 0-78.18$
 
p300                             Parameter, Real(4)
                                 0-78.31$
 
parallel                         Common Block, Alignment: double word
                                 8-9.15$
 
pd                               Allocatable, Use associated, Controlled, Real(4) (:, :), Offset: 0, Alignment: full word
                                 0-69.11$  0-124.19  0-136.19  0-136.38  0-137.18  0-137.39
 
pdsl                             Allocatable, Use associated, Controlled, Real(4) (:, :), Offset: 0, Alignment: full word
                                 0-70.11$
 
pdslvk                           Static, Real(4), Offset: 0, Alignment: full word
                                 0-136.11@  0-138.55
 
pdtop                            Common member, Real(4), Offset: 1768, Alignment: double word
                                 5-9.27$  0-138.17
 
pdvp1                            Allocatable, Use associated, Controlled, Real(4) (:, :), Offset: 0, Alignment: full word
                                 0-70.11$
 
pfsl                             Allocatable, Use associated, Controlled, Real(4) (:, :), Offset: 0, Alignment: full word
                                 0-70.11$
 
phys                             Common Block, Alignment: double word
                                 5-2.43$
 
pi                               Parameter, Real(4)
                                 0-77.18$
 
pi6                              Parameter, Real(4)
                                 0-79.31$
 
pi9                              Parameter, Real(4)
                                 0-79.48$
 
pint                             Allocatable, Use associated, Controlled, Real(4) (:, :, :), Offset: 0, Alignment: full word
                                 0-70.11$
 
pl                               Common member, Real(4), Offset: 48, Alignment: quadruple word
                                 5-5.8$
 
plq                              Common member, Real(4), Offset: 72, Alignment: double word
                                 5-6.8$
 
pq0                              Parameter, Real(4)
                                 2-41.9$
 
psfck                            Static, Real(4), Offset: 0, Alignment: full word
                                 0-138.11@
 
pslp                             Allocatable, Use associated, Controlled, Real(4) (:, :), Offset: 0, Alignment: full word
                                 0-70.11$
 
pt                               Common member, Real(4), Offset: 4, Alignment: full word
                                 5-3.12$  0-138.62
 
ptbl                             Common member, Real(4) (1:76, 1:134), Offset: 1022828, Alignment: full word
                                 5-19.8$
 
ptsl                             Allocatable, Use associated, Controlled, Real(4) (:, :), Offset: 0, Alignment: full word
                                 0-70.11$
 
q                                Allocatable, Use associated, Controlled, Real(4) (:, :, :), Offset: 0, Alignment: full word
                                 0-69.11$
 
qs0                              Common member, Real(4) (1:134), Offset: 1772, Alignment: full word
                                 5-10.8$
 
qsl                              Allocatable, Use associated, Controlled, Real(4) (:, :), Offset: 0, Alignment: full word
                                 0-70.11$
 
radin                            Common member, Real(4) (1:89, 1:143), Offset: 106484, Alignment: full word
                                 5-13.36$
 
radot                            Common member, Real(4) (1:89, 1:143), Offset: 157392, Alignment: quadruple word
                                 5-13.50$
 
rcapa                            Parameter, Real(4)
                                 2-35.9$
 
rd                               Parameter, Real(4)
                                 2-32.15$  2-32.29  2-36.29  2-36.51  2-40.15
 
rdocp                            Parameter, Real(4)
                                 2-40.9$
 
rdp                              Common member, Real(4), Offset: 64, Alignment: quadruple word
                                 5-5.24$
 
rdpq                             Common member, Real(4), Offset: 76, Alignment: full word
                                 5-6.12$
 
rdq                              Common member, Real(4), Offset: 56, Alignment: double word
                                 5-5.15$
 
rdth                             Common member, Real(4), Offset: 60, Alignment: full word
                                 5-5.19$
 
rdthe                            Common member, Real(4), Offset: 68, Alignment: full word
                                 5-5.28$
 
rdtheq                           Common member, Real(4), Offset: 80, Alignment: quadruple word
                                 5-6.17$
 
res                              Allocatable, Use associated, Controlled, Real(4) (:, :), Offset: 0, Alignment: full word
                                 0-69.11$  0-123.19  0-136.28  0-136.47  0-137.28  0-137.49
 
restrt                           Common member, Real(4), Offset: 28, Alignment: full word
                                 8-3.38$
 
rg                               Parameter, Real(4)
                                 2-36.32$
 
rog                              Parameter, Real(4)
                                 2-32.25$
 
roi                              Common member, Real(4), Offset: 36, Alignment: full word
                                 5-4.18$
 
ros                              Common member, Real(4), Offset: 24, Alignment: double word
                                 5-4.8$
 
rtd                              Parameter, Real(4)
                                 2-34.25$
 
run                              Common member, Real(4), Offset: 4, Alignment: full word
                                 8-3.14$
 
s15                              Parameter, Real(4)
                                 0-78.44$
 
satdel                           Common member, Real(4), Offset: 20, Alignment: full word
                                 6-2.53$
 
sgml1                            Common member, Real(4) (1:60), Offset: 1048, Alignment: double word
                                 5-8.17$  0-138.23
 
sgml2                            Common member, Real(4) (1:60), Offset: 1528, Alignment: double word
                                 5-9.17$  0-138.39
 
sice                             Allocatable, Use associated, Controlled, Real(4) (:, :), Offset: 0, Alignment: full word
                                 0-71.11$
 
sigma                            Common member, Real(4), Offset: 0, Alignment: quadruple word
                                 8-3.8$
 
sigt4                            Common member, Real(4) (1:89, 1:143), Offset: 971920, Alignment: quadruple word
                                 5-17.50$
 
slp                              Allocatable, Use associated, Controlled, Real(4) (:, :), Offset: 0, Alignment: full word
                                 0-70.11$
 
sm                               Allocatable, Use associated, Controlled, Real(4) (:, :), Offset: 0, Alignment: full word
                                 0-71.11$
 
smtha                            Parameter, Real(4)
                                 2-15.9$
 
smthb                            Parameter, Real(4)
                                 2-15.23$
 
spval                            Common member, Real(4), Offset: 0, Alignment: quadruple word
                                 6-2.24$
 
sqrt                             Pure Intrinsic
                                 0-227.42  0-228.42
 
sqs                              Common member, Real(4) (1:134), Offset: 2308, Alignment: full word
                                 5-10.20$
 
sst                              Common member, Real(4) (1:89, 1:143), Offset: 717380, Alignment: full word
                                 5-16.36$
 
stdrd                            Use associated, Static, Logical(4), Offset: 4, Alignment: full word
                                 0-70.11$
 
sthe                             Common member, Real(4) (1:76), Offset: 3148, Alignment: full word
                                 5-10.44$
 
stheq                            Common member, Real(4) (1:152), Offset: 4060, Alignment: full word
                                 5-11.44$
 
swnet                            Common member, Real(4) (1:89, 1:143), Offset: 361024, Alignment: quadruple word
                                 5-14.51$
 
t                                Allocatable, Use associated, Controlled, Real(4) (:, :, :), Offset: 0, Alignment: full word
                                 0-69.11$
 
t500                             Allocatable, Use associated, Controlled, Real(4) (:, :), Offset: 0, Alignment: full word
                                 0-70.11$
 
tdtd                             Common member, Real(4), Offset: 20, Alignment: full word
                                 5-3.30$
 
tdtq2                            Common member, Real(4), Offset: 12, Alignment: full word
                                 5-3.20$
 
tfrz                             Parameter, Real(4)
                                 2-39.56$
 
tg                               Common member, Real(4) (1:89, 1:143), Offset: 615564, Alignment: full word
                                 5-16.8$
 
the0                             Common member, Real(4) (1:76), Offset: 2844, Alignment: full word
                                 5-10.32$
 
the0q                            Common member, Real(4) (1:152), Offset: 3452, Alignment: full word
                                 5-11.32$
 
thl                              Common member, Real(4), Offset: 52, Alignment: full word
                                 5-5.11$
 
tsl                              Allocatable, Use associated, Controlled, Real(4) (:, :), Offset: 0, Alignment: full word
                                 0-70.11$
 
ttbl                             Common member, Real(4) (1:134, 1:76), Offset: 1063564, Alignment: full word
                                 5-19.24$
 
ttblq                            Common member, Real(4) (1:440, 1:152), Offset: 1104300, Alignment: full word
                                 5-19.40$
 
ttv                              Allocatable, Use associated, Controlled, Real(4) (:, :), Offset: 0, Alignment: full word
                                 0-70.11$
 
u                                Allocatable, Use associated, Controlled, Real(4) (:, :, :), Offset: 0, Alignment: full word
                                 0-69.11$  0-152.40  0-159.40  0-165.40  0-188.40  0-266.17  0-266.28  0-267.17  0-267.26  0-272.25
 
umean1                           Static, Real(4), Offset: 0, Alignment: full word
                                 0-209.12@  0-224.28
 
umean5                           Static, Real(4), Offset: 0, Alignment: full word
                                 0-207.12@  0-224.19
 
umean6                           Static, Real(4), Offset: 0, Alignment: full word
                                 0-211.12@  0-227.23
 
ushr                             Static, Real(4), Offset: 0, Alignment: full word
                                 0-224.12@  0-227.47  0-227.52  0-228.37  0-228.47  0-228.52
 
ust                              Reference argument, Real(4) (1:89, 1:143), Offset: 0, Alignment: full word
                                 0-85.12$  0-1.31  0-106.10@  0-227.12@  0-230.12@  0-272.34
 
ust1                             Static, Real(4) (1:89, 1:143), Offset: 0, Alignment: full word
                                 0-88.12$  0-109.10@  0-165.16@  0-165.28  0-209.21
 
ust5                             Static, Real(4) (1:89, 1:143), Offset: 0, Alignment: full word
                                 0-87.12$  0-111.10@  0-159.16@  0-159.28  0-188.16@  0-188.28  0-207.21
 
ust6                             Static, Real(4) (1:89, 1:143), Offset: 0, Alignment: full word
                                 0-86.12$  0-113.10@  0-152.16@  0-152.28  0-211.21
 
v                                Allocatable, Use associated, Controlled, Real(4) (:, :, :), Offset: 0, Alignment: full word
                                 0-69.11$  0-153.40  0-160.40  0-166.40  0-189.40  0-268.17  0-268.28  0-269.17  0-269.26  0-270.25
 
vbm2                             Allocatable, Use associated, Controlled, Real(4) (:, :), Offset: 0, Alignment: full word
                                 0-71.11$
 
vbm3                             Allocatable, Use associated, Controlled, Real(4) (:, :), Offset: 0, Alignment: full word
                                 0-71.11$
 
vmean1                           Static, Real(4), Offset: 0, Alignment: full word
                                 0-210.12@  0-225.28
 
vmean5                           Static, Real(4), Offset: 0, Alignment: full word
                                 0-208.12@  0-225.19
 
vmean6                           Static, Real(4), Offset: 0, Alignment: full word
                                 0-212.12@  0-228.23
 
vrbls                            Use associated, Nonintrinsic Module
                                 0-69.11$  0-69.11
 
vshr                             Static, Real(4), Offset: 0, Alignment: full word
                                 0-225.12@  0-227.37  0-227.57  0-227.62  0-228.57  0-228.62
 
vst                              Reference argument, Real(4) (1:89, 1:143), Offset: 0, Alignment: full word
                                 0-85.23$  0-1.35  0-107.10@  0-228.12@  0-231.12@  0-270.34
 
vst1                             Static, Real(4) (1:89, 1:143), Offset: 0, Alignment: full word
                                 0-88.24$  0-110.10@  0-166.16@  0-166.28  0-210.21
 
vst5                             Static, Real(4) (1:89, 1:143), Offset: 0, Alignment: full word
                                 0-87.24$  0-112.10@  0-160.16@  0-160.28  0-189.16@  0-189.28  0-208.21
 
vst6                             Static, Real(4) (1:89, 1:143), Offset: 0, Alignment: full word
                                 0-86.24$  0-114.10@  0-153.16@  0-153.28  0-212.21
 
vtm                              Allocatable, Use associated, Controlled, Real(4) (:, :, :), Offset: 0, Alignment: full word
                                 0-71.11$
 
w                                Allocatable, Use associated, Controlled, Real(4) (:, :, :), Offset: 0, Alignment: full word
                                 0-69.11$
 
z1                               Static, Real(4), Offset: 0, Alignment: full word
                                 0-252.13@  0-264.17
 
z1000                            Allocatable, Use associated, Controlled, Real(4) (:, :), Offset: 0, Alignment: full word
                                 0-70.11$
 
z2                               Static, Real(4), Offset: 0, Alignment: full word
                                 0-145.11@  0-149.17  0-182.11@  0-186.17  0-245.11@  0-249.17  0-264.20  0-265.17
 
z3                               Static, Real(4), Offset: 0, Alignment: full word
                                 0-256.13@  0-265.20
 
zint                             Allocatable, Use associated, Controlled, Real(4) (:, :, :), Offset: 0, Alignment: full word
                                 0-70.11$  0-126.21  0-139.28  0-139.50  0-140.23  0-140.46  0-145.21  0-145.34  0-146.19  0-146.32
                                 0-147.19  0-147.33  0-148.19  0-148.33  0-182.21  0-182.34  0-183.19  0-183.32  0-184.19  0-184.33
                                 0-185.19  0-185.33  0-245.21  0-245.34  0-246.21  0-246.34  0-247.21  0-247.35  0-248.21  0-248.35
                                 0-252.23  0-252.38  0-253.23  0-253.38  0-254.23  0-254.39  0-255.23  0-255.39  0-256.23  0-256.38
                                 0-257.23  0-257.38  0-258.23  0-258.39  0-259.23  0-259.39  0-260.23  0-260.36  0-261.23  0-261.37
                                 0-262.23  0-262.38  0-263.23  0-263.39
 
** calhel   === End of Compilation 1 ===
 
>>>>> FILE TABLE SECTION <<<<<
 
 
                                       FILE CREATION        FROM
FILE NO   FILENAME                    DATE       TIME       FILE    LINE
     0    CALHEL.f                    12/18/08   11:40:50
     1    /gpfs/c/nco/ops/nwprod/sorc/hiresw_post_hls.fd/parmeta
                                      12/18/08   11:40:52      0      74
     2    /gpfs/c/nco/ops/nwprod/sorc/hiresw_post_hls.fd/params
                                      12/18/08   11:40:52      0      75
     3    /gpfs/c/nco/ops/nwprod/sorc/hiresw_post_hls.fd/parm.tbl
                                      12/18/08   11:40:52      0      76
     4    /gpfs/c/nco/ops/nwprod/sorc/hiresw_post_hls.fd/LOOPS.comm
                                      12/18/08   11:40:51      0      92
     5    /gpfs/c/nco/ops/nwprod/sorc/hiresw_post_hls.fd/PHYS.comm
                                      12/18/08   11:40:51      0      93
     6    /gpfs/c/nco/ops/nwprod/sorc/hiresw_post_hls.fd/OPTIONS.comm
                                      12/18/08   11:40:51      0      94
     7    /gpfs/c/nco/ops/nwprod/sorc/hiresw_post_hls.fd/INDX.comm
                                      12/18/08   11:40:51      0      95
     8    /gpfs/c/nco/ops/nwprod/sorc/hiresw_post_hls.fd/CTLBLK.comm
                                      12/18/08   11:40:50      0      96
 
 
>>>>> COMPILATION EPILOGUE SECTION <<<<<
 
 
FORTRAN Summary of Diagnosed Conditions
 
TOTAL   UNRECOVERABLE  SEVERE       ERROR     WARNING    INFORMATIONAL
               (U)       (S)         (E)        (W)          (I)
    0           0         0           0          0            0
 
 
    Source records read.......................................     388
1501-510  Compilation successful for file CALHEL.f.
1501-543  Object file created.
