IBM XL Fortran for AIX, V12.1 (5724-U82) Version 12.01.0000.0001 --- /gpfs/c/nco/ops/nwprod/sorc/hiresw_post_hls.fd/CALPOT2.f 12/22/08 15:45:43
 
>>>>> OPTIONS SECTION <<<<<
***   Options In Effect   ***
  
         ==  On / Off Options  ==
         CR              DBG             ESCAPE          FULLPATH
         I4              INLGLUE         NOLIBESSL       NOLIBPOSIX
         OBJECT          SOURCE          STRICT          SWAPOMP
         THREADED        UNWIND          NOZEROSIZE
  
         ==  Options Of Integer Type ==
         ALIAS_SIZE(65536)     FIXED(72)             MAXMEM(-1)
         OPTIMIZE(2)           SPILLSIZE(2000)       STACKTEMP(0)
  
  
         ==  Options Of Character Type  ==
         64(LARGETYPE)         ALIAS(STD,INTPTR)     ALIGN(BINDC(POWER),STRUCT(NATURAL))
         ARCH(PWR6)            ATTR(FULL)            AUTODBL(NONE)
         DESCRIPTOR(V1)        DIRECTIVE(IBM*,IBMT)  ENUM()
         FLAG(I,I)             FLOAT(RNDSNGL,MAF,FOLD,RNGCHK,SINGLE)
         HALT(S)               IEEE(NEAR)            INTSIZE(4)
         LANGLVL(EXTENDED)     POSITION(APPENDOLD)   REALSIZE(4)
         SAVE(ALL)             TUNE(PWR6)            UNROLL(AUTO)
         XREF(FULL)            XLF2003(NOPOLYMORPHIC,NOBOZLITARGS,NOSTOPEXCEPT,NOVOLATILE,NOAUTOREALLOC,OLDNANINF)
         XLF77(NOLEADZERO,GEDIT77,NOBLANKPAD,OLDBOZ,INTARG,INTXOR,PERSISTENT,SOFTEOF)
         XLF90(NOSIGNEDZERO,NOAUTODEALLOC,OLDPAD)
  
>>>>> SOURCE SECTION <<<<<
          1 |      SUBROUTINE CALPOT2(P1D,T1D,THETA,IM,JM)
          2 |C$$$  SUBPROGRAM DOCUMENTATION BLOCK
          3 |C                .      .    .
          4 |C SUBPROGRAM:    CALPOT2     COMPUTES POTENTIAL TEMPERATURE
          5 |C   PRGRMMR: TREADON         ORG: W/NP2      DATE: 92-12-24
          6 |C
          7 |C ABSTRACT:
          8 |C     GIVEN PRESSURE AND TEMPERATURE THIS ROUTINE RETURNS
          9 |C     THE POTENTIAL TEMPERATURE.
         10 |C   .
         11 |C
         12 |C PROGRAM HISTORY LOG:
         13 |C   92-12-24  RUSS TREADON
         14 |C   98-06-15  T BLACK - CONVERSION FROM 1-D TO 2-D
         15 |C   00-01-04  JIM TUCCILLO - MPI VERSION
         16 |C
         17 |C USAGE:    CALL CALPOT2(P1D,T1D,THETA,IM,JM)
         18 |C   INPUT ARGUMENT LIST:
         19 |C     P1D      - PRESSURE (PA)
         20 |C     T1D      - TEMPERATURE (K)
         21 |C     IM,JM    - DIMENSIONS OF ARRAYS.
         22 |C
         23 |C   OUTPUT ARGUMENT LIST:
         24 |C     THETA    - POTENTIAL TEMPERATURE (K)
         25 |C
         26 |C   OUTPUT FILES:
         27 |C     NONE
         28 |C
         29 |C   SUBPROGRAMS CALLED:
         30 |C     UTILITIES:
         31 |C       NONE
         32 |C     LIBRARY:
         33 |C       NONE
         34 |C
         35 |C   ATTRIBUTES:
         36 |C     LANGUAGE: FORTRAN 90
         37 |C     MACHINE : CRAY C-90
         38 |C$$$
         39 |C
         40 |C
         41 |C     SET REQUIRED CONSTANTS.
         42 |      PARAMETER (CAPA=0.28589641,P1000=1000.E2)
         43 |C
         44 |      INCLUDE "CTLBLK.comm"
  1       1 |C-----------------------------------------------------------------------
  1       2 |      COMMON /CTLBLK/
  1       3 |     & SIGMA,RUN,IDAT(3),IHRST,FIRST,RESTRT,NFCST,NBC,LIST,IOUT
  1       4 |     &,DT,NTSD,NTSTM,NDDAMP,NPREC,IDTAD,NBOCO,NSHDE,NCP
  1       5 |     &,NPHS,NRADS,NRADL
  1       6 |      INTEGER NUM_PROCS, ME, JSTA, JEND,
  1       7 |     &        JSTA_M, JSTA_M2, JEND_M, JEND_M2, IUP, IDN, ICNT, IDSP,
  1       8 |     &        JSTA_2L, JEND_2U
  1       9 |      COMMON /PARALLEL/NUM_PROCS, ME, JSTA, JEND, JSTA_M, JEND_M,
  1      10 |     &                 JSTA_M2, JEND_M2, IUP, IDN,
  1      11 |     &                 ICNT(0:1023), IDSP(0:1023),
  1      12 |     &                 JSTA_2L, JEND_2U, NUM_SERVERS, MPI_COMM_INTER,
  1      13 |     &                 MPI_COMM_COMP
  1      14 |C-----------------------------------------------------------------------
         45 |C
         46 |C     DECLARE VARIABLES.
         47 |C
         48 |      REAL FAC,P1D(IM,JM),T1D(IM,JM),THETA(IM,JM)
         49 |C
         50 |C**********************************************************************
         51 |C     START CALPOT2 HERE.
         52 |C
         53 |C     COMPUTE THETA
         54 |C
         55 |      DO J=JSTA,JEND
         56 |      DO I=1,IM
         57 |        IF(ABS(P1D(I,J)).GT.1)THEN
         58 |          FAC=(P1000/P1D(I,J))**CAPA
         59 |          THETA(I,J)=FAC*T1D(I,J)
         60 |        ELSE
         61 |          THETA(I,J)=0.0
         62 |        ENDIF
         63 |      ENDDO
         64 |      ENDDO
         65 |c     do j = 180, 185
         66 |c        print *, ' me, j, p1d,t1d,theta = ',
         67 |c    *   me, j, p1d(10,j),t1d(10,j),theta (10,j)
         68 |c     end do
         69 |c       stop
         70 |C
         71 |C     END OF ROUTINE.
         72 |C
         73 |      RETURN
         74 |      END
 
>>>>> ATTRIBUTE AND CROSS REFERENCE SECTION <<<<<
 
 
 
IDENTIFIER NAME                  CROSS REFERENCE AND ATTRIBUTES
 
abs                              Pure Intrinsic
                                 0-57.12
 
calpot2                          Subroutine
                                 0-1.18$
 
capa                             Parameter, Real(4)
                                 0-42.18$  0-58.33
 
ctlblk                           Common Block, Alignment: double word
                                 1-2.15$
 
dt                               Common member, Real(4), Offset: 48, Alignment: quadruple word
                                 1-4.8$
 
fac                              Static, Real(4), Offset: 0, Alignment: full word
                                 0-48.12$  0-58.11@  0-59.22
 
first                            Common member, Real(4), Offset: 24, Alignment: double word
                                 1-3.32$
 
i                                Static, Integer(4), Offset: 0, Alignment: full word
                                 0-56.10@  0-57.20  0-58.26  0-59.17  0-59.30  0-61.17
 
icnt                             Common member, Integer(4) (0:1023), Offset: 40, Alignment: double word
                                 1-7.59$  1-11.24$
 
idat                             Common member, Integer(4) (1:3), Offset: 8, Alignment: double word
                                 1-3.18$
 
idn                              Common member, Integer(4), Offset: 36, Alignment: full word
                                 1-7.54$  1-10.47$
 
idsp                             Common member, Integer(4) (0:1023), Offset: 4136, Alignment: double word
                                 1-7.65$  1-11.38$
 
idtad                            Common member, Integer(4), Offset: 68, Alignment: full word
                                 1-4.35$
 
ihrst                            Common member, Integer(4), Offset: 20, Alignment: full word
                                 1-3.26$
 
im                               Reference argument, Integer(4), Offset: 0, Alignment: full word
                                 0-1.40  0-48.20  0-48.20  0-48.31  0-48.31  0-48.44  0-48.44  0-56.14
 
iout                             Common member, Integer(4), Offset: 44, Alignment: full word
                                 1-3.60$
 
iup                              Common member, Integer(4), Offset: 32, Alignment: quadruple word
                                 1-7.49$  1-10.42$
 
j                                Static, Integer(4), Offset: 0, Alignment: full word
                                 0-55.10@  0-57.22  0-58.28  0-59.19  0-59.32  0-61.19
 
jend                             Common member, Integer(4), Offset: 12, Alignment: full word
                                 1-6.36$  1-9.45$  0-55.17
 
jend_2u                          Common member, Integer(4), Offset: 8236, Alignment: full word
                                 1-8.24$  1-12.33$
 
jend_m                           Common member, Integer(4), Offset: 20, Alignment: full word
                                 1-7.32$  1-9.59$
 
jend_m2                          Common member, Integer(4), Offset: 28, Alignment: full word
                                 1-7.40$  1-10.33$
 
jm                               Reference argument, Integer(4), Offset: 0, Alignment: full word
                                 0-1.43  0-48.23  0-48.23  0-48.34  0-48.34  0-48.47  0-48.47
 
jsta                             Common member, Integer(4), Offset: 8, Alignment: double word
                                 1-6.30$  1-9.39$  0-55.12
 
jsta_2l                          Common member, Integer(4), Offset: 8232, Alignment: double word
                                 1-8.15$  1-12.24$
 
jsta_m                           Common member, Integer(4), Offset: 16, Alignment: quadruple word
                                 1-7.15$  1-9.51$
 
jsta_m2                          Common member, Integer(4), Offset: 24, Alignment: double word
                                 1-7.23$  1-10.24$
 
list                             Common member, Integer(4), Offset: 40, Alignment: double word
                                 1-3.55$
 
me                               Common member, Integer(4), Offset: 4, Alignment: full word
                                 1-6.26$  1-9.35$
 
mpi_comm_comp                    Common member, Integer(4), Offset: 8248, Alignment: double word
                                 1-13.24$
 
mpi_comm_inter                   Common member, Integer(4), Offset: 8244, Alignment: full word
                                 1-12.55$
 
nbc                              Common member, Integer(4), Offset: 36, Alignment: full word
                                 1-3.51$
 
nboco                            Common member, Integer(4), Offset: 72, Alignment: double word
                                 1-4.41$
 
ncp                              Common member, Integer(4), Offset: 80, Alignment: quadruple word
                                 1-4.53$
 
nddamp                           Common member, Integer(4), Offset: 60, Alignment: full word
                                 1-4.22$
 
nfcst                            Common member, Integer(4), Offset: 32, Alignment: quadruple word
                                 1-3.45$
 
nphs                             Common member, Integer(4), Offset: 84, Alignment: full word
                                 1-5.8$
 
nprec                            Common member, Integer(4), Offset: 64, Alignment: quadruple word
                                 1-4.29$
 
nradl                            Common member, Integer(4), Offset: 92, Alignment: full word
                                 1-5.19$
 
nrads                            Common member, Integer(4), Offset: 88, Alignment: double word
                                 1-5.13$
 
nshde                            Common member, Integer(4), Offset: 76, Alignment: full word
                                 1-4.47$
 
ntsd                             Common member, Integer(4), Offset: 52, Alignment: full word
                                 1-4.11$
 
ntstm                            Common member, Integer(4), Offset: 56, Alignment: double word
                                 1-4.16$
 
num_procs                        Common member, Integer(4), Offset: 0, Alignment: quadruple word
                                 1-6.15$  1-9.24$
 
num_servers                      Common member, Integer(4), Offset: 8240, Alignment: quadruple word
                                 1-12.42$
 
p1000                            Parameter, Real(4)
                                 0-42.34$  0-58.16
 
p1d                              Reference argument, Real(4) (1:?, 1:?), Offset: 0, Alignment: full word
                                 0-48.16$  0-1.26  0-57.16  0-58.22
 
parallel                         Common Block, Alignment: double word
                                 1-9.15$
 
restrt                           Common member, Real(4), Offset: 28, Alignment: full word
                                 1-3.38$
 
run                              Common member, Real(4), Offset: 4, Alignment: full word
                                 1-3.14$
 
sigma                            Common member, Real(4), Offset: 0, Alignment: quadruple word
                                 1-3.8$
 
t1d                              Reference argument, Real(4) (1:?, 1:?), Offset: 0, Alignment: full word
                                 0-48.27$  0-1.30  0-59.26
 
theta                            Reference argument, Real(4) (1:?, 1:?), Offset: 0, Alignment: full word
                                 0-48.38$  0-1.34  0-59.11@  0-61.11@
 
** calpot2   === End of Compilation 1 ===
 
>>>>> FILE TABLE SECTION <<<<<
 
 
                                       FILE CREATION        FROM
FILE NO   FILENAME                    DATE       TIME       FILE    LINE
     0    CALPOT2.f                   12/18/08   11:40:50
     1    /gpfs/c/nco/ops/nwprod/sorc/hiresw_post_hls.fd/CTLBLK.comm
                                      12/18/08   11:40:50      0      44
 
 
>>>>> COMPILATION EPILOGUE SECTION <<<<<
 
 
FORTRAN Summary of Diagnosed Conditions
 
TOTAL   UNRECOVERABLE  SEVERE       ERROR     WARNING    INFORMATIONAL
               (U)       (S)         (E)        (W)          (I)
    0           0         0           0          0            0
 
 
    Source records read.......................................      88
1501-510  Compilation successful for file CALPOT2.f.
1501-543  Object file created.
