IBM XL Fortran for AIX, V12.1 (5724-U82) Version 12.01.0000.0001 --- /gpfs/c/nco/ops/nwprod/sorc/hiresw_post_hls.fd/CALRCH.f 12/22/08 15:45:44
 
>>>>> OPTIONS SECTION <<<<<
***   Options In Effect   ***
  
         ==  On / Off Options  ==
         CR              DBG             ESCAPE          FULLPATH
         I4              INLGLUE         NOLIBESSL       NOLIBPOSIX
         OBJECT          SOURCE          STRICT          SWAPOMP
         THREADED        UNWIND          NOZEROSIZE
  
         ==  Options Of Integer Type ==
         ALIAS_SIZE(65536)     FIXED(72)             MAXMEM(-1)
         OPTIMIZE(2)           SPILLSIZE(2000)       STACKTEMP(0)
  
  
         ==  Options Of Character Type  ==
         64(LARGETYPE)         ALIAS(STD,INTPTR)     ALIGN(BINDC(POWER),STRUCT(NATURAL))
         ARCH(PWR6)            ATTR(FULL)            AUTODBL(NONE)
         DESCRIPTOR(V1)        DIRECTIVE(IBM*,IBMT)  ENUM()
         FLAG(I,I)             FLOAT(RNDSNGL,MAF,FOLD,RNGCHK,SINGLE)
         HALT(S)               IEEE(NEAR)            INTSIZE(4)
         LANGLVL(EXTENDED)     POSITION(APPENDOLD)   REALSIZE(4)
         SAVE(ALL)             TUNE(PWR6)            UNROLL(AUTO)
         XREF(FULL)            XLF2003(NOPOLYMORPHIC,NOBOZLITARGS,NOSTOPEXCEPT,NOVOLATILE,NOAUTOREALLOC,OLDNANINF)
         XLF77(NOLEADZERO,GEDIT77,NOBLANKPAD,OLDBOZ,INTARG,INTXOR,PERSISTENT,SOFTEOF)
         XLF90(NOSIGNEDZERO,NOAUTODEALLOC,OLDPAD)
  
>>>>> SOURCE SECTION <<<<<
          1 |      SUBROUTINE CALRCH(EL,RICHNO)
          2 |C$$$  SUBPROGRAM DOCUMENTATION BLOCK
          3 |C                .      .    .
          4 |C SUBPROGRAM:    CALRCH      COMPUTES GRD RCH NUMBER
          5 |C   PRGRMMR: TREADON         ORG: W/NP2      DATE: 93-10-11
          6 |C
          7 |C ABSTRACT:
          8 |C   THIS ROUTINE COMPUTES THE GRADIENT RICHARDSON NUMBER
          9 |C   AS CODED IN ETA MODEL SUBROUTINE PROFQ2.F.
         10 |C   FIX TO AVOID UNREASONABLY SMALL ANEMOMETER LEVEL WINDS.
         11 |C   .
         12 |C
         13 |C PROGRAM HISTORY LOG:
         14 |C   93-10-11  RUSS TREADON
         15 |C   98-06-17  T BLACK - CONVERSION FROM 1-D TO 2-D
         16 |C   00-01-04  JIM TUCCILLO - MPI VERSION
         17 |C   01-10-22  H CHUANG - MODIFIED TO PROCESS HYBRID MODEL OUTPUT
         18 |C
         19 |C USAGE:    CALL CALRCH(EL,RICHNO)
         20 |C   INPUT ARGUMENT LIST:
         21 |C     EL      - MIXING LENGTH SCALE.
         22 |C
         23 |C   OUTPUT ARGUMENT LIST:
         24 |C     RICHNO  - GRADIENT RICHARDSON NUMBER.
         25 |C
         26 |C   OUTPUT FILES:
         27 |C     NONE
         28 |C
         29 |C   SUBPROGRAMS CALLED:
         30 |C     UTILITIES:
         31 |C       NONE
         32 |C     LIBRARY:
         33 |C       COMMON   -
         34 |C                  LOOPS
         35 |C                  MASKS
         36 |C                  PHYS
         37 |C                  PVRBLS
         38 |C                  OPTIONS
         39 |C                  INDX
         40 |C
         41 |C   ATTRIBUTES:
         42 |C     LANGUAGE: FORTRAN
         43 |C     MACHINE : CRAY C-90
         44 |C$$$
         45 |C
         46 |      use vrbls
         47 |      use extra
         48 |      use pvrbls
         49 |      use masks
         50 |C
         51 |C     INCLUDE,DERIVE,SET PARAMETERS.
         52 |C
         53 |      INCLUDE "parmeta"
  1       1 |C-------------------------------------------------------------
  1       2 |C***  SET PRIMARY GRID DIMENSIONS AND PRESSURE OUTPUT LEVELS
  1       3 |      PARAMETER (IM=89,JM=143,LM=60,LSM=39)
  1       4 |C-------------------------------------------------------------
  1       5 |C***  SET THE NUMBER OF PEs IN THE I-DIRECTION AND J-DIRECTION
  1       6 |      PARAMETER(INPES=5,JNPES=6)
  1       7 |C-------------------------------------------------------------
  1       8 |C
  1       9 |      PARAMETER(IGSTL=-5,IGSTR=5)
  1      10 |      PARAMETER(JGSTL=-5,JGSTR=5)
  1      11 |      PARAMETER(ITAIL=IM-(INPES*(IM/INPES)))
  1      12 |      PARAMETER(JTAIL=JM-(JNPES*(JM/JNPES)))
  1      13 |C
  1      14 |      PARAMETER(IDIM1=IGSTL,IDIM2=IM/INPES+IGSTR+1)
  1      15 |      PARAMETER(JDIM1=JGSTL,JDIM2=JM/JNPES+JGSTR+1)
  1      16 |C
  1      17 |C-------------------------------------------------------------
         54 |      INCLUDE "params"
  2       1 |C
  2       2 |C     ARRAY DIMENSIONS.
  2       3 |      PARAMETER	
  2       4 |     & (IMT=2*IM-1,JMT=JM/2+1)
  2       5 |      PARAMETER
  2       6 |     & (IM1=IM-1,JM2=JM-2,JAM=6+2*(JM-10)
  2       7 |     &, NINC=2*IM-1
  2       8 |     &, LM1=LM-1,LP1=LM+1
  2       9 |     &, LB=2*IM+JM-3)
  2      10 |C
  2      11 |C     SMOOTHING PARAMETERS.
  2      12 |      PARAMETER
  2      13 |     & (KSMUD=4,KSLPD=1,KSSLP=2,KSFI=2,KST=2
  2      14 |     &, KSUV=2,KSRH=2,KSAV=2,KSLI=2,KSLP=2
  2      15 |     &, SMTHA=-1.8E-4,SMTHB=16.,NSUMD=1)
  2      16 |C
  2      17 |C     DIMENSIONS FOR PROFILE OUPUT ARRAYS.
  2      18 |      PARAMETER
  2      19 |     & (NSTAT=100,NWORD=6+6*LM+9,NWORD3=NWORD-3,NWORD6=NWORD-6)
  2      20 |C
  2      21 |C     CONSTANTS.
  2      22 |      PARAMETER
  2      23 |     & (CM1=2937.4,CM2=4.9283,CM3=23.5518)
  2      24 |      PARAMETER
  2      25 |     & (D00=0.0,D1=0.1,D01=0.01,D001=0.001,D50=0.50,H999=999.
  2      26 |     &, H1=1.0,H2=2.0,H4=4.0,H99999=99999.,H1M12=1.E-12
  2      27 |     &, H1000=1000.,H1M5=1.E-5,D125=.125,D25=0.25,H100=100.
  2      28 |     &, H10000=10000.,H10E5=1.E5,CAPA=0.28589641E0
  2      29 |     &, D115=0.115,D608=0.608,D05=0.05,D0065=0.0065
  2      30 |     &, H1E2=100.,H1E4=1.E4,H1M2=1.E-2)
  2      31 |      PARAMETER
  2      32 |     & (G=9.8,RD=287.04,ROG=RD/G,GI=1./G
  2      33 |     &, OVERRC=1.75,AD05=OVERRC*D05,CFT0=OVERRC-H1
  2      34 |     &, DTR=1.745329E-2,RTD=1./DTR,ERAD=6.376E6,CP=1004.6
  2      35 |     &, RCAPA=1./CAPA,P1000=1000.E2,DP10M=110
  2      36 |     &, ELWV=2.50E6,CPDR=CP/RD,RG=1./GI,ELDR=ELWV/RD
  2      37 |     &, BETA=.00367,BTG=BETA*9.8)
  2      38 |      PARAMETER
  2      39 |     & (FMW=18.015,FMD=28.964,EPS=FMW/FMD,ONEPS=1.-EPS,TFRZ=273.16
  2      40 |     &, RDOCP=RD/CP,LHEAT=2.5E6,LHTOCP=LHEAT/CP,EPSQ2=0.2
  2      41 |     &, PQ0=379.90516,A2=17.2693882,A3=273.16,A4=35.86)
         55 |      INCLUDE "parm.tbl"
  3       1 |      PARAMETER (ITB=076,JTB=134,ITBQ=152,JTBQ=440)
         56 |C
         57 |C     DECLARE VARIABLES.
         58 |C
         59 |      REAL EGRID1(IM,JM),EGRID2(IM,JM),HGT(IM,JM)
         60 |      REAL EL(IM,jsta_2l:jend_2u,LM),
         61 |     *     RICHNO(IM,jsta_2l:jend_2u,LM)
         62 |      REAL, ALLOCATABLE :: THV(:,:,:)
         63 |C
         64 |C     INCLUDE COMMON BLOCKS.
         65 |C
         66 |      INCLUDE "LOOPS.comm"
  4       1 |C-----------------------------------------------------------------------
  4       2 |                             C O M M O N /LOOPS/
  4       3 |     & IHLA  (JAM),IHHA  (JAM),IVLA  (JAM),IVHA  (JAM),JRA   (JAM)
  4       4 |C
  4       5 |     &,LMH   (IM,JM),LMV   (IM,JM)
  4       6 |C-----------------------------------------------------------------------
         67 |      INCLUDE "PHYS.comm"
  5       1 |C-----------------------------------------------------------------------
  5       2 |                             C O M M O N /PHYS/
  5       3 |     & KTM,PT,DTQ2,TDTQ2,DTD,TDTD
  5       4 |     &,ROS,CS,DS,ROI,CI,DI
  5       5 |     &,PL,THL,RDQ,RDTH,RDP,RDTHE
  5       6 |     &,PLQ,RDPQ,RDTHEQ
  5       7 |     &,DETA(LM),AETA(LM),DFRLG(LP1)
  5       8 |     &,DSG1(LM),SGML1(LM)
  5       9 |     &,DSG2(LM),SGML2(LM),PDTOP
  5      10 |     &,QS0   (JTB),SQS   (JTB),THE0  (ITB),STHE  (ITB)
  5      11 |     &,                        THE0Q(ITBQ),STHEQ(ITBQ)
  5      12 |C
  5      13 |     &,MXSNAL(IM,JM),EPSR  (IM,JM),RADIN (IM,JM),RADOT (IM,JM)
  5      14 |     &,GLAT  (IM,JM),GLON  (IM,JM),CZEN  (IM,JM), SWNET(IM,JM)
  5      15 |     &,ELWDWN(IM,JM),HTOP  (IM,JM),HBOT  (IM,JM),ALBEDO(IM,JM)
  5      16 |     &,TG    (IM,JM),GFFC  (IM,JM),SST   (IM,JM),ALBASE(IM,JM)
  5      17 |     &,HDAC  (IM,JM),HDACV (IM,JM),CZMEAN(IM,JM),SIGT4 (IM,JM)
  5      18 |C
  5      19 |     &,PTBL  (ITB,JTB),TTBL  (JTB,ITB),TTBLQ(JTBQ,ITBQ)
  5      20 |C-----------------------------------------------------------------------
         68 |      INCLUDE "OPTIONS.comm"
  6       1 |C
  6       2 |      COMMON /OPTIONS/ SPVAL,IBESSL,KSB,IOFFS,IFLAG,SATDEL
         69 |      INCLUDE "INDX.comm"
  7       1 |C-----------------------------------------------------------------------
  7       2 |                        C O M M O N /INDX/
  7       3 |     & IHE(JM),IHW(JM),IVE(JM),IVW(JM)
  7       4 |C-----------------------------------------------------------------------
         70 |      INCLUDE "CTLBLK.comm"
  8       1 |C-----------------------------------------------------------------------
  8       2 |      COMMON /CTLBLK/
  8       3 |     & SIGMA,RUN,IDAT(3),IHRST,FIRST,RESTRT,NFCST,NBC,LIST,IOUT
  8       4 |     &,DT,NTSD,NTSTM,NDDAMP,NPREC,IDTAD,NBOCO,NSHDE,NCP
  8       5 |     &,NPHS,NRADS,NRADL
  8       6 |      INTEGER NUM_PROCS, ME, JSTA, JEND,
  8       7 |     &        JSTA_M, JSTA_M2, JEND_M, JEND_M2, IUP, IDN, ICNT, IDSP,
  8       8 |     &        JSTA_2L, JEND_2U
  8       9 |      COMMON /PARALLEL/NUM_PROCS, ME, JSTA, JEND, JSTA_M, JEND_M,
  8      10 |     &                 JSTA_M2, JEND_M2, IUP, IDN,
  8      11 |     &                 ICNT(0:1023), IDSP(0:1023),
  8      12 |     &                 JSTA_2L, JEND_2U, NUM_SERVERS, MPI_COMM_INTER,
  8      13 |     &                 MPI_COMM_COMP
  8      14 |C-----------------------------------------------------------------------
         71 |C
         72 |C
         73 |C*************************************************************************
         74 |C     START CALRCH HERE.
         75 |C
         76 |      ALLOCATE ( THV(IM,JSTA_2L:JEND_2U,LM) )
         77 |C     INITIALIZE ARRAYS.
         78 |C
         79 |!$omp  parallel do
         80 |      DO L = 1,LM
         81 |        DO J=JSTA,JEND
         82 |        DO I=1,IM
         83 |          RICHNO(I,J,L)=SPVAL
         84 |        ENDDO
         85 |        ENDDO
         86 |      ENDDO
         87 |C
         88 |!$omp  parallel do
         89 |      DO J=JSTA,JEND
         90 |      DO I=1,IM
         91 |        HGT(I,J)=RG*FIS(I,J)
         92 |      ENDDO
         93 |      ENDDO
         94 |C
         95 |C     COMPUTE AND SMOOTH VIRTUAL POTENTIAL TEMPERATURE.
         96 |C
         97 |!$omp  parallel do
         98 |!$omp& private(ape,egrid1,egrid2,ie,iw)
         99 |      DO L=LM,1,-1
        100 |        DO J=JSTA,JEND
        101 |        DO I=1,IM
        102 |          APE=(H10E5/(PDTOP*SGML1(L)+PDSL(I,J)*SGML2(L)+PT))**CAPA
        103 |          THV(I,J,L)=(Q(I,J,L)*D608+H1)*T(I,J,L)*APE
        104 |        ENDDO
        105 |        ENDDO
        106 |C
        107 |        CALL EXCH_P(THV(1,jsta_2l,L))
        108 |C
        109 |C        SMOOTH VIRTUAL POTENTIAL TEMPERATURE.
        110 |C
        111 |        DO J=JSTA,JEND_M
        112 |        DO I=1,IM-1
        113 |          IE=I+IHE(J)
        114 |          EGRID1(I,J)=(THV(IE,J+1,L)-THV(I,J,L))
        115 |     1                *HTM(I,J,L)*HTM(IE,J+1,L)
        116 |        ENDDO
        117 |        ENDDO
        118 |C
        119 |        DO J=JSTA_M,JEND
        120 |        DO I=1,IM-1
        121 |          IE=I+IHE(J)
        122 |          EGRID2(I,J)=(THV(IE,J-1,L)-THV(I,J,L))
        123 |     1                *HTM(IE,J-1,L)*HTM(I,J,L)
        124 |        ENDDO
        125 |        ENDDO
        126 |C
        127 |        CALL EXCH(EGRID1)
        128 |        CALL EXCH(EGRID2)
        129 |C
        130 |        DO J=JSTA_M2,JEND_M2
        131 |        DO I=2,IM-1
        132 |          IW=I+IHW(J)
        133 |          THV(I,J,L)=THV(I,J,L) + D125 *
        134 |     1              (EGRID1(I,J)-EGRID1(IW,J-1)+
        135 |     2               EGRID2(I,J)-EGRID2(IW,J+1))*HBM2(I,J)
        136 |        ENDDO
        137 |        ENDDO
        138 |C
        139 |      ENDDO
        140 |C
        141 |C     COMPUTE GRADIENT RICHARDSON NUMBER AS CODED IN ETA MODEL
        142 |C     SUBROUTINE PROFQ2.F.  OUTER LOOP OVER THE VERTICAL.
        143 |C     INTTER LOOP OVER THE HORIZONTAL.
        144 |C
        145 |!$omp  parallel do
        146 |!$omp& private(cs,ct,dthvkl,dukl,dvkl,dzkl,elkl,elklsq,
        147 |!$omp&         ie,iw,q2kl,qroot,rdzkl,ri,uhkl,ulkl,vhkl,vlkl,
        148 |!$omp&         wndsl,wndslp)
        149 |      DO L = 1,LM1
        150 |C
        151 |C     ASSUME THAT VTM, U, and V HAVE UPDATED HALOS
        152 |C
        153 |        DO J=JSTA_M2,JEND_M2
        154 |        DO I=2,IM-1
        155 |          IE=I+IHE(J)
        156 |          IW=I+IHW(J)
        157 |C
        158 |C         WE NEED (U,V) WINDS AT A MASS POINT.  FOUR POINT
        159 |C         AVERAGE (U,V) WINDS TO MASS POINT.  NORMALIZE FOUR
        160 |C         POINT AVERAGE BY THE ACTUAL NUMBER OF (U,V) WINDS
        161 |C         USED IN THE AVERAGING.  VTM=1 IF WIND POINT IS
        162 |C         ABOVE GROUND.  VTM=0 IF BELOW GROUND.
        163 |C
        164 |          WNDSL=VTM(I,J-1,L)+VTM(IW,J,L)+VTM(IE,J,L)+VTM(I,J+1,L)
        165 |          WNDSLP=VTM(I,J-1,L+1)+VTM(IW,J,L+1)+
        166 |     1           VTM(IE,J,L+1)+VTM(I,J+1,L+1)
        167 |          IF(WNDSL.EQ.0..OR.WNDSLP.EQ.0.)GO TO 10
        168 |          UHKL=(U(I,J-1,L)+U(IW,J,L)+U(IE,J,L)+U(I,J+1,L))/WNDSL
        169 |          ULKL=(U(I,J-1,L+1)+U(IW,J,L+1)+U(IE,J,L+1)+
        170 |     1          U(I,J+1,L+1))/WNDSLP
        171 |          VHKL=(V(I,J-1,L)+V(IW,J,L)+V(IE,J,L)+V(I,J+1,L))/WNDSL
        172 |          VLKL=(V(I,J-1,L+1)+V(IW,J,L+1)+V(IE,J,L+1)+
        173 |     1           V(I,J+1,L+1))/WNDSLP
        174 |          DZKL=D50*(ZINT(I,J,L)-ZINT(I,J,L+2))
        175 |          RDZKL=1./DZKL
        176 |          Q2KL=AMAX1(Q2(I,J,L),0.00001)
        177 |          QROOT=SQRT(Q2KL)
        178 |          ELKL=EL(I,J,L)
        179 |          ELKL=AMAX1(ELKL,EPSQ2)
        180 |          ELKLSQ=ELKL*ELKL
        181 |          DTHVKL=THV(I,J,L)-THV(I,J,L+1)
        182 |          DUKL=(UHKL-ULKL)
        183 |          DVKL=(VHKL-VLKL)
        184 |          CS=(DUKL*RDZKL)**2+(DVKL*RDZKL)**2
        185 |C
        186 |C         COMPUTE GRADIENT RICHARDSON NUMBER.
        187 |C
        188 |          IF(CS.LE.1.E-8)THEN
        189 |C
        190 |C         WIND SHEAR IS VANISHINGLY SO SET RICHARDSON
        191 |C         NUMBER TO POST PROCESSOR SPECIAL VALUE.
        192 |C
        193 |            RICHNO(I,J,L)=SPVAL
        194 |C
        195 |          ELSE
        196 |C
        197 |C         WIND SHEAR LARGE ENOUGH TO USE RICHARDSON NUMBER.
        198 |C
        199 |            CT=-1.*G*BETA*DTHVKL*RDZKL
        200 |            RI=-CT/CS
        201 |            RICHNO(I,J,L)=RI
        202 |          ENDIF
        203 |C
        204 | 10       CONTINUE
        205 |        ENDDO
        206 |        ENDDO
        207 |      ENDDO
        208 |C
        209 |      DEALLOCATE (THV)
        210 |C     END OF ROUTINE.
        211 |C
        212 |      RETURN
        213 |      END
 
>>>>> ATTRIBUTE AND CROSS REFERENCE SECTION <<<<<
 
 
 
IDENTIFIER NAME                  CROSS REFERENCE AND ATTRIBUTES
 
a2                               Parameter, Real(4)
                                 2-41.23$
 
a3                               Parameter, Real(4)
                                 2-41.37$
 
a4                               Parameter, Real(4)
                                 2-41.47$
 
accliq                           Allocatable, Use associated, Controlled, Real(4) (:, :), Offset: 0, Alignment: full word
                                 0-48.11$
 
acprec                           Allocatable, Use associated, Controlled, Real(4) (:, :), Offset: 0, Alignment: full word
                                 0-48.11$
 
ad05                             Parameter, Real(4)
                                 2-33.21$
 
aeta                             Common member, Real(4) (1:60), Offset: 324, Alignment: full word
                                 5-7.17$
 
akhs                             Allocatable, Use associated, Controlled, Real(4) (:, :), Offset: 0, Alignment: full word
                                 0-48.11$
 
akms                             Allocatable, Use associated, Controlled, Real(4) (:, :), Offset: 0, Alignment: full word
                                 0-48.11$
 
albase                           Common member, Real(4) (1:89, 1:143), Offset: 768288, Alignment: quadruple word
                                 5-16.50$
 
albedo                           Common member, Real(4) (1:89, 1:143), Offset: 564656, Alignment: quadruple word
                                 5-15.50$
 
alpint                           Allocatable, Use associated, Controlled, Real(4) (:, :, :), Offset: 0, Alignment: full word
                                 0-47.11$
 
amax1                            Pure Intrinsic Real(4)
                                 0-176.16  0-179.16
 
ape                              Static, Real(4), Offset: 0, Alignment: full word
                                 0-102.11@  0-103.50
 
beta                             Parameter, Real(4)
                                 2-37.9$  0-199.22  2-37.25
 
btg                              Parameter, Real(4)
                                 2-37.21$
 
calrch                           Subroutine
                                 0-1.18$
 
capa                             Parameter, Real(4)
                                 2-28.34$  0-102.63  2-35.18
 
cft0                             Parameter, Real(4)
                                 2-33.37$
 
ci                               Common member, Real(4), Offset: 40, Alignment: double word
                                 5-4.22$
 
cldefi                           Allocatable, Use associated, Controlled, Real(4) (:, :), Offset: 0, Alignment: full word
                                 0-48.11$
 
cm1                              Parameter, Real(4)
                                 2-23.9$
 
cm2                              Parameter, Real(4)
                                 2-23.20$
 
cm3                              Parameter, Real(4)
                                 2-23.31$
 
cp                               Parameter, Real(4)
                                 2-34.49$  2-36.26  2-40.18  2-40.46
 
cpdr                             Parameter, Real(4)
                                 2-36.21$
 
cs                               Common member, Real(4), Offset: 28, Alignment: full word
                                 5-4.12$  0-184.11@  0-188.14  0-200.20
 
ct                               Static, Real(4), Offset: 0, Alignment: full word
                                 0-199.13@  0-200.17
 
ctlblk                           Common Block, Alignment: double word
                                 8-2.15$
 
cuprec                           Allocatable, Use associated, Controlled, Real(4) (:, :), Offset: 0, Alignment: full word
                                 0-48.11$
 
czen                             Common member, Real(4) (1:89, 1:143), Offset: 310116, Alignment: full word
                                 5-14.36$
 
czmean                           Common member, Real(4) (1:89, 1:143), Offset: 921012, Alignment: full word
                                 5-17.36$
 
d00                              Parameter, Real(4)
                                 2-25.9$
 
d001                             Parameter, Real(4)
                                 2-25.33$
 
d0065                            Parameter, Real(4)
                                 2-29.40$
 
d01                              Parameter, Real(4)
                                 2-25.24$
 
d05                              Parameter, Real(4)
                                 2-29.31$  2-33.33
 
d1                               Parameter, Real(4)
                                 2-25.17$
 
d115                             Parameter, Real(4)
                                 2-29.9$
 
d125                             Parameter, Real(4)
                                 2-27.32$  0-133.35
 
d25                              Parameter, Real(4)
                                 2-27.42$
 
d50                              Parameter, Real(4)
                                 2-25.44$  0-174.16
 
d608                             Parameter, Real(4)
                                 2-29.20$  0-103.32
 
deta                             Common member, Real(4) (1:60), Offset: 84, Alignment: full word
                                 5-7.8$
 
dfrlg                            Common member, Real(4) (1:61), Offset: 564, Alignment: full word
                                 5-7.26$
 
di                               Common member, Real(4), Offset: 44, Alignment: full word
                                 5-4.25$
 
dp10m                            Parameter, Real(4)
                                 2-35.37$
 
ds                               Common member, Real(4), Offset: 32, Alignment: quadruple word
                                 5-4.15$
 
dsg1                             Common member, Real(4) (1:60), Offset: 808, Alignment: double word
                                 5-8.8$
 
dsg2                             Common member, Real(4) (1:60), Offset: 1288, Alignment: double word
                                 5-9.8$
 
dt                               Common member, Real(4), Offset: 48, Alignment: quadruple word
                                 8-4.8$
 
dtd                              Common member, Real(4), Offset: 16, Alignment: quadruple word
                                 5-3.26$
 
dthvkl                           Static, Real(4), Offset: 0, Alignment: full word
                                 0-181.11@  0-199.27
 
dtq2                             Common member, Real(4), Offset: 8, Alignment: double word
                                 5-3.15$
 
dtr                              Parameter, Real(4)
                                 2-34.9$  2-34.32
 
dukl                             Static, Real(4), Offset: 0, Alignment: full word
                                 0-182.11@  0-184.15
 
dvkl                             Static, Real(4), Offset: 0, Alignment: full word
                                 0-183.11@  0-184.31
 
dwdt                             Allocatable, Use associated, Controlled, Real(4) (:, :, :), Offset: 0, Alignment: full word
                                 0-46.11$
 
dzkl                             Static, Real(4), Offset: 0, Alignment: full word
                                 0-174.11@  0-175.20
 
egrid1                           Static, Real(4) (1:89, 1:143), Offset: 0, Alignment: full word
                                 0-59.12$  0-114.11@  0-127.19  0-134.22  0-134.34
 
egrid2                           Static, Real(4) (1:89, 1:143), Offset: 0, Alignment: full word
                                 0-59.26$  0-122.11@  0-128.19  0-135.22  0-135.34
 
el                               Reference argument, Real(4) (1:89, ?:?, 1:60), Offset: 0, Alignment: full word
                                 0-60.12$  0-1.25  0-178.16
 
eldr                             Parameter, Real(4)
                                 2-36.41$
 
elkl                             Static, Real(4), Offset: 0, Alignment: full word
                                 0-178.11@  0-179.11@  0-179.22  0-180.18  0-180.23
 
elklsq                           Static, Real(4), Offset: 0, Alignment: full word
                                 0-180.11@
 
elwdwn                           Common member, Real(4) (1:89, 1:143), Offset: 411932, Alignment: full word
                                 5-15.8$
 
elwv                             Parameter, Real(4)
                                 2-36.9$  2-36.46
 
eps                              Parameter, Real(4)
                                 2-39.31$  2-39.52
 
epsq2                            Parameter, Real(4)
                                 2-40.49$  0-179.27
 
epsr                             Common member, Real(4) (1:89, 1:143), Offset: 55576, Alignment: double word
                                 5-13.22$
 
erad                             Parameter, Real(4)
                                 2-34.36$
 
exch                             External Subroutine
                                 0-127.14  0-128.14
 
exch_p                           External Subroutine
                                 0-107.14
 
extra                            Use associated, Nonintrinsic Module
                                 0-47.11$  0-47.11
 
first                            Common member, Real(4), Offset: 24, Alignment: double word
                                 8-3.32$
 
fis                              Allocatable, Use associated, Controlled, Real(4) (:, :), Offset: 0, Alignment: full word
                                 0-46.11$  0-91.21
 
fmd                              Parameter, Real(4)
                                 2-39.20$  2-39.39
 
fmw                              Parameter, Real(4)
                                 2-39.9$  2-39.35
 
fsl                              Allocatable, Use associated, Controlled, Real(4) (:, :), Offset: 0, Alignment: full word
                                 0-47.11$
 
g                                Parameter, Real(4)
                                 2-32.9$  0-199.20  2-32.32  2-32.40
 
gffc                             Common member, Real(4) (1:89, 1:143), Offset: 666472, Alignment: double word
                                 5-16.22$
 
gi                               Parameter, Real(4)
                                 2-32.34$  2-36.38
 
glat                             Common member, Real(4) (1:89, 1:143), Offset: 208300, Alignment: full word
                                 5-14.8$
 
glon                             Common member, Real(4) (1:89, 1:143), Offset: 259208, Alignment: double word
                                 5-14.22$
 
h1                               Parameter, Real(4)
                                 2-26.9$  0-103.37  2-33.49
 
h100                             Parameter, Real(4)
                                 2-27.51$
 
h1000                            Parameter, Real(4)
                                 2-27.9$
 
h10000                           Parameter, Real(4)
                                 2-28.9$
 
h10e5                            Parameter, Real(4)
                                 2-28.23$  0-102.16
 
h1e2                             Parameter, Real(4)
                                 2-30.9$
 
h1e4                             Parameter, Real(4)
                                 2-30.19$
 
h1m12                            Parameter, Real(4)
                                 2-26.44$
 
h1m2                             Parameter, Real(4)
                                 2-30.29$
 
h1m5                             Parameter, Real(4)
                                 2-27.21$
 
h2                               Parameter, Real(4)
                                 2-26.16$
 
h4                               Parameter, Real(4)
                                 2-26.23$
 
h999                             Parameter, Real(4)
                                 2-25.53$
 
h99999                           Parameter, Real(4)
                                 2-26.30$
 
hbm2                             Allocatable, Use associated, Controlled, Real(4) (:, :), Offset: 0, Alignment: full word
                                 0-49.11$  0-135.50
 
hbot                             Common member, Real(4) (1:89, 1:143), Offset: 513748, Alignment: full word
                                 5-15.36$
 
hdac                             Common member, Real(4) (1:89, 1:143), Offset: 819196, Alignment: full word
                                 5-17.8$
 
hdacv                            Common member, Real(4) (1:89, 1:143), Offset: 870104, Alignment: double word
                                 5-17.22$
 
hgt                              Static, Real(4) (1:89, 1:143), Offset: 0, Alignment: full word
                                 0-59.40$  0-91.9@
 
htm                              Allocatable, Use associated, Controlled, Real(4) (:, :, :), Offset: 0, Alignment: full word
                                 0-49.11$  0-115.24  0-115.35  0-123.24  0-123.38
 
htop                             Common member, Real(4) (1:89, 1:143), Offset: 462840, Alignment: double word
                                 5-15.22$
 
i                                Static, Integer(4), Offset: 0, Alignment: full word
                                 0-82.12@  0-83.18  0-90.10@  0-91.13  0-91.25  0-101.12@  0-102.43  0-103.15  0-103.25  0-103.43
                                 0-112.12@  0-113.14  0-114.18  0-114.42  0-115.28  0-120.12@  0-121.14  0-122.18  0-122.42
                                 0-123.42  0-131.12@  0-132.14  0-133.15  0-133.26  0-134.29  0-135.29  0-135.55  0-154.12@
                                 0-155.14  0-156.14  0-164.21  0-164.58  0-165.22  0-166.36  0-168.19  0-168.50  0-169.19  0-170.19
                                 0-171.19  0-171.50  0-172.19  0-173.20  0-174.26  0-174.38  0-176.25  0-178.19  0-181.22  0-181.33
                                 0-193.20  0-201.20
 
ibessl                           Common member, Integer(4), Offset: 4, Alignment: full word
                                 6-2.30$
 
icnt                             Common member, Integer(4) (0:1023), Offset: 40, Alignment: double word
                                 8-7.59$  8-11.24$
 
idat                             Common member, Integer(4) (1:3), Offset: 8, Alignment: double word
                                 8-3.18$
 
idim1                            Parameter, Integer(4)
                                 1-14.17$
 
idim2                            Parameter, Integer(4)
                                 1-14.29$
 
idn                              Common member, Integer(4), Offset: 36, Alignment: full word
                                 8-7.54$  8-10.47$
 
idsp                             Common member, Integer(4) (0:1023), Offset: 4136, Alignment: double word
                                 8-7.65$  8-11.38$
 
idtad                            Common member, Integer(4), Offset: 68, Alignment: full word
                                 8-4.35$
 
ie                               Static, Integer(4), Offset: 0, Alignment: full word
                                 0-113.11@  0-114.28  0-115.39  0-121.11@  0-122.28  0-123.28  0-155.11@  0-164.46  0-166.22
                                 0-168.40  0-169.44  0-171.40  0-172.44
 
iflag                            Common member, Integer(4), Offset: 16, Alignment: quadruple word
                                 6-2.47$
 
igstl                            Parameter, Integer(4)
                                 1-9.17$  1-14.23
 
igstr                            Parameter, Integer(4)
                                 1-9.26$  1-14.44
 
ihe                              Common member, Integer(4) (1:143), Offset: 0, Alignment: quadruple word
                                 7-3.8$  0-113.16  0-121.16  0-155.16
 
ihha                             Common member, Integer(4) (1:272), Offset: 1088, Alignment: quadruple word
                                 4-3.20$
 
ihla                             Common member, Integer(4) (1:272), Offset: 0, Alignment: quadruple word
                                 4-3.8$
 
ihrst                            Common member, Integer(4), Offset: 20, Alignment: full word
                                 8-3.26$
 
ihw                              Common member, Integer(4) (1:143), Offset: 572, Alignment: full word
                                 7-3.16$  0-132.16  0-156.16
 
im                               Parameter, Integer(4)
                                 1-3.18$  0-59.19  0-59.33  0-59.44  0-60.15  0-60.15  0-61.19  0-61.19  0-76.22  0-82.16  0-90.14
                                 0-101.16  0-112.16  0-120.16  0-131.16  0-154.16  1-11.23  1-11.34  1-14.35  2-4.15  2-6.13  2-7.16
                                 2-9.14  4-5.15  4-5.29  5-13.15  5-13.29  5-13.43  5-13.57  5-14.15  5-14.29  5-14.43  5-14.57
                                 5-15.15  5-15.29  5-15.43  5-15.57  5-16.15  5-16.29  5-16.43  5-16.57  5-17.15  5-17.29  5-17.43
                                 5-17.57
 
im1                              Parameter, Integer(4)
                                 2-6.9$
 
imt                              Parameter, Integer(4)
                                 2-4.9$
 
indx                             Common Block, Alignment: double word
                                 7-2.38$
 
inpes                            Parameter, Integer(4)
                                 1-6.17$  1-11.27  1-11.37  1-14.38
 
ioffs                            Common member, Integer(4), Offset: 12, Alignment: full word
                                 6-2.41$
 
iout                             Common member, Integer(4), Offset: 44, Alignment: full word
                                 8-3.60$
 
itail                            Parameter, Integer(4)
                                 1-11.17$
 
itb                              Parameter, Integer(4)
                                 3-1.18$  5-10.39  5-10.51  5-19.15  5-19.35
 
itbq                             Parameter, Integer(4)
                                 3-1.34$  5-11.38  5-11.50  5-19.51
 
iup                              Common member, Integer(4), Offset: 32, Alignment: quadruple word
                                 8-7.49$  8-10.42$
 
ive                              Common member, Integer(4) (1:143), Offset: 1144, Alignment: double word
                                 7-3.24$
 
ivha                             Common member, Integer(4) (1:272), Offset: 3264, Alignment: quadruple word
                                 4-3.44$
 
ivla                             Common member, Integer(4) (1:272), Offset: 2176, Alignment: quadruple word
                                 4-3.32$
 
ivw                              Common member, Integer(4) (1:143), Offset: 1716, Alignment: full word
                                 7-3.32$
 
iw                               Static, Integer(4), Offset: 0, Alignment: full word
                                 0-132.11@  0-134.41  0-135.41  0-156.11@  0-164.34  0-165.37  0-168.30  0-169.32  0-171.30
                                 0-172.32
 
j                                Static, Integer(4), Offset: 0, Alignment: full word
                                 0-81.12@  0-83.20  0-89.10@  0-91.15  0-91.27  0-100.12@  0-102.45  0-103.17  0-103.27  0-103.45
                                 0-111.12@  0-113.20  0-114.20  0-114.31  0-114.44  0-115.30  0-115.42  0-119.12@  0-121.20
                                 0-122.20  0-122.31  0-122.44  0-123.31  0-123.44  0-130.12@  0-132.20  0-133.17  0-133.28  0-134.31
                                 0-134.44  0-135.31  0-135.44  0-135.57  0-153.12@  0-155.20  0-156.20  0-164.23  0-164.37  0-164.49
                                 0-164.60  0-165.24  0-165.40  0-166.25  0-166.38  0-168.21  0-168.33  0-168.43  0-168.52  0-169.21
                                 0-169.35  0-169.47  0-170.21  0-171.21  0-171.33  0-171.43  0-171.52  0-172.21  0-172.35  0-172.47
                                 0-173.22  0-174.28  0-174.40  0-176.27  0-178.21  0-181.24  0-181.35  0-193.22  0-201.22
 
jam                              Parameter, Integer(4)
                                 2-6.27$  4-3.15  4-3.27  4-3.39  4-3.51  4-3.63
 
jdim1                            Parameter, Integer(4)
                                 1-15.17$
 
jdim2                            Parameter, Integer(4)
                                 1-15.29$
 
jend                             Common member, Integer(4), Offset: 12, Alignment: full word
                                 8-6.36$  8-9.45$  0-81.19  0-89.17  0-100.19  0-119.21
 
jend_2u                          Common member, Integer(4), Offset: 8236, Alignment: full word
                                 8-8.24$  0-60.26  0-61.30  8-12.33$  0-60.26  0-61.30  0-76.33
 
jend_m                           Common member, Integer(4), Offset: 20, Alignment: full word
                                 8-7.32$  8-9.59$  0-111.19
 
jend_m2                          Common member, Integer(4), Offset: 28, Alignment: full word
                                 8-7.40$  8-10.33$  0-130.22  0-153.22
 
jgstl                            Parameter, Integer(4)
                                 1-10.17$  1-15.23
 
jgstr                            Parameter, Integer(4)
                                 1-10.26$  1-15.44
 
jm                               Parameter, Integer(4)
                                 1-3.24$  0-59.22  0-59.36  0-59.47  1-12.23  1-12.34  1-15.35  2-4.24  2-6.22  2-6.36  2-9.17
                                 4-5.18  4-5.32  5-13.18  5-13.32  5-13.46  5-13.60  5-14.18  5-14.32  5-14.46  5-14.60  5-15.18
                                 5-15.32  5-15.46  5-15.60  5-16.18  5-16.32  5-16.46  5-16.60  5-17.18  5-17.32  5-17.46  5-17.60
                                 7-3.12  7-3.20  7-3.28  7-3.36
 
jm2                              Parameter, Integer(4)
                                 2-6.18$
 
jmt                              Parameter, Integer(4)
                                 2-4.20$
 
jnpes                            Parameter, Integer(4)
                                 1-6.25$  1-12.27  1-12.37  1-15.38
 
jra                              Common member, Integer(4) (1:272), Offset: 4352, Alignment: quadruple word
                                 4-3.56$
 
jsta                             Common member, Integer(4), Offset: 8, Alignment: double word
                                 8-6.30$  8-9.39$  0-81.14  0-89.12  0-100.14  0-111.14
 
jsta_2l                          Common member, Integer(4), Offset: 8232, Alignment: double word
                                 8-8.15$  0-60.18  0-61.22  8-12.24$  0-60.18  0-61.22  0-76.25  0-107.27
 
jsta_m                           Common member, Integer(4), Offset: 16, Alignment: quadruple word
                                 8-7.15$  8-9.51$  0-119.14
 
jsta_m2                          Common member, Integer(4), Offset: 24, Alignment: double word
                                 8-7.23$  8-10.24$  0-130.14  0-153.14
 
jtail                            Parameter, Integer(4)
                                 1-12.17$
 
jtb                              Parameter, Integer(4)
                                 3-1.26$  5-10.15  5-10.27  5-19.19  5-19.31
 
jtbq                             Parameter, Integer(4)
                                 3-1.43$  5-19.46
 
kmnt                             Allocatable, Use associated, Controlled, Real(4) (:, :), Offset: 0, Alignment: full word
                                 0-47.11$
 
kmntm                            Allocatable, Use associated, Controlled, Real(4) (:), Offset: 0, Alignment: full word
                                 0-47.11$
 
ksav                             Parameter, Integer(4)
                                 2-14.23$
 
ksb                              Common member, Integer(4), Offset: 8, Alignment: double word
                                 6-2.37$
 
ksfi                             Parameter, Integer(4)
                                 2-13.33$
 
ksli                             Parameter, Integer(4)
                                 2-14.30$
 
kslp                             Parameter, Integer(4)
                                 2-14.37$
 
kslpd                            Parameter, Integer(4)
                                 2-13.17$
 
ksmud                            Parameter, Integer(4)
                                 2-13.9$
 
ksrh                             Parameter, Integer(4)
                                 2-14.16$
 
ksslp                            Parameter, Integer(4)
                                 2-13.25$
 
kst                              Parameter, Integer(4)
                                 2-13.40$
 
ksuv                             Parameter, Integer(4)
                                 2-14.9$
 
ktm                              Common member, Integer(4), Offset: 0, Alignment: quadruple word
                                 5-3.8$
 
l                                Static, Integer(4), Offset: 0, Alignment: full word
                                 0-80.10@  0-83.22  0-99.10@  0-102.35  0-102.54  0-103.19  0-103.29  0-103.47  0-107.35  0-114.35
                                 0-114.46  0-115.32  0-115.46  0-122.35  0-122.46  0-123.35  0-123.46  0-133.19  0-133.30  0-149.10@
                                 0-164.27  0-164.39  0-164.51  0-164.64  0-165.28  0-165.42  0-166.27  0-166.42  0-168.25  0-168.35
                                 0-168.45  0-168.56  0-169.25  0-169.37  0-169.49  0-170.25  0-171.25  0-171.35  0-171.45  0-171.56
                                 0-172.25  0-172.37  0-172.49  0-173.26  0-174.30  0-174.42  0-176.29  0-178.23  0-181.26  0-181.37
                                 0-193.24  0-201.24
 
lb                               Parameter, Integer(4)
                                 2-9.9$
 
lheat                            Parameter, Integer(4)
                                 2-40.21$  2-40.40
 
lhtocp                           Parameter, Integer(4)
                                 2-40.33$
 
list                             Common member, Integer(4), Offset: 40, Alignment: double word
                                 8-3.55$
 
lm                               Parameter, Integer(4)
                                 1-3.31$  0-60.34  0-60.34  0-61.38  0-61.38  0-76.41  0-80.16  0-99.12  2-8.13  2-8.22  2-19.29
                                 5-7.13  5-7.22  5-8.13  5-8.23  5-9.13  5-9.23
 
lm1                              Parameter, Integer(4)
                                 2-8.9$  0-149.16
 
lmh                              Common member, Integer(4) (1:89, 1:143), Offset: 5440, Alignment: quadruple word
                                 4-5.8$
 
lmv                              Common member, Integer(4) (1:89, 1:143), Offset: 56348, Alignment: full word
                                 4-5.22$
 
loops                            Common Block, Alignment: double word
                                 4-2.43$
 
lp1                              Parameter, Integer(4)
                                 2-8.18$  5-7.32
 
lsm                              Parameter, Integer(4)
                                 1-3.37$
 
masks                            Use associated, Nonintrinsic Module
                                 0-49.11$  0-49.11
 
me                               Common member, Integer(4), Offset: 4, Alignment: full word
                                 8-6.26$  8-9.35$
 
mpi_comm_comp                    Common member, Integer(4), Offset: 8248, Alignment: double word
                                 8-13.24$
 
mpi_comm_inter                   Common member, Integer(4), Offset: 8244, Alignment: full word
                                 8-12.55$
 
mxsnal                           Common member, Integer(4) (1:89, 1:143), Offset: 4668, Alignment: full word
                                 5-13.8$
 
nbc                              Common member, Integer(4), Offset: 36, Alignment: full word
                                 8-3.51$
 
nboco                            Common member, Integer(4), Offset: 72, Alignment: double word
                                 8-4.41$
 
ncp                              Common member, Integer(4), Offset: 80, Alignment: quadruple word
                                 8-4.53$
 
nddamp                           Common member, Integer(4), Offset: 60, Alignment: full word
                                 8-4.22$
 
nfcst                            Common member, Integer(4), Offset: 32, Alignment: quadruple word
                                 8-3.45$
 
ninc                             Parameter, Integer(4)
                                 2-7.9$
 
nphs                             Common member, Integer(4), Offset: 84, Alignment: full word
                                 8-5.8$
 
nprec                            Common member, Integer(4), Offset: 64, Alignment: quadruple word
                                 8-4.29$
 
nradl                            Common member, Integer(4), Offset: 92, Alignment: full word
                                 8-5.19$
 
nrads                            Common member, Integer(4), Offset: 88, Alignment: double word
                                 8-5.13$
 
nshde                            Common member, Integer(4), Offset: 76, Alignment: full word
                                 8-4.47$
 
nstat                            Parameter, Integer(4)
                                 2-19.9$
 
nsumd                            Parameter, Integer(4)
                                 2-15.33$
 
ntsd                             Common member, Integer(4), Offset: 52, Alignment: full word
                                 8-4.11$
 
ntstm                            Common member, Integer(4), Offset: 56, Alignment: double word
                                 8-4.16$
 
num_procs                        Common member, Integer(4), Offset: 0, Alignment: quadruple word
                                 8-6.15$  8-9.24$
 
num_servers                      Common member, Integer(4), Offset: 8240, Alignment: quadruple word
                                 8-12.42$
 
nword                            Parameter, Integer(4)
                                 2-19.19$  2-19.41  2-19.56
 
nword3                           Parameter, Integer(4)
                                 2-19.34$
 
nword6                           Parameter, Integer(4)
                                 2-19.49$
 
oldrd                            Use associated, Static, Logical(4), Offset: 0, Alignment: quadruple word
                                 0-47.11$
 
oneps                            Parameter, Real(4)
                                 2-39.43$
 
options                          Common Block, Alignment: double word
                                 6-2.15$
 
overrc                           Parameter, Real(4)
                                 2-33.9$  2-33.26  2-33.42
 
p1000                            Parameter, Real(4)
                                 2-35.23$
 
parallel                         Common Block, Alignment: double word
                                 8-9.15$
 
pd                               Allocatable, Use associated, Controlled, Real(4) (:, :), Offset: 0, Alignment: full word
                                 0-46.11$
 
pdsl                             Allocatable, Use associated, Controlled, Real(4) (:, :), Offset: 0, Alignment: full word
                                 0-47.11$  0-102.38
 
pdtop                            Common member, Real(4), Offset: 1768, Alignment: double word
                                 5-9.27$  0-102.23
 
pdvp1                            Allocatable, Use associated, Controlled, Real(4) (:, :), Offset: 0, Alignment: full word
                                 0-47.11$
 
pfsl                             Allocatable, Use associated, Controlled, Real(4) (:, :), Offset: 0, Alignment: full word
                                 0-47.11$
 
phys                             Common Block, Alignment: double word
                                 5-2.43$
 
pint                             Allocatable, Use associated, Controlled, Real(4) (:, :, :), Offset: 0, Alignment: full word
                                 0-47.11$
 
pl                               Common member, Real(4), Offset: 48, Alignment: quadruple word
                                 5-5.8$
 
plq                              Common member, Real(4), Offset: 72, Alignment: double word
                                 5-6.8$
 
pq0                              Parameter, Real(4)
                                 2-41.9$
 
prec                             Allocatable, Use associated, Controlled, Real(4) (:, :), Offset: 0, Alignment: full word
                                 0-48.11$
 
pslp                             Allocatable, Use associated, Controlled, Real(4) (:, :), Offset: 0, Alignment: full word
                                 0-47.11$
 
pt                               Common member, Real(4), Offset: 4, Alignment: full word
                                 5-3.12$  0-102.57
 
ptbl                             Common member, Real(4) (1:76, 1:134), Offset: 1022828, Alignment: full word
                                 5-19.8$
 
ptsl                             Allocatable, Use associated, Controlled, Real(4) (:, :), Offset: 0, Alignment: full word
                                 0-47.11$
 
pvrbls                           Use associated, Nonintrinsic Module
                                 0-48.11$  0-48.11
 
q                                Allocatable, Use associated, Controlled, Real(4) (:, :, :), Offset: 0, Alignment: full word
                                 0-46.11$  0-103.23
 
q2                               Allocatable, Use associated, Controlled, Real(4) (:, :, :), Offset: 0, Alignment: full word
                                 0-48.11$  0-176.22
 
q2kl                             Static, Real(4), Offset: 0, Alignment: full word
                                 0-176.11@  0-177.22
 
qroot                            Static, Real(4), Offset: 0, Alignment: full word
                                 0-177.11@
 
qs                               Allocatable, Use associated, Controlled, Real(4) (:, :), Offset: 0, Alignment: full word
                                 0-48.11$
 
qs0                              Common member, Real(4) (1:134), Offset: 1772, Alignment: full word
                                 5-10.8$
 
qsl                              Allocatable, Use associated, Controlled, Real(4) (:, :), Offset: 0, Alignment: full word
                                 0-47.11$
 
qwbs                             Allocatable, Use associated, Controlled, Real(4) (:, :), Offset: 0, Alignment: full word
                                 0-48.11$
 
qz0                              Allocatable, Use associated, Controlled, Real(4) (:, :), Offset: 0, Alignment: full word
                                 0-48.11$
 
radin                            Common member, Real(4) (1:89, 1:143), Offset: 106484, Alignment: full word
                                 5-13.36$
 
radot                            Common member, Real(4) (1:89, 1:143), Offset: 157392, Alignment: quadruple word
                                 5-13.50$
 
rcapa                            Parameter, Real(4)
                                 2-35.9$
 
rd                               Parameter, Real(4)
                                 2-32.15$  2-32.29  2-36.29  2-36.51  2-40.15
 
rdocp                            Parameter, Real(4)
                                 2-40.9$
 
rdp                              Common member, Real(4), Offset: 64, Alignment: quadruple word
                                 5-5.24$
 
rdpq                             Common member, Real(4), Offset: 76, Alignment: full word
                                 5-6.12$
 
rdq                              Common member, Real(4), Offset: 56, Alignment: double word
                                 5-5.15$
 
rdth                             Common member, Real(4), Offset: 60, Alignment: full word
                                 5-5.19$
 
rdthe                            Common member, Real(4), Offset: 68, Alignment: full word
                                 5-5.28$
 
rdtheq                           Common member, Real(4), Offset: 80, Alignment: quadruple word
                                 5-6.17$
 
rdzkl                            Static, Real(4), Offset: 0, Alignment: full word
                                 0-175.11@  0-184.20  0-184.36  0-199.34
 
res                              Allocatable, Use associated, Controlled, Real(4) (:, :), Offset: 0, Alignment: full word
                                 0-46.11$
 
restrt                           Common member, Real(4), Offset: 28, Alignment: full word
                                 8-3.38$
 
rf                               Allocatable, Use associated, Controlled, Real(4) (:, :), Offset: 0, Alignment: full word
                                 0-48.11$
 
rg                               Parameter, Real(4)
                                 2-36.32$  0-91.18
 
ri                               Static, Real(4), Offset: 0, Alignment: full word
                                 0-200.13@  0-201.27
 
richno                           Reference argument, Real(4) (1:89, ?:?, 1:60), Offset: 0, Alignment: full word
                                 0-61.12$  0-1.28  0-83.11@  0-193.13@  0-201.13@
 
rog                              Parameter, Real(4)
                                 2-32.25$
 
roi                              Common member, Real(4), Offset: 36, Alignment: full word
                                 5-4.18$
 
ros                              Common member, Real(4), Offset: 24, Alignment: double word
                                 5-4.8$
 
rtd                              Parameter, Real(4)
                                 2-34.25$
 
run                              Common member, Real(4), Offset: 4, Alignment: full word
                                 8-3.14$
 
satdel                           Common member, Real(4), Offset: 20, Alignment: full word
                                 6-2.53$
 
sgml1                            Common member, Real(4) (1:60), Offset: 1048, Alignment: double word
                                 5-8.17$  0-102.29
 
sgml2                            Common member, Real(4) (1:60), Offset: 1528, Alignment: double word
                                 5-9.17$  0-102.48
 
si                               Allocatable, Use associated, Controlled, Real(4) (:, :), Offset: 0, Alignment: full word
                                 0-48.11$
 
sice                             Allocatable, Use associated, Controlled, Real(4) (:, :), Offset: 0, Alignment: full word
                                 0-49.11$
 
sigma                            Common member, Real(4), Offset: 0, Alignment: quadruple word
                                 8-3.8$
 
sigt4                            Common member, Real(4) (1:89, 1:143), Offset: 971920, Alignment: quadruple word
                                 5-17.50$
 
slp                              Allocatable, Use associated, Controlled, Real(4) (:, :), Offset: 0, Alignment: full word
                                 0-47.11$
 
sm                               Allocatable, Use associated, Controlled, Real(4) (:, :), Offset: 0, Alignment: full word
                                 0-49.11$
 
smtha                            Parameter, Real(4)
                                 2-15.9$
 
smthb                            Parameter, Real(4)
                                 2-15.23$
 
sno                              Allocatable, Use associated, Controlled, Real(4) (:, :), Offset: 0, Alignment: full word
                                 0-48.11$
 
spval                            Common member, Real(4), Offset: 0, Alignment: quadruple word
                                 6-2.24$  0-83.25  0-193.27
 
sqrt                             Pure Intrinsic
                                 0-177.17
 
sqs                              Common member, Real(4) (1:134), Offset: 2308, Alignment: full word
                                 5-10.20$
 
sst                              Common member, Real(4) (1:89, 1:143), Offset: 717380, Alignment: full word
                                 5-16.36$
 
stdrd                            Use associated, Static, Logical(4), Offset: 4, Alignment: full word
                                 0-47.11$
 
sthe                             Common member, Real(4) (1:76), Offset: 3148, Alignment: full word
                                 5-10.44$
 
stheq                            Common member, Real(4) (1:152), Offset: 4060, Alignment: full word
                                 5-11.44$
 
swnet                            Common member, Real(4) (1:89, 1:143), Offset: 361024, Alignment: quadruple word
                                 5-14.51$
 
t                                Allocatable, Use associated, Controlled, Real(4) (:, :, :), Offset: 0, Alignment: full word
                                 0-46.11$  0-103.41
 
t500                             Allocatable, Use associated, Controlled, Real(4) (:, :), Offset: 0, Alignment: full word
                                 0-47.11$
 
tdtd                             Common member, Real(4), Offset: 20, Alignment: full word
                                 5-3.30$
 
tdtq2                            Common member, Real(4), Offset: 12, Alignment: full word
                                 5-3.20$
 
tfrz                             Parameter, Real(4)
                                 2-39.56$
 
tg                               Common member, Real(4) (1:89, 1:143), Offset: 615564, Alignment: full word
                                 5-16.8$
 
the0                             Common member, Real(4) (1:76), Offset: 2844, Alignment: full word
                                 5-10.32$
 
the0q                            Common member, Real(4) (1:152), Offset: 3452, Alignment: full word
                                 5-11.32$
 
thl                              Common member, Real(4), Offset: 52, Alignment: full word
                                 5-5.11$
 
ths                              Allocatable, Use associated, Controlled, Real(4) (:, :), Offset: 0, Alignment: full word
                                 0-48.11$
 
thv                              Allocatable, Controlled, Real(4) (:, :, :), Offset: 0, Alignment: full word
                                 0-62.28$  0-76.18  0-103.11@  0-107.21  0-114.24  0-114.38  0-122.24  0-122.38  0-133.11@  0-133.22
                                 0-181.18  0-181.29  0-209.19
 
thz0                             Allocatable, Use associated, Controlled, Real(4) (:, :), Offset: 0, Alignment: full word
                                 0-48.11$
 
tsl                              Allocatable, Use associated, Controlled, Real(4) (:, :), Offset: 0, Alignment: full word
                                 0-47.11$
 
ttbl                             Common member, Real(4) (1:134, 1:76), Offset: 1063564, Alignment: full word
                                 5-19.24$
 
ttblq                            Common member, Real(4) (1:440, 1:152), Offset: 1104300, Alignment: full word
                                 5-19.40$
 
ttv                              Allocatable, Use associated, Controlled, Real(4) (:, :), Offset: 0, Alignment: full word
                                 0-47.11$
 
twbs                             Allocatable, Use associated, Controlled, Real(4) (:, :), Offset: 0, Alignment: full word
                                 0-48.11$
 
u                                Allocatable, Use associated, Controlled, Real(4) (:, :, :), Offset: 0, Alignment: full word
                                 0-46.11$  0-168.17  0-168.28  0-168.38  0-168.48  0-169.17  0-169.30  0-169.42  0-170.17
 
uhkl                             Static, Real(4), Offset: 0, Alignment: full word
                                 0-168.11@  0-182.17
 
ulkl                             Static, Real(4), Offset: 0, Alignment: full word
                                 0-169.11@  0-182.22
 
uz0                              Allocatable, Use associated, Controlled, Real(4) (:, :), Offset: 0, Alignment: full word
                                 0-48.11$
 
v                                Allocatable, Use associated, Controlled, Real(4) (:, :, :), Offset: 0, Alignment: full word
                                 0-46.11$  0-171.17  0-171.28  0-171.38  0-171.48  0-172.17  0-172.30  0-172.42  0-173.18
 
vbm2                             Allocatable, Use associated, Controlled, Real(4) (:, :), Offset: 0, Alignment: full word
                                 0-49.11$
 
vbm3                             Allocatable, Use associated, Controlled, Real(4) (:, :), Offset: 0, Alignment: full word
                                 0-49.11$
 
vhkl                             Static, Real(4), Offset: 0, Alignment: full word
                                 0-171.11@  0-183.17
 
vlkl                             Static, Real(4), Offset: 0, Alignment: full word
                                 0-172.11@  0-183.22
 
vrbls                            Use associated, Nonintrinsic Module
                                 0-46.11$  0-46.11
 
vtm                              Allocatable, Use associated, Controlled, Real(4) (:, :, :), Offset: 0, Alignment: full word
                                 0-49.11$  0-164.17  0-164.30  0-164.42  0-164.54  0-165.18  0-165.33  0-166.18  0-166.32
 
vz0                              Allocatable, Use associated, Controlled, Real(4) (:, :), Offset: 0, Alignment: full word
                                 0-48.11$
 
w                                Allocatable, Use associated, Controlled, Real(4) (:, :, :), Offset: 0, Alignment: full word
                                 0-46.11$
 
wndsl                            Static, Real(4), Offset: 0, Alignment: full word
                                 0-164.11@  0-167.14  0-168.60  0-171.60
 
wndslp                           Static, Real(4), Offset: 0, Alignment: full word
                                 0-165.11@  0-167.29  0-170.31  0-173.32
 
z0                               Allocatable, Use associated, Controlled, Real(4) (:, :), Offset: 0, Alignment: full word
                                 0-48.11$
 
z1000                            Allocatable, Use associated, Controlled, Real(4) (:, :), Offset: 0, Alignment: full word
                                 0-47.11$
 
zint                             Allocatable, Use associated, Controlled, Real(4) (:, :, :), Offset: 0, Alignment: full word
                                 0-47.11$  0-174.21  0-174.33
 
** calrch   === End of Compilation 1 ===
 
>>>>> COMPILATION UNIT EPILOGUE SECTION <<<<<
 
FORTRAN Summary of Diagnosed Conditions
 
TOTAL   UNRECOVERABLE  SEVERE       ERROR     WARNING    INFORMATIONAL
               (U)       (S)         (E)        (W)          (I)
    0           0         0           0          0            0
 
>>>>> OPTIONS SECTION <<<<<
***   Options In Effect   ***
  
         ==  On / Off Options  ==
         CR              DBG             ESCAPE          FULLPATH
         I4              INLGLUE         NOLIBESSL       NOLIBPOSIX
         OBJECT          SOURCE          STRICT          SWAPOMP
         THREADED        UNWIND          NOZEROSIZE
  
         ==  Options Of Integer Type ==
         ALIAS_SIZE(65536)     FIXED(72)             MAXMEM(-1)
         OPTIMIZE(2)           SPILLSIZE(2000)       STACKTEMP(0)
  
  
         ==  Options Of Character Type  ==
         64(LARGETYPE)         ALIAS(STD,INTPTR)     ALIGN(BINDC(POWER),STRUCT(NATURAL))
         ARCH(PWR6)            ATTR(FULL)            AUTODBL(NONE)
         DESCRIPTOR(V1)        DIRECTIVE(IBM*,IBMT)  ENUM()
         FLAG(I,I)             FLOAT(RNDSNGL,MAF,FOLD,RNGCHK,SINGLE)
         HALT(S)               IEEE(NEAR)            INTSIZE(4)
         LANGLVL(EXTENDED)     POSITION(APPENDOLD)   REALSIZE(4)
         SAVE(ALL)             TUNE(PWR6)            UNROLL(AUTO)
         XREF(FULL)            XLF2003(NOPOLYMORPHIC,NOBOZLITARGS,NOSTOPEXCEPT,NOVOLATILE,NOAUTOREALLOC,OLDNANINF)
         XLF77(NOLEADZERO,GEDIT77,NOBLANKPAD,OLDBOZ,INTARG,INTXOR,PERSISTENT,SOFTEOF)
         XLF90(NOSIGNEDZERO,NOAUTODEALLOC,OLDPAD)
  
>>>>> SOURCE SECTION <<<<<
        214 |
 
>>>>> FILE TABLE SECTION <<<<<
 
 
                                       FILE CREATION        FROM
FILE NO   FILENAME                    DATE       TIME       FILE    LINE
     0    CALRCH.f                    12/18/08   11:40:50
     1    /gpfs/c/nco/ops/nwprod/sorc/hiresw_post_hls.fd/parmeta
                                      12/18/08   11:40:52      0      53
     2    /gpfs/c/nco/ops/nwprod/sorc/hiresw_post_hls.fd/params
                                      12/18/08   11:40:52      0      54
     3    /gpfs/c/nco/ops/nwprod/sorc/hiresw_post_hls.fd/parm.tbl
                                      12/18/08   11:40:52      0      55
     4    /gpfs/c/nco/ops/nwprod/sorc/hiresw_post_hls.fd/LOOPS.comm
                                      12/18/08   11:40:51      0      66
     5    /gpfs/c/nco/ops/nwprod/sorc/hiresw_post_hls.fd/PHYS.comm
                                      12/18/08   11:40:51      0      67
     6    /gpfs/c/nco/ops/nwprod/sorc/hiresw_post_hls.fd/OPTIONS.comm
                                      12/18/08   11:40:51      0      68
     7    /gpfs/c/nco/ops/nwprod/sorc/hiresw_post_hls.fd/INDX.comm
                                      12/18/08   11:40:51      0      69
     8    /gpfs/c/nco/ops/nwprod/sorc/hiresw_post_hls.fd/CTLBLK.comm
                                      12/18/08   11:40:50      0      70
 
 
>>>>> COMPILATION EPILOGUE SECTION <<<<<
 
 
FORTRAN Summary of Diagnosed Conditions
 
TOTAL   UNRECOVERABLE  SEVERE       ERROR     WARNING    INFORMATIONAL
               (U)       (S)         (E)        (W)          (I)
    0           0         0           0          0            0
 
 
    Source records read.......................................     319
1501-510  Compilation successful for file CALRCH.f.
1501-543  Object file created.
