IBM XL Fortran for AIX, V12.1 (5724-U82) Version 12.01.0000.0001 --- /gpfs/c/nco/ops/nwprod/sorc/hiresw_post_hls.fd/CALRH2.f 12/22/08 15:45:44
 
>>>>> OPTIONS SECTION <<<<<
***   Options In Effect   ***
  
         ==  On / Off Options  ==
         CR              DBG             ESCAPE          FULLPATH
         I4              INLGLUE         NOLIBESSL       NOLIBPOSIX
         OBJECT          SOURCE          STRICT          SWAPOMP
         THREADED        UNWIND          NOZEROSIZE
  
         ==  Options Of Integer Type ==
         ALIAS_SIZE(65536)     FIXED(72)             MAXMEM(-1)
         OPTIMIZE(2)           SPILLSIZE(2000)       STACKTEMP(0)
  
  
         ==  Options Of Character Type  ==
         64(LARGETYPE)         ALIAS(STD,INTPTR)     ALIGN(BINDC(POWER),STRUCT(NATURAL))
         ARCH(PWR6)            ATTR(FULL)            AUTODBL(NONE)
         DESCRIPTOR(V1)        DIRECTIVE(IBM*,IBMT)  ENUM()
         FLAG(I,I)             FLOAT(RNDSNGL,MAF,FOLD,RNGCHK,SINGLE)
         HALT(S)               IEEE(NEAR)            INTSIZE(4)
         LANGLVL(EXTENDED)     POSITION(APPENDOLD)   REALSIZE(4)
         SAVE(ALL)             TUNE(PWR6)            UNROLL(AUTO)
         XREF(FULL)            XLF2003(NOPOLYMORPHIC,NOBOZLITARGS,NOSTOPEXCEPT,NOVOLATILE,NOAUTOREALLOC,OLDNANINF)
         XLF77(NOLEADZERO,GEDIT77,NOBLANKPAD,OLDBOZ,INTARG,INTXOR,PERSISTENT,SOFTEOF)
         XLF90(NOSIGNEDZERO,NOAUTODEALLOC,OLDPAD)
  
>>>>> SOURCE SECTION <<<<<
          1 |      SUBROUTINE CALRH2(P1,T1,Q1,ICE1,RH,IM,JM)
          2 |C$$$  SUBPROGRAM DOCUMENTATION BLOCK
          3 |C                .      .    .
          4 |C SUBPROGRAM:    CALRH2      COMPUTES RELATIVE HUMIDITY
          5 |C   PRGRMMR: TREADON         ORG: W/NP2      DATE: 92-12-22
          6 |C
          7 |C ABSTRACT:
          8 |C     THIS ROUTINE COMPUTES RELATIVE HUMIDITY GIVEN PRESSURE,
          9 |C     TEMPERATURE, SPECIFIC HUMIDITY, CLOUD WATER, AND CLOUD
         10 |C     ICE/WATER FLAG.  THE CODE IS BASED ON SUBROUTINE GSCOND
         11 |C     IN THE ETA MODEL.  AN UPPER AND LOWER BOUND
         12 |C     OF 100 AND 1 PERCENT RELATIVE HUMIDITY IS ENFORCED.  WHEN
         13 |C     THESE BOUNDS ARE APPLIED THE PASSED SPECIFIC HUMIDITY
         14 |C     ARRAY IS ADJUSTED AS NECESSARY TO PRODUCE THE SET RELATIVE
         15 |C     HUMIDITY.
         16 |C   .
         17 |C
         18 |C PROGRAM HISTORY LOG:
         19 |C   ??-??-??  DENNIS DEAVEN
         20 |C   92-12-22  RUSS TREADON - MODIFIED AS DESCRIBED ABOVE.
         21 |C   98-06-08  T BLACK      - CONVERSION FROM 1-D TO 2-D
         22 |C   98-08-18  MIKE BALDWIN - MODIFY TO COMPUTE RH OVER ICE AS IN MODEL
         23 |C   98-12-16  GEOFF MANIKIN - UNDO RH COMPUTATION OVER ICE
         24 |C   00-01-04  JIM TUCCILLO - MPI VERSION
         25 |C
         26 |C USAGE:    CALL CALRH2(P1,T1,Q1,ICE1,RH,IM,JM)
         27 |C   INPUT ARGUMENT LIST:
         28 |C     P1     - PRESSURE (PA)
         29 |C     T1     - TEMPERATURE (K)
         30 |C     Q1     - SPECIFIC HUMIDITY (KG/KG)
         31 |C     ICE1   - CLOUD ICE (KG/KG)
         32 |C     IM,JM  - ARRAY DIMENSIONS
         33 |C
         34 |C   OUTPUT ARGUMENT LIST:
         35 |C     RH     - RELATIVE HUMIDITY  (DECIMAL FORM)
         36 |C     Q1     - ADJUSTED SPECIFIC HUMIDITY (KG/KG)
         37 |C
         38 |C   OUTPUT FILES:
         39 |C     NONE
         40 |C
         41 |C   SUBPROGRAMS CALLED:
         42 |C     UTILITIES:
         43 |C     LIBRARY:
         44 |C       NONE
         45 |C
         46 |C   ATTRIBUTES:
         47 |C     LANGUAGE: FORTRAN
         48 |C     MACHINE : CRAY C-90
         49 |C$$$
         50 |C
         51 |      INCLUDE "CTLBLK.comm"
  1       1 |C-----------------------------------------------------------------------
  1       2 |      COMMON /CTLBLK/
  1       3 |     & SIGMA,RUN,IDAT(3),IHRST,FIRST,RESTRT,NFCST,NBC,LIST,IOUT
  1       4 |     &,DT,NTSD,NTSTM,NDDAMP,NPREC,IDTAD,NBOCO,NSHDE,NCP
  1       5 |     &,NPHS,NRADS,NRADL
  1       6 |      INTEGER NUM_PROCS, ME, JSTA, JEND,
  1       7 |     &        JSTA_M, JSTA_M2, JEND_M, JEND_M2, IUP, IDN, ICNT, IDSP,
  1       8 |     &        JSTA_2L, JEND_2U
  1       9 |      COMMON /PARALLEL/NUM_PROCS, ME, JSTA, JEND, JSTA_M, JEND_M,
  1      10 |     &                 JSTA_M2, JEND_M2, IUP, IDN,
  1      11 |     &                 ICNT(0:1023), IDSP(0:1023),
  1      12 |     &                 JSTA_2L, JEND_2U, NUM_SERVERS, MPI_COMM_INTER,
  1      13 |     &                 MPI_COMM_COMP
  1      14 |C-----------------------------------------------------------------------
         52 |C
         53 |C     SET PARAMETER.
         54 |C
         55 |      PARAMETER (A2=17.2693882,A3=273.16,A4=35.86,
         56 |     &  PQ0=379.90516)
         57 |C
         58 |C     DECLARE VARIABLES.
         59 |C
         60 |C      REAL QI,QINT,QC,P1(IM,JM),T1(IM,JM),Q1(IM,JM),RH(IM,JM)
         61 |      REAL QC,P1(IM,JM),T1(IM,JM),Q1(IM,JM),RH(IM,JM)
         62 |C      REAL ICE1(IM,JM)
         63 |C***************************************************************
         64 |C**  THE CODE WRITTEN TO ADD IN THE ICE COMPUTATION HAS BEEN
         65 |C**     COMMENTED OUT.   SIMPLY UNCOMMENT THE SECTIONS BELOW AND
         66 |C**     COMMENT OUT THE 8 LINES USED 17 LINES BELOW THIS ONE
         67 |C**     IF YOU WISH TO ADD THE ICE COMPUTATION BACK.
         68 |C
         69 |C     START CALRH2.
         70 |C
         71 |C      DO J=JSTA,JEND
         72 |C        DO I=1,IM
         73 |C        IF (ABS(P1(I,J)).GT.1) THEN
         74 |C           TMT0=T1(I,J)-273.16
         75 |C           TMT15=AMIN1(TMT0,-15.)
         76 |C           AI=0.008855
         77 |C           BI=1.
         78 |C           IF(TMT0.LT.-20.)THEN
         79 |C             AI=0.007225
         80 |C             BI=0.9674
         81 |C           ENDIF
         82 |C           QW=PQ0/P1(I,J)
         83 |C     1          *EXP(A2*(T1(I,J)-A3)/(T1(I,J)-A4))
         84 |C           QI=QW*(BI+AI*AMIN1(TMT0,0.))
         85 |C           QINT=QW*(1.-0.00032*TMT15*(TMT15+15.))
         86 |C
         87 |      DO J=JSTA,JEND
         88 |        DO I=1,IM
         89 |        IF (ABS(P1(I,J)).GT.1) THEN
         90 |           QC=PQ0/P1(I,J)
         91 |     1          *EXP(A2*(T1(I,J)-A3)/(T1(I,J)-A4))
         92 |C
         93 |C
         94 |           RH(I,J)=Q1(I,J)/QC
         95 |
         96 |C   IF TEMP IS BELOW -15 C OR IF THERE IS ANY CLOUD ICE
         97 |C   AND TEMP IS BETWEEN -15 AND 0 C, THEN DO RH OVER ICE
         98 |C
         99 |C           IF(TMT0.LT.-15.)THEN
        100 |C               QC=QI
        101 |C           ELSEIF(TMT0.GE.0.)THEN
        102 |C               QC=QINT
        103 |C           ELSE
        104 |C             IF(ICE1(I,J).GT.0.0) THEN
        105 |C               QC=QI
        106 |C             ELSE
        107 |C               QC=QINT
        108 |C             ENDIF
        109 |C           ENDIF
        110 |C
        111 |C           RH(I,J)=Q1(I,J)/QC
        112 |C
        113 |C   BOUNDS CHECK
        114 |C
        115 |           IF (RH(I,J).GT.1.0) THEN
        116 |            RH(I,J)=1.0
        117 |            Q1(I,J)=RH(I,J)*QC
        118 |           ENDIF
        119 |           IF (RH(I,J).LT.0.01) THEN
        120 |            RH(I,J)=0.01
        121 |            Q1(I,J)=RH(I,J)*QC
        122 |           ENDIF
        123 |C
        124 |        ENDIF
        125 |        ENDDO
        126 |      ENDDO
        127 |
        128 |      RETURN
        129 |      END
 
>>>>> ATTRIBUTE AND CROSS REFERENCE SECTION <<<<<
 
 
 
IDENTIFIER NAME                  CROSS REFERENCE AND ATTRIBUTES
 
a2                               Parameter, Real(4)
                                 0-55.18$  0-91.22
 
a3                               Parameter, Real(4)
                                 0-55.32$  0-91.34
 
a4                               Parameter, Real(4)
                                 0-55.42$  0-91.47
 
abs                              Pure Intrinsic
                                 0-89.13
 
calrh2                           Subroutine
                                 0-1.18$
 
ctlblk                           Common Block, Alignment: double word
                                 1-2.15$
 
dt                               Common member, Real(4), Offset: 48, Alignment: quadruple word
                                 1-4.8$
 
exp                              Pure Intrinsic
                                 0-91.18
 
first                            Common member, Real(4), Offset: 24, Alignment: double word
                                 1-3.32$
 
i                                Static, Integer(4), Offset: 0, Alignment: full word
                                 0-88.12@  0-89.20  0-90.22  0-91.29  0-91.42  0-94.15  0-94.23  0-115.19  0-116.16  0-117.16
                                 0-117.24  0-119.19  0-120.16  0-121.16  0-121.24
 
ice1                             Reference argument, Integer(4), Offset: 0, Alignment: full word
                                 0-1.34
 
icnt                             Common member, Integer(4) (0:1023), Offset: 40, Alignment: double word
                                 1-7.59$  1-11.24$
 
idat                             Common member, Integer(4) (1:3), Offset: 8, Alignment: double word
                                 1-3.18$
 
idn                              Common member, Integer(4), Offset: 36, Alignment: full word
                                 1-7.54$  1-10.47$
 
idsp                             Common member, Integer(4) (0:1023), Offset: 4136, Alignment: double word
                                 1-7.65$  1-11.38$
 
idtad                            Common member, Integer(4), Offset: 68, Alignment: full word
                                 1-4.35$
 
ihrst                            Common member, Integer(4), Offset: 20, Alignment: full word
                                 1-3.26$
 
im                               Reference argument, Integer(4), Offset: 0, Alignment: full word
                                 0-1.42  0-61.18  0-61.18  0-61.28  0-61.28  0-61.38  0-61.38  0-61.48  0-61.48  0-88.16
 
iout                             Common member, Integer(4), Offset: 44, Alignment: full word
                                 1-3.60$
 
iup                              Common member, Integer(4), Offset: 32, Alignment: quadruple word
                                 1-7.49$  1-10.42$
 
j                                Static, Integer(4), Offset: 0, Alignment: full word
                                 0-87.10@  0-89.22  0-90.24  0-91.31  0-91.44  0-94.17  0-94.25  0-115.21  0-116.18  0-117.18
                                 0-117.26  0-119.21  0-120.18  0-121.18  0-121.26
 
jend                             Common member, Integer(4), Offset: 12, Alignment: full word
                                 1-6.36$  1-9.45$  0-87.17
 
jend_2u                          Common member, Integer(4), Offset: 8236, Alignment: full word
                                 1-8.24$  1-12.33$
 
jend_m                           Common member, Integer(4), Offset: 20, Alignment: full word
                                 1-7.32$  1-9.59$
 
jend_m2                          Common member, Integer(4), Offset: 28, Alignment: full word
                                 1-7.40$  1-10.33$
 
jm                               Reference argument, Integer(4), Offset: 0, Alignment: full word
                                 0-1.45  0-61.21  0-61.21  0-61.31  0-61.31  0-61.41  0-61.41  0-61.51  0-61.51
 
jsta                             Common member, Integer(4), Offset: 8, Alignment: double word
                                 1-6.30$  1-9.39$  0-87.12
 
jsta_2l                          Common member, Integer(4), Offset: 8232, Alignment: double word
                                 1-8.15$  1-12.24$
 
jsta_m                           Common member, Integer(4), Offset: 16, Alignment: quadruple word
                                 1-7.15$  1-9.51$
 
jsta_m2                          Common member, Integer(4), Offset: 24, Alignment: double word
                                 1-7.23$  1-10.24$
 
list                             Common member, Integer(4), Offset: 40, Alignment: double word
                                 1-3.55$
 
me                               Common member, Integer(4), Offset: 4, Alignment: full word
                                 1-6.26$  1-9.35$
 
mpi_comm_comp                    Common member, Integer(4), Offset: 8248, Alignment: double word
                                 1-13.24$
 
mpi_comm_inter                   Common member, Integer(4), Offset: 8244, Alignment: full word
                                 1-12.55$
 
nbc                              Common member, Integer(4), Offset: 36, Alignment: full word
                                 1-3.51$
 
nboco                            Common member, Integer(4), Offset: 72, Alignment: double word
                                 1-4.41$
 
ncp                              Common member, Integer(4), Offset: 80, Alignment: quadruple word
                                 1-4.53$
 
nddamp                           Common member, Integer(4), Offset: 60, Alignment: full word
                                 1-4.22$
 
nfcst                            Common member, Integer(4), Offset: 32, Alignment: quadruple word
                                 1-3.45$
 
nphs                             Common member, Integer(4), Offset: 84, Alignment: full word
                                 1-5.8$
 
nprec                            Common member, Integer(4), Offset: 64, Alignment: quadruple word
                                 1-4.29$
 
nradl                            Common member, Integer(4), Offset: 92, Alignment: full word
                                 1-5.19$
 
nrads                            Common member, Integer(4), Offset: 88, Alignment: double word
                                 1-5.13$
 
nshde                            Common member, Integer(4), Offset: 76, Alignment: full word
                                 1-4.47$
 
ntsd                             Common member, Integer(4), Offset: 52, Alignment: full word
                                 1-4.11$
 
ntstm                            Common member, Integer(4), Offset: 56, Alignment: double word
                                 1-4.16$
 
num_procs                        Common member, Integer(4), Offset: 0, Alignment: quadruple word
                                 1-6.15$  1-9.24$
 
num_servers                      Common member, Integer(4), Offset: 8240, Alignment: quadruple word
                                 1-12.42$
 
p1                               Reference argument, Real(4) (1:?, 1:?), Offset: 0, Alignment: full word
                                 0-61.15$  0-1.25  0-89.17  0-90.19
 
parallel                         Common Block, Alignment: double word
                                 1-9.15$
 
pq0                              Parameter, Real(4)
                                 0-56.9$  0-90.15
 
q1                               Reference argument, Real(4) (1:?, 1:?), Offset: 0, Alignment: full word
                                 0-61.35$  0-1.31  0-94.20  0-117.13@  0-121.13@
 
qc                               Static, Real(4), Offset: 0, Alignment: full word
                                 0-61.12$  0-90.12@  0-94.28  0-117.29  0-121.29
 
restrt                           Common member, Real(4), Offset: 28, Alignment: full word
                                 1-3.38$
 
rh                               Reference argument, Real(4) (1:?, 1:?), Offset: 0, Alignment: full word
                                 0-61.45$  0-1.39  0-94.12@  0-115.16  0-116.13@  0-117.21  0-119.16  0-120.13@  0-121.21
 
run                              Common member, Real(4), Offset: 4, Alignment: full word
                                 1-3.14$
 
sigma                            Common member, Real(4), Offset: 0, Alignment: quadruple word
                                 1-3.8$
 
t1                               Reference argument, Real(4) (1:?, 1:?), Offset: 0, Alignment: full word
                                 0-61.25$  0-1.28  0-91.26  0-91.39
 
** calrh2   === End of Compilation 1 ===
 
>>>>> FILE TABLE SECTION <<<<<
 
 
                                       FILE CREATION        FROM
FILE NO   FILENAME                    DATE       TIME       FILE    LINE
     0    CALRH2.f                    12/18/08   11:40:50
     1    /gpfs/c/nco/ops/nwprod/sorc/hiresw_post_hls.fd/CTLBLK.comm
                                      12/18/08   11:40:50      0      51
 
 
>>>>> COMPILATION EPILOGUE SECTION <<<<<
 
 
FORTRAN Summary of Diagnosed Conditions
 
TOTAL   UNRECOVERABLE  SEVERE       ERROR     WARNING    INFORMATIONAL
               (U)       (S)         (E)        (W)          (I)
    0           0         0           0          0            0
 
 
    Source records read.......................................     143
1501-510  Compilation successful for file CALRH2.f.
1501-543  Object file created.
