IBM XL Fortran for AIX, V12.1 (5724-U82) Version 12.01.0000.0001 --- /gpfs/c/nco/ops/nwprod/sorc/hiresw_post_hls.fd/CHR2INT.f 12/22/08 15:45:45
 
>>>>> OPTIONS SECTION <<<<<
***   Options In Effect   ***
  
         ==  On / Off Options  ==
         CR              DBG             ESCAPE          FULLPATH
         I4              INLGLUE         NOLIBESSL       NOLIBPOSIX
         OBJECT          SOURCE          STRICT          SWAPOMP
         THREADED        UNWIND          NOZEROSIZE
  
         ==  Options Of Integer Type ==
         ALIAS_SIZE(65536)     FIXED(72)             MAXMEM(-1)
         OPTIMIZE(2)           SPILLSIZE(2000)       STACKTEMP(0)
  
  
         ==  Options Of Character Type  ==
         64(LARGETYPE)         ALIAS(STD,INTPTR)     ALIGN(BINDC(POWER),STRUCT(NATURAL))
         ARCH(PWR6)            ATTR(FULL)            AUTODBL(NONE)
         DESCRIPTOR(V1)        DIRECTIVE(IBM*,IBMT)  ENUM()
         FLAG(I,I)             FLOAT(RNDSNGL,MAF,FOLD,RNGCHK,SINGLE)
         HALT(S)               IEEE(NEAR)            INTSIZE(4)
         LANGLVL(EXTENDED)     POSITION(APPENDOLD)   REALSIZE(4)
         SAVE(ALL)             TUNE(PWR6)            UNROLL(AUTO)
         XREF(FULL)            XLF2003(NOPOLYMORPHIC,NOBOZLITARGS,NOSTOPEXCEPT,NOVOLATILE,NOAUTOREALLOC,OLDNANINF)
         XLF77(NOLEADZERO,GEDIT77,NOBLANKPAD,OLDBOZ,INTARG,INTXOR,PERSISTENT,SOFTEOF)
         XLF90(NOSIGNEDZERO,NOAUTODEALLOC,OLDPAD)
  
>>>>> SOURCE SECTION <<<<<
          1 |      SUBROUTINE CHR2INT(CHR,ILEN,IVAL)
          2 |C$$$  SUBPROGRAM DOCUMENTATION BLOCK
          3 |C                .      .    .
          4 |C SUBPROGRAM:    CHR2INT     CONVERTS CHR STRING TO INTEGER
          5 |C   PRGRMMR: TREADON         ORG: W/NP2      DATE: 92-12-31
          6 |C
          7 |C ABSTRACT:
          8 |C     GIVEN A CHARACTER STRING, CHR, OF LENGTH LEN CONTAINING
          9 |C     INTEGERS OR BLANKS, THIS ROUTINE RETURNS THE INTEGER
         10 |C     VALUE IN IVAL.
         11 |C   .
         12 |C
         13 |C PROGRAM HISTORY LOG:
         14 |C   92-12-31  RUSS TREADON
         15 |C
         16 |C USAGE:    CALL CHR2INT(CHR,ILEN,IVAL)
         17 |C   INPUT ARGUMENT LIST:
         18 |C     CHR      - CHARACTER STRING CONTAINING INTEGERS OR BLANKS.
         19 |C     LEN      - LENGTH OF CHR.
         20 |C
         21 |C   OUTPUT ARGUMENT LIST:
         22 |C     IVAL     - INTEGER EQUIVALENT TO CHR.
         23 |C
         24 |C   OUTPUT FILES:
         25 |C     NONE
         26 |C
         27 |C   SUBPROGRAMS CALLED:
         28 |C     UTILITIES:
         29 |C       NONE
         30 |C     LIBRARY:
         31 |C       NONE
         32 |C
         33 |C   ATTRIBUTES:
         34 |C     LANGUAGE: FORTRAN
         35 |C     MACHINE : CRAY C-90
         36 |C$$$
         37 |C
         38 |C
         39 |C     SET PARAMETER IOFF.  IOFF IS THE ASCII CODE FOR
         40 |C     THE ZERO CHARACTER.  CHARACTERS 48 THROUGH 57
         41 |C     ARE INTEGER 0 THROUGH 9, RESPECTIVELY.
         42 |C
         43 |      PARAMETER (IOFF=48)
         44 |C
         45 |C     DECLARE VARIABLES.
         46 |C
         47 |      CHARACTER*10 CHR
         48 |C
         49 |C
         50 |C***********************************************************************
         51 |C     START CHR2INT HERE.
         52 |C
         53 |C     LOOP OVER LENGTH OF CHARACTER STRING. CONSTRUCT
         54 |C     THE INTEGER EQUIVALENT TO THE INTEGER IN THE
         55 |C     CHARACTER STRING.
         56 |C
         57 |      ISUM = 0
         58 |      DO 10 IPOS = ILEN,1,-1
         59 |         ICVAL = MOVA2I(CHR(IPOS:IPOS))
         60 |         IPOWER = ILEN-IPOS
         61 |         IF ((ICVAL.GE.48).AND.(ICVAL.LE.57)) THEN
         62 |            INTVAL = ICVAL-IOFF
         63 |            ISUM = ISUM + INTVAL*10**IPOWER
         64 |         ENDIF
         65 | 10   CONTINUE
         66 |C
         67 |C     SET INTEGER VALUE.
         68 |C
         69 |      IVAL = ISUM
         70 |C
         71 |C     END OF ROUTINE.
         72 |C
         73 |      RETURN
         74 |      END
 
>>>>> ATTRIBUTE AND CROSS REFERENCE SECTION <<<<<
 
 
 
IDENTIFIER NAME                  CROSS REFERENCE AND ATTRIBUTES
 
chr                              Reference argument, Character(10), Offset: 0, Alignment: byte
                                 0-47.20$  0-1.26  0-59.25
 
chr2int                          Subroutine
                                 0-1.18$
 
icval                            Static, Integer(4), Offset: 0, Alignment: full word
                                 0-59.10@  0-61.15  0-61.33  0-62.22
 
ilen                             Reference argument, Integer(4), Offset: 0, Alignment: full word
                                 0-1.30  0-58.20  0-60.19
 
intval                           Static, Integer(4), Offset: 0, Alignment: full word
                                 0-62.13@  0-63.27
 
ioff                             Parameter, Integer(4)
                                 0-43.18$  0-62.28
 
ipos                             Static, Integer(4), Offset: 0, Alignment: full word
                                 0-58.13@  0-59.29  0-59.34  0-60.24
 
ipower                           Static, Integer(4), Offset: 0, Alignment: full word
                                 0-60.10@  0-63.38
 
isum                             Static, Integer(4), Offset: 0, Alignment: full word
                                 0-57.7@  0-63.13@  0-63.20  0-69.14
 
ival                             Reference argument, Integer(4), Offset: 0, Alignment: full word
                                 0-1.35  0-69.7@
 
mova2i                           External Function Integer(4)
                                 0-59.18
 
** chr2int   === End of Compilation 1 ===
 
>>>>> FILE TABLE SECTION <<<<<
 
 
                                       FILE CREATION        FROM
FILE NO   FILENAME                    DATE       TIME       FILE    LINE
     0    CHR2INT.f                   12/18/08   11:40:50
 
 
>>>>> COMPILATION EPILOGUE SECTION <<<<<
 
 
FORTRAN Summary of Diagnosed Conditions
 
TOTAL   UNRECOVERABLE  SEVERE       ERROR     WARNING    INFORMATIONAL
               (U)       (S)         (E)        (W)          (I)
    0           0         0           0          0            0
 
 
    Source records read.......................................      74
1501-510  Compilation successful for file CHR2INT.f.
1501-543  Object file created.
