IBM XL Fortran for AIX, V12.1 (5724-U82) Version 12.01.0000.0001 --- /gpfs/c/nco/ops/nwprod/sorc/hiresw_post_hls.fd/COEFI.f 12/22/08 15:45:46
 
>>>>> OPTIONS SECTION <<<<<
***   Options In Effect   ***
  
         ==  On / Off Options  ==
         CR              DBG             ESCAPE          FULLPATH
         I4              INLGLUE         NOLIBESSL       NOLIBPOSIX
         OBJECT          SOURCE          STRICT          SWAPOMP
         THREADED        UNWIND          NOZEROSIZE
  
         ==  Options Of Integer Type ==
         ALIAS_SIZE(65536)     FIXED(72)             MAXMEM(-1)
         OPTIMIZE(2)           SPILLSIZE(2000)       STACKTEMP(0)
  
  
         ==  Options Of Character Type  ==
         64(LARGETYPE)         ALIAS(STD,INTPTR)     ALIGN(BINDC(POWER),STRUCT(NATURAL))
         ARCH(PWR6)            ATTR(FULL)            AUTODBL(NONE)
         DESCRIPTOR(V1)        DIRECTIVE(IBM*,IBMT)  ENUM()
         FLAG(I,I)             FLOAT(RNDSNGL,MAF,FOLD,RNGCHK,SINGLE)
         HALT(S)               IEEE(NEAR)            INTSIZE(4)
         LANGLVL(EXTENDED)     POSITION(APPENDOLD)   REALSIZE(4)
         SAVE(ALL)             TUNE(PWR6)            UNROLL(AUTO)
         XREF(FULL)            XLF2003(NOPOLYMORPHIC,NOBOZLITARGS,NOSTOPEXCEPT,NOVOLATILE,NOAUTOREALLOC,OLDNANINF)
         XLF77(NOLEADZERO,GEDIT77,NOBLANKPAD,OLDBOZ,INTARG,INTXOR,PERSISTENT,SOFTEOF)
         XLF90(NOSIGNEDZERO,NOAUTODEALLOC,OLDPAD)
  
>>>>> SOURCE SECTION <<<<<
          1 |      SUBROUTINE COEFI(ARRX,IDIM,JDIM,I,J,C1,C2,C3,C4)
          2 |C$$$  SUBPROGRAM DOCUMENTATION BLOCK
          3 |C                .      .    .
          4 |C SUBPROGRAM:    COEFI       INTRP WGTS FOR FILLED E-GRID ROWS
          5 |C   PRGRMMR: TREADON         ORG: W/NP2
          6 |C
          7 |C ABSTRACT:
          8 |C     THIS ROUTINE RETURNS WEIGHTED E-GRID VALUES FOR CUBIC
          9 |C     INTERPOLATION OF ROWS ON FILLED E-GRID.
         10 |C   .
         11 |C
         12 |C PROGRAM HISTORY LOG:
         13 |C   93-05-12  RUSS TREADON
         14 |C
         15 |C USAGE:    CALL COEFI(ARRX,IDIM,JDIM,I,J,C1,C2,C3,C4)
         16 |C   INPUT ARGUMENT LIST:
         17 |C     ARRX     - ARRAY TO CONTAIN FILLED E-GRID.
         18 |C     IDIM     - 2*IM-1, FIRST DIMENSION OF ARRX
         19 |C     JDIM     - JM, SECOND DIMENSION OF ARRX
         20 |C     I        - TARGET POINT I INDEX
         21 |C     J        - TARGET POINT J INDEX
         22 |C
         23 |C   OUTPUT ARGUMENT LIST:
         24 |C     C1,C2,C3,C4 - WEIGHTED FILLED E-GRID VALUES.
         25 |C
         26 |C   OUTPUT FILES:
         27 |C     NONE
         28 |C
         29 |C   SUBPROGRAMS CALLED:
         30 |C     UTILITIES:
         31 |C       NONE
         32 |C     LIBRARY:
         33 |C       NONE
         34 |C
         35 |C   ATTRIBUTES:
         36 |C     LANGUAGE: FORTRAN
         37 |C     MACHINE : CRAY C-90
         38 |C$$$
         39 |C
         40 |      PARAMETER (C11=.166667,C12=-.5,C13=.5,C14=-.166667)
         41 |      PARAMETER (C21=-1.,C22=3.5,C23=-4.,C24=1.5)
         42 |      PARAMETER (C31=1.833333,C32=-7.,C33=9.5,C34=-4.333333)
         43 |      PARAMETER (C41=-1.,C42=4.,C43=-6.,C44=4.)
         44 |      DIMENSION ARRX(IDIM,JDIM)
         45 |      C1=C11*ARRX(I+6,J)+C12*ARRX(I+4,J)+C13*ARRX(I+2,J)+C14*ARRX(I,J)
         46 |      C2=C21*ARRX(I+6,J)+C22*ARRX(I+4,J)+C23*ARRX(I+2,J)+C24*ARRX(I,J)
         47 |      C3=C31*ARRX(I+6,J)+C32*ARRX(I+4,J)+C33*ARRX(I+2,J)+C34*ARRX(I,J)
         48 |      C4=C41*ARRX(I+6,J)+C42*ARRX(I+4,J)+C43*ARRX(I+2,J)+C44*ARRX(I,J)
         49 |      RETURN
         50 |      END
 
>>>>> ATTRIBUTE AND CROSS REFERENCE SECTION <<<<<
 
 
 
IDENTIFIER NAME                  CROSS REFERENCE AND ATTRIBUTES
 
arrx                             Reference argument, Real(4) (1:?, 1:?), Offset: 0, Alignment: full word
                                 0-44.17$  0-1.24  0-45.14  0-45.30  0-45.46  0-45.62  0-46.14  0-46.30  0-46.46  0-46.62  0-47.14
                                 0-47.30  0-47.46  0-47.62  0-48.14  0-48.30  0-48.46  0-48.62
 
c1                               Reference argument, Real(4), Offset: 0, Alignment: full word
                                 0-1.43  0-45.7@
 
c11                              Parameter, Real(4)
                                 0-40.18$  0-45.10
 
c12                              Parameter, Real(4)
                                 0-40.30$  0-45.26
 
c13                              Parameter, Real(4)
                                 0-40.38$  0-45.42
 
c14                              Parameter, Real(4)
                                 0-40.45$  0-45.58
 
c2                               Reference argument, Real(4), Offset: 0, Alignment: full word
                                 0-1.46  0-46.7@
 
c21                              Parameter, Real(4)
                                 0-41.18$  0-46.10
 
c22                              Parameter, Real(4)
                                 0-41.26$  0-46.26
 
c23                              Parameter, Real(4)
                                 0-41.34$  0-46.42
 
c24                              Parameter, Real(4)
                                 0-41.42$  0-46.58
 
c3                               Reference argument, Real(4), Offset: 0, Alignment: full word
                                 0-1.49  0-47.7@
 
c31                              Parameter, Real(4)
                                 0-42.18$  0-47.10
 
c32                              Parameter, Real(4)
                                 0-42.31$  0-47.26
 
c33                              Parameter, Real(4)
                                 0-42.39$  0-47.42
 
c34                              Parameter, Real(4)
                                 0-42.47$  0-47.58
 
c4                               Reference argument, Real(4), Offset: 0, Alignment: full word
                                 0-1.52  0-48.7@
 
c41                              Parameter, Real(4)
                                 0-43.18$  0-48.10
 
c42                              Parameter, Real(4)
                                 0-43.26$  0-48.26
 
c43                              Parameter, Real(4)
                                 0-43.33$  0-48.42
 
c44                              Parameter, Real(4)
                                 0-43.41$  0-48.58
 
coefi                            Subroutine
                                 0-1.18$
 
i                                Reference argument, Integer(4), Offset: 0, Alignment: full word
                                 0-1.39  0-45.19  0-45.35  0-45.51  0-45.67  0-46.19  0-46.35  0-46.51  0-46.67  0-47.19  0-47.35
                                 0-47.51  0-47.67  0-48.19  0-48.35  0-48.51  0-48.67
 
idim                             Reference argument, Integer(4), Offset: 0, Alignment: full word
                                 0-1.29  0-44.22  0-44.22
 
j                                Reference argument, Integer(4), Offset: 0, Alignment: full word
                                 0-1.41  0-45.23  0-45.39  0-45.55  0-45.69  0-46.23  0-46.39  0-46.55  0-46.69  0-47.23  0-47.39
                                 0-47.55  0-47.69  0-48.23  0-48.39  0-48.55  0-48.69
 
jdim                             Reference argument, Integer(4), Offset: 0, Alignment: full word
                                 0-1.34  0-44.27  0-44.27
 
** coefi   === End of Compilation 1 ===
 
>>>>> FILE TABLE SECTION <<<<<
 
 
                                       FILE CREATION        FROM
FILE NO   FILENAME                    DATE       TIME       FILE    LINE
     0    COEFI.f                     12/18/08   11:40:50
 
 
>>>>> COMPILATION EPILOGUE SECTION <<<<<
 
 
FORTRAN Summary of Diagnosed Conditions
 
TOTAL   UNRECOVERABLE  SEVERE       ERROR     WARNING    INFORMATIONAL
               (U)       (S)         (E)        (W)          (I)
    0           0         0           0          0            0
 
 
    Source records read.......................................      50
1501-510  Compilation successful for file COEFI.f.
1501-543  Object file created.
