IBM XL Fortran for AIX, V12.1 (5724-U82) Version 12.01.0000.0001 --- /gpfs/c/nco/ops/nwprod/sorc/hiresw_post_hls.fd/ETAPOST.f 12/22/08 15:45:49
 
>>>>> OPTIONS SECTION <<<<<
***   Options In Effect   ***
  
         ==  On / Off Options  ==
         CR              DBG             ESCAPE          FULLPATH
         I4              INLGLUE         NOLIBESSL       NOLIBPOSIX
         OBJECT          SOURCE          STRICT          SWAPOMP
         THREADED        UNWIND          NOZEROSIZE
  
         ==  Options Of Integer Type ==
         ALIAS_SIZE(65536)     FIXED(72)             MAXMEM(-1)
         OPTIMIZE(2)           SPILLSIZE(2000)       STACKTEMP(0)
  
  
         ==  Options Of Character Type  ==
         64(LARGETYPE)         ALIAS(STD,INTPTR)     ALIGN(BINDC(POWER),STRUCT(NATURAL))
         ARCH(PWR6)            ATTR(FULL)            AUTODBL(NONE)
         DESCRIPTOR(V1)        DIRECTIVE(IBM*,IBMT)  ENUM()
         FLAG(I,I)             FLOAT(RNDSNGL,MAF,FOLD,RNGCHK,SINGLE)
         HALT(S)               IEEE(NEAR)            INTSIZE(4)
         LANGLVL(EXTENDED)     POSITION(APPENDOLD)   REALSIZE(4)
         SAVE(ALL)             TUNE(PWR6)            UNROLL(AUTO)
         XREF(FULL)            XLF2003(NOPOLYMORPHIC,NOBOZLITARGS,NOSTOPEXCEPT,NOVOLATILE,NOAUTOREALLOC,OLDNANINF)
         XLF77(NOLEADZERO,GEDIT77,NOBLANKPAD,OLDBOZ,INTARG,INTXOR,PERSISTENT,SOFTEOF)
         XLF90(NOSIGNEDZERO,NOAUTODEALLOC,OLDPAD)
  
>>>>> SOURCE SECTION <<<<<
          1 |      PROGRAM ETAPOST
          2 |C$$$  MAIN PROGRAM DOCUMENTATION BLOCK
          3 |C                .      .    .
          4 |C MAIN PROGRAM: ETA_ETAPOST
          5 |C   PRGMMR: MANIKIN          ORG: NP22        DATE: 2000-02-01
          6 |C
          7 |C ABSTRACT:
          8 |C     THIS PROGRAM DRIVES THE EXTERNAL ETA MODEL POST PROCESSOR.
          9 |C
         10 |C PROGRAM HISTORY LOG:
         11 |C   92-12-24  RUSS TREADON - CODED ETAPOST AS STAND ALONE CODE
         12 |C   98-03-06  BALDWIN/BLACK/ROGERS - MODIFIED TO POST MULTIPLE
         13 |C             FORECAST HOURS IN ONE EXECUTION; NUMBER AND
         14 |C             FREQUENCY DETERMINED BY UNIT 5 INPUT CARD
         15 |C   98-05-29  BLACK - CONVERSION OF POST CODE FROM 1-D TO 2-D
         16 |C   00-02-04  JIM TUCCILLO - PARALLEL VERSION VIA MPI
         17 |C   01-02-15  JIM TUCCILLO - MANY COMMON BLOCKS REPLACED WITH MODULES
         18 |C             TO SUPPORT FORTRAN "ALLOCATE"s FOR THE EXACT SIZE OF THE
         19 |C             ARRAYS NEEDED BASED ON THE NUMBER OF MPI TASKS.
         20 |C             THIS WAS DONE TO REDUCE THE ADDRESS SPACE THAT THE LOADER SEES.
         21 |C             THESE CHANGES WERE NECESSARY FOR RUNNING LARGER DOMAINS SUCH AS
         22 |C             12 KMS
         23 |C   01-06-15  JIM TUCCILLO - ADDED ASYNCRONOUS I/O CAPABILITY. IF THERE ARE MORE
         24 |C             THAN ONE MPI TASK, THE IO WILL BE DONE AYNCHRONOUSLY BY THE LAST
         25 |C             MPI TASK.
         26 |C
         27 |C USAGE:    ETAPOST
         28 |C   INPUT ARGUMENT LIST:
         29 |C     NONE
         30 |C
         31 |C   OUTPUT ARGUMENT LIST:
         32 |C     NONE
         33 |C
         34 |C   OUTPUT FILES:
         35 |C     STDOUT  - RUN TIME STANDARD OUT.
         36 |C
         37 |C   SUBPROGRAMS CALLED:
         38 |C     UTILITIES:
         39 |C       NONE
         40 |C     LIBRARY:
         41 |C       COMMON - IOUNIT
         42 |C                RQSTFLD
         43 |C
         44 |C   ATTRIBUTES:
         45 |C     LANGUAGE: FORTRAN 90
         46 |C     MACHINE : IBM RS/6000 SP
         47 |C$$$
         48 |C
         49 |C
         50 |C============================================================================================================
         51 |C
         52 |C     This is an MPI code. All array indexing is with respect to the global indices. Loop indices
         53 |C     look as follows for N MPI tasks.
         54 |C
         55 |C
         56 |C
         57 |C  Original                                            New
         58 |C  Index                                               Index
         59 |C
         60 |C   JM ----------------------------------------------- JEND
         61 |C JM-1 -                                             - JEND_M
         62 |C JM-2 -               MPI TASK N-1                  - JEND_M2
         63 |C      -                                             -
         64 |C      -                                             -
         65 |C      ----------------------------------------------- JSTA, JSTA_M, JSTA_M2
         66 |C      ----------------------------------------------- JEND, JEND_M, JEND_M2
         67 |C      -                                             -
         68 |C      -               MPI TASK N-2                  -
         69 |C      -                                             -
         70 |C      -                                             -
         71 |C      ----------------------------------------------- JSTA, JSTA_M, JSTA_M2
         72 |C
         73 |C                           .
         74 |C                           .
         75 |C                           .
         76 |C
         77 |C      ----------------------------------------------- JEND, JEND_M, JEND_M2
         78 |C      -                                             -
         79 |C      -               MPI TASK 1                    -
         80 |C      -                                             -
         81 |C      -                                             -
         82 |C      ----------------------------------------------- JSTA, JSTA_M, JSTA_M2
         83 |C      ----------------------------------------------- JEND, JEND_M, JEND_M2
         84 |C      -                                             -
         85 |C      -               MPI TASK 0                    -
         86 |C    3 -                                             - JSTA_M2
         87 |C    2 -                                             - JSTA_M
         88 |C    1 ----------------------------------------------- JSTA
         89 |C
         90 |C     1                                              IM
         91 |C
         92 |C
         93 |C     Jim Tuccillo
         94 |C     Jan 2000
         95 |C
         96 |C     README - Jim Tuccillo Feb 2001
         97 |C
         98 |C     Many common blocks have been replaced by modules to support Fortran
         99 |C     "allocate" commands. Many of the 3-D arrays are now allocated to be the
        100 |C     exact size required based on the number of MPI tasks. The dimensioning will be
        101 |C        x ( im,jsta_2l:jend_2u,lm)
        102 |C     Most 2-D arrays continue to be dimensioned (im,jm). This is fine but please be aware
        103 |C     that the EXCH routine for arrays dimensioned (im,jm) is different than arrays dimensioned
        104 |C     (im,jsta_2l:jend_2u). Also, be careful about passing any arrays dimensioned
        105 |C     (im,jst_2l:jend_2u,lm). See examples in the code as to the correct calling sequence and
        106 |C     EXCH routine to use.
        107 |C
        108 |C
        109 |C     ASYNCHRONOUS I/O HAS BEEN ADDED. THE LAST MPI TASK DOES THE I/O. IF THERE IS
        110 |C     ONLY ONE MPI TASK THN TASK ) DOES THE I/O.
        111 |C     THE CODE HAS GOTTEN A LITTLE KLUDGY. BASICLY, IM, IMX and IMOUT MUST BE EQUAL
        112 |C     AND REPRESENT THE VALUE USED IN THE MODEL. THE SAME HOLDS FOR JM, JMX and JMOUT.
        113 |C
        114 |C     Jim Tuccillo June 2001
        115 |C
        116 |C
        117 |C===========================================================================================
        118 |C
        119 |C     INCLUDE ARRAY DIMENSIONS.
        120 |      INCLUDE "parmeta"
  1       1 |C-------------------------------------------------------------
  1       2 |C***  SET PRIMARY GRID DIMENSIONS AND PRESSURE OUTPUT LEVELS
  1       3 |      PARAMETER (IM=89,JM=143,LM=60,LSM=39)
  1       4 |C-------------------------------------------------------------
  1       5 |C***  SET THE NUMBER OF PEs IN THE I-DIRECTION AND J-DIRECTION
  1       6 |      PARAMETER(INPES=5,JNPES=6)
  1       7 |C-------------------------------------------------------------
  1       8 |C
  1       9 |      PARAMETER(IGSTL=-5,IGSTR=5)
  1      10 |      PARAMETER(JGSTL=-5,JGSTR=5)
  1      11 |      PARAMETER(ITAIL=IM-(INPES*(IM/INPES)))
  1      12 |      PARAMETER(JTAIL=JM-(JNPES*(JM/JNPES)))
  1      13 |C
  1      14 |      PARAMETER(IDIM1=IGSTL,IDIM2=IM/INPES+IGSTR+1)
  1      15 |      PARAMETER(JDIM1=JGSTL,JDIM2=JM/JNPES+JGSTR+1)
  1      16 |C
  1      17 |C-------------------------------------------------------------
        121 |      INCLUDE "parmout"
  2       1 |C     MAXIMUM DIMENSIONS FOR OUTPUT GRID, FIELDS, AND LEVELS.
  2       2 |C
  2       3 |      PARAMETER(IMX=IM,JMX=JM,MXFLD=250,MXLVL=LM)
        122 |      INCLUDE "mpif.h"
  3       1 |! IBM_PROLOG_BEGIN_TAG
  3       2 |! This is an automatically generated prolog.
  3       3 |!
  3       4 |!
  3       5 |!
  3       6 |! Licensed Materials - Property of IBM
  3       7 |!
  3       8 |! (C) COPYRIGHT International Business Machines Corp. 1999,2007
  3       9 |! All Rights Reserved
  3      10 |!
  3      11 |! US Government Users Restricted Rights - Use, duplication or
  3      12 |! disclosure restricted by GSA ADP Schedule Contract with IBM Corp.
  3      13 |!
  3      14 |! IBM_PROLOG_END_TAG
  3      15 |!  ***************************************************************************
  3      16 |!  @(#) 1.16 src/ppe/poe/include/thread64/mpif.h, ppe.poe.mpi, ppe_rcha, rcha0810a 08/03/12 15:21:38
  3      17 |!
  3      18 |!  Name: thread/mpif.h
  3      19 |!
  3      20 |!  Description:
  3      21 |!
  3      22 |!  ***************************************************************************
  3      23 |!
  3      24 |!
  3      25 |!     NOTE:  This file contains information necessary for compiling
  3      26 |!            Fortran applications to be used with the threads based
  3      27 |!            MPI library.
  3      28 |!            (The threads based MPI library does not support MPL and
  3      29 |!             does contain an initial subset of MPI-2.)
  3      30 |!  *************************************************************************
  3      31 |
  3      32 |      integer*4 MPI_VERSION,MPI_SUBVERSION
  3      33 |      parameter (MPI_VERSION=1,MPI_SUBVERSION=2)
  3      34 |
  3      35 |      integer*4 MPI_SUCCESS,MPI_ERR_BUFFER,MPI_ERR_COUNT,MPI_ERR_TYPE
  3      36 |      integer*4 MPI_ERR_TAG,MPI_ERR_COMM,MPI_ERR_RANK,MPI_ERR_REQUEST
  3      37 |      integer*4 MPI_ERR_ROOT,MPI_ERR_GROUP,MPI_ERR_OP,MPI_ERR_TOPOLOGY
  3      38 |      integer*4 MPI_ERR_DIMS,MPI_ERR_ARG,MPI_ERR_UNKNOWN
  3      39 |      integer*4 MPI_ERR_TRUNCATE
  3      40 |      integer*4 MPI_ERR_OTHER,MPI_ERR_INTERN,MPI_ERR_IN_STATUS
  3      41 |      integer*4 MPI_PENDING,MPI_ERR_PENDING,MPI_ERR_INFO_KEY
  3      42 |      integer*4 MPI_ERR_INFO_VALUE,MPI_ERR_INFO_NOKEY,MPI_ERR_INFO
  3      43 |      integer*4 MPI_ERR_FILE,MPI_ERR_NOT_SAME,MPI_ERR_AMODE
  3      44 |      integer*4 MPI_ERR_UNSUPPORTED_DATAREP
  3      45 |      integer*4 MPI_ERR_UNSUPPORTED_OPERATION
  3      46 |      integer*4 MPI_ERR_NO_SUCH_FILE,MPI_ERR_FILE_EXISTS
  3      47 |      integer*4 MPI_ERR_BAD_FILE
  3      48 |      integer*4 MPI_ERR_ACCESS,MPI_ERR_NO_SPACE,MPI_ERR_QUOTA
  3      49 |      integer*4 MPI_ERR_READ_ONLY,MPI_ERR_FILE_IN_USE
  3      50 |      integer*4 MPI_ERR_DUP_DATAREP
  3      51 |      integer*4 MPI_ERR_CONVERSION,MPI_ERR_IO
  3      52 |      integer*4 MPI_ERR_WIN,MPI_ERR_BASE,MPI_ERR_SIZE,MPI_ERR_DISP
  3      53 |      integer*4 MPI_ERR_LOCKTYPE,MPI_ERR_ASSERT,MPI_ERR_RMA_CONFLICT
  3      54 |      integer*4 MPI_ERR_RMA_SYNC,MPI_ERR_NO_MEM
  3      55 |      integer*4 MPI_ERR_KEYVAL
  3      56 |      integer*4 MPI_ERR_LASTCODE
  3      57 |      parameter (MPI_SUCCESS=0,MPI_ERR_BUFFER=50,MPI_ERR_COUNT=51)
  3      58 |      parameter (MPI_ERR_TYPE=52,MPI_ERR_TAG=53,MPI_ERR_COMM=54)
  3      59 |      parameter (MPI_ERR_RANK=55,MPI_ERR_REQUEST=56,MPI_ERR_ROOT=57)
  3      60 |      parameter (MPI_ERR_GROUP=58,MPI_ERR_OP=59,MPI_ERR_TOPOLOGY=60)
  3      61 |      parameter (MPI_ERR_DIMS=61,MPI_ERR_ARG=62,MPI_ERR_UNKNOWN=63)
  3      62 |      parameter (MPI_ERR_TRUNCATE=64,MPI_ERR_OTHER=65,MPI_ERR_INTERN=66)
  3      63 |      parameter (MPI_ERR_IN_STATUS=67,MPI_PENDING=68,MPI_ERR_PENDING=68)
  3      64 |      parameter (MPI_ERR_INFO_KEY=69,MPI_ERR_INFO_VALUE=70)
  3      65 |      parameter (MPI_ERR_INFO_NOKEY=71)
  3      66 |      parameter (MPI_ERR_INFO=72,MPI_ERR_FILE=73,MPI_ERR_NOT_SAME=74)
  3      67 |      parameter (MPI_ERR_AMODE=75,MPI_ERR_UNSUPPORTED_DATAREP=76)
  3      68 |      parameter (MPI_ERR_UNSUPPORTED_OPERATION=77)
  3      69 |      parameter (MPI_ERR_NO_SUCH_FILE=78)
  3      70 |      parameter (MPI_ERR_FILE_EXISTS=79,MPI_ERR_BAD_FILE=80)
  3      71 |      parameter (MPI_ERR_ACCESS=81)
  3      72 |      parameter (MPI_ERR_NO_SPACE=82,MPI_ERR_QUOTA=83)
  3      73 |      parameter (MPI_ERR_READ_ONLY=84)
  3      74 |      parameter (MPI_ERR_FILE_IN_USE=85,MPI_ERR_DUP_DATAREP=86)
  3      75 |      parameter (MPI_ERR_CONVERSION=87,MPI_ERR_IO=88)
  3      76 |      parameter (MPI_ERR_WIN=89,MPI_ERR_BASE=90,MPI_ERR_SIZE=91)
  3      77 |      parameter (MPI_ERR_DISP=92,MPI_ERR_LOCKTYPE=93,MPI_ERR_ASSERT=94)
  3      78 |      parameter (MPI_ERR_RMA_CONFLICT=95,MPI_ERR_RMA_SYNC=96)
  3      79 |      parameter (MPI_ERR_NO_MEM=97)
  3      80 |      parameter (MPI_ERR_KEYVAL=98)
  3      81 |      parameter (MPI_ERR_LASTCODE=500)
  3      82 |
  3      83 |      integer*4 MPI_PROC_NULL,MPI_ANY_SOURCE
  3      84 |      integer*4 MPI_ANY_TAG,MPI_UNDEFINED,MPI_ROOT
  3      85 |      parameter (MPI_PROC_NULL=-3,MPI_ANY_SOURCE=-1)
  3      86 |      parameter (MPI_ANY_TAG=-1,MPI_UNDEFINED=-1,MPI_ROOT=-99)
  3      87 |
  3      88 |      integer*4 MPI_STATUS_SIZE,MPI_SOURCE,MPI_TAG,MPI_ERROR
  3      89 |      parameter (MPI_STATUS_SIZE=10,MPI_SOURCE=1,MPI_TAG=2,MPI_ERROR=3)
  3      90 |
  3      91 |      integer*4 MPI_ERRORS_ARE_FATAL,MPI_ERRORS_RETURN,MPE_ERRORS_WARN
  3      92 |      parameter (MPI_ERRORS_ARE_FATAL=0,MPI_ERRORS_RETURN=1)
  3      93 |      parameter (MPE_ERRORS_WARN=2)
  3      94 |
  3      95 |      integer*4 MPI_THREAD_SINGLE,MPI_THREAD_FUNNELED
  3      96 |      integer*4 MPI_THREAD_SERIALIZED,MPI_THREAD_MULTIPLE
  3      97 |      parameter (MPI_THREAD_SINGLE=0,MPI_THREAD_FUNNELED=1)
  3      98 |      parameter (MPI_THREAD_SERIALIZED=2,MPI_THREAD_MULTIPLE=3)
  3      99 |
  3     100 |      integer*4 MPI_MAX_PROCESSOR_NAME,MPI_MAX_ERROR_STRING
  3     101 |      parameter (MPI_MAX_PROCESSOR_NAME=256,MPI_MAX_ERROR_STRING=128)
  3     102 |
  3     103 |      integer*4 MPI_MAX_FILE_NAME,MPI_MAX_DATAREP_STRING
  3     104 |      integer*4 MPI_MAX_INFO_KEY,MPI_MAX_INFO_VAL
  3     105 |      parameter (MPI_MAX_FILE_NAME=1023,MPI_MAX_DATAREP_STRING=255)
  3     106 |      parameter (MPI_MAX_INFO_KEY=127,MPI_MAX_INFO_VAL=1023)
  3     107 |
  3     108 |      integer*4 MPI_MAX_OBJECT_NAME
  3     109 |      parameter (MPI_MAX_OBJECT_NAME=256)
  3     110 |
  3     111 |      integer*4 MPI_BSEND_OVERHEAD
  3     112 |      parameter (MPI_BSEND_OVERHEAD=39)
  3     113 |
  3     114 |      integer*4 MPI_LB,MPI_UB,MPI_BYTE,MPI_PACKED
  3     115 |      parameter (MPI_LB=0,MPI_UB=1,MPI_BYTE=2,MPI_PACKED=3)
  3     116 |
  3     117 |      integer*4 MPI_CHAR,MPI_UNSIGNED_CHAR,MPI_SIGNED_CHAR,MPI_SHORT
  3     118 |      integer*4 MPI_INT,MPI_LONG,MPI_UNSIGNED_SHORT,MPI_UNSIGNED
  3     119 |      integer*4 MPI_UNSIGNED_LONG,MPI_FLOAT,MPI_DOUBLE,MPI_LONG_DOUBLE
  3     120 |      integer*4 MPI_LONG_LONG_INT,MPI_LONG_LONG,MPI_UNSIGNED_LONG_LONG
  3     121 |      integer*4 MPI_WCHAR
  3     122 |      parameter (MPI_CHAR=4,MPI_UNSIGNED_CHAR=5,MPI_SIGNED_CHAR=6)
  3     123 |      parameter (MPI_SHORT=7,MPI_INT=8,MPI_LONG=9)
  3     124 |      parameter (MPI_UNSIGNED_SHORT=10,MPI_UNSIGNED=11)
  3     125 |      parameter (MPI_UNSIGNED_LONG=12,MPI_FLOAT=13,MPI_DOUBLE=14)
  3     126 |      parameter (MPI_LONG_DOUBLE=15,MPI_LONG_LONG_INT=39)
  3     127 |      parameter (MPI_LONG_LONG=44,MPI_UNSIGNED_LONG_LONG=40)
  3     128 |      parameter (MPI_WCHAR=41)
  3     129 |
  3     130 |
  3     131 |      integer*4 MPI_INTEGER1,MPI_INTEGER2,MPI_INTEGER4,MPI_INTEGER
  3     132 |      integer*4 MPI_REAL4,MPI_REAL,MPI_REAL8,MPI_DOUBLE_PRECISION
  3     133 |      integer*4 MPI_REAL16,MPI_COMPLEX8,MPI_COMPLEX,MPI_COMPLEX16
  3     134 |      integer*4 MPI_DOUBLE_COMPLEX,MPI_COMPLEX32,MPI_LOGICAL1
  3     135 |      integer*4 MPI_LOGICAL2,MPI_LOGICAL4,MPI_LOGICAL,MPI_CHARACTER
  3     136 |      parameter (MPI_INTEGER1=16,MPI_INTEGER2=17,MPI_INTEGER4=18)
  3     137 |      parameter (MPI_INTEGER=45,MPI_REAL4=19,MPI_REAL=46,MPI_REAL8=20)
  3     138 |      parameter (MPI_DOUBLE_PRECISION=47,MPI_REAL16=21,MPI_COMPLEX8=22)
  3     139 |      parameter (MPI_COMPLEX=48,MPI_COMPLEX16=23,MPI_DOUBLE_COMPLEX=49)
  3     140 |      parameter (MPI_COMPLEX32=24,MPI_LOGICAL1=25,MPI_LOGICAL2=26)
  3     141 |      parameter (MPI_LOGICAL4=27,MPI_LOGICAL=50,MPI_CHARACTER=28)
  3     142 |
  3     143 |      integer*4 MPI_2REAL,MPI_2DOUBLE_PRECISION,MPI_2INTEGER
  3     144 |      integer*4 MPI_2COMPLEX
  3     145 |      parameter (MPI_2REAL=35,MPI_2DOUBLE_PRECISION=36,MPI_2INTEGER=37)
  3     146 |      parameter (MPI_2COMPLEX=38)
  3     147 |
  3     148 |      integer*4 MPI_INTEGER8,MPI_LOGICAL8
  3     149 |      parameter (MPI_INTEGER8=42,MPI_LOGICAL8=43)
  3     150 |
  3     151 |      integer*4 MPI_COMM_WORLD,MPI_COMM_SELF
  3     152 |      parameter (MPI_COMM_WORLD=0,MPI_COMM_SELF=1)
  3     153 |
  3     154 |      integer*4 MPI_IDENT,MPI_CONGRUENT,MPI_SIMILAR,MPI_UNEQUAL
  3     155 |      parameter (MPI_IDENT=0,MPI_CONGRUENT=1,MPI_SIMILAR=2)
  3     156 |      parameter (MPI_UNEQUAL=3)
  3     157 |
  3     158 |      integer*4 MPI_TAG_UB,MPI_IO,MPI_HOST,MPI_WTIME_IS_GLOBAL
  3     159 |      integer*4 MPI_WIN_BASE,MPI_WIN_SIZE,MPI_WIN_DISP_UNIT
  3     160 |      integer*4 MPI_LASTUSEDCODE
  3     161 |      parameter (MPI_TAG_UB=0,MPI_IO=1,MPI_HOST=2,MPI_WTIME_IS_GLOBAL=3)
  3     162 |      parameter (MPI_WIN_BASE=4,MPI_WIN_SIZE=5,MPI_WIN_DISP_UNIT=6)
  3     163 |      parameter (MPI_LASTUSEDCODE=7)
  3     164 |
  3     165 |      integer*4 MPI_MAX,MPI_MIN,MPI_SUM,MPI_PROD,MPI_MAXLOC,MPI_MINLOC
  3     166 |      integer*4 MPI_BAND,MPI_BOR,MPI_BXOR,MPI_LAND,MPI_LOR,MPI_LXOR
  3     167 |      integer*4 MPI_REPLACE,MAX_OP
  3     168 |      parameter (MPI_MAX=0,MPI_MIN=1,MPI_SUM=2,MPI_PROD=3,MPI_MAXLOC=4)
  3     169 |      parameter (MPI_MINLOC=5,MPI_BAND=6,MPI_BOR=7,MPI_BXOR=8)
  3     170 |      parameter (MPI_LAND=9,MPI_LOR=10,MPI_LXOR=11,MPI_REPLACE=12)
  3     171 |      parameter (MAX_OP=13)
  3     172 |
  3     173 |      integer*4 MPI_GROUP_NULL,MPI_COMM_NULL,MPI_DATATYPE_NULL
  3     174 |      integer*4 MPI_REQUEST_NULL,MPI_OP_NULL,MPI_ERRHANDLER_NULL
  3     175 |      parameter(MPI_GROUP_NULL=-1,MPI_COMM_NULL=-1,MPI_DATATYPE_NULL=-1)
  3     176 |      parameter (MPI_REQUEST_NULL=-1,MPI_OP_NULL=-1)
  3     177 |      parameter (MPI_ERRHANDLER_NULL=-1)
  3     178 |
  3     179 |      integer*4 MPI_INFO_NULL,MPI_FILE_NULL,MPI_WIN_NULL
  3     180 |      parameter (MPI_INFO_NULL=-1,MPI_FILE_NULL=-1,MPI_WIN_NULL=-1)
  3     181 |
  3     182 |      integer*4 MPI_GROUP_EMPTY
  3     183 |      parameter (MPI_GROUP_EMPTY=0)
  3     184 |
  3     185 |      integer*4 MPI_ADDRESS_KIND
  3     186 |      parameter (MPI_ADDRESS_KIND=8)
  3     187 |
  3     188 |      integer*4 MPI_OFFSET_KIND
  3     189 |      parameter (MPI_OFFSET_KIND=8)
  3     190 |
  3     191 |      integer*4 MPI_NON_ATOMIC,MPI_ATOMIC
  3     192 |      parameter (MPI_NON_ATOMIC=0,MPI_ATOMIC=1)
  3     193 |
  3     194 |      integer(KIND=MPI_OFFSET_KIND) MPI_DISPLACEMENT_CURRENT
  3     195 |      parameter (MPI_DISPLACEMENT_CURRENT=-1_8)
  3     196 |
  3     197 |      integer*4 MPI_DISTRIBUTE_NONE,MPI_DISTRIBUTE_BLOCK
  3     198 |      integer*4 MPI_DISTRIBUTE_CYCLIC,MPI_DISTRIBUTE_DFLT_DARG
  3     199 |      parameter (MPI_DISTRIBUTE_NONE=0,MPI_DISTRIBUTE_BLOCK=1)
  3     200 |      parameter (MPI_DISTRIBUTE_CYCLIC=2,MPI_DISTRIBUTE_DFLT_DARG=0)
  3     201 |
  3     202 |      integer*4 MPI_ORDER_C,MPI_ORDER_FORTRAN
  3     203 |      parameter (MPI_ORDER_C=1,MPI_ORDER_FORTRAN=2)
  3     204 |
  3     205 |      integer*4 MPI_SEEK_SET,MPI_SEEK_CUR,MPI_SEEK_END
  3     206 |      parameter (MPI_SEEK_SET=0,MPI_SEEK_CUR=1,MPI_SEEK_END=2)
  3     207 |
  3     208 |      integer*4 MPI_MODE_RDONLY,MPI_MODE_WRONLY,MPI_MODE_RDWR
  3     209 |      integer*4 MPI_MODE_APPEND
  3     210 |      integer*4 MPI_MODE_CREATE,MPI_MODE_EXCL,MPI_MODE_DELETE_ON_CLOSE
  3     211 |      integer*4 MPI_MODE_UNIQUE_OPEN,MPI_MODE_SEQUENTIAL
  3     212 |!     parameter (MPI_MODE_RDONLY=X'000001', MPI_MODE_WRONLY=X'000002')
  3     213 |      parameter (MPI_MODE_RDONLY=       1 , MPI_MODE_WRONLY=       2 )
  3     214 |!     parameter (MPI_MODE_RDWR=X'000004',MPI_MODE_CREATE=X'000008')
  3     215 |      parameter (MPI_MODE_RDWR=       4 ,MPI_MODE_CREATE=       8 )
  3     216 |!     parameter (MPI_MODE_APPEND=X'000010',MPI_MODE_EXCL=X'000020')
  3     217 |      parameter (MPI_MODE_APPEND=      16 ,MPI_MODE_EXCL=      32 )
  3     218 |!     parameter (MPI_MODE_DELETE_ON_CLOSE=X'000040')
  3     219 |      parameter (MPI_MODE_DELETE_ON_CLOSE=      64 )
  3     220 |!     parameter (MPI_MODE_UNIQUE_OPEN=X'000080')
  3     221 |      parameter (MPI_MODE_UNIQUE_OPEN=     128 )
  3     222 |!     parameter (MPI_MODE_SEQUENTIAL=X'000100')
  3     223 |      parameter (MPI_MODE_SEQUENTIAL=     256 )
  3     224 |
  3     225 |      integer*4 MPI_LOCK_EXCLUSIVE,MPI_LOCK_SHARED
  3     226 |      parameter (MPI_LOCK_EXCLUSIVE=0,MPI_LOCK_SHARED=1)
  3     227 |
  3     228 |      integer*4 MPI_MODE_NOCHECK,MPI_MODE_NOSTORE,MPI_MODE_NOPUT
  3     229 |      integer*4 MPI_MODE_NOPRECEDE,MPI_MODE_NOSUCCEED
  3     230 |!     parameter (MPI_MODE_NOCHECK=X'000200',MPI_MODE_NOSTORE=X'000400')
  3     231 |      parameter (MPI_MODE_NOCHECK=     512 ,MPI_MODE_NOSTORE=    1024 )
  3     232 |!     parameter (MPI_MODE_NOPUT=X'000800',MPI_MODE_NOPRECEDE=X'001000')
  3     233 |      parameter (MPI_MODE_NOPUT=    2048 ,MPI_MODE_NOPRECEDE=    4096 )
  3     234 |!     parameter (MPI_MODE_NOSUCCEED=X'002000')
  3     235 |      parameter (MPI_MODE_NOSUCCEED=    8192 )
  3     236 |
  3     237 |      integer*4  MPI_GRAPH,MPI_CART
  3     238 |      parameter (MPI_GRAPH=0,MPI_CART=1)
  3     239 |
  3     240 |      integer*4 MPI_KEYVAL_INVALID
  3     241 |      parameter (MPI_KEYVAL_INVALID=-1)
  3     242 |
  3     243 |      real*8 MPI_WTICK,MPI_WTIME,PMPI_WTICK,PMPI_WTIME
  3     244 |      external MPI_WTICK,MPI_WTIME,PMPI_WTICK,PMPI_WTIME
  3     245 |
  3     246 |      external MPI_CONVERSION_FN_NULL
  3     247 |      external MPI_NULL_COPY_FN,MPI_DUP_FN,MPI_NULL_DELETE_FN
  3     248 |      external MPI_COMM_NULL_COPY_FN,MPI_COMM_DUP_FN
  3     249 |      external MPI_COMM_NULL_DELETE_FN
  3     250 |      external MPI_TYPE_NULL_COPY_FN,MPI_TYPE_DUP_FN
  3     251 |      external MPI_TYPE_NULL_DELETE_FN
  3     252 |      external MPI_WIN_NULL_COPY_FN,MPI_WIN_DUP_FN
  3     253 |      external MPI_WIN_NULL_DELETE_FN
  3     254 |      external MPI_BOTTOM,MPI_IN_PLACE
  3     255 |      external MPI_STATUS_IGNORE,MPI_STATUSES_IGNORE
  3     256 |
  3     257 |      integer*4 MPI_COMBINER_NAMED,MPI_COMBINER_DUP
  3     258 |      integer*4 MPI_COMBINER_CONTIGUOUS
  3     259 |      integer*4 MPI_COMBINER_VECTOR,MPI_COMBINER_HVECTOR_INTEGER
  3     260 |      integer*4 MPI_COMBINER_HVECTOR,MPI_COMBINER_INDEXED
  3     261 |      integer*4 MPI_COMBINER_HINDEXED_INTEGER,MPI_COMBINER_HINDEXED
  3     262 |      integer*4 MPI_COMBINER_INDEXED_BLOCK,MPI_COMBINER_STRUCT_INTEGER
  3     263 |      integer*4 MPI_COMBINER_STRUCT,MPI_COMBINER_SUBARRAY
  3     264 |      integer*4 MPI_COMBINER_DARRAY
  3     265 |      integer*4 MPI_COMBINER_F90_REAL,MPI_COMBINER_F90_COMPLEX
  3     266 |      integer*4 MPI_COMBINER_F90_INTEGER,MPI_COMBINER_RESIZED
  3     267 |      parameter (MPI_COMBINER_NAMED=0,MPI_COMBINER_DUP=1)
  3     268 |      parameter (MPI_COMBINER_CONTIGUOUS=2,MPI_COMBINER_VECTOR=3)
  3     269 |      parameter (MPI_COMBINER_HVECTOR_INTEGER=4,MPI_COMBINER_HVECTOR=5)
  3     270 |      parameter (MPI_COMBINER_INDEXED=6,MPI_COMBINER_HINDEXED_INTEGER=7)
  3     271 |      parameter (MPI_COMBINER_HINDEXED=8,MPI_COMBINER_INDEXED_BLOCK=9)
  3     272 |      parameter (MPI_COMBINER_STRUCT_INTEGER=10,MPI_COMBINER_STRUCT=11)
  3     273 |      parameter (MPI_COMBINER_SUBARRAY=12,MPI_COMBINER_DARRAY=13)
  3     274 |      parameter (MPI_COMBINER_F90_REAL=14,MPI_COMBINER_F90_COMPLEX=15)
  3     275 |      parameter (MPI_COMBINER_F90_INTEGER=16,MPI_COMBINER_RESIZED=17)
  3     276 |
  3     277 |      integer*4 MPI_TYPECLASS_REAL,MPI_TYPECLASS_INTEGER
  3     278 |      integer*4 MPI_TYPECLASS_COMPLEX
  3     279 |      parameter(MPI_TYPECLASS_REAL=1,MPI_TYPECLASS_INTEGER=2)
  3     280 |      parameter(MPI_TYPECLASS_COMPLEX=3)
  3     281 |
  3     282 |      integer*4 MP_BW_MPI, MP_BW_LAPI
  3     283 |      parameter(MP_BW_MPI=2,MP_BW_LAPI=1)
        123 |C
        124 |C     DECLARE VARIABLES.
        125 |C
        126 |C
        127 |C     INCLUDE COMMON BLOCKS.
        128 |      INCLUDE "OUTFIL.comm"
  4       1 |C
  4       2 |      CHARACTER*13 RSTFIL
  4       3 |      COMMON /OUTFIL/ ITAG,LRSTRT,RSTFIL
  4       4 |C
        129 |      INCLUDE "IOUNIT.comm"
  5       1 |C
  5       2 |      INTEGER STDOUT
  5       3 |C
  5       4 |      COMMON /IOUNIT/
  5       5 |     & STDOUT, LCNTRL, LUNCO, LUNLL, LUNOUT
  5       6 |C
        130 |      INCLUDE "CTLBLK.comm"
  6       1 |C-----------------------------------------------------------------------
  6       2 |      COMMON /CTLBLK/
  6       3 |     & SIGMA,RUN,IDAT(3),IHRST,FIRST,RESTRT,NFCST,NBC,LIST,IOUT
  6       4 |     &,DT,NTSD,NTSTM,NDDAMP,NPREC,IDTAD,NBOCO,NSHDE,NCP
  6       5 |     &,NPHS,NRADS,NRADL
  6       6 |      INTEGER NUM_PROCS, ME, JSTA, JEND,
  6       7 |     &        JSTA_M, JSTA_M2, JEND_M, JEND_M2, IUP, IDN, ICNT, IDSP,
  6       8 |     &        JSTA_2L, JEND_2U
  6       9 |      COMMON /PARALLEL/NUM_PROCS, ME, JSTA, JEND, JSTA_M, JEND_M,
  6      10 |     &                 JSTA_M2, JEND_M2, IUP, IDN,
  6      11 |     &                 ICNT(0:1023), IDSP(0:1023),
  6      12 |     &                 JSTA_2L, JEND_2U, NUM_SERVERS, MPI_COMM_INTER,
  6      13 |     &                 MPI_COMM_COMP
  6      14 |C-----------------------------------------------------------------------
        131 |C
        132 |C     SET HEADER WRITER FLAGS TO TRUE.
        133 |c
        134 |      common/tim_info/ETAFLD2_tim,ETA2P_tim,SURFCE2_tim, CLDRAD_tim,
        135 |     *                MISCLN_tim,FIXED_tim
        136 |C
        137 |      common/jjt/time_output, time_e2out
        138 |      real(8) time_output, time_e2out, time_initpost, rtc, ist
        139 |C
        140 |C     START HERE
        141 |C
        142 |      call start()
        143 |C
        144 |C     INITIALIZE MPI
        145 |
        146 |      CALL SETUP_SERVERS(ME,
        147 |     *                   NUM_PROCS,
        148 |     *                   NUM_SERVERS,
        149 |     *                   MPI_COMM_COMP,
        150 |     *                   MPI_COMM_INTER)
        151 |C
        152 |C     ME IS THE RANK
        153 |C     NUM_PROCS IS THE NUMBER OF TASKS DOING POSTING
        154 |C     NUM_SERVERS IS ONE IF THERE ARE MORE THAN ONE TOTAL MPI TASKS, OTHERWISE ZERO
        155 |C     MPI_COMM_COMP IS THE INTRACOMMUNICATOR
        156 |C     MPI_COMM_INTER IS THE INTERCOMMUNICATOR FOR COMMUNCATION BETWEEN TASK 0 OF THE
        157 |C        TASKS DOING THE POSTING AND THE I/O SERVER
        158 |C
        159 |C
        160 |C     IF WE HAVE MORE THAN 1 MPI TASK THEN WE WILL FIRE UP THE IO SERVER
        161 |C     THE LAST TASK ( IN THE CONTEXT OF MPI_COMM_WORLD ) IS THE I/O SERVER
        162 |C
        163 |      if ( me .ge. num_procs ) then
        164 |C
        165 |         call server
        166 |C
        167 |      else
        168 |C
        169 |      time_output = 0.
        170 |      time_e2out = 0.
        171 |      time_initpost = 0.
        172 |      CALL MPI_FIRST
        173 |C
        174 |      ETAFLD2_tim = 0.0
        175 |      ETA2P_tim = 0.0
        176 |      SURFCE2_tim = 0.0
        177 |      CLDRAD_tim = 0.0
        178 |      MISCLN_tim =0.0
        179 |      FIXED_tim =  0.0
        180 |      bbtim = timef()
        181 |c
        182 |C
        183 |C
        184 |c     IF(ME.EQ.0)THEN
        185 |c       CALL W3TAGB('ETA_ETAPOST',2000,0032,0094,'NP22')
        186 |c     ENDIF
        187 |C
        188 |C
        189 |C**************************************************************************
        190 |C
        191 |C     START PROGRAM ETAPOST.
        192 |C
        193 |      IF(ME.EQ.0)THEN
        194 |        READ(5,*)ITAG,NRSTRT,NPINCR
        195 |      ENDIF
        196 |C
        197 |      CALL MPI_BCAST(ITAG  ,1,MPI_INTEGER,0,MPI_COMM_COMP,IRTN)
        198 |      CALL MPI_BCAST(NRSTRT,1,MPI_INTEGER,0,MPI_COMM_COMP,IRTN)
        199 |      CALL MPI_BCAST(NPINCR,1,MPI_INTEGER,0,MPI_COMM_COMP,IRTN)
        200 |C
        201 |      CALL MPI_BARRIER(MPI_COMM_COMP,IRTN)
        202 |C
        203 |C     LOOP OVER THE RESTRT FILES
        204 |C
        205 |      DO 1000 NR=1,NRSTRT
        206 |      LUNCO=19
        207 |      LUNLL=29
        208 |C
        209 |C     REWIND ALL INPUT FILE UNIT NUMBERS (FOR CONTROL FILE
        210 |C     AND INTERPOLATION WEIGHTS)
        211 |C
        212 |      REWIND LCNTRL
        213 |      DO KER=19,39
        214 |        REWIND KER
        215 |      ENDDO
        216 |C
        217 |C     INITIALIZE POST COMMON BLOCKS
        218 |C
        219 |      ist = rtc()
        220 |      CALL INITPOST
        221 |      time_initpost = time_initpost + rtc() - ist
        222 |      IF(ME.EQ.0)THEN
        223 |        WRITE(STDOUT,*)'ETAPOST:  INITIALIZED POST COMMON BLOCKS'
        224 |      ENDIF
        225 |C
        226 |C     LOOP OVER THE OUTPUT GRID(S).  FIELD(S) AND
        227 |C     OUTPUT GRID(S) ARE SPECIFIED IN THE CONTROL
        228 |C     FILE.  WE PROCESS ONE GRID AND ITS FIELDS
        229 |C     AT A TIME.  THAT'S WHAT THIS LOOP DOES.
        230 |C
        231 | 10   CONTINUE
        232 |C
        233 |C        READ CONTROL FILE DIRECTING WHICH FIELDS ON WHICH
        234 |C        LEVELS AND TO WHICH GRID TO INTERPOLATE DATA TO.
        235 |C        VARIABLE IEOF.NE.0 WHEN THERE ARE NO MORE GRIDS
        236 |C        TO PROCESS.
        237 |C
        238 |         CALL READCNTRL2(IEOF)
        239 |         IF(ME.EQ.0)THEN
        240 |           WRITE(STDOUT,*)'ETAPOST:  RETURN FROM READCNTRL.  ',
        241 |     1          'IEOF=',IEOF
        242 |         ENDIF
        243 |         IF (IEOF.NE.0) GOTO 20
        244 |C
        245 |C        PROCESS SELECTED FIELDS.  FOR EACH SELECTED FIELD/LEVEL
        246 |C        WE GO THROUGH THE FOLLOWING STEPS:
        247 |C           (1) COMPUTE FIELD IF NEED BE
        248 |C           (2) INTERPOLATE FROM E-GRID TO OUTPUT GRID.
        249 |C           (3) WRITE FIELD TO OUTPUT FILE IN REQUESTED FORMAT.
        250 |C
        251 |         CALL PROCESS
        252 |         IF(ME.EQ.0)THEN
        253 |           WRITE(STDOUT,*)' '
        254 |           WRITE(STDOUT,*)'ETAPOST:  PREPARE TO PROCESS NEXT GRID'
        255 |         ENDIF
        256 |C
        257 |C     PROCESS NEXT GRID.
        258 |C
        259 |      GO TO 10
        260 |C
        261 |C     ALL GRIDS PROCESSED.
        262 |C
        263 | 20   CONTINUE
        264 |      IF(ME.EQ.0)THEN
        265 |        WRITE(STDOUT,*)' '
        266 |        WRITE(STDOUT,*)'ALL GRIDS PROCESSED.'
        267 |        WRITE(STDOUT,*)' '
        268 |      ENDIF
        269 |C
        270 |      ITAG=ITAG+NPINCR
        271 | 1000 CONTINUE
        272 |C
        273 |      print*, 'ETAFLD2_tim = ',  ETAFLD2_tim*1.0e-3
        274 |      print*, 'ETA2P_tim =  ',ETA2P_tim *1.0e-3
        275 |      print*, 'SURFCE2_tim =  ',SURFCE2_tim*1.0e-3
        276 |      print*, 'CLDRAD_tim =  ',CLDRAD_tim *1.0e-3
        277 |      print*, 'MISCLN_tim = ',MISCLN_tim*1.0e-3
        278 |      print*, 'FIXED_tim = ',FIXED_tim*1.0e-3
        279 |      print*, 'Total time = ',(timef() - bbtim) * 1.0e-3
        280 |      print*, 'Time for OUTPUT = ',time_output
        281 |      print*, 'Time for E2OUT = ',time_e2out
        282 |      print*, 'Time for INITPOST = ',time_initpost
        283 |
        284 |C
        285 |C     END OF PROGRAM.
        286 |C
        287 |C
        288 |c     IF(ME.EQ.0)THEN
        289 |c       CALL W3TAGE('ETA_ETAPOST')
        290 |c     ENDIF
        291 |C
        292 |C     MPI_LAST WILL SHUTDOWN THE IO SERVER, IF IT EXISTS
        293 |C
        294 |      CALL MPI_LAST
        295 |C
        296 |C
        297 |      end if
        298 |C
        299 |C
        300 |C
        301 |      call summary()
        302 |      CALL MPI_FINALIZE(MPI_COMM_WORLD,IERR)
        303 |      STOP0
        304 |      END
 
>>>>> ATTRIBUTE AND CROSS REFERENCE SECTION <<<<<
 
 
 
IDENTIFIER NAME                  CROSS REFERENCE AND ATTRIBUTES
 
bbtim                            Static, Real(4), Offset: 0, Alignment: full word
                                 0-180.7@  0-279.42
 
cldrad_tim                       Common member, Real(4), Offset: 12, Alignment: full word
                                 0-134.58$  0-177.7@  0-276.32
 
ctlblk                           Common Block, Alignment: double word
                                 6-2.15$
 
dt                               Common member, Real(4), Offset: 48, Alignment: quadruple word
                                 6-4.8$
 
eta2p_tim                        Common member, Real(4), Offset: 4, Alignment: full word
                                 0-134.35$  0-175.7@  0-274.31
 
etafld2_tim                      Common member, Real(4), Offset: 0, Alignment: quadruple word
                                 0-134.23$  0-174.7@  0-273.34
 
etapost                          Program
                                 0-1.15$
 
first                            Common member, Real(4), Offset: 24, Alignment: double word
                                 6-3.32$
 
fixed_tim                        Common member, Real(4), Offset: 20, Alignment: full word
                                 0-135.34$  0-179.7@  0-278.30
 
icnt                             Common member, Integer(4) (0:1023), Offset: 40, Alignment: double word
                                 6-7.59$  6-11.24$
 
idat                             Common member, Integer(4) (1:3), Offset: 8, Alignment: double word
                                 6-3.18$
 
idim1                            Parameter, Integer(4)
                                 1-14.17$
 
idim2                            Parameter, Integer(4)
                                 1-14.29$
 
idn                              Common member, Integer(4), Offset: 36, Alignment: full word
                                 6-7.54$  6-10.47$
 
idsp                             Common member, Integer(4) (0:1023), Offset: 4136, Alignment: double word
                                 6-7.65$  6-11.38$
 
idtad                            Common member, Integer(4), Offset: 68, Alignment: full word
                                 6-4.35$
 
ieof                             Static, Integer(4), Offset: 0, Alignment: full word
                                 0-238.26  0-241.25  0-243.14
 
ierr                             Static, Integer(4), Offset: 0, Alignment: full word
                                 0-302.40
 
igstl                            Parameter, Integer(4)
                                 1-9.17$  1-14.23
 
igstr                            Parameter, Integer(4)
                                 1-9.26$  1-14.44
 
ihrst                            Common member, Integer(4), Offset: 20, Alignment: full word
                                 6-3.26$
 
im                               Parameter, Integer(4)
                                 1-3.18$  1-11.23  1-11.34  1-14.35  2-3.21
 
imx                              Parameter, Integer(4)
                                 2-3.17$
 
initpost                         External Subroutine
                                 0-220.12
 
inpes                            Parameter, Integer(4)
                                 1-6.17$  1-11.27  1-11.37  1-14.38
 
iounit                           Common Block, Alignment: double word
                                 5-4.15$
 
iout                             Common member, Integer(4), Offset: 44, Alignment: full word
                                 6-3.60$
 
irtn                             Static, Integer(4), Offset: 0, Alignment: full word
                                 0-197.59  0-198.59  0-199.59  0-201.38
 
ist                              Static, Real(8), Offset: 0, Alignment: double word
                                 0-138.60$  0-219.7@  0-221.47
 
itag                             Common member, Integer(4), Offset: 0, Alignment: quadruple word
                                 4-3.23$  0-194.18@  0-197.22  0-270.7@  0-270.12
 
itail                            Parameter, Integer(4)
                                 1-11.17$
 
iup                              Common member, Integer(4), Offset: 32, Alignment: quadruple word
                                 6-7.49$  6-10.42$
 
jdim1                            Parameter, Integer(4)
                                 1-15.17$
 
jdim2                            Parameter, Integer(4)
                                 1-15.29$
 
jend                             Common member, Integer(4), Offset: 12, Alignment: full word
                                 6-6.36$  6-9.45$
 
jend_2u                          Common member, Integer(4), Offset: 8236, Alignment: full word
                                 6-8.24$  6-12.33$
 
jend_m                           Common member, Integer(4), Offset: 20, Alignment: full word
                                 6-7.32$  6-9.59$
 
jend_m2                          Common member, Integer(4), Offset: 28, Alignment: full word
                                 6-7.40$  6-10.33$
 
jgstl                            Parameter, Integer(4)
                                 1-10.17$  1-15.23
 
jgstr                            Parameter, Integer(4)
                                 1-10.26$  1-15.44
 
jjt                              Common Block, Alignment: double word
                                 0-137.14$
 
jm                               Parameter, Integer(4)
                                 1-3.24$  1-12.23  1-12.34  1-15.35  2-3.28
 
jmx                              Parameter, Integer(4)
                                 2-3.24$
 
jnpes                            Parameter, Integer(4)
                                 1-6.25$  1-12.27  1-12.37  1-15.38
 
jsta                             Common member, Integer(4), Offset: 8, Alignment: double word
                                 6-6.30$  6-9.39$
 
jsta_2l                          Common member, Integer(4), Offset: 8232, Alignment: double word
                                 6-8.15$  6-12.24$
 
jsta_m                           Common member, Integer(4), Offset: 16, Alignment: quadruple word
                                 6-7.15$  6-9.51$
 
jsta_m2                          Common member, Integer(4), Offset: 24, Alignment: double word
                                 6-7.23$  6-10.24$
 
jtail                            Parameter, Integer(4)
                                 1-12.17$
 
ker                              Static, Integer(4), Offset: 0, Alignment: full word
                                 0-213.10@  0-214.16
 
lcntrl                           Common member, Integer(4), Offset: 4, Alignment: full word
                                 5-5.16$  0-212.14
 
list                             Common member, Integer(4), Offset: 40, Alignment: double word
                                 6-3.55$
 
lm                               Parameter, Integer(4)
                                 1-3.31$  2-3.47
 
lrstrt                           Common member, Integer(4), Offset: 4, Alignment: full word
                                 4-3.28$
 
lsm                              Parameter, Integer(4)
                                 1-3.37$
 
lunco                            Common member, Integer(4), Offset: 8, Alignment: double word
                                 5-5.24$  0-206.7@
 
lunll                            Common member, Integer(4), Offset: 12, Alignment: full word
                                 5-5.31$  0-207.7@
 
lunout                           Common member, Integer(4), Offset: 16, Alignment: quadruple word
                                 5-5.38$
 
max_op                           Parameter, Integer(4)
                                 3-167.29$  3-171.18$
 
me                               Common member, Integer(4), Offset: 4, Alignment: full word
                                 6-6.26$  6-9.35$  0-146.26  0-163.12  0-193.10  0-222.10  0-239.13  0-252.13  0-264.10
 
miscln_tim                       Common member, Integer(4), Offset: 16, Alignment: quadruple word
                                 0-135.23$  0-178.7@  0-277.31
 
mp_bw_lapi                       Parameter, Integer(4)
                                 3-282.28$  3-283.29$
 
mp_bw_mpi                        Parameter, Integer(4)
                                 3-282.17$  3-283.17$
 
mpe_errors_warn                  Parameter, Integer(4)
                                 3-91.56$  3-93.18$
 
mpi_2complex                     Parameter, Integer(4)
                                 3-144.17$  3-146.18$
 
mpi_2double_precision            Parameter, Integer(4)
                                 3-143.27$  3-145.31$
 
mpi_2integer                     Parameter, Integer(4)
                                 3-143.49$  3-145.56$
 
mpi_2real                        Parameter, Integer(4)
                                 3-143.17$  3-145.18$
 
mpi_address_kind                 Parameter, Integer(4)
                                 3-185.17$  3-186.18$
 
mpi_any_source                   Parameter, Integer(4)
                                 3-83.31$  3-85.35$
 
mpi_any_tag                      Parameter, Integer(4)
                                 3-84.17$  3-86.18$
 
mpi_atomic                       Parameter, Integer(4)
                                 3-191.32$  3-192.35$
 
mpi_band                         Parameter, Integer(4)
                                 3-166.17$  3-169.31$
 
mpi_barrier                      External Subroutine
                                 0-201.12
 
mpi_bcast                        External Subroutine
                                 0-197.12  0-198.12  0-199.12
 
mpi_bor                          Parameter, Integer(4)
                                 3-166.26$  3-169.42$
 
mpi_bottom                       Unknown type
                                 3-254.16$
 
mpi_bsend_overhead               Parameter, Integer(4)
                                 3-111.17$  3-112.18$
 
mpi_bxor                         Parameter, Integer(4)
                                 3-166.34$  3-169.52$
 
mpi_byte                         Parameter, Integer(4)
                                 3-114.31$  3-115.36$
 
mpi_cart                         Parameter, Integer(4)
                                 3-237.28$  3-238.30$
 
mpi_char                         Parameter, Integer(4)
                                 3-117.17$  3-122.18$
 
mpi_character                    Parameter, Integer(4)
                                 3-135.55$  3-141.49$
 
mpi_combiner_contiguous          Parameter, Integer(4)
                                 3-258.17$  3-268.18$
 
mpi_combiner_darray              Parameter, Integer(4)
                                 3-264.17$  3-273.43$
 
mpi_combiner_dup                 Parameter, Integer(4)
                                 3-257.36$  3-267.39$
 
mpi_combiner_f90_complex         Parameter, Integer(4)
                                 3-265.39$  3-274.43$
 
mpi_combiner_f90_integer         Parameter, Integer(4)
                                 3-266.17$  3-275.18$
 
mpi_combiner_f90_real            Parameter, Integer(4)
                                 3-265.17$  3-274.18$
 
mpi_combiner_hindexed            Parameter, Integer(4)
                                 3-261.47$  3-271.18$
 
mpi_combiner_hindexed_integer    Parameter, Integer(4)
                                 3-261.17$  3-270.41$
 
mpi_combiner_hvector             Parameter, Integer(4)
                                 3-260.17$  3-269.49$
 
mpi_combiner_hvector_integer     Parameter, Integer(4)
                                 3-259.37$  3-269.18$
 
mpi_combiner_indexed             Parameter, Integer(4)
                                 3-260.38$  3-270.18$
 
mpi_combiner_indexed_block       Parameter, Integer(4)
                                 3-262.17$  3-271.42$
 
mpi_combiner_named               Parameter, Integer(4)
                                 3-257.17$  3-267.18$
 
mpi_combiner_resized             Parameter, Integer(4)
                                 3-266.42$  3-275.46$
 
mpi_combiner_struct              Parameter, Integer(4)
                                 3-263.17$  3-272.49$
 
mpi_combiner_struct_integer      Parameter, Integer(4)
                                 3-262.44$  3-272.18$
 
mpi_combiner_subarray            Parameter, Integer(4)
                                 3-263.37$  3-273.18$
 
mpi_combiner_vector              Parameter, Integer(4)
                                 3-259.17$  3-268.44$
 
mpi_comm_comp                    Common member, Integer(4), Offset: 8248, Alignment: double word
                                 6-13.24$  0-149.26  0-197.45  0-198.45  0-199.45  0-201.24
 
mpi_comm_dup_fn                  Unknown type
                                 3-248.38$
 
mpi_comm_inter                   Common member, Integer(4), Offset: 8244, Alignment: full word
                                 6-12.55$  0-150.26
 
mpi_comm_null                    Parameter, Integer(4)
                                 3-173.32$  3-175.35$
 
mpi_comm_null_copy_fn            Unknown type
                                 3-248.16$
 
mpi_comm_null_delete_fn          Unknown type
                                 3-249.16$
 
mpi_comm_self                    Parameter, Integer(4)
                                 3-151.32$  3-152.35$
 
mpi_comm_world                   Parameter, Integer(4)
                                 3-151.17$  3-152.18$  0-302.25
 
mpi_complex                      Parameter, Integer(4)
                                 3-133.41$  3-139.18$
 
mpi_complex16                    Parameter, Integer(4)
                                 3-133.53$  3-139.33$
 
mpi_complex32                    Parameter, Integer(4)
                                 3-134.36$  3-140.18$
 
mpi_complex8                     Parameter, Integer(4)
                                 3-133.28$  3-138.56$
 
mpi_congruent                    Parameter, Integer(4)
                                 3-154.27$  3-155.30$
 
mpi_conversion_fn_null           Unknown type
                                 3-246.16$
 
mpi_datatype_null                Parameter, Integer(4)
                                 3-173.46$  3-175.52$
 
mpi_displacement_current         Parameter, Integer(8)
                                 3-194.37$  3-195.18$
 
mpi_distribute_block             Parameter, Integer(4)
                                 3-197.37$  3-199.40$
 
mpi_distribute_cyclic            Parameter, Integer(4)
                                 3-198.17$  3-200.18$
 
mpi_distribute_dflt_darg         Parameter, Integer(4)
                                 3-198.39$  3-200.42$
 
mpi_distribute_none              Parameter, Integer(4)
                                 3-197.17$  3-199.18$
 
mpi_double                       Parameter, Integer(4)
                                 3-119.45$  3-125.52$
 
mpi_double_complex               Parameter, Integer(4)
                                 3-134.17$  3-139.50$
 
mpi_double_precision             Parameter, Integer(4)
                                 3-132.46$  3-138.18$
 
mpi_dup_fn                       Unknown type
                                 3-247.33$
 
mpi_err_access                   Parameter, Integer(4)
                                 3-48.17$  3-71.18$
 
mpi_err_amode                    Parameter, Integer(4)
                                 3-43.47$  3-67.18$
 
mpi_err_arg                      Parameter, Integer(4)
                                 3-38.30$  3-61.34$
 
mpi_err_assert                   Parameter, Integer(4)
                                 3-53.34$  3-77.54$
 
mpi_err_bad_file                 Parameter, Integer(4)
                                 3-47.17$  3-70.41$
 
mpi_err_base                     Parameter, Integer(4)
                                 3-52.29$  3-76.33$
 
mpi_err_buffer                   Parameter, Integer(4)
                                 3-35.29$  3-57.32$
 
mpi_err_comm                     Parameter, Integer(4)
                                 3-36.29$  3-58.49$
 
mpi_err_conversion               Parameter, Integer(4)
                                 3-51.17$  3-75.18$
 
mpi_err_count                    Parameter, Integer(4)
                                 3-35.44$  3-57.50$
 
mpi_err_dims                     Parameter, Integer(4)
                                 3-38.17$  3-61.18$
 
mpi_err_disp                     Parameter, Integer(4)
                                 3-52.55$  3-77.18$
 
mpi_err_dup_datarep              Parameter, Integer(4)
                                 3-50.17$  3-74.41$
 
mpi_err_file                     Parameter, Integer(4)
                                 3-43.17$  3-66.34$
 
mpi_err_file_exists              Parameter, Integer(4)
                                 3-46.38$  3-70.18$
 
mpi_err_file_in_use              Parameter, Integer(4)
                                 3-49.35$  3-74.18$
 
mpi_err_group                    Parameter, Integer(4)
                                 3-37.30$  3-60.18$
 
mpi_err_in_status                Parameter, Integer(4)
                                 3-40.46$  3-63.18$
 
mpi_err_info                     Parameter, Integer(4)
                                 3-42.55$  3-66.18$
 
mpi_err_info_key                 Parameter, Integer(4)
                                 3-41.45$  3-64.18$
 
mpi_err_info_nokey               Parameter, Integer(4)
                                 3-42.36$  3-65.18$
 
mpi_err_info_value               Parameter, Integer(4)
                                 3-42.17$  3-64.38$
 
mpi_err_intern                   Parameter, Integer(4)
                                 3-40.31$  3-62.55$
 
mpi_err_io                       Parameter, Integer(4)
                                 3-51.36$  3-75.40$
 
mpi_err_keyval                   Parameter, Integer(4)
                                 3-55.17$  3-80.18$
 
mpi_err_lastcode                 Parameter, Integer(4)
                                 3-56.17$  3-81.18$
 
mpi_err_locktype                 Parameter, Integer(4)
                                 3-53.17$  3-77.34$
 
mpi_err_no_mem                   Parameter, Integer(4)
                                 3-54.34$  3-79.18$
 
mpi_err_no_space                 Parameter, Integer(4)
                                 3-48.32$  3-72.18$
 
mpi_err_no_such_file             Parameter, Integer(4)
                                 3-46.17$  3-69.18$
 
mpi_err_not_same                 Parameter, Integer(4)
                                 3-43.30$  3-66.50$
 
mpi_err_op                       Parameter, Integer(4)
                                 3-37.44$  3-60.35$
 
mpi_err_other                    Parameter, Integer(4)
                                 3-40.17$  3-62.38$
 
mpi_err_pending                  Parameter, Integer(4)
                                 3-41.29$  3-63.54$
 
mpi_err_quota                    Parameter, Integer(4)
                                 3-48.49$  3-72.38$
 
mpi_err_rank                     Parameter, Integer(4)
                                 3-36.42$  3-59.18$
 
mpi_err_read_only                Parameter, Integer(4)
                                 3-49.17$  3-73.18$
 
mpi_err_request                  Parameter, Integer(4)
                                 3-36.55$  3-59.34$
 
mpi_err_rma_conflict             Parameter, Integer(4)
                                 3-53.49$  3-78.18$
 
mpi_err_rma_sync                 Parameter, Integer(4)
                                 3-54.17$  3-78.42$
 
mpi_err_root                     Parameter, Integer(4)
                                 3-37.17$  3-59.53$
 
mpi_err_size                     Parameter, Integer(4)
                                 3-52.42$  3-76.49$
 
mpi_err_tag                      Parameter, Integer(4)
                                 3-36.17$  3-58.34$
 
mpi_err_topology                 Parameter, Integer(4)
                                 3-37.55$  3-60.49$
 
mpi_err_truncate                 Parameter, Integer(4)
                                 3-39.17$  3-62.18$
 
mpi_err_type                     Parameter, Integer(4)
                                 3-35.58$  3-58.18$
 
mpi_err_unknown                  Parameter, Integer(4)
                                 3-38.42$  3-61.49$
 
mpi_err_unsupported_datarep      Parameter, Integer(4)
                                 3-44.17$  3-67.35$
 
mpi_err_unsupported_operation    Parameter, Integer(4)
                                 3-45.17$  3-68.18$
 
mpi_err_win                      Parameter, Integer(4)
                                 3-52.17$  3-76.18$
 
mpi_errhandler_null              Parameter, Integer(4)
                                 3-174.46$  3-177.18$
 
mpi_error                        Parameter, Integer(4)
                                 3-88.52$  3-89.60$
 
mpi_errors_are_fatal             Parameter, Integer(4)
                                 3-91.17$  3-92.18$
 
mpi_errors_return                Parameter, Integer(4)
                                 3-91.38$  3-92.41$
 
mpi_file_null                    Parameter, Integer(4)
                                 3-179.31$  3-180.35$
 
mpi_finalize                     External Subroutine
                                 0-302.12
 
mpi_first                        External Subroutine
                                 0-172.12
 
mpi_float                        Parameter, Integer(4)
                                 3-119.35$  3-125.39$
 
mpi_graph                        Parameter, Integer(4)
                                 3-237.18$  3-238.18$
 
mpi_group_empty                  Parameter, Integer(4)
                                 3-182.17$  3-183.18$
 
mpi_group_null                   Parameter, Integer(4)
                                 3-173.17$  3-175.17$
 
mpi_host                         Parameter, Integer(4)
                                 3-158.35$  3-161.40$
 
mpi_ident                        Parameter, Integer(4)
                                 3-154.17$  3-155.18$
 
mpi_in_place                     Unknown type
                                 3-254.27$
 
mpi_info_null                    Parameter, Integer(4)
                                 3-179.17$  3-180.18$
 
mpi_int                          Parameter, Integer(4)
                                 3-118.17$  3-123.30$
 
mpi_integer                      Parameter, Integer(4)
                                 3-131.56$  3-137.18$  0-197.31  0-198.31  0-199.31
 
mpi_integer1                     Parameter, Integer(4)
                                 3-131.17$  3-136.18$
 
mpi_integer2                     Parameter, Integer(4)
                                 3-131.30$  3-136.34$
 
mpi_integer4                     Parameter, Integer(4)
                                 3-131.43$  3-136.50$
 
mpi_integer8                     Parameter, Integer(4)
                                 3-148.17$  3-149.18$
 
mpi_io                           Parameter, Integer(4)
                                 3-158.28$  3-161.31$
 
mpi_keyval_invalid               Parameter, Integer(4)
                                 3-240.17$  3-241.18$
 
mpi_land                         Parameter, Integer(4)
                                 3-166.43$  3-170.18$
 
mpi_last                         External Subroutine
                                 0-294.12
 
mpi_lastusedcode                 Parameter, Integer(4)
                                 3-160.17$  3-163.18$
 
mpi_lb                           Parameter, Integer(4)
                                 3-114.17$  3-115.18$
 
mpi_lock_exclusive               Parameter, Integer(4)
                                 3-225.17$  3-226.18$
 
mpi_lock_shared                  Parameter, Integer(4)
                                 3-225.36$  3-226.39$
 
mpi_logical                      Parameter, Integer(4)
                                 3-135.43$  3-141.34$
 
mpi_logical1                     Parameter, Integer(4)
                                 3-134.50$  3-140.35$
 
mpi_logical2                     Parameter, Integer(4)
                                 3-135.17$  3-140.51$
 
mpi_logical4                     Parameter, Integer(4)
                                 3-135.30$  3-141.18$
 
mpi_logical8                     Parameter, Integer(4)
                                 3-148.30$  3-149.34$
 
mpi_long                         Parameter, Integer(4)
                                 3-118.25$  3-123.40$
 
mpi_long_double                  Parameter, Integer(4)
                                 3-119.56$  3-126.18$
 
mpi_long_long                    Parameter, Integer(4)
                                 3-120.35$  3-127.18$
 
mpi_long_long_int                Parameter, Integer(4)
                                 3-120.17$  3-126.37$
 
mpi_lor                          Parameter, Integer(4)
                                 3-166.52$  3-170.29$
 
mpi_lxor                         Parameter, Integer(4)
                                 3-166.60$  3-170.40$
 
mpi_max                          Parameter, Integer(4)
                                 3-165.17$  3-168.18$
 
mpi_max_datarep_string           Parameter, Integer(4)
                                 3-103.35$  3-105.41$
 
mpi_max_error_string             Parameter, Integer(4)
                                 3-100.40$  3-101.45$
 
mpi_max_file_name                Parameter, Integer(4)
                                 3-103.17$  3-105.18$
 
mpi_max_info_key                 Parameter, Integer(4)
                                 3-104.17$  3-106.18$
 
mpi_max_info_val                 Parameter, Integer(4)
                                 3-104.34$  3-106.39$
 
mpi_max_object_name              Parameter, Integer(4)
                                 3-108.17$  3-109.18$
 
mpi_max_processor_name           Parameter, Integer(4)
                                 3-100.17$  3-101.18$
 
mpi_maxloc                       Parameter, Integer(4)
                                 3-165.50$  3-168.59$
 
mpi_min                          Parameter, Integer(4)
                                 3-165.25$  3-168.28$
 
mpi_minloc                       Parameter, Integer(4)
                                 3-165.61$  3-169.18$
 
mpi_mode_append                  Parameter, Integer(4)
                                 3-209.17$  3-217.18$
 
mpi_mode_create                  Parameter, Integer(4)
                                 3-210.17$  3-215.42$
 
mpi_mode_delete_on_close         Parameter, Integer(4)
                                 3-210.47$  3-219.18$
 
mpi_mode_excl                    Parameter, Integer(4)
                                 3-210.33$  3-217.44$
 
mpi_mode_nocheck                 Parameter, Integer(4)
                                 3-228.17$  3-231.18$
 
mpi_mode_noprecede               Parameter, Integer(4)
                                 3-229.17$  3-233.43$
 
mpi_mode_noput                   Parameter, Integer(4)
                                 3-228.51$  3-233.18$
 
mpi_mode_nostore                 Parameter, Integer(4)
                                 3-228.34$  3-231.45$
 
mpi_mode_nosucceed               Parameter, Integer(4)
                                 3-229.36$  3-235.18$
 
mpi_mode_rdonly                  Parameter, Integer(4)
                                 3-208.17$  3-213.18$
 
mpi_mode_rdwr                    Parameter, Integer(4)
                                 3-208.49$  3-215.18$
 
mpi_mode_sequential              Parameter, Integer(4)
                                 3-211.38$  3-223.18$
 
mpi_mode_unique_open             Parameter, Integer(4)
                                 3-211.17$  3-221.18$
 
mpi_mode_wronly                  Parameter, Integer(4)
                                 3-208.33$  3-213.45$
 
mpi_non_atomic                   Parameter, Integer(4)
                                 3-191.17$  3-192.18$
 
mpi_null_copy_fn                 Unknown type
                                 3-247.16$
 
mpi_null_delete_fn               Unknown type
                                 3-247.44$
 
mpi_offset_kind                  Parameter, Integer(4)
                                 3-188.17$  3-189.18$  3-194.20
 
mpi_op_null                      Parameter, Integer(4)
                                 3-174.34$  3-176.38$
 
mpi_order_c                      Parameter, Integer(4)
                                 3-202.17$  3-203.18$
 
mpi_order_fortran                Parameter, Integer(4)
                                 3-202.29$  3-203.32$
 
mpi_packed                       Parameter, Integer(4)
                                 3-114.40$  3-115.47$
 
mpi_pending                      Parameter, Integer(4)
                                 3-41.17$  3-63.39$
 
mpi_proc_null                    Parameter, Integer(4)
                                 3-83.17$  3-85.18$
 
mpi_prod                         Parameter, Integer(4)
                                 3-165.41$  3-168.48$
 
mpi_real                         Parameter, Integer(4)
                                 3-132.27$  3-137.46$
 
mpi_real16                       Parameter, Integer(4)
                                 3-133.17$  3-138.42$
 
mpi_real4                        Parameter, Integer(4)
                                 3-132.17$  3-137.33$
 
mpi_real8                        Parameter, Integer(4)
                                 3-132.36$  3-137.58$
 
mpi_replace                      Parameter, Integer(4)
                                 3-167.17$  3-170.52$
 
mpi_request_null                 Parameter, Integer(4)
                                 3-174.17$  3-176.18$
 
mpi_root                         Parameter, Integer(4)
                                 3-84.43$  3-86.50$
 
mpi_seek_cur                     Parameter, Integer(4)
                                 3-205.30$  3-206.33$
 
mpi_seek_end                     Parameter, Integer(4)
                                 3-205.43$  3-206.48$
 
mpi_seek_set                     Parameter, Integer(4)
                                 3-205.17$  3-206.18$
 
mpi_short                        Parameter, Integer(4)
                                 3-117.60$  3-123.18$
 
mpi_signed_char                  Parameter, Integer(4)
                                 3-117.44$  3-122.49$
 
mpi_similar                      Parameter, Integer(4)
                                 3-154.41$  3-155.46$
 
mpi_source                       Parameter, Integer(4)
                                 3-88.33$  3-89.37$
 
mpi_status_ignore                Unknown type
                                 3-255.16$
 
mpi_status_size                  Parameter, Integer(4)
                                 3-88.17$  3-89.18$
 
mpi_statuses_ignore              Unknown type
                                 3-255.34$
 
mpi_subversion                   Parameter, Integer(4)
                                 3-32.29$  3-33.32$
 
mpi_success                      Parameter, Integer(4)
                                 3-35.17$  3-57.18$
 
mpi_sum                          Parameter, Integer(4)
                                 3-165.33$  3-168.38$
 
mpi_tag                          Parameter, Integer(4)
                                 3-88.44$  3-89.50$
 
mpi_tag_ub                       Parameter, Integer(4)
                                 3-158.17$  3-161.18$
 
mpi_thread_funneled              Parameter, Integer(4)
                                 3-95.35$  3-97.38$
 
mpi_thread_multiple              Parameter, Integer(4)
                                 3-96.39$  3-98.42$
 
mpi_thread_serialized            Parameter, Integer(4)
                                 3-96.17$  3-98.18$
 
mpi_thread_single                Parameter, Integer(4)
                                 3-95.17$  3-97.18$
 
mpi_type_dup_fn                  Unknown type
                                 3-250.38$
 
mpi_type_null_copy_fn            Unknown type
                                 3-250.16$
 
mpi_type_null_delete_fn          Unknown type
                                 3-251.16$
 
mpi_typeclass_complex            Parameter, Integer(4)
                                 3-278.17$  3-280.17$
 
mpi_typeclass_integer            Parameter, Integer(4)
                                 3-277.36$  3-279.38$
 
mpi_typeclass_real               Parameter, Integer(4)
                                 3-277.17$  3-279.17$
 
mpi_ub                           Parameter, Integer(4)
                                 3-114.24$  3-115.27$
 
mpi_undefined                    Parameter, Integer(4)
                                 3-84.29$  3-86.33$
 
mpi_unequal                      Parameter, Integer(4)
                                 3-154.53$  3-156.18$
 
mpi_unsigned                     Parameter, Integer(4)
                                 3-118.53$  3-124.40$
 
mpi_unsigned_char                Parameter, Integer(4)
                                 3-117.26$  3-122.29$
 
mpi_unsigned_long                Parameter, Integer(4)
                                 3-119.17$  3-125.18$
 
mpi_unsigned_long_long           Parameter, Integer(4)
                                 3-120.49$  3-127.35$
 
mpi_unsigned_short               Parameter, Integer(4)
                                 3-118.34$  3-124.18$
 
mpi_version                      Parameter, Integer(4)
                                 3-32.17$  3-33.18$
 
mpi_wchar                        Parameter, Integer(4)
                                 3-121.17$  3-128.18$
 
mpi_win_base                     Parameter, Integer(4)
                                 3-159.17$  3-162.18$
 
mpi_win_disp_unit                Parameter, Integer(4)
                                 3-159.43$  3-162.48$
 
mpi_win_dup_fn                   Unknown type
                                 3-252.37$
 
mpi_win_null                     Parameter, Integer(4)
                                 3-179.45$  3-180.52$
 
mpi_win_null_copy_fn             Unknown type
                                 3-252.16$
 
mpi_win_null_delete_fn           Unknown type
                                 3-253.16$
 
mpi_win_size                     Parameter, Integer(4)
                                 3-159.30$  3-162.33$
 
mpi_wtick                        Real(8)
                                 3-243.14$  3-244.16$
 
mpi_wtime                        Real(8)
                                 3-243.24$  3-244.26$
 
mpi_wtime_is_global              Parameter, Integer(4)
                                 3-158.44$  3-161.51$
 
mxfld                            Parameter, Integer(4)
                                 2-3.31$
 
mxlvl                            Parameter, Integer(4)
                                 2-3.41$
 
nbc                              Common member, Integer(4), Offset: 36, Alignment: full word
                                 6-3.51$
 
nboco                            Common member, Integer(4), Offset: 72, Alignment: double word
                                 6-4.41$
 
ncp                              Common member, Integer(4), Offset: 80, Alignment: quadruple word
                                 6-4.53$
 
nddamp                           Common member, Integer(4), Offset: 60, Alignment: full word
                                 6-4.22$
 
nfcst                            Common member, Integer(4), Offset: 32, Alignment: quadruple word
                                 6-3.45$
 
nphs                             Common member, Integer(4), Offset: 84, Alignment: full word
                                 6-5.8$
 
npincr                           Static, Integer(4), Offset: 0, Alignment: full word
                                 0-194.30@  0-199.22  0-270.17
 
nprec                            Common member, Integer(4), Offset: 64, Alignment: quadruple word
                                 6-4.29$
 
nr                               Static, Integer(4), Offset: 0, Alignment: full word
                                 0-205.15@
 
nradl                            Common member, Integer(4), Offset: 92, Alignment: full word
                                 6-5.19$
 
nrads                            Common member, Integer(4), Offset: 88, Alignment: double word
                                 6-5.13$
 
nrstrt                           Static, Integer(4), Offset: 0, Alignment: full word
                                 0-194.23@  0-198.22  0-205.20
 
nshde                            Common member, Integer(4), Offset: 76, Alignment: full word
                                 6-4.47$
 
ntsd                             Common member, Integer(4), Offset: 52, Alignment: full word
                                 6-4.11$
 
ntstm                            Common member, Integer(4), Offset: 56, Alignment: double word
                                 6-4.16$
 
num_procs                        Common member, Integer(4), Offset: 0, Alignment: quadruple word
                                 6-6.15$  6-9.24$  0-147.26  0-163.20
 
num_servers                      Common member, Integer(4), Offset: 8240, Alignment: quadruple word
                                 6-12.42$  0-148.26
 
outfil                           Common Block, Alignment: double word
                                 4-3.15$
 
parallel                         Common Block, Alignment: double word
                                 6-9.15$
 
pmpi_wtick                       Real(8)
                                 3-243.34$  3-244.36$
 
pmpi_wtime                       Real(8)
                                 3-243.45$  3-244.47$
 
process                          External Subroutine
                                 0-251.15
 
readcntrl2                       External Subroutine
                                 0-238.15
 
restrt                           Common member, Real(4), Offset: 28, Alignment: full word
                                 6-3.38$
 
rstfil                           Common member, Character(13), Offset: 8, Alignment: double word
                                 4-2.20$  4-3.35$
 
rtc                              External Function Real(8)
                                 0-138.55$  0-219.13  0-221.39
 
run                              Common member, Real(4), Offset: 4, Alignment: full word
                                 6-3.14$
 
server                           External Subroutine
                                 0-165.15
 
setup_servers                    External Subroutine
                                 0-146.12
 
sigma                            Common member, Real(4), Offset: 0, Alignment: quadruple word
                                 6-3.8$
 
start                            External Subroutine
                                 0-142.12
 
stdout                           Common member, Integer(4), Offset: 0, Alignment: quadruple word
                                 5-2.15$  5-5.8$  0-223.15  0-240.18  0-253.18  0-254.18  0-265.15  0-266.15  0-267.15
 
summary                          External Subroutine
                                 0-301.12
 
surfce2_tim                      Common member, Real(4), Offset: 8, Alignment: double word
                                 0-134.45$  0-176.7@  0-275.33
 
tim_info                         Common Block, Alignment: double word
                                 0-134.14$
 
time_e2out                       Common member, Real(8), Offset: 8, Alignment: double word
                                 0-137.31$  0-138.28$  0-170.7@  0-281.35
 
time_initpost                    Static, Real(8), Offset: 0, Alignment: double word
                                 0-138.40$  0-171.7@  0-221.7@  0-221.23  0-282.38
 
time_output                      Common member, Real(8), Offset: 0, Alignment: quadruple word
                                 0-137.18$  0-138.15$  0-169.7@  0-280.36
 
timef                            External Function Real(4)
                                 0-180.15  0-279.32
 
** etapost   === End of Compilation 1 ===
 
>>>>> COMPILATION UNIT EPILOGUE SECTION <<<<<
 
FORTRAN Summary of Diagnosed Conditions
 
TOTAL   UNRECOVERABLE  SEVERE       ERROR     WARNING    INFORMATIONAL
               (U)       (S)         (E)        (W)          (I)
    0           0         0           0          0            0
 
>>>>> OPTIONS SECTION <<<<<
***   Options In Effect   ***
  
         ==  On / Off Options  ==
         CR              DBG             ESCAPE          FULLPATH
         I4              INLGLUE         NOLIBESSL       NOLIBPOSIX
         OBJECT          SOURCE          STRICT          SWAPOMP
         THREADED        UNWIND          NOZEROSIZE
  
         ==  Options Of Integer Type ==
         ALIAS_SIZE(65536)     FIXED(72)             MAXMEM(-1)
         OPTIMIZE(2)           SPILLSIZE(2000)       STACKTEMP(0)
  
  
         ==  Options Of Character Type  ==
         64(LARGETYPE)         ALIAS(STD,INTPTR)     ALIGN(BINDC(POWER),STRUCT(NATURAL))
         ARCH(PWR6)            ATTR(FULL)            AUTODBL(NONE)
         DESCRIPTOR(V1)        DIRECTIVE(IBM*,IBMT)  ENUM()
         FLAG(I,I)             FLOAT(RNDSNGL,MAF,FOLD,RNGCHK,SINGLE)
         HALT(S)               IEEE(NEAR)            INTSIZE(4)
         LANGLVL(EXTENDED)     POSITION(APPENDOLD)   REALSIZE(4)
         SAVE(ALL)             TUNE(PWR6)            UNROLL(AUTO)
         XREF(FULL)            XLF2003(NOPOLYMORPHIC,NOBOZLITARGS,NOSTOPEXCEPT,NOVOLATILE,NOAUTOREALLOC,OLDNANINF)
         XLF77(NOLEADZERO,GEDIT77,NOBLANKPAD,OLDBOZ,INTARG,INTXOR,PERSISTENT,SOFTEOF)
         XLF90(NOSIGNEDZERO,NOAUTODEALLOC,OLDPAD)
  
>>>>> SOURCE SECTION <<<<<
        305 |
 
>>>>> FILE TABLE SECTION <<<<<
 
 
                                       FILE CREATION        FROM
FILE NO   FILENAME                    DATE       TIME       FILE    LINE
     0    ETAPOST.f                   12/18/08   11:40:50
     1    /gpfs/c/nco/ops/nwprod/sorc/hiresw_post_hls.fd/parmeta
                                      12/18/08   11:40:52      0     120
     2    /gpfs/c/nco/ops/nwprod/sorc/hiresw_post_hls.fd/parmout
                                      12/18/08   11:40:52      0     121
     3    /usr/lpp/ppe.poe/include/thread64/mpif.h
                                      03/12/08   15:25:11      0     122
     4    /gpfs/c/nco/ops/nwprod/sorc/hiresw_post_hls.fd/OUTFIL.comm
                                      12/18/08   11:40:51      0     128
     5    /gpfs/c/nco/ops/nwprod/sorc/hiresw_post_hls.fd/IOUNIT.comm
                                      12/18/08   11:40:51      0     129
     6    /gpfs/c/nco/ops/nwprod/sorc/hiresw_post_hls.fd/CTLBLK.comm
                                      12/18/08   11:40:50      0     130
 
 
>>>>> COMPILATION EPILOGUE SECTION <<<<<
 
 
FORTRAN Summary of Diagnosed Conditions
 
TOTAL   UNRECOVERABLE  SEVERE       ERROR     WARNING    INFORMATIONAL
               (U)       (S)         (E)        (W)          (I)
    0           0         0           0          0            0
 
 
    Source records read.......................................     632
1501-510  Compilation successful for file ETAPOST.f.
1501-543  Object file created.
