IBM XL Fortran for AIX, V12.1 (5724-U82) Version 12.01.0000.0001 --- /gpfs/c/nco/ops/nwprod/sorc/hiresw_post_hls.fd/FRZLVL2.f 12/22/08 15:45:51
 
>>>>> OPTIONS SECTION <<<<<
***   Options In Effect   ***
  
         ==  On / Off Options  ==
         CR              DBG             ESCAPE          FULLPATH
         I4              INLGLUE         NOLIBESSL       NOLIBPOSIX
         OBJECT          SOURCE          STRICT          SWAPOMP
         THREADED        UNWIND          NOZEROSIZE
  
         ==  Options Of Integer Type ==
         ALIAS_SIZE(65536)     FIXED(72)             MAXMEM(-1)
         OPTIMIZE(2)           SPILLSIZE(2000)       STACKTEMP(0)
  
  
         ==  Options Of Character Type  ==
         64(LARGETYPE)         ALIAS(STD,INTPTR)     ALIGN(BINDC(POWER),STRUCT(NATURAL))
         ARCH(PWR6)            ATTR(FULL)            AUTODBL(NONE)
         DESCRIPTOR(V1)        DIRECTIVE(IBM*,IBMT)  ENUM()
         FLAG(I,I)             FLOAT(RNDSNGL,MAF,FOLD,RNGCHK,SINGLE)
         HALT(S)               IEEE(NEAR)            INTSIZE(4)
         LANGLVL(EXTENDED)     POSITION(APPENDOLD)   REALSIZE(4)
         SAVE(ALL)             TUNE(PWR6)            UNROLL(AUTO)
         XREF(FULL)            XLF2003(NOPOLYMORPHIC,NOBOZLITARGS,NOSTOPEXCEPT,NOVOLATILE,NOAUTOREALLOC,OLDNANINF)
         XLF77(NOLEADZERO,GEDIT77,NOBLANKPAD,OLDBOZ,INTARG,INTXOR,PERSISTENT,SOFTEOF)
         XLF90(NOSIGNEDZERO,NOAUTODEALLOC,OLDPAD)
  
>>>>> SOURCE SECTION <<<<<
          1 |      SUBROUTINE FRZLVL2(ZFRZ,RHFRZ)
          2 |C$$$  SUBPROGRAM DOCUMENTATION BLOCK
          3 |C                .      .    .
          4 |C SUBPROGRAM:    FRZLVL      COMPUTES FRZING LVL Z AND RH
          5 |C   PRGRMMR: TREADON         ORG: W/NP2      DATE: 92-12-22
          6 |C
          7 |C ABSTRACT:
          8 |C     THIS ROUTINE COMPUTES THE FREEZING LEVEL HEIGHT AND RELATIVE
          9 |C     HUMIDITY AT THIS LEVEL FOR EACH MASS POINT ON THE ETA GRID.
         10 |C     THE COMPUTED FREEZING LEVEL HEIGHT IS THE MEAN SEA LEVEL
         11 |C     HEIGHT.  AT EACH MASS POINT WE MOVE UP FROM THE SURFACE TO
         12 |C     FIND THE LAST ETA LAYER WHERE THE TEMPERATURE IS LESS THAN
         13 |C     273.16K AND THE TEMP IN THE LAYER BELOW IS ABOVE 273.16K.
         14 |C     VERTICAL INTERPOLATION IN TEMPERATURE TO THE FREEZING
         15 |C     TEMPERATURE GIVES THE FREEZING LEVEL HEIGHT.  PRESSURE AND
         16 |C     SPECIFIC HUMIDITY ARE INTERPOLATED TO THIS LEVEL AND ALONG WITH
         17 |C     THE TEMPERATURE PROVIDE THE FREEZING LEVEL RELATIVE HUMIDITY.
         18 |C     IF THE ENTIRE ATMOSPHERE IS BELOW FREEZING, THE ROUTINE
         19 |C     USES SURFACE BASED FIELDS TO COMPUTE THE RELATIVE HUMIDITY.
         20 |C
         21 |C     NOTE THAT IN POSTING FREEZING LEVEL DATA THE LFM LOOK-ALIKE FILE
         22 |C     (IE, GRID 26), WE PACK 273.15K AS THE FREEZING TEMPERATURE.  ALL
         23 |C     OTHER OUTPUT GRIDS USE 273.16K
         24 |C   .
         25 |C
         26 |C PROGRAM HISTORY LOG:
         27 |C   92-12-22  RUSS TREADON
         28 |C   93-06-10  RUSS TREADON - CORRECTED FREEZING LEVEL HEIGHTS TO BE
         29 |C                            WITH REPSECT TO MEAN SEA LEVEL, NOT
         30 |C                            ABOVE GROUND LEVEL.
         31 |C   95-03-10  MIKE BALDWIN - GET HIGHEST FREEZING LEVEL.
         32 |C   98-06-15  T BLACK      - CONVERSION FROM 1-D TO 2-D
         33 |C   98-08-17  MIKE BALDWIN - COMPUTE RH OVER ICE IF NECESSARY
         34 |C   98-12-22  MIKE BALDWIN - BACK OUT RH OVER ICE
         35 |C   98-12-22  MIKE BALDWIN - BACK OUT RH OVER ICE
         36 |C   00-01-04  JIM TUCCILLO - MPI VERSION
         37 |C   01-10-25  H CHUANG     - MODIFIED TO PROCESS HYBRID MODEL OUTPUT
         38 |C
         39 |C USAGE:    CALL FRZLVL(ZFRZ,RHFRZ)
         40 |C   INPUT ARGUMENT LIST:
         41 |C     NONE
         42 |C
         43 |C   OUTPUT ARGUMENT LIST:
         44 |C     ZFRZ     - ABOVE GROUND LEVEL FREEZING HEIGHT.
         45 |C     RHFRZ    - RELATIVE HUMIDITY AT FREEZING LEVEL.
         46 |C
         47 |C   OUTPUT FILES:
         48 |C     NONE
         49 |C
         50 |C   SUBPROGRAMS CALLED:
         51 |C     UTILITIES:
         52 |C       NONE
         53 |C     LIBRARY:
         54 |C       COMMON   -
         55 |C                  LOOPS
         56 |C                  PVRBLS
         57 |C                  MASKS
         58 |C                  MAPOT
         59 |C                  POSTVAR
         60 |C
         61 |C   ATTRIBUTES:
         62 |C     LANGUAGE: FORTRAN
         63 |C     MACHINE : CRAY C-90
         64 |C$$$
         65 |C
         66 |      use vrbls
         67 |      use extra
         68 |      use cldwtr
         69 |      use pvrbls
         70 |      use masks
         71 |C
         72 |C     INCLUDE/SET PARAMETERS.
         73 |      INCLUDE "parmeta"
  1       1 |C-------------------------------------------------------------
  1       2 |C***  SET PRIMARY GRID DIMENSIONS AND PRESSURE OUTPUT LEVELS
  1       3 |      PARAMETER (IM=89,JM=143,LM=60,LSM=39)
  1       4 |C-------------------------------------------------------------
  1       5 |C***  SET THE NUMBER OF PEs IN THE I-DIRECTION AND J-DIRECTION
  1       6 |      PARAMETER(INPES=5,JNPES=6)
  1       7 |C-------------------------------------------------------------
  1       8 |C
  1       9 |      PARAMETER(IGSTL=-5,IGSTR=5)
  1      10 |      PARAMETER(JGSTL=-5,JGSTR=5)
  1      11 |      PARAMETER(ITAIL=IM-(INPES*(IM/INPES)))
  1      12 |      PARAMETER(JTAIL=JM-(JNPES*(JM/JNPES)))
  1      13 |C
  1      14 |      PARAMETER(IDIM1=IGSTL,IDIM2=IM/INPES+IGSTR+1)
  1      15 |      PARAMETER(JDIM1=JGSTL,JDIM2=JM/JNPES+JGSTR+1)
  1      16 |C
  1      17 |C-------------------------------------------------------------
         74 |      INCLUDE "params"
  2       1 |C
  2       2 |C     ARRAY DIMENSIONS.
  2       3 |      PARAMETER	
  2       4 |     & (IMT=2*IM-1,JMT=JM/2+1)
  2       5 |      PARAMETER
  2       6 |     & (IM1=IM-1,JM2=JM-2,JAM=6+2*(JM-10)
  2       7 |     &, NINC=2*IM-1
  2       8 |     &, LM1=LM-1,LP1=LM+1
  2       9 |     &, LB=2*IM+JM-3)
  2      10 |C
  2      11 |C     SMOOTHING PARAMETERS.
  2      12 |      PARAMETER
  2      13 |     & (KSMUD=4,KSLPD=1,KSSLP=2,KSFI=2,KST=2
  2      14 |     &, KSUV=2,KSRH=2,KSAV=2,KSLI=2,KSLP=2
  2      15 |     &, SMTHA=-1.8E-4,SMTHB=16.,NSUMD=1)
  2      16 |C
  2      17 |C     DIMENSIONS FOR PROFILE OUPUT ARRAYS.
  2      18 |      PARAMETER
  2      19 |     & (NSTAT=100,NWORD=6+6*LM+9,NWORD3=NWORD-3,NWORD6=NWORD-6)
  2      20 |C
  2      21 |C     CONSTANTS.
  2      22 |      PARAMETER
  2      23 |     & (CM1=2937.4,CM2=4.9283,CM3=23.5518)
  2      24 |      PARAMETER
  2      25 |     & (D00=0.0,D1=0.1,D01=0.01,D001=0.001,D50=0.50,H999=999.
  2      26 |     &, H1=1.0,H2=2.0,H4=4.0,H99999=99999.,H1M12=1.E-12
  2      27 |     &, H1000=1000.,H1M5=1.E-5,D125=.125,D25=0.25,H100=100.
  2      28 |     &, H10000=10000.,H10E5=1.E5,CAPA=0.28589641E0
  2      29 |     &, D115=0.115,D608=0.608,D05=0.05,D0065=0.0065
  2      30 |     &, H1E2=100.,H1E4=1.E4,H1M2=1.E-2)
  2      31 |      PARAMETER
  2      32 |     & (G=9.8,RD=287.04,ROG=RD/G,GI=1./G
  2      33 |     &, OVERRC=1.75,AD05=OVERRC*D05,CFT0=OVERRC-H1
  2      34 |     &, DTR=1.745329E-2,RTD=1./DTR,ERAD=6.376E6,CP=1004.6
  2      35 |     &, RCAPA=1./CAPA,P1000=1000.E2,DP10M=110
  2      36 |     &, ELWV=2.50E6,CPDR=CP/RD,RG=1./GI,ELDR=ELWV/RD
  2      37 |     &, BETA=.00367,BTG=BETA*9.8)
  2      38 |      PARAMETER
  2      39 |     & (FMW=18.015,FMD=28.964,EPS=FMW/FMD,ONEPS=1.-EPS,TFRZ=273.16
  2      40 |     &, RDOCP=RD/CP,LHEAT=2.5E6,LHTOCP=LHEAT/CP,EPSQ2=0.2
  2      41 |     &, PQ0=379.90516,A2=17.2693882,A3=273.16,A4=35.86)
         75 |C
         76 |C     DECLARE VARIABLES.
         77 |C
         78 |      REAL RHFRZ(IM,JM),ZFRZ(IM,JM),IWSFC(IM,JM),IWM1(IM,JM)
         79 |C
         80 |C     INCLUDE COMMON BLOCKS.
         81 |      INCLUDE "LOOPS.comm"
  3       1 |C-----------------------------------------------------------------------
  3       2 |                             C O M M O N /LOOPS/
  3       3 |     & IHLA  (JAM),IHHA  (JAM),IVLA  (JAM),IVHA  (JAM),JRA   (JAM)
  3       4 |C
  3       5 |     &,LMH   (IM,JM),LMV   (IM,JM)
  3       6 |C-----------------------------------------------------------------------
         82 |      INCLUDE "MAPOT.comm"
  4       1 |C-----------------------------------------------------------------------
  4       2 |                             C O M M O N /MAPOT/
  4       3 |     & LSL,IXM,IYM
  4       4 |     &,ISHDE(99)
  4       5 |     &,R,PT,TSPH
  4       6 |     &,WBD,SBD,TLM0D,TPH0D,DLMD,DPHD,CMLD,DP30,X1P,Y1P
  4       7 |     &,DISLP,Z0SLP,SPL(LSM),ALSL(LSM)
  4       8 |     &,DETA(LM),AETA(LM),ETA(LP1),TSHDE(99)
  4       9 |     &,ERLAM0,CPHI0,SPHI0
  4      10 |     &,KUNIT,LUNIT,MUNIT,IUNIT,NUNIT
  4      11 |     &,DSG1(LM),SGML1(LM),SG1(LP1),PDTOP
  4      12 |     &,DSG2(LM),SGML2(LM),SG2(LP1)
  4      13 |C-----------------------------------------------------------------------
         83 |      INCLUDE "CTLBLK.comm"
  5       1 |C-----------------------------------------------------------------------
  5       2 |      COMMON /CTLBLK/
  5       3 |     & SIGMA,RUN,IDAT(3),IHRST,FIRST,RESTRT,NFCST,NBC,LIST,IOUT
  5       4 |     &,DT,NTSD,NTSTM,NDDAMP,NPREC,IDTAD,NBOCO,NSHDE,NCP
  5       5 |     &,NPHS,NRADS,NRADL
  5       6 |      INTEGER NUM_PROCS, ME, JSTA, JEND,
  5       7 |     &        JSTA_M, JSTA_M2, JEND_M, JEND_M2, IUP, IDN, ICNT, IDSP,
  5       8 |     &        JSTA_2L, JEND_2U
  5       9 |      COMMON /PARALLEL/NUM_PROCS, ME, JSTA, JEND, JSTA_M, JEND_M,
  5      10 |     &                 JSTA_M2, JEND_M2, IUP, IDN,
  5      11 |     &                 ICNT(0:1023), IDSP(0:1023),
  5      12 |     &                 JSTA_2L, JEND_2U, NUM_SERVERS, MPI_COMM_INTER,
  5      13 |     &                 MPI_COMM_COMP
  5      14 |C-----------------------------------------------------------------------
         84 |C
         85 |C*********************************************************************
         86 |C     START FRZLVL.
         87 |C
         88 |C
         89 |C     COMPUTE IW AT SURFACE IN CASE WE NEED TO COMPUTE RH OVER ICE
         90 |C
         91 |
         92 |        CLIMIT =1.0E-20
         93 |        IWSFC=0.
         94 |C
         95 |        DO L=2,LM
         96 |        DO J=JSTA,JEND
         97 |        DO I=1,IM
         98 |          IF (L.LE.LMH(I,J)) THEN
         99 |           IWM1(I,J)=IWSFC(I,J)
        100 |           IF(CWM(I,J,L).GT.CLIMIT) THEN
        101 |             IF(T(I,J,L).LT.258.15)THEN
        102 |               IWSFC(I,J)=1.
        103 |             ELSEIF(T(I,J,L).GE.273.15)THEN
        104 |               IWSFC(I,J)=0.
        105 |             ELSE
        106 |               IF(IWM1(I,J).EQ.1.0)IWSFC(I,J)=1.
        107 |             ENDIF
        108 |           ELSE
        109 |             IWSFC(I,J)=0.
        110 |           ENDIF
        111 |          ENDIF
        112 |        ENDDO
        113 |        ENDDO
        114 |        ENDDO
        115 |C     LOOP OVER HORIZONTAL GRID.
        116 |C
        117 |CX      ZMIN = +999999.
        118 |CX      ZMAX = -999999.
        119 |
        120 |      DO 20 J=JSTA,JEND
        121 |      DO 20 I=1,IM
        122 |         HTSFC    = FIS(I,J)*GI
        123 |         LLMH     = LMH(I,J)
        124 |         RHFRZ(I,J) = D00
        125 |         ZFRZ(I,J)  = HTSFC
        126 |C
        127 |C        FIND THE HIGHEST LAYER WHERE THE TEMPERATURE
        128 |C        CHANGES FROM ABOVE TO BELOW FREEZING.
        129 |C
        130 |         TSFC = SM(I,J)*THZ0(I,J)+(1.-SM(I,J))*THS(I,J)
        131 |         LICE=LLMH
        132 |         DO L = LLMH-1,1,-1
        133 |            IF (T(I,J,L).LE.TFRZ.AND.T(I,J,L+1).GT.TFRZ) LICE=L
        134 |         ENDDO
        135 |C
        136 |C        CHECK IF FREEZING LEVEL IS AT THE GROUND.
        137 |C
        138 |         IF (LICE.EQ.LLMH.AND.TSFC.LE.TFRZ) THEN
        139 |            ZFRZ(I,J) = HTSFC
        140 |            PSFC    = PD(I,J)+PT+PDTOP
        141 |            QSFC    = SM(I,J)*QZ0(I,J)+(1.-SM(I,J))*QS(I,J)
        142 |C
        143 |            TMT0=TSFC-273.16
        144 |            TMT15=AMIN1(TMT0,-15.)
        145 |            AI=0.008855
        146 |            BI=1.
        147 |            IF(TMT0.LT.-20.)THEN
        148 |              AI=0.007225
        149 |              BI=0.9674
        150 |            ENDIF
        151 |            QW=PQ0/PSFC
        152 |     1          *EXP(A2*(TSFC-A3)/(TSFC-A4))
        153 |            QI=QW*(BI+AI*AMIN1(TMT0,0.))
        154 |            QINT=QW*(1.-0.00032*TMT15*(TMT15+15.))
        155 |            IF(TMT0.LT.-15.)THEN
        156 |                QSAT=QI
        157 |            ELSEIF(TMT0.GE.0.)THEN
        158 |                QSAT=QINT
        159 |            ELSE
        160 |              IF(IWSFC(I,J).GT.0.0) THEN
        161 |                QSAT=QI
        162 |              ELSE
        163 |                QSAT=QINT
        164 |              ENDIF
        165 |            ENDIF
        166 |CMEB 12/22/98 SWITCH TO RH VS WATER NO MATTER WHAT
        167 |C             DELETE THIS LINE TO SWITCH BACK TO RH VS ICE
        168 |            QSAT=QW
        169 |CMEB 12/22/98 SWITCH TO RH VS WATER NO MATTER WHAT
        170 |C
        171 |            RHSFC   = QSFC/QSAT
        172 |            RHSFC   = AMAX1(0.01,RHSFC)
        173 |            RHSFC   = AMIN1(RHSFC,1.0)
        174 |            RHFRZ(I,J)= RHSFC
        175 |C
        176 |C        OTHERWISE, LOCATE THE FREEZING LEVEL ALOFT.
        177 |C
        178 |         ELSE IF (LICE.LT.LLMH) THEN
        179 |                  L=LICE
        180 |                  DELZ = D50*(ZINT(I,J,L)-ZINT(I,J,L+2))
        181 |                  ZL   = D50*(ZINT(I,J,L+1)+ZINT(I,J,L+2))
        182 |                  DELT = T(I,J,L)-T(I,J,L+1)
        183 |                  ZFRZ(I,J) = ZL+(TFRZ-T(I,J,L+1))/DELT*DELZ
        184 |C
        185 |                  DZABV = ZFRZ(I,J)-ZL
        186 |                  DELQ  = Q(I,J,L)-Q(I,J,L+1)
        187 |                  QFRZ  = Q(I,J,L+1) + DELQ/DELZ*DZABV
        188 |                  QFRZ  = AMAX1(0.0,QFRZ)
        189 |C
        190 |                  ALPL   = ALPINT(I,J,L+2)
        191 |                  ALPH   = ALPINT(I,J,L)
        192 |                  DELALP = ALPH - ALPL
        193 |                  DELZP  = ZINT(I,J,L)-ZINT(I,J,L+2)
        194 |                  DZFR   = ZFRZ(I,J) - ZINT(I,J,L+2)
        195 |                  ALPFRZ = ALPL + DELALP/DELZP*DZFR
        196 |                  PFRZ   = EXP(ALPFRZ)
        197 |                  QSFRZ  = PQ0/PFRZ
        198 |C
        199 |                  RHZ      = QFRZ/QSFRZ
        200 |                  RHZ      = AMAX1(0.01,RHZ)
        201 |                  RHZ      = AMIN1(RHZ,1.0)
        202 |                  RHFRZ(I,J) = RHZ
        203 |C
        204 |         ELSE
        205 |                  L=LICE
        206 |                  ZU      = D50*(ZINT(I,J,L)+ZINT(I,J,L+1))
        207 |                  ZL      = HTSFC
        208 |                  DELZ    = ZU-ZL
        209 |                  TSFC    = SM(I,J)*THZ0(I,J)+(1.-SM(I,J))*THS(I,J)
        210 |                  DELT    = T(I,J,L)-TSFC
        211 |                  ZFRZ(I,J) = ZL + (TFRZ-TSFC)/DELT*DELZ
        212 |C
        213 |                  DZABV   = ZFRZ(I,J)-ZL
        214 |                  QSFC    = SM(I,J)*QZ0(I,J)+(1.-SM(I,J))*QS(I,J)
        215 |                  DELQ    = Q(I,J,L)-QSFC
        216 |                  QFRZ    = QSFC + DELQ/DELZ*DZABV
        217 |                  QFRZ    = AMAX1(0.0,QFRZ)
        218 |C
        219 |                  ALPH    = ALPINT(I,J,L)
        220 |                  PSFC    = PD(I,J)+PT+PDTOP
        221 |                  ALPL    = ALOG(PSFC)
        222 |                  DELALP  = ALPH-ALPL
        223 |                  ALPFRZ  = ALPL + DELALP/DELZ*DZABV
        224 |                  PFRZ    = EXP(ALPFRZ)
        225 |                  QSFRZ   = PQ0/PFRZ
        226 |C
        227 |                  RHZ     = QFRZ/QSFRZ
        228 |                  RHZ     = AMAX1(0.01,RHZ)
        229 |                  RHZ     = AMIN1(RHZ,1.0)
        230 |                  RHFRZ(I,J)= RHZ
        231 |         ENDIF
        232 |C
        233 |C              BOUND FREEZING LEVEL RH.  FREEZING LEVEL HEIGHT IS
        234 |C              MEASURED WITH RESPECT TO MEAN SEA LEVEL.
        235 |C
        236 |               RHFRZ(I,J) = AMAX1(0.01,RHFRZ(I,J))
        237 |               RHFRZ(I,J) = AMIN1(RHFRZ(I,J),1.00)
        238 |               ZFRZ(I,J)  = AMAX1(0.0,ZFRZ(I,J))
        239 | 20   CONTINUE
        240 |C
        241 |C     END OF ROUTINE.
        242 |C
        243 |      RETURN
        244 |      END
 
>>>>> ATTRIBUTE AND CROSS REFERENCE SECTION <<<<<
 
 
 
IDENTIFIER NAME                  CROSS REFERENCE AND ATTRIBUTES
 
a2                               Parameter, Real(4)
                                 2-41.23$  0-152.22
 
a3                               Parameter, Real(4)
                                 2-41.37$  0-152.31
 
a4                               Parameter, Real(4)
                                 2-41.47$  0-152.41
 
accliq                           Allocatable, Use associated, Controlled, Real(4) (:, :), Offset: 0, Alignment: full word
                                 0-69.11$
 
acprec                           Allocatable, Use associated, Controlled, Real(4) (:, :), Offset: 0, Alignment: full word
                                 0-69.11$
 
ad05                             Parameter, Real(4)
                                 2-33.21$
 
aeta                             Common member, Real(4) (1:60), Offset: 1020, Alignment: full word
                                 4-8.17$
 
ai                               Static, Real(4), Offset: 0, Alignment: full word
                                 0-145.13@  0-148.15@  0-153.23
 
akhs                             Allocatable, Use associated, Controlled, Real(4) (:, :), Offset: 0, Alignment: full word
                                 0-69.11$
 
akms                             Allocatable, Use associated, Controlled, Real(4) (:, :), Offset: 0, Alignment: full word
                                 0-69.11$
 
alog                             Pure Intrinsic Real(4)
                                 0-221.29
 
alpfrz                           Static, Real(4), Offset: 0, Alignment: full word
                                 0-195.19@  0-196.32  0-223.19@  0-224.33
 
alph                             Static, Real(4), Offset: 0, Alignment: full word
                                 0-191.19@  0-192.28  0-219.19@  0-222.29
 
alpint                           Allocatable, Use associated, Controlled, Real(4) (:, :, :), Offset: 0, Alignment: full word
                                 0-67.11$  0-190.28  0-191.28  0-219.29
 
alpl                             Static, Real(4), Offset: 0, Alignment: full word
                                 0-190.19@  0-192.35  0-195.28  0-221.19@  0-222.34  0-223.29
 
alsl                             Common member, Real(4) (1:39), Offset: 624, Alignment: quadruple word
                                 4-7.29$
 
amax1                            Pure Intrinsic Real(4)
                                 0-172.23  0-188.27  0-200.30  0-217.29  0-228.29  0-236.29  0-238.29
 
amin1                            Pure Intrinsic Real(4)
                                 0-144.19  0-153.26  0-173.23  0-201.30  0-229.29  0-237.29
 
beta                             Parameter, Real(4)
                                 2-37.9$  2-37.25
 
bi                               Static, Real(4), Offset: 0, Alignment: full word
                                 0-146.13@  0-149.15@  0-153.20
 
btg                              Parameter, Real(4)
                                 2-37.21$
 
capa                             Parameter, Real(4)
                                 2-28.34$  2-35.18
 
cft0                             Parameter, Real(4)
                                 2-33.37$
 
cldefi                           Allocatable, Use associated, Controlled, Real(4) (:, :), Offset: 0, Alignment: full word
                                 0-69.11$
 
cldwtr                           Use associated, Nonintrinsic Module
                                 0-68.11$  0-68.11
 
climit                           Static, Real(4), Offset: 0, Alignment: full word
                                 0-92.9@  0-100.29
 
cm1                              Parameter, Real(4)
                                 2-23.9$
 
cm2                              Parameter, Real(4)
                                 2-23.20$
 
cm3                              Parameter, Real(4)
                                 2-23.31$
 
cmld                             Common member, Real(4), Offset: 444, Alignment: full word
                                 4-6.38$
 
cp                               Parameter, Real(4)
                                 2-34.49$  2-36.26  2-40.18  2-40.46
 
cpdr                             Parameter, Real(4)
                                 2-36.21$
 
cphi0                            Common member, Real(4), Offset: 1904, Alignment: quadruple word
                                 4-9.15$
 
ctlblk                           Common Block, Alignment: double word
                                 5-2.15$
 
cuprec                           Allocatable, Use associated, Controlled, Real(4) (:, :), Offset: 0, Alignment: full word
                                 0-69.11$
 
cwm                              Allocatable, Use associated, Controlled, Real(4) (:, :, :), Offset: 0, Alignment: full word
                                 0-68.11$  0-100.15
 
d00                              Parameter, Real(4)
                                 2-25.9$  0-124.23
 
d001                             Parameter, Real(4)
                                 2-25.33$
 
d0065                            Parameter, Real(4)
                                 2-29.40$
 
d01                              Parameter, Real(4)
                                 2-25.24$
 
d05                              Parameter, Real(4)
                                 2-29.31$  2-33.33
 
d1                               Parameter, Real(4)
                                 2-25.17$
 
d115                             Parameter, Real(4)
                                 2-29.9$
 
d125                             Parameter, Real(4)
                                 2-27.32$
 
d25                              Parameter, Real(4)
                                 2-27.42$
 
d50                              Parameter, Real(4)
                                 2-25.44$  0-180.26  0-181.26  0-206.29
 
d608                             Parameter, Real(4)
                                 2-29.20$
 
delalp                           Static, Real(4), Offset: 0, Alignment: full word
                                 0-192.19@  0-195.35  0-222.19@  0-223.36
 
delq                             Static, Real(4), Offset: 0, Alignment: full word
                                 0-186.19@  0-187.40  0-215.19@  0-216.36
 
delt                             Static, Real(4), Offset: 0, Alignment: full word
                                 0-182.19@  0-183.52  0-210.19@  0-211.48
 
delz                             Static, Real(4), Offset: 0, Alignment: full word
                                 0-180.19@  0-183.57  0-187.45  0-208.19@  0-211.53  0-216.41  0-223.43
 
delzp                            Static, Real(4), Offset: 0, Alignment: full word
                                 0-193.19@  0-195.42
 
deta                             Common member, Real(4) (1:60), Offset: 780, Alignment: full word
                                 4-8.8$
 
dislp                            Common member, Real(4), Offset: 460, Alignment: full word
                                 4-7.8$
 
dlmd                             Common member, Real(4), Offset: 436, Alignment: full word
                                 4-6.28$
 
dp10m                            Parameter, Real(4)
                                 2-35.37$
 
dp30                             Common member, Real(4), Offset: 448, Alignment: quadruple word
                                 4-6.43$
 
dphd                             Common member, Real(4), Offset: 440, Alignment: double word
                                 4-6.33$
 
dsg1                             Common member, Real(4) (1:60), Offset: 1932, Alignment: full word
                                 4-11.8$
 
dsg2                             Common member, Real(4) (1:60), Offset: 2660, Alignment: full word
                                 4-12.8$
 
dt                               Common member, Real(4), Offset: 48, Alignment: quadruple word
                                 5-4.8$
 
dtr                              Parameter, Real(4)
                                 2-34.9$  2-34.32
 
dwdt                             Allocatable, Use associated, Controlled, Real(4) (:, :, :), Offset: 0, Alignment: full word
                                 0-66.11$
 
dzabv                            Static, Real(4), Offset: 0, Alignment: full word
                                 0-185.19@  0-187.50  0-213.19@  0-216.46  0-223.48
 
dzfr                             Static, Real(4), Offset: 0, Alignment: full word
                                 0-194.19@  0-195.48
 
eldr                             Parameter, Real(4)
                                 2-36.41$
 
elwv                             Parameter, Real(4)
                                 2-36.9$  2-36.46
 
eps                              Parameter, Real(4)
                                 2-39.31$  2-39.52
 
epsq2                            Parameter, Real(4)
                                 2-40.49$
 
erad                             Parameter, Real(4)
                                 2-34.36$
 
erlam0                           Common member, Real(4), Offset: 1900, Alignment: full word
                                 4-9.8$
 
eta                              Common member, Real(4) (1:61), Offset: 1260, Alignment: full word
                                 4-8.26$
 
exp                              Pure Intrinsic
                                 0-152.18  0-196.28  0-224.29
 
extra                            Use associated, Nonintrinsic Module
                                 0-67.11$  0-67.11
 
first                            Common member, Real(4), Offset: 24, Alignment: double word
                                 5-3.32$
 
fis                              Allocatable, Use associated, Controlled, Real(4) (:, :), Offset: 0, Alignment: full word
                                 0-66.11$  0-122.21
 
fmd                              Parameter, Real(4)
                                 2-39.20$  2-39.39
 
fmw                              Parameter, Real(4)
                                 2-39.9$  2-39.35
 
frzlvl2                          Subroutine
                                 0-1.18$
 
fsl                              Allocatable, Use associated, Controlled, Real(4) (:, :), Offset: 0, Alignment: full word
                                 0-67.11$
 
g                                Parameter, Real(4)
                                 2-32.9$  2-32.32  2-32.40
 
gi                               Parameter, Real(4)
                                 2-32.34$  0-122.30  2-36.38
 
h1                               Parameter, Real(4)
                                 2-26.9$  2-33.49
 
h100                             Parameter, Real(4)
                                 2-27.51$
 
h1000                            Parameter, Real(4)
                                 2-27.9$
 
h10000                           Parameter, Real(4)
                                 2-28.9$
 
h10e5                            Parameter, Real(4)
                                 2-28.23$
 
h1e2                             Parameter, Real(4)
                                 2-30.9$
 
h1e4                             Parameter, Real(4)
                                 2-30.19$
 
h1m12                            Parameter, Real(4)
                                 2-26.44$
 
h1m2                             Parameter, Real(4)
                                 2-30.29$
 
h1m5                             Parameter, Real(4)
                                 2-27.21$
 
h2                               Parameter, Real(4)
                                 2-26.16$
 
h4                               Parameter, Real(4)
                                 2-26.23$
 
h999                             Parameter, Real(4)
                                 2-25.53$
 
h99999                           Parameter, Real(4)
                                 2-26.30$
 
hbm2                             Allocatable, Use associated, Controlled, Real(4) (:, :), Offset: 0, Alignment: full word
                                 0-70.11$
 
htm                              Allocatable, Use associated, Controlled, Real(4) (:, :, :), Offset: 0, Alignment: full word
                                 0-70.11$
 
htsfc                            Static, Real(4), Offset: 0, Alignment: full word
                                 0-122.10@  0-125.23  0-139.25  0-207.29
 
i                                Static, Integer(4), Offset: 0, Alignment: full word
                                 0-97.12@  0-98.24  0-99.17  0-99.28  0-100.19  0-101.19  0-102.22  0-103.23  0-104.22  0-106.24
                                 0-106.42  0-109.20  0-121.13@  0-122.25  0-123.25  0-124.16  0-125.15  0-130.20  0-130.30  0-130.42
                                 0-130.52  0-133.19  0-133.40  0-139.18  0-140.26  0-141.26  0-141.35  0-141.47  0-141.56  0-160.24
                                 0-174.19  0-180.36  0-180.48  0-181.36  0-181.50  0-182.28  0-182.37  0-183.24  0-183.42  0-185.32
                                 0-186.29  0-186.38  0-187.29  0-190.35  0-191.35  0-193.33  0-193.45  0-194.33  0-194.45  0-202.25
                                 0-206.39  0-206.51  0-209.32  0-209.42  0-209.54  0-209.64  0-210.31  0-211.24  0-213.34  0-214.32
                                 0-214.41  0-214.53  0-214.62  0-215.31  0-219.36  0-220.32  0-230.25  0-236.22  0-236.46  0-237.22
                                 0-237.41  0-238.21  0-238.44
 
icnt                             Common member, Integer(4) (0:1023), Offset: 40, Alignment: double word
                                 5-7.59$  5-11.24$
 
idat                             Common member, Integer(4) (1:3), Offset: 8, Alignment: double word
                                 5-3.18$
 
idim1                            Parameter, Integer(4)
                                 1-14.17$
 
idim2                            Parameter, Integer(4)
                                 1-14.29$
 
idn                              Common member, Integer(4), Offset: 36, Alignment: full word
                                 5-7.54$  5-10.47$
 
idsp                             Common member, Integer(4) (0:1023), Offset: 4136, Alignment: double word
                                 5-7.65$  5-11.38$
 
idtad                            Common member, Integer(4), Offset: 68, Alignment: full word
                                 5-4.35$
 
igstl                            Parameter, Integer(4)
                                 1-9.17$  1-14.23
 
igstr                            Parameter, Integer(4)
                                 1-9.26$  1-14.44
 
ihha                             Common member, Integer(4) (1:272), Offset: 1088, Alignment: quadruple word
                                 3-3.20$
 
ihla                             Common member, Integer(4) (1:272), Offset: 0, Alignment: quadruple word
                                 3-3.8$
 
ihrst                            Common member, Integer(4), Offset: 20, Alignment: full word
                                 5-3.26$
 
im                               Parameter, Integer(4)
                                 1-3.18$  0-78.18  0-78.30  0-78.43  0-78.55  0-97.16  0-121.17  1-11.23  1-11.34  1-14.35  2-4.15
                                 2-6.13  2-7.16  2-9.14  3-5.15  3-5.29
 
im1                              Parameter, Integer(4)
                                 2-6.9$
 
imt                              Parameter, Integer(4)
                                 2-4.9$
 
inpes                            Parameter, Integer(4)
                                 1-6.17$  1-11.27  1-11.37  1-14.38
 
iout                             Common member, Integer(4), Offset: 44, Alignment: full word
                                 5-3.60$
 
ishde                            Common member, Integer(4) (1:99), Offset: 12, Alignment: full word
                                 4-4.8$
 
itail                            Parameter, Integer(4)
                                 1-11.17$
 
iunit                            Common member, Integer(4), Offset: 1924, Alignment: full word
                                 4-10.26$
 
iup                              Common member, Integer(4), Offset: 32, Alignment: quadruple word
                                 5-7.49$  5-10.42$
 
ivha                             Common member, Integer(4) (1:272), Offset: 3264, Alignment: quadruple word
                                 3-3.44$
 
ivla                             Common member, Integer(4) (1:272), Offset: 2176, Alignment: quadruple word
                                 3-3.32$
 
iwm1                             Static, Real(4) (1:89, 1:143), Offset: 0, Alignment: full word
                                 0-78.50$  0-99.12@  0-106.19
 
iwsfc                            Static, Real(4) (1:89, 1:143), Offset: 0, Alignment: full word
                                 0-78.37$  0-93.9@  0-99.22  0-102.16@  0-104.16@  0-106.36@  0-109.14@  0-160.18
 
ixm                              Common member, Integer(4), Offset: 4, Alignment: full word
                                 4-3.12$
 
iym                              Common member, Integer(4), Offset: 8, Alignment: double word
                                 4-3.16$
 
j                                Static, Integer(4), Offset: 0, Alignment: full word
                                 0-96.12@  0-98.26  0-99.19  0-99.30  0-100.21  0-101.21  0-102.24  0-103.25  0-104.24  0-106.26
                                 0-106.44  0-109.22  0-120.13@  0-122.27  0-123.27  0-124.18  0-125.17  0-130.22  0-130.32  0-130.44
                                 0-130.54  0-133.21  0-133.42  0-139.20  0-140.28  0-141.28  0-141.37  0-141.49  0-141.58  0-160.26
                                 0-174.21  0-180.38  0-180.50  0-181.38  0-181.52  0-182.30  0-182.39  0-183.26  0-183.44  0-185.34
                                 0-186.31  0-186.40  0-187.31  0-190.37  0-191.37  0-193.35  0-193.47  0-194.35  0-194.47  0-202.27
                                 0-206.41  0-206.53  0-209.34  0-209.44  0-209.56  0-209.66  0-210.33  0-211.26  0-213.36  0-214.34
                                 0-214.43  0-214.55  0-214.64  0-215.33  0-219.38  0-220.34  0-230.27  0-236.24  0-236.48  0-237.24
                                 0-237.43  0-238.23  0-238.46
 
jam                              Parameter, Integer(4)
                                 2-6.27$  3-3.15  3-3.27  3-3.39  3-3.51  3-3.63
 
jdim1                            Parameter, Integer(4)
                                 1-15.17$
 
jdim2                            Parameter, Integer(4)
                                 1-15.29$
 
jend                             Common member, Integer(4), Offset: 12, Alignment: full word
                                 5-6.36$  5-9.45$  0-96.19  0-120.20
 
jend_2u                          Common member, Integer(4), Offset: 8236, Alignment: full word
                                 5-8.24$  5-12.33$
 
jend_m                           Common member, Integer(4), Offset: 20, Alignment: full word
                                 5-7.32$  5-9.59$
 
jend_m2                          Common member, Integer(4), Offset: 28, Alignment: full word
                                 5-7.40$  5-10.33$
 
jgstl                            Parameter, Integer(4)
                                 1-10.17$  1-15.23
 
jgstr                            Parameter, Integer(4)
                                 1-10.26$  1-15.44
 
jm                               Parameter, Integer(4)
                                 1-3.24$  0-78.21  0-78.33  0-78.46  0-78.58  1-12.23  1-12.34  1-15.35  2-4.24  2-6.22  2-6.36
                                 2-9.17  3-5.18  3-5.32
 
jm2                              Parameter, Integer(4)
                                 2-6.18$
 
jmt                              Parameter, Integer(4)
                                 2-4.20$
 
jnpes                            Parameter, Integer(4)
                                 1-6.25$  1-12.27  1-12.37  1-15.38
 
jra                              Common member, Integer(4) (1:272), Offset: 4352, Alignment: quadruple word
                                 3-3.56$
 
jsta                             Common member, Integer(4), Offset: 8, Alignment: double word
                                 5-6.30$  5-9.39$  0-96.14  0-120.15
 
jsta_2l                          Common member, Integer(4), Offset: 8232, Alignment: double word
                                 5-8.15$  5-12.24$
 
jsta_m                           Common member, Integer(4), Offset: 16, Alignment: quadruple word
                                 5-7.15$  5-9.51$
 
jsta_m2                          Common member, Integer(4), Offset: 24, Alignment: double word
                                 5-7.23$  5-10.24$
 
jtail                            Parameter, Integer(4)
                                 1-12.17$
 
kmnt                             Allocatable, Use associated, Controlled, Real(4) (:, :), Offset: 0, Alignment: full word
                                 0-67.11$
 
kmntm                            Allocatable, Use associated, Controlled, Real(4) (:), Offset: 0, Alignment: full word
                                 0-67.11$
 
ksav                             Parameter, Integer(4)
                                 2-14.23$
 
ksfi                             Parameter, Integer(4)
                                 2-13.33$
 
ksli                             Parameter, Integer(4)
                                 2-14.30$
 
kslp                             Parameter, Integer(4)
                                 2-14.37$
 
kslpd                            Parameter, Integer(4)
                                 2-13.17$
 
ksmud                            Parameter, Integer(4)
                                 2-13.9$
 
ksrh                             Parameter, Integer(4)
                                 2-14.16$
 
ksslp                            Parameter, Integer(4)
                                 2-13.25$
 
kst                              Parameter, Integer(4)
                                 2-13.40$
 
ksuv                             Parameter, Integer(4)
                                 2-14.9$
 
kunit                            Common member, Integer(4), Offset: 1912, Alignment: double word
                                 4-10.8$
 
l                                Static, Integer(4), Offset: 0, Alignment: full word
                                 0-95.12@  0-98.15  0-100.23  0-101.23  0-103.27  0-132.13@  0-133.23  0-133.44  0-133.63  0-179.19@
                                 0-180.40  0-180.52  0-181.40  0-181.54  0-182.32  0-182.41  0-183.46  0-186.33  0-186.42  0-187.33
                                 0-190.39  0-191.39  0-193.37  0-193.49  0-194.49  0-205.19@  0-206.43  0-206.55  0-210.35  0-215.35
                                 0-219.40
 
lb                               Parameter, Integer(4)
                                 2-9.9$
 
lc                               Allocatable, Use associated, Controlled, Real(4) (:, :), Offset: 0, Alignment: full word
                                 0-68.11$
 
lheat                            Parameter, Integer(4)
                                 2-40.21$  2-40.40
 
lhtocp                           Parameter, Integer(4)
                                 2-40.33$
 
lice                             Static, Integer(4), Offset: 0, Alignment: full word
                                 0-131.10@  0-133.58@  0-138.14  0-178.19  0-179.21  0-205.21
 
list                             Common member, Integer(4), Offset: 40, Alignment: double word
                                 5-3.55$
 
llmh                             Static, Integer(4), Offset: 0, Alignment: full word
                                 0-123.10@  0-131.15  0-132.17  0-138.22  0-178.27
 
lm                               Parameter, Integer(4)
                                 1-3.31$  0-95.16  2-8.13  2-8.22  2-19.29  4-8.13  4-8.22  4-11.13  4-11.23  4-12.13  4-12.23
 
lm1                              Parameter, Integer(4)
                                 2-8.9$
 
lmh                              Common member, Integer(4) (1:89, 1:143), Offset: 5440, Alignment: quadruple word
                                 3-5.8$  0-98.20  0-123.21
 
lmv                              Common member, Integer(4) (1:89, 1:143), Offset: 56348, Alignment: full word
                                 3-5.22$
 
loops                            Common Block, Alignment: double word
                                 3-2.43$
 
lp1                              Parameter, Integer(4)
                                 2-8.18$  4-8.30  4-11.31  4-12.31
 
lsl                              Common member, Integer(4), Offset: 0, Alignment: quadruple word
                                 4-3.8$
 
lsm                              Parameter, Integer(4)
                                 1-3.37$  4-7.24  4-7.34
 
lunit                            Common member, Integer(4), Offset: 1916, Alignment: full word
                                 4-10.14$
 
mapot                            Common Block, Alignment: double word
                                 4-2.43$
 
masks                            Use associated, Nonintrinsic Module
                                 0-70.11$  0-70.11
 
me                               Common member, Integer(4), Offset: 4, Alignment: full word
                                 5-6.26$  5-9.35$
 
mpi_comm_comp                    Common member, Integer(4), Offset: 8248, Alignment: double word
                                 5-13.24$
 
mpi_comm_inter                   Common member, Integer(4), Offset: 8244, Alignment: full word
                                 5-12.55$
 
munit                            Common member, Integer(4), Offset: 1920, Alignment: quadruple word
                                 4-10.20$
 
nbc                              Common member, Integer(4), Offset: 36, Alignment: full word
                                 5-3.51$
 
nboco                            Common member, Integer(4), Offset: 72, Alignment: double word
                                 5-4.41$
 
ncp                              Common member, Integer(4), Offset: 80, Alignment: quadruple word
                                 5-4.53$
 
nddamp                           Common member, Integer(4), Offset: 60, Alignment: full word
                                 5-4.22$
 
nfcst                            Common member, Integer(4), Offset: 32, Alignment: quadruple word
                                 5-3.45$
 
ninc                             Parameter, Integer(4)
                                 2-7.9$
 
nphs                             Common member, Integer(4), Offset: 84, Alignment: full word
                                 5-5.8$
 
nprec                            Common member, Integer(4), Offset: 64, Alignment: quadruple word
                                 5-4.29$
 
nradl                            Common member, Integer(4), Offset: 92, Alignment: full word
                                 5-5.19$
 
nrads                            Common member, Integer(4), Offset: 88, Alignment: double word
                                 5-5.13$
 
nshde                            Common member, Integer(4), Offset: 76, Alignment: full word
                                 5-4.47$
 
nstat                            Parameter, Integer(4)
                                 2-19.9$
 
nsumd                            Parameter, Integer(4)
                                 2-15.33$
 
ntsd                             Common member, Integer(4), Offset: 52, Alignment: full word
                                 5-4.11$
 
ntstm                            Common member, Integer(4), Offset: 56, Alignment: double word
                                 5-4.16$
 
num_procs                        Common member, Integer(4), Offset: 0, Alignment: quadruple word
                                 5-6.15$  5-9.24$
 
num_servers                      Common member, Integer(4), Offset: 8240, Alignment: quadruple word
                                 5-12.42$
 
nunit                            Common member, Integer(4), Offset: 1928, Alignment: double word
                                 4-10.32$
 
nword                            Parameter, Integer(4)
                                 2-19.19$  2-19.41  2-19.56
 
nword3                           Parameter, Integer(4)
                                 2-19.34$
 
nword6                           Parameter, Integer(4)
                                 2-19.49$
 
oldrd                            Use associated, Static, Logical(4), Offset: 0, Alignment: quadruple word
                                 0-67.11$
 
oneps                            Parameter, Real(4)
                                 2-39.43$
 
overrc                           Parameter, Real(4)
                                 2-33.9$  2-33.26  2-33.42
 
p1000                            Parameter, Real(4)
                                 2-35.23$
 
parallel                         Common Block, Alignment: double word
                                 5-9.15$
 
pd                               Allocatable, Use associated, Controlled, Real(4) (:, :), Offset: 0, Alignment: full word
                                 0-66.11$  0-140.23  0-220.29
 
pdsl                             Allocatable, Use associated, Controlled, Real(4) (:, :), Offset: 0, Alignment: full word
                                 0-67.11$
 
pdtop                            Common member, Real(4), Offset: 2656, Alignment: quadruple word
                                 4-11.36$  0-140.34  0-220.40
 
pdvp1                            Allocatable, Use associated, Controlled, Real(4) (:, :), Offset: 0, Alignment: full word
                                 0-67.11$
 
pfrz                             Static, Real(4), Offset: 0, Alignment: full word
                                 0-196.19@  0-197.32  0-224.19@  0-225.33
 
pfsl                             Allocatable, Use associated, Controlled, Real(4) (:, :), Offset: 0, Alignment: full word
                                 0-67.11$
 
pint                             Allocatable, Use associated, Controlled, Real(4) (:, :, :), Offset: 0, Alignment: full word
                                 0-67.11$
 
pq0                              Parameter, Real(4)
                                 2-41.9$  0-151.16  0-197.28  0-225.29
 
prec                             Allocatable, Use associated, Controlled, Real(4) (:, :), Offset: 0, Alignment: full word
                                 0-69.11$
 
psfc                             Static, Real(4), Offset: 0, Alignment: full word
                                 0-140.13@  0-151.20  0-220.19@  0-221.34
 
pslp                             Allocatable, Use associated, Controlled, Real(4) (:, :), Offset: 0, Alignment: full word
                                 0-67.11$
 
pt                               Common member, Real(4), Offset: 412, Alignment: full word
                                 4-5.10$  0-140.31  0-220.37
 
ptsl                             Allocatable, Use associated, Controlled, Real(4) (:, :), Offset: 0, Alignment: full word
                                 0-67.11$
 
pvrbls                           Use associated, Nonintrinsic Module
                                 0-69.11$  0-69.11
 
q                                Allocatable, Use associated, Controlled, Real(4) (:, :, :), Offset: 0, Alignment: full word
                                 0-66.11$  0-186.27  0-186.36  0-187.27  0-215.29
 
q2                               Allocatable, Use associated, Controlled, Real(4) (:, :, :), Offset: 0, Alignment: full word
                                 0-69.11$
 
qfrz                             Static, Real(4), Offset: 0, Alignment: full word
                                 0-187.19@  0-188.19@  0-188.37  0-199.30  0-216.19@  0-217.19@  0-217.39  0-227.29
 
qi                               Static, Real(4), Offset: 0, Alignment: full word
                                 0-153.13@  0-156.22  0-161.22
 
qint                             Static, Real(4), Offset: 0, Alignment: full word
                                 0-154.13@  0-158.22  0-163.22
 
qs                               Allocatable, Use associated, Controlled, Real(4) (:, :), Offset: 0, Alignment: full word
                                 0-69.11$  0-141.53  0-214.59
 
qsat                             Static, Real(4), Offset: 0, Alignment: full word
                                 0-156.17@  0-158.17@  0-161.17@  0-163.17@  0-168.13@  0-171.28
 
qsfc                             Static, Real(4), Offset: 0, Alignment: full word
                                 0-141.13@  0-171.23  0-214.19@  0-215.38  0-216.29
 
qsfrz                            Static, Real(4), Offset: 0, Alignment: full word
                                 0-197.19@  0-199.35  0-225.19@  0-227.34
 
qsl                              Allocatable, Use associated, Controlled, Real(4) (:, :), Offset: 0, Alignment: full word
                                 0-67.11$
 
qw                               Static, Real(4), Offset: 0, Alignment: full word
                                 0-151.13@  0-153.16  0-154.18  0-168.18
 
qwbs                             Allocatable, Use associated, Controlled, Real(4) (:, :), Offset: 0, Alignment: full word
                                 0-69.11$
 
qz0                              Allocatable, Use associated, Controlled, Real(4) (:, :), Offset: 0, Alignment: full word
                                 0-69.11$  0-141.31  0-214.37
 
r                                Common member, Real(4), Offset: 408, Alignment: double word
                                 4-5.8$
 
rcapa                            Parameter, Real(4)
                                 2-35.9$
 
rd                               Parameter, Real(4)
                                 2-32.15$  2-32.29  2-36.29  2-36.51  2-40.15
 
rdocp                            Parameter, Real(4)
                                 2-40.9$
 
res                              Allocatable, Use associated, Controlled, Real(4) (:, :), Offset: 0, Alignment: full word
                                 0-66.11$
 
restrt                           Common member, Real(4), Offset: 28, Alignment: full word
                                 5-3.38$
 
rf                               Allocatable, Use associated, Controlled, Real(4) (:, :), Offset: 0, Alignment: full word
                                 0-69.11$
 
rg                               Parameter, Real(4)
                                 2-36.32$
 
rhfrz                            Reference argument, Real(4) (1:89, 1:143), Offset: 0, Alignment: full word
                                 0-78.12$  0-1.31  0-124.10@  0-174.13@  0-202.19@  0-230.19@  0-236.16@  0-236.40  0-237.16@
                                 0-237.35
 
rhsfc                            Static, Real(4), Offset: 0, Alignment: full word
                                 0-171.13@  0-172.13@  0-172.34  0-173.13@  0-173.29  0-174.25
 
rhz                              Static, Real(4), Offset: 0, Alignment: full word
                                 0-199.19@  0-200.19@  0-200.41  0-201.19@  0-201.36  0-202.32  0-227.19@  0-228.19@  0-228.40
                                 0-229.19@  0-229.35  0-230.31
 
rog                              Parameter, Real(4)
                                 2-32.25$
 
rtd                              Parameter, Real(4)
                                 2-34.25$
 
run                              Common member, Real(4), Offset: 4, Alignment: full word
                                 5-3.14$
 
sbd                              Common member, Real(4), Offset: 424, Alignment: double word
                                 4-6.12$
 
sg1                              Common member, Real(4) (1:61), Offset: 2412, Alignment: full word
                                 4-11.27$
 
sg2                              Common member, Real(4) (1:61), Offset: 3140, Alignment: full word
                                 4-12.27$
 
sgml1                            Common member, Real(4) (1:60), Offset: 2172, Alignment: full word
                                 4-11.17$
 
sgml2                            Common member, Real(4) (1:60), Offset: 2900, Alignment: full word
                                 4-12.17$
 
si                               Allocatable, Use associated, Controlled, Real(4) (:, :), Offset: 0, Alignment: full word
                                 0-69.11$
 
sice                             Allocatable, Use associated, Controlled, Real(4) (:, :), Offset: 0, Alignment: full word
                                 0-70.11$
 
sigma                            Common member, Real(4), Offset: 0, Alignment: quadruple word
                                 5-3.8$
 
slp                              Allocatable, Use associated, Controlled, Real(4) (:, :), Offset: 0, Alignment: full word
                                 0-67.11$
 
sm                               Allocatable, Use associated, Controlled, Real(4) (:, :), Offset: 0, Alignment: full word
                                 0-70.11$  0-130.17  0-130.39  0-141.23  0-141.44  0-209.29  0-209.51  0-214.29  0-214.50
 
smtha                            Parameter, Real(4)
                                 2-15.9$
 
smthb                            Parameter, Real(4)
                                 2-15.23$
 
sno                              Allocatable, Use associated, Controlled, Real(4) (:, :), Offset: 0, Alignment: full word
                                 0-69.11$
 
sphi0                            Common member, Real(4), Offset: 1908, Alignment: full word
                                 4-9.21$
 
spl                              Common member, Real(4) (1:39), Offset: 468, Alignment: full word
                                 4-7.20$
 
sr                               Allocatable, Use associated, Controlled, Real(4) (:, :), Offset: 0, Alignment: full word
                                 0-68.11$
 
stdrd                            Use associated, Static, Logical(4), Offset: 4, Alignment: full word
                                 0-67.11$
 
t                                Allocatable, Use associated, Controlled, Real(4) (:, :, :), Offset: 0, Alignment: full word
                                 0-66.11$  0-101.17  0-103.21  0-133.17  0-133.38  0-182.26  0-182.35  0-183.40  0-210.29
 
t500                             Allocatable, Use associated, Controlled, Real(4) (:, :), Offset: 0, Alignment: full word
                                 0-67.11$
 
tfrz                             Parameter, Real(4)
                                 2-39.56$  0-133.29  0-133.52  0-138.39  0-183.35  0-211.37
 
ths                              Allocatable, Use associated, Controlled, Real(4) (:, :), Offset: 0, Alignment: full word
                                 0-69.11$  0-130.48  0-209.60
 
thz0                             Allocatable, Use associated, Controlled, Real(4) (:, :), Offset: 0, Alignment: full word
                                 0-69.11$  0-130.25  0-209.37
 
tlm0d                            Common member, Real(4), Offset: 428, Alignment: full word
                                 4-6.16$
 
tmt0                             Static, Real(4), Offset: 0, Alignment: full word
                                 0-143.13@  0-144.25  0-147.16  0-153.32  0-155.16  0-157.20
 
tmt15                            Static, Real(4), Offset: 0, Alignment: full word
                                 0-144.13@  0-154.33  0-154.40
 
tph0d                            Common member, Real(4), Offset: 432, Alignment: quadruple word
                                 4-6.22$
 
tsfc                             Static, Real(4), Offset: 0, Alignment: full word
                                 0-130.10@  0-138.31  0-143.18  0-152.26  0-152.36  0-209.19@  0-210.38  0-211.42
 
tshde                            Common member, Real(4) (1:99), Offset: 1504, Alignment: quadruple word
                                 4-8.35$
 
tsl                              Allocatable, Use associated, Controlled, Real(4) (:, :), Offset: 0, Alignment: full word
                                 0-67.11$
 
tsph                             Common member, Real(4), Offset: 416, Alignment: quadruple word
                                 4-5.13$
 
ttv                              Allocatable, Use associated, Controlled, Real(4) (:, :), Offset: 0, Alignment: full word
                                 0-67.11$
 
twbs                             Allocatable, Use associated, Controlled, Real(4) (:, :), Offset: 0, Alignment: full word
                                 0-69.11$
 
u                                Allocatable, Use associated, Controlled, Real(4) (:, :, :), Offset: 0, Alignment: full word
                                 0-66.11$
 
u00                              Allocatable, Use associated, Controlled, Real(4) (:, :), Offset: 0, Alignment: full word
                                 0-68.11$
 
ul                               Allocatable, Use associated, Controlled, Real(4) (:), Offset: 0, Alignment: full word
                                 0-68.11$
 
uz0                              Allocatable, Use associated, Controlled, Real(4) (:, :), Offset: 0, Alignment: full word
                                 0-69.11$
 
v                                Allocatable, Use associated, Controlled, Real(4) (:, :, :), Offset: 0, Alignment: full word
                                 0-66.11$
 
vbm2                             Allocatable, Use associated, Controlled, Real(4) (:, :), Offset: 0, Alignment: full word
                                 0-70.11$
 
vbm3                             Allocatable, Use associated, Controlled, Real(4) (:, :), Offset: 0, Alignment: full word
                                 0-70.11$
 
vrbls                            Use associated, Nonintrinsic Module
                                 0-66.11$  0-66.11
 
vtm                              Allocatable, Use associated, Controlled, Real(4) (:, :, :), Offset: 0, Alignment: full word
                                 0-70.11$
 
vz0                              Allocatable, Use associated, Controlled, Real(4) (:, :), Offset: 0, Alignment: full word
                                 0-69.11$
 
w                                Allocatable, Use associated, Controlled, Real(4) (:, :, :), Offset: 0, Alignment: full word
                                 0-66.11$
 
wbd                              Common member, Real(4), Offset: 420, Alignment: full word
                                 4-6.8$
 
x1p                              Common member, Real(4), Offset: 452, Alignment: full word
                                 4-6.48$
 
y1p                              Common member, Real(4), Offset: 456, Alignment: double word
                                 4-6.52$
 
z0                               Allocatable, Use associated, Controlled, Real(4) (:, :), Offset: 0, Alignment: full word
                                 0-69.11$
 
z0slp                            Common member, Real(4), Offset: 464, Alignment: quadruple word
                                 4-7.14$
 
z1000                            Allocatable, Use associated, Controlled, Real(4) (:, :), Offset: 0, Alignment: full word
                                 0-67.11$
 
zfrz                             Reference argument, Real(4) (1:89, 1:143), Offset: 0, Alignment: full word
                                 0-78.25$  0-1.26  0-125.10@  0-139.13@  0-183.19@  0-185.27  0-194.28  0-211.19@  0-213.29
                                 0-238.16@  0-238.39
 
zint                             Allocatable, Use associated, Controlled, Real(4) (:, :, :), Offset: 0, Alignment: full word
                                 0-67.11$  0-180.31  0-180.43  0-181.31  0-181.45  0-193.28  0-193.40  0-194.40  0-206.34  0-206.46
 
zl                               Static, Real(4), Offset: 0, Alignment: full word
                                 0-181.19@  0-183.31  0-185.37  0-207.19@  0-208.32  0-211.31  0-213.39
 
zu                               Static, Real(4), Offset: 0, Alignment: full word
                                 0-206.19@  0-208.29
 
** frzlvl2   === End of Compilation 1 ===
 
>>>>> FILE TABLE SECTION <<<<<
 
 
                                       FILE CREATION        FROM
FILE NO   FILENAME                    DATE       TIME       FILE    LINE
     0    FRZLVL2.f                   12/18/08   11:40:51
     1    /gpfs/c/nco/ops/nwprod/sorc/hiresw_post_hls.fd/parmeta
                                      12/18/08   11:40:52      0      73
     2    /gpfs/c/nco/ops/nwprod/sorc/hiresw_post_hls.fd/params
                                      12/18/08   11:40:52      0      74
     3    /gpfs/c/nco/ops/nwprod/sorc/hiresw_post_hls.fd/LOOPS.comm
                                      12/18/08   11:40:51      0      81
     4    /gpfs/c/nco/ops/nwprod/sorc/hiresw_post_hls.fd/MAPOT.comm
                                      12/18/08   11:40:51      0      82
     5    /gpfs/c/nco/ops/nwprod/sorc/hiresw_post_hls.fd/CTLBLK.comm
                                      12/18/08   11:40:50      0      83
 
 
>>>>> COMPILATION EPILOGUE SECTION <<<<<
 
 
FORTRAN Summary of Diagnosed Conditions
 
TOTAL   UNRECOVERABLE  SEVERE       ERROR     WARNING    INFORMATIONAL
               (U)       (S)         (E)        (W)          (I)
    0           0         0           0          0            0
 
 
    Source records read.......................................     335
1501-510  Compilation successful for file FRZLVL2.f.
1501-543  Object file created.
