IBM XL Fortran for AIX, V12.1 (5724-U82) Version 12.01.0000.0001 --- /gpfs/c/nco/ops/nwprod/sorc/hiresw_post_hls.fd/LL2EG.f 12/22/08 15:45:56
 
>>>>> OPTIONS SECTION <<<<<
***   Options In Effect   ***
  
         ==  On / Off Options  ==
         CR              DBG             ESCAPE          FULLPATH
         I4              INLGLUE         NOLIBESSL       NOLIBPOSIX
         OBJECT          SOURCE          STRICT          SWAPOMP
         THREADED        UNWIND          NOZEROSIZE
  
         ==  Options Of Integer Type ==
         ALIAS_SIZE(65536)     FIXED(72)             MAXMEM(-1)
         OPTIMIZE(2)           SPILLSIZE(2000)       STACKTEMP(0)
  
  
         ==  Options Of Character Type  ==
         64(LARGETYPE)         ALIAS(STD,INTPTR)     ALIGN(BINDC(POWER),STRUCT(NATURAL))
         ARCH(PWR6)            ATTR(FULL)            AUTODBL(NONE)
         DESCRIPTOR(V1)        DIRECTIVE(IBM*,IBMT)  ENUM()
         FLAG(I,I)             FLOAT(RNDSNGL,MAF,FOLD,RNGCHK,SINGLE)
         HALT(S)               IEEE(NEAR)            INTSIZE(4)
         LANGLVL(EXTENDED)     POSITION(APPENDOLD)   REALSIZE(4)
         SAVE(ALL)             TUNE(PWR6)            UNROLL(AUTO)
         XREF(FULL)            XLF2003(NOPOLYMORPHIC,NOBOZLITARGS,NOSTOPEXCEPT,NOVOLATILE,NOAUTOREALLOC,OLDNANINF)
         XLF77(NOLEADZERO,GEDIT77,NOBLANKPAD,OLDBOZ,INTARG,INTXOR,PERSISTENT,SOFTEOF)
         XLF90(NOSIGNEDZERO,NOAUTODEALLOC,OLDPAD)
  
>>>>> SOURCE SECTION <<<<<
          1 |      SUBROUTINE LL2EG (YLAT,WLON,XI,YJ)
          2 |C$$$  SUBPROGRAM DOCUMENTATION BLOCK
          3 |C                .      .    .
          4 |C SUBPROGRAM:    LL2EG       ETA (LAT,LON) TO (I,J)
          5 |C   PRGRMMR: TREADON         ORG: W/NP2      DATE: 92-12-23
          6 |C
          7 |C ABSTRACT:
          8 |C     GIVEN (LAT,LON) ON A FILLED E-GRID THIS ROUTINE
          9 |C     RETURNS THE CORRESPONDING FLOATING POINT (I,J)
         10 |C     OF THIS LOCATION.
         11 |C   .
         12 |C
         13 |C PROGRAM HISTORY LOG:
         14 |C   ??-??-??  DAVID PLUMMER - SUBROUTINE LL2EG IN ETAPACKC.
         15 |C   93-02-26  RUSS TREADON - GENERALIZED LL2EG TO HANDLE
         16 |C                            VARIABLE SIZE E-GRIDS.
         17 |C
         18 |C USAGE:    CALL LL2EG(YLAT,WLON,XI,YJ)
         19 |C   INPUT ARGUMENT LIST:
         20 |C     YLAT     - LATITUDE OF (I,J) POINT.
         21 |C     WLON     - WEST LONGITUDE OF (I,J) POINT.
         22 |C
         23 |C   OUTPUT ARGUMENT LIST:
         24 |C     XI       - FLOATING POINT "I" OF (LAT,LON) ON FILLED E-GRID.
         25 |C     YJ       - FLOATING POINT "J" OF (LAT,LON) ON FILLED E-GRID.
         26 |C
         27 |C   OUTPUT FILES:
         28 |C     NONE
         29 |C
         30 |C   SUBPROGRAMS CALLED:
         31 |C     UTILITIES:
         32 |C       NONE
         33 |C     LIBRARY:
         34 |C       COMMON   - EGRID
         35 |C
         36 |C   ATTRIBUTES:
         37 |C     LANGUAGE: FORTRAN
         38 |C     MACHINE : CRAY C-90
         39 |C$$$
         40 |C
         41 |C
         42 |C     DECLARE VARIABLES, COMMON, EQUIVALENCES, AND CONSTANTS.
         43 |C
         44 |      LOGICAL NORTH
         45 |      REAL ALONVT, DLAM, DPHI, LAM, LAM0, PHI0, POLEI, POLEJ
         46 |      REAL SINPH0, TANPH0, WLONC, XMESHL, YLATC
         47 |C
         48 |C     INCLUDE EGRID SPECIFICATIONS.
         49 |      INCLUDE "EGRID.comm"
  1       1 |
  1       2 |      COMMON /EGRID/NORTH,ALONVT,POLEI,POLEJ,
  1       3 |     X     XMESHL,IDIM,JDIM,PHI0,LAM0,COSPH0,
  1       4 |     X     SINPH0,TANPH0
         50 |C
         51 |      EQUIVALENCE (YLATC,ALONVT), (DPHI, POLEI)
         52 |      EQUIVALENCE (WLONC, POLEJ), (DLAM,XMESHL)
         53 |C
         54 |      DATA CONV2R/0.017453293/,CONV2D/57.2958/
         55 |      DATA EARTHR/6371.2/
         56 |C
         57 |C
         58 |C********************************************************************
         59 |C     START LL2EG HERE.
         60 |C
         61 |C     CONVERT (LAT,LON) TO FLOATING POINT (I,J).
         62 |      PHI    = YLAT*CONV2R
         63 |      LAM    = WLON*CONV2R
         64 |      COSPHI = COS(PHI)
         65 |      SINPHI = SIN(PHI)
         66 |
         67 |      X1     = COSPHI*COS(LAM-LAM0)
         68 |      X      = COSPH0*X1+SINPH0*SINPHI
         69 |      Y      = -COSPHI*SIN(LAM-LAM0)
         70 |      Z      = -SINPH0*X1+COSPH0*SINPHI
         71 |      BIGPHI = ATAN(Z/(SQRT(X*X+Y*Y)))*CONV2D
         72 |      BIGLAM = ATAN(Y/X)*CONV2D
         73 |      XI     = (BIGLAM/DLAM)+(IDIM+1)/2.0
         74 |      YJ     = (BIGPHI/DPHI)+(JDIM+1)/2.0
         75 |C
         76 |C     END OF ROUTINE.
         77 |C
         78 |      RETURN
         79 |      END
 
>>>>> ATTRIBUTE AND CROSS REFERENCE SECTION <<<<<
 
 
 
IDENTIFIER NAME                  CROSS REFERENCE AND ATTRIBUTES
 
alonvt                           Common member, Real(4), Offset: 4, Alignment: full word
                                 0-45.12$  1-2.27$  0-51.26
 
atan                             Pure Intrinsic
                                 0-71.16  0-72.16
 
biglam                           Static, Real(4), Offset: 0, Alignment: full word
                                 0-72.7@  0-73.17
 
bigphi                           Static, Real(4), Offset: 0, Alignment: full word
                                 0-71.7@  0-74.17
 
conv2d                           Static, Real(4), Offset: 0, Alignment: full word
                                 0-54.32*  0-71.40  0-72.26
 
conv2r                           Static, Real(4), Offset: 0, Alignment: full word
                                 0-54.12*  0-62.21  0-63.21
 
cos                              Pure Intrinsic
                                 0-64.16  0-67.23
 
cosph0                           Common member, Real(4), Offset: 36, Alignment: full word
                                 1-3.39$  0-68.16  0-70.27
 
cosphi                           Static, Real(4), Offset: 0, Alignment: full word
                                 0-64.7@  0-67.16  0-69.17
 
dlam                             Common member, Real(4), Offset: 16, Alignment: quadruple word
                                 0-45.20$  0-52.36  0-73.24
 
dphi                             Common member, Real(4), Offset: 8, Alignment: double word
                                 0-45.26$  0-51.36  0-74.24
 
earthr                           Static, Real(4), Offset: 0, Alignment: full word
                                 0-55.12*
 
egrid                            Common Block, Alignment: double word
                                 1-2.15$
 
idim                             Common member, Integer(4), Offset: 20, Alignment: full word
                                 1-3.19$  0-73.31
 
jdim                             Common member, Integer(4), Offset: 24, Alignment: double word
                                 1-3.24$  0-74.31
 
lam                              Static, Real(4), Offset: 0, Alignment: full word
                                 0-45.32$  0-63.7@  0-67.27  0-69.28
 
lam0                             Common member, Real(4), Offset: 32, Alignment: quadruple word
                                 0-45.37$  1-3.34$  0-67.31  0-69.32
 
ll2eg                            Subroutine
                                 0-1.18$
 
north                            Common member, Logical(4), Offset: 0, Alignment: quadruple word
                                 0-44.15$  1-2.21$
 
phi                              Static, Real(4), Offset: 0, Alignment: full word
                                 0-62.7@  0-64.20  0-65.20
 
phi0                             Common member, Real(4), Offset: 28, Alignment: full word
                                 0-45.43$  1-3.29$
 
polei                            Common member, Real(4), Offset: 8, Alignment: double word
                                 0-45.49$  1-2.34$  0-51.42
 
polej                            Common member, Real(4), Offset: 12, Alignment: full word
                                 0-45.56$  1-2.40$  0-52.27
 
sin                              Pure Intrinsic
                                 0-65.16  0-69.24
 
sinph0                           Common member, Real(4), Offset: 40, Alignment: double word
                                 0-46.12$  1-4.12$  0-68.26  0-70.17
 
sinphi                           Static, Real(4), Offset: 0, Alignment: full word
                                 0-65.7@  0-68.33  0-70.34
 
sqrt                             Pure Intrinsic
                                 0-71.24
 
tanph0                           Common member, Real(4), Offset: 44, Alignment: full word
                                 0-46.20$  1-4.19$
 
wlon                             Reference argument, Real(4), Offset: 0, Alignment: full word
                                 0-1.30  0-63.16
 
wlonc                            Common member, Real(4), Offset: 12, Alignment: full word
                                 0-46.28$  0-52.20
 
x                                Static, Real(4), Offset: 0, Alignment: full word
                                 0-68.7@  0-71.29  0-71.31  0-72.23
 
x1                               Static, Real(4), Offset: 0, Alignment: full word
                                 0-67.7@  0-68.23  0-70.24
 
xi                               Reference argument, Real(4), Offset: 0, Alignment: full word
                                 0-1.35  0-73.7@
 
xmeshl                           Common member, Real(4), Offset: 16, Alignment: quadruple word
                                 0-46.35$  1-3.12$  0-52.41
 
y                                Static, Real(4), Offset: 0, Alignment: full word
                                 0-69.7@  0-71.33  0-71.35  0-72.21
 
yj                               Reference argument, Real(4), Offset: 0, Alignment: full word
                                 0-1.38  0-74.7@
 
ylat                             Reference argument, Real(4), Offset: 0, Alignment: full word
                                 0-1.25  0-62.16
 
ylatc                            Common member, Real(4), Offset: 4, Alignment: full word
                                 0-46.43$  0-51.20
 
z                                Static, Real(4), Offset: 0, Alignment: full word
                                 0-70.7@  0-71.21
 
** ll2eg   === End of Compilation 1 ===
 
>>>>> FILE TABLE SECTION <<<<<
 
 
                                       FILE CREATION        FROM
FILE NO   FILENAME                    DATE       TIME       FILE    LINE
     0    LL2EG.f                     12/18/08   11:40:51
     1    /gpfs/c/nco/ops/nwprod/sorc/hiresw_post_hls.fd/EGRID.comm
                                      12/18/08   11:40:50      0      49
 
 
>>>>> COMPILATION EPILOGUE SECTION <<<<<
 
 
FORTRAN Summary of Diagnosed Conditions
 
TOTAL   UNRECOVERABLE  SEVERE       ERROR     WARNING    INFORMATIONAL
               (U)       (S)         (E)        (W)          (I)
    0           0         0           0          0            0
 
 
    Source records read.......................................      83
1501-510  Compilation successful for file LL2EG.f.
1501-543  Object file created.
