IBM XL Fortran for AIX, V12.1 (5724-U82) Version 12.01.0000.0001 --- /gpfs/c/nco/ops/nwprod/sorc/hiresw_post_hls.fd/MPI_LAST.f 12/22/08 15:45:58
 
>>>>> OPTIONS SECTION <<<<<
***   Options In Effect   ***
  
         ==  On / Off Options  ==
         CR              DBG             ESCAPE          FULLPATH
         I4              INLGLUE         NOLIBESSL       NOLIBPOSIX
         OBJECT          SOURCE          STRICT          SWAPOMP
         THREADED        UNWIND          NOZEROSIZE
  
         ==  Options Of Integer Type ==
         ALIAS_SIZE(65536)     FIXED(72)             MAXMEM(-1)
         OPTIMIZE(2)           SPILLSIZE(2000)       STACKTEMP(0)
  
  
         ==  Options Of Character Type  ==
         64(LARGETYPE)         ALIAS(STD,INTPTR)     ALIGN(BINDC(POWER),STRUCT(NATURAL))
         ARCH(PWR6)            ATTR(FULL)            AUTODBL(NONE)
         DESCRIPTOR(V1)        DIRECTIVE(IBM*,IBMT)  ENUM()
         FLAG(I,I)             FLOAT(RNDSNGL,MAF,FOLD,RNGCHK,SINGLE)
         HALT(S)               IEEE(NEAR)            INTSIZE(4)
         LANGLVL(EXTENDED)     POSITION(APPENDOLD)   REALSIZE(4)
         SAVE(ALL)             TUNE(PWR6)            UNROLL(AUTO)
         XREF(FULL)            XLF2003(NOPOLYMORPHIC,NOBOZLITARGS,NOSTOPEXCEPT,NOVOLATILE,NOAUTOREALLOC,OLDNANINF)
         XLF77(NOLEADZERO,GEDIT77,NOBLANKPAD,OLDBOZ,INTARG,INTXOR,PERSISTENT,SOFTEOF)
         XLF90(NOSIGNEDZERO,NOAUTODEALLOC,OLDPAD)
  
>>>>> SOURCE SECTION <<<<<
          1 |      SUBROUTINE MPI_LAST
          2 |C$$$  SUBPROGRAM DOCUMENTATION BLOCK
          3 |C                .      .    .
          4 |C SUBPROGRAM:    MPI_LAST    SHUTS DOWN THE IO SERVER
          5 |C   PRGRMMR: TUCCILLO        ORG: IBM
          6 |C
          7 |C ABSTRACT:
          8 |C     SHUTS DOWN IO SERVER
          9 |C   .
         10 |C
         11 |C PROGRAM HISTORY LOG:
         12 |C   00-01-06  TUCCILLO - ORIGINAL
         13 |C
         14 |C USAGE:    CALL COLLECT(A)
         15 |C   INPUT ARGUMENT LIST:
         16 |C
         17 |C   OUTPUT ARGUMENT LIST:
         18 |C
         19 |C   OUTPUT FILES:
         20 |C     STDOUT  - RUN TIME STANDARD OUT.
         21 |C
         22 |C   SUBPROGRAMS CALLED:
         23 |C       MPI_FINALIZE
         24 |C     UTILITIES:
         25 |C       NONE
         26 |C     LIBRARY:
         27 |C       NONE
         28 |C
         29 |C   ATTRIBUTES:
         30 |C     LANGUAGE: FORTRAN
         31 |C     MACHINE : IBM RS/6000 SP
         32 |C$$$
         33 |      include "mpif.h"
  1       1 |! IBM_PROLOG_BEGIN_TAG
  1       2 |! This is an automatically generated prolog.
  1       3 |!
  1       4 |!
  1       5 |!
  1       6 |! Licensed Materials - Property of IBM
  1       7 |!
  1       8 |! (C) COPYRIGHT International Business Machines Corp. 1999,2007
  1       9 |! All Rights Reserved
  1      10 |!
  1      11 |! US Government Users Restricted Rights - Use, duplication or
  1      12 |! disclosure restricted by GSA ADP Schedule Contract with IBM Corp.
  1      13 |!
  1      14 |! IBM_PROLOG_END_TAG
  1      15 |!  ***************************************************************************
  1      16 |!  @(#) 1.16 src/ppe/poe/include/thread64/mpif.h, ppe.poe.mpi, ppe_rcha, rcha0810a 08/03/12 15:21:38
  1      17 |!
  1      18 |!  Name: thread/mpif.h
  1      19 |!
  1      20 |!  Description:
  1      21 |!
  1      22 |!  ***************************************************************************
  1      23 |!
  1      24 |!
  1      25 |!     NOTE:  This file contains information necessary for compiling
  1      26 |!            Fortran applications to be used with the threads based
  1      27 |!            MPI library.
  1      28 |!            (The threads based MPI library does not support MPL and
  1      29 |!             does contain an initial subset of MPI-2.)
  1      30 |!  *************************************************************************
  1      31 |
  1      32 |      integer*4 MPI_VERSION,MPI_SUBVERSION
  1      33 |      parameter (MPI_VERSION=1,MPI_SUBVERSION=2)
  1      34 |
  1      35 |      integer*4 MPI_SUCCESS,MPI_ERR_BUFFER,MPI_ERR_COUNT,MPI_ERR_TYPE
  1      36 |      integer*4 MPI_ERR_TAG,MPI_ERR_COMM,MPI_ERR_RANK,MPI_ERR_REQUEST
  1      37 |      integer*4 MPI_ERR_ROOT,MPI_ERR_GROUP,MPI_ERR_OP,MPI_ERR_TOPOLOGY
  1      38 |      integer*4 MPI_ERR_DIMS,MPI_ERR_ARG,MPI_ERR_UNKNOWN
  1      39 |      integer*4 MPI_ERR_TRUNCATE
  1      40 |      integer*4 MPI_ERR_OTHER,MPI_ERR_INTERN,MPI_ERR_IN_STATUS
  1      41 |      integer*4 MPI_PENDING,MPI_ERR_PENDING,MPI_ERR_INFO_KEY
  1      42 |      integer*4 MPI_ERR_INFO_VALUE,MPI_ERR_INFO_NOKEY,MPI_ERR_INFO
  1      43 |      integer*4 MPI_ERR_FILE,MPI_ERR_NOT_SAME,MPI_ERR_AMODE
  1      44 |      integer*4 MPI_ERR_UNSUPPORTED_DATAREP
  1      45 |      integer*4 MPI_ERR_UNSUPPORTED_OPERATION
  1      46 |      integer*4 MPI_ERR_NO_SUCH_FILE,MPI_ERR_FILE_EXISTS
  1      47 |      integer*4 MPI_ERR_BAD_FILE
  1      48 |      integer*4 MPI_ERR_ACCESS,MPI_ERR_NO_SPACE,MPI_ERR_QUOTA
  1      49 |      integer*4 MPI_ERR_READ_ONLY,MPI_ERR_FILE_IN_USE
  1      50 |      integer*4 MPI_ERR_DUP_DATAREP
  1      51 |      integer*4 MPI_ERR_CONVERSION,MPI_ERR_IO
  1      52 |      integer*4 MPI_ERR_WIN,MPI_ERR_BASE,MPI_ERR_SIZE,MPI_ERR_DISP
  1      53 |      integer*4 MPI_ERR_LOCKTYPE,MPI_ERR_ASSERT,MPI_ERR_RMA_CONFLICT
  1      54 |      integer*4 MPI_ERR_RMA_SYNC,MPI_ERR_NO_MEM
  1      55 |      integer*4 MPI_ERR_KEYVAL
  1      56 |      integer*4 MPI_ERR_LASTCODE
  1      57 |      parameter (MPI_SUCCESS=0,MPI_ERR_BUFFER=50,MPI_ERR_COUNT=51)
  1      58 |      parameter (MPI_ERR_TYPE=52,MPI_ERR_TAG=53,MPI_ERR_COMM=54)
  1      59 |      parameter (MPI_ERR_RANK=55,MPI_ERR_REQUEST=56,MPI_ERR_ROOT=57)
  1      60 |      parameter (MPI_ERR_GROUP=58,MPI_ERR_OP=59,MPI_ERR_TOPOLOGY=60)
  1      61 |      parameter (MPI_ERR_DIMS=61,MPI_ERR_ARG=62,MPI_ERR_UNKNOWN=63)
  1      62 |      parameter (MPI_ERR_TRUNCATE=64,MPI_ERR_OTHER=65,MPI_ERR_INTERN=66)
  1      63 |      parameter (MPI_ERR_IN_STATUS=67,MPI_PENDING=68,MPI_ERR_PENDING=68)
  1      64 |      parameter (MPI_ERR_INFO_KEY=69,MPI_ERR_INFO_VALUE=70)
  1      65 |      parameter (MPI_ERR_INFO_NOKEY=71)
  1      66 |      parameter (MPI_ERR_INFO=72,MPI_ERR_FILE=73,MPI_ERR_NOT_SAME=74)
  1      67 |      parameter (MPI_ERR_AMODE=75,MPI_ERR_UNSUPPORTED_DATAREP=76)
  1      68 |      parameter (MPI_ERR_UNSUPPORTED_OPERATION=77)
  1      69 |      parameter (MPI_ERR_NO_SUCH_FILE=78)
  1      70 |      parameter (MPI_ERR_FILE_EXISTS=79,MPI_ERR_BAD_FILE=80)
  1      71 |      parameter (MPI_ERR_ACCESS=81)
  1      72 |      parameter (MPI_ERR_NO_SPACE=82,MPI_ERR_QUOTA=83)
  1      73 |      parameter (MPI_ERR_READ_ONLY=84)
  1      74 |      parameter (MPI_ERR_FILE_IN_USE=85,MPI_ERR_DUP_DATAREP=86)
  1      75 |      parameter (MPI_ERR_CONVERSION=87,MPI_ERR_IO=88)
  1      76 |      parameter (MPI_ERR_WIN=89,MPI_ERR_BASE=90,MPI_ERR_SIZE=91)
  1      77 |      parameter (MPI_ERR_DISP=92,MPI_ERR_LOCKTYPE=93,MPI_ERR_ASSERT=94)
  1      78 |      parameter (MPI_ERR_RMA_CONFLICT=95,MPI_ERR_RMA_SYNC=96)
  1      79 |      parameter (MPI_ERR_NO_MEM=97)
  1      80 |      parameter (MPI_ERR_KEYVAL=98)
  1      81 |      parameter (MPI_ERR_LASTCODE=500)
  1      82 |
  1      83 |      integer*4 MPI_PROC_NULL,MPI_ANY_SOURCE
  1      84 |      integer*4 MPI_ANY_TAG,MPI_UNDEFINED,MPI_ROOT
  1      85 |      parameter (MPI_PROC_NULL=-3,MPI_ANY_SOURCE=-1)
  1      86 |      parameter (MPI_ANY_TAG=-1,MPI_UNDEFINED=-1,MPI_ROOT=-99)
  1      87 |
  1      88 |      integer*4 MPI_STATUS_SIZE,MPI_SOURCE,MPI_TAG,MPI_ERROR
  1      89 |      parameter (MPI_STATUS_SIZE=10,MPI_SOURCE=1,MPI_TAG=2,MPI_ERROR=3)
  1      90 |
  1      91 |      integer*4 MPI_ERRORS_ARE_FATAL,MPI_ERRORS_RETURN,MPE_ERRORS_WARN
  1      92 |      parameter (MPI_ERRORS_ARE_FATAL=0,MPI_ERRORS_RETURN=1)
  1      93 |      parameter (MPE_ERRORS_WARN=2)
  1      94 |
  1      95 |      integer*4 MPI_THREAD_SINGLE,MPI_THREAD_FUNNELED
  1      96 |      integer*4 MPI_THREAD_SERIALIZED,MPI_THREAD_MULTIPLE
  1      97 |      parameter (MPI_THREAD_SINGLE=0,MPI_THREAD_FUNNELED=1)
  1      98 |      parameter (MPI_THREAD_SERIALIZED=2,MPI_THREAD_MULTIPLE=3)
  1      99 |
  1     100 |      integer*4 MPI_MAX_PROCESSOR_NAME,MPI_MAX_ERROR_STRING
  1     101 |      parameter (MPI_MAX_PROCESSOR_NAME=256,MPI_MAX_ERROR_STRING=128)
  1     102 |
  1     103 |      integer*4 MPI_MAX_FILE_NAME,MPI_MAX_DATAREP_STRING
  1     104 |      integer*4 MPI_MAX_INFO_KEY,MPI_MAX_INFO_VAL
  1     105 |      parameter (MPI_MAX_FILE_NAME=1023,MPI_MAX_DATAREP_STRING=255)
  1     106 |      parameter (MPI_MAX_INFO_KEY=127,MPI_MAX_INFO_VAL=1023)
  1     107 |
  1     108 |      integer*4 MPI_MAX_OBJECT_NAME
  1     109 |      parameter (MPI_MAX_OBJECT_NAME=256)
  1     110 |
  1     111 |      integer*4 MPI_BSEND_OVERHEAD
  1     112 |      parameter (MPI_BSEND_OVERHEAD=39)
  1     113 |
  1     114 |      integer*4 MPI_LB,MPI_UB,MPI_BYTE,MPI_PACKED
  1     115 |      parameter (MPI_LB=0,MPI_UB=1,MPI_BYTE=2,MPI_PACKED=3)
  1     116 |
  1     117 |      integer*4 MPI_CHAR,MPI_UNSIGNED_CHAR,MPI_SIGNED_CHAR,MPI_SHORT
  1     118 |      integer*4 MPI_INT,MPI_LONG,MPI_UNSIGNED_SHORT,MPI_UNSIGNED
  1     119 |      integer*4 MPI_UNSIGNED_LONG,MPI_FLOAT,MPI_DOUBLE,MPI_LONG_DOUBLE
  1     120 |      integer*4 MPI_LONG_LONG_INT,MPI_LONG_LONG,MPI_UNSIGNED_LONG_LONG
  1     121 |      integer*4 MPI_WCHAR
  1     122 |      parameter (MPI_CHAR=4,MPI_UNSIGNED_CHAR=5,MPI_SIGNED_CHAR=6)
  1     123 |      parameter (MPI_SHORT=7,MPI_INT=8,MPI_LONG=9)
  1     124 |      parameter (MPI_UNSIGNED_SHORT=10,MPI_UNSIGNED=11)
  1     125 |      parameter (MPI_UNSIGNED_LONG=12,MPI_FLOAT=13,MPI_DOUBLE=14)
  1     126 |      parameter (MPI_LONG_DOUBLE=15,MPI_LONG_LONG_INT=39)
  1     127 |      parameter (MPI_LONG_LONG=44,MPI_UNSIGNED_LONG_LONG=40)
  1     128 |      parameter (MPI_WCHAR=41)
  1     129 |
  1     130 |
  1     131 |      integer*4 MPI_INTEGER1,MPI_INTEGER2,MPI_INTEGER4,MPI_INTEGER
  1     132 |      integer*4 MPI_REAL4,MPI_REAL,MPI_REAL8,MPI_DOUBLE_PRECISION
  1     133 |      integer*4 MPI_REAL16,MPI_COMPLEX8,MPI_COMPLEX,MPI_COMPLEX16
  1     134 |      integer*4 MPI_DOUBLE_COMPLEX,MPI_COMPLEX32,MPI_LOGICAL1
  1     135 |      integer*4 MPI_LOGICAL2,MPI_LOGICAL4,MPI_LOGICAL,MPI_CHARACTER
  1     136 |      parameter (MPI_INTEGER1=16,MPI_INTEGER2=17,MPI_INTEGER4=18)
  1     137 |      parameter (MPI_INTEGER=45,MPI_REAL4=19,MPI_REAL=46,MPI_REAL8=20)
  1     138 |      parameter (MPI_DOUBLE_PRECISION=47,MPI_REAL16=21,MPI_COMPLEX8=22)
  1     139 |      parameter (MPI_COMPLEX=48,MPI_COMPLEX16=23,MPI_DOUBLE_COMPLEX=49)
  1     140 |      parameter (MPI_COMPLEX32=24,MPI_LOGICAL1=25,MPI_LOGICAL2=26)
  1     141 |      parameter (MPI_LOGICAL4=27,MPI_LOGICAL=50,MPI_CHARACTER=28)
  1     142 |
  1     143 |      integer*4 MPI_2REAL,MPI_2DOUBLE_PRECISION,MPI_2INTEGER
  1     144 |      integer*4 MPI_2COMPLEX
  1     145 |      parameter (MPI_2REAL=35,MPI_2DOUBLE_PRECISION=36,MPI_2INTEGER=37)
  1     146 |      parameter (MPI_2COMPLEX=38)
  1     147 |
  1     148 |      integer*4 MPI_INTEGER8,MPI_LOGICAL8
  1     149 |      parameter (MPI_INTEGER8=42,MPI_LOGICAL8=43)
  1     150 |
  1     151 |      integer*4 MPI_COMM_WORLD,MPI_COMM_SELF
  1     152 |      parameter (MPI_COMM_WORLD=0,MPI_COMM_SELF=1)
  1     153 |
  1     154 |      integer*4 MPI_IDENT,MPI_CONGRUENT,MPI_SIMILAR,MPI_UNEQUAL
  1     155 |      parameter (MPI_IDENT=0,MPI_CONGRUENT=1,MPI_SIMILAR=2)
  1     156 |      parameter (MPI_UNEQUAL=3)
  1     157 |
  1     158 |      integer*4 MPI_TAG_UB,MPI_IO,MPI_HOST,MPI_WTIME_IS_GLOBAL
  1     159 |      integer*4 MPI_WIN_BASE,MPI_WIN_SIZE,MPI_WIN_DISP_UNIT
  1     160 |      integer*4 MPI_LASTUSEDCODE
  1     161 |      parameter (MPI_TAG_UB=0,MPI_IO=1,MPI_HOST=2,MPI_WTIME_IS_GLOBAL=3)
  1     162 |      parameter (MPI_WIN_BASE=4,MPI_WIN_SIZE=5,MPI_WIN_DISP_UNIT=6)
  1     163 |      parameter (MPI_LASTUSEDCODE=7)
  1     164 |
  1     165 |      integer*4 MPI_MAX,MPI_MIN,MPI_SUM,MPI_PROD,MPI_MAXLOC,MPI_MINLOC
  1     166 |      integer*4 MPI_BAND,MPI_BOR,MPI_BXOR,MPI_LAND,MPI_LOR,MPI_LXOR
  1     167 |      integer*4 MPI_REPLACE,MAX_OP
  1     168 |      parameter (MPI_MAX=0,MPI_MIN=1,MPI_SUM=2,MPI_PROD=3,MPI_MAXLOC=4)
  1     169 |      parameter (MPI_MINLOC=5,MPI_BAND=6,MPI_BOR=7,MPI_BXOR=8)
  1     170 |      parameter (MPI_LAND=9,MPI_LOR=10,MPI_LXOR=11,MPI_REPLACE=12)
  1     171 |      parameter (MAX_OP=13)
  1     172 |
  1     173 |      integer*4 MPI_GROUP_NULL,MPI_COMM_NULL,MPI_DATATYPE_NULL
  1     174 |      integer*4 MPI_REQUEST_NULL,MPI_OP_NULL,MPI_ERRHANDLER_NULL
  1     175 |      parameter(MPI_GROUP_NULL=-1,MPI_COMM_NULL=-1,MPI_DATATYPE_NULL=-1)
  1     176 |      parameter (MPI_REQUEST_NULL=-1,MPI_OP_NULL=-1)
  1     177 |      parameter (MPI_ERRHANDLER_NULL=-1)
  1     178 |
  1     179 |      integer*4 MPI_INFO_NULL,MPI_FILE_NULL,MPI_WIN_NULL
  1     180 |      parameter (MPI_INFO_NULL=-1,MPI_FILE_NULL=-1,MPI_WIN_NULL=-1)
  1     181 |
  1     182 |      integer*4 MPI_GROUP_EMPTY
  1     183 |      parameter (MPI_GROUP_EMPTY=0)
  1     184 |
  1     185 |      integer*4 MPI_ADDRESS_KIND
  1     186 |      parameter (MPI_ADDRESS_KIND=8)
  1     187 |
  1     188 |      integer*4 MPI_OFFSET_KIND
  1     189 |      parameter (MPI_OFFSET_KIND=8)
  1     190 |
  1     191 |      integer*4 MPI_NON_ATOMIC,MPI_ATOMIC
  1     192 |      parameter (MPI_NON_ATOMIC=0,MPI_ATOMIC=1)
  1     193 |
  1     194 |      integer(KIND=MPI_OFFSET_KIND) MPI_DISPLACEMENT_CURRENT
  1     195 |      parameter (MPI_DISPLACEMENT_CURRENT=-1_8)
  1     196 |
  1     197 |      integer*4 MPI_DISTRIBUTE_NONE,MPI_DISTRIBUTE_BLOCK
  1     198 |      integer*4 MPI_DISTRIBUTE_CYCLIC,MPI_DISTRIBUTE_DFLT_DARG
  1     199 |      parameter (MPI_DISTRIBUTE_NONE=0,MPI_DISTRIBUTE_BLOCK=1)
  1     200 |      parameter (MPI_DISTRIBUTE_CYCLIC=2,MPI_DISTRIBUTE_DFLT_DARG=0)
  1     201 |
  1     202 |      integer*4 MPI_ORDER_C,MPI_ORDER_FORTRAN
  1     203 |      parameter (MPI_ORDER_C=1,MPI_ORDER_FORTRAN=2)
  1     204 |
  1     205 |      integer*4 MPI_SEEK_SET,MPI_SEEK_CUR,MPI_SEEK_END
  1     206 |      parameter (MPI_SEEK_SET=0,MPI_SEEK_CUR=1,MPI_SEEK_END=2)
  1     207 |
  1     208 |      integer*4 MPI_MODE_RDONLY,MPI_MODE_WRONLY,MPI_MODE_RDWR
  1     209 |      integer*4 MPI_MODE_APPEND
  1     210 |      integer*4 MPI_MODE_CREATE,MPI_MODE_EXCL,MPI_MODE_DELETE_ON_CLOSE
  1     211 |      integer*4 MPI_MODE_UNIQUE_OPEN,MPI_MODE_SEQUENTIAL
  1     212 |!     parameter (MPI_MODE_RDONLY=X'000001', MPI_MODE_WRONLY=X'000002')
  1     213 |      parameter (MPI_MODE_RDONLY=       1 , MPI_MODE_WRONLY=       2 )
  1     214 |!     parameter (MPI_MODE_RDWR=X'000004',MPI_MODE_CREATE=X'000008')
  1     215 |      parameter (MPI_MODE_RDWR=       4 ,MPI_MODE_CREATE=       8 )
  1     216 |!     parameter (MPI_MODE_APPEND=X'000010',MPI_MODE_EXCL=X'000020')
  1     217 |      parameter (MPI_MODE_APPEND=      16 ,MPI_MODE_EXCL=      32 )
  1     218 |!     parameter (MPI_MODE_DELETE_ON_CLOSE=X'000040')
  1     219 |      parameter (MPI_MODE_DELETE_ON_CLOSE=      64 )
  1     220 |!     parameter (MPI_MODE_UNIQUE_OPEN=X'000080')
  1     221 |      parameter (MPI_MODE_UNIQUE_OPEN=     128 )
  1     222 |!     parameter (MPI_MODE_SEQUENTIAL=X'000100')
  1     223 |      parameter (MPI_MODE_SEQUENTIAL=     256 )
  1     224 |
  1     225 |      integer*4 MPI_LOCK_EXCLUSIVE,MPI_LOCK_SHARED
  1     226 |      parameter (MPI_LOCK_EXCLUSIVE=0,MPI_LOCK_SHARED=1)
  1     227 |
  1     228 |      integer*4 MPI_MODE_NOCHECK,MPI_MODE_NOSTORE,MPI_MODE_NOPUT
  1     229 |      integer*4 MPI_MODE_NOPRECEDE,MPI_MODE_NOSUCCEED
  1     230 |!     parameter (MPI_MODE_NOCHECK=X'000200',MPI_MODE_NOSTORE=X'000400')
  1     231 |      parameter (MPI_MODE_NOCHECK=     512 ,MPI_MODE_NOSTORE=    1024 )
  1     232 |!     parameter (MPI_MODE_NOPUT=X'000800',MPI_MODE_NOPRECEDE=X'001000')
  1     233 |      parameter (MPI_MODE_NOPUT=    2048 ,MPI_MODE_NOPRECEDE=    4096 )
  1     234 |!     parameter (MPI_MODE_NOSUCCEED=X'002000')
  1     235 |      parameter (MPI_MODE_NOSUCCEED=    8192 )
  1     236 |
  1     237 |      integer*4  MPI_GRAPH,MPI_CART
  1     238 |      parameter (MPI_GRAPH=0,MPI_CART=1)
  1     239 |
  1     240 |      integer*4 MPI_KEYVAL_INVALID
  1     241 |      parameter (MPI_KEYVAL_INVALID=-1)
  1     242 |
  1     243 |      real*8 MPI_WTICK,MPI_WTIME,PMPI_WTICK,PMPI_WTIME
  1     244 |      external MPI_WTICK,MPI_WTIME,PMPI_WTICK,PMPI_WTIME
  1     245 |
  1     246 |      external MPI_CONVERSION_FN_NULL
  1     247 |      external MPI_NULL_COPY_FN,MPI_DUP_FN,MPI_NULL_DELETE_FN
  1     248 |      external MPI_COMM_NULL_COPY_FN,MPI_COMM_DUP_FN
  1     249 |      external MPI_COMM_NULL_DELETE_FN
  1     250 |      external MPI_TYPE_NULL_COPY_FN,MPI_TYPE_DUP_FN
  1     251 |      external MPI_TYPE_NULL_DELETE_FN
  1     252 |      external MPI_WIN_NULL_COPY_FN,MPI_WIN_DUP_FN
  1     253 |      external MPI_WIN_NULL_DELETE_FN
  1     254 |      external MPI_BOTTOM,MPI_IN_PLACE
  1     255 |      external MPI_STATUS_IGNORE,MPI_STATUSES_IGNORE
  1     256 |
  1     257 |      integer*4 MPI_COMBINER_NAMED,MPI_COMBINER_DUP
  1     258 |      integer*4 MPI_COMBINER_CONTIGUOUS
  1     259 |      integer*4 MPI_COMBINER_VECTOR,MPI_COMBINER_HVECTOR_INTEGER
  1     260 |      integer*4 MPI_COMBINER_HVECTOR,MPI_COMBINER_INDEXED
  1     261 |      integer*4 MPI_COMBINER_HINDEXED_INTEGER,MPI_COMBINER_HINDEXED
  1     262 |      integer*4 MPI_COMBINER_INDEXED_BLOCK,MPI_COMBINER_STRUCT_INTEGER
  1     263 |      integer*4 MPI_COMBINER_STRUCT,MPI_COMBINER_SUBARRAY
  1     264 |      integer*4 MPI_COMBINER_DARRAY
  1     265 |      integer*4 MPI_COMBINER_F90_REAL,MPI_COMBINER_F90_COMPLEX
  1     266 |      integer*4 MPI_COMBINER_F90_INTEGER,MPI_COMBINER_RESIZED
  1     267 |      parameter (MPI_COMBINER_NAMED=0,MPI_COMBINER_DUP=1)
  1     268 |      parameter (MPI_COMBINER_CONTIGUOUS=2,MPI_COMBINER_VECTOR=3)
  1     269 |      parameter (MPI_COMBINER_HVECTOR_INTEGER=4,MPI_COMBINER_HVECTOR=5)
  1     270 |      parameter (MPI_COMBINER_INDEXED=6,MPI_COMBINER_HINDEXED_INTEGER=7)
  1     271 |      parameter (MPI_COMBINER_HINDEXED=8,MPI_COMBINER_INDEXED_BLOCK=9)
  1     272 |      parameter (MPI_COMBINER_STRUCT_INTEGER=10,MPI_COMBINER_STRUCT=11)
  1     273 |      parameter (MPI_COMBINER_SUBARRAY=12,MPI_COMBINER_DARRAY=13)
  1     274 |      parameter (MPI_COMBINER_F90_REAL=14,MPI_COMBINER_F90_COMPLEX=15)
  1     275 |      parameter (MPI_COMBINER_F90_INTEGER=16,MPI_COMBINER_RESIZED=17)
  1     276 |
  1     277 |      integer*4 MPI_TYPECLASS_REAL,MPI_TYPECLASS_INTEGER
  1     278 |      integer*4 MPI_TYPECLASS_COMPLEX
  1     279 |      parameter(MPI_TYPECLASS_REAL=1,MPI_TYPECLASS_INTEGER=2)
  1     280 |      parameter(MPI_TYPECLASS_COMPLEX=3)
  1     281 |
  1     282 |      integer*4 MP_BW_MPI, MP_BW_LAPI
  1     283 |      parameter(MP_BW_MPI=2,MP_BW_LAPI=1)
         34 |      include "CTLBLK.comm"
  2       1 |C-----------------------------------------------------------------------
  2       2 |      COMMON /CTLBLK/
  2       3 |     & SIGMA,RUN,IDAT(3),IHRST,FIRST,RESTRT,NFCST,NBC,LIST,IOUT
  2       4 |     &,DT,NTSD,NTSTM,NDDAMP,NPREC,IDTAD,NBOCO,NSHDE,NCP
  2       5 |     &,NPHS,NRADS,NRADL
  2       6 |      INTEGER NUM_PROCS, ME, JSTA, JEND,
  2       7 |     &        JSTA_M, JSTA_M2, JEND_M, JEND_M2, IUP, IDN, ICNT, IDSP,
  2       8 |     &        JSTA_2L, JEND_2U
  2       9 |      COMMON /PARALLEL/NUM_PROCS, ME, JSTA, JEND, JSTA_M, JEND_M,
  2      10 |     &                 JSTA_M2, JEND_M2, IUP, IDN,
  2      11 |     &                 ICNT(0:1023), IDSP(0:1023),
  2      12 |     &                 JSTA_2L, JEND_2U, NUM_SERVERS, MPI_COMM_INTER,
  2      13 |     &                 MPI_COMM_COMP
  2      14 |C-----------------------------------------------------------------------
         35 |      LOGICAL DONE
         36 |      DATA DONE / .TRUE. /
         37 |      IF ( ME .EQ. 0 ) THEN
         38 |         IF ( NUM_SERVERS .GT. 0 ) THEN
         39 |            CALL MPI_SEND(DONE,1,MPI_LOGICAL,0,1,MPI_COMM_INTER,IERR)
         40 |         END IF
         41 |      END IF
         42 |      END
 
>>>>> ATTRIBUTE AND CROSS REFERENCE SECTION <<<<<
 
 
 
IDENTIFIER NAME                  CROSS REFERENCE AND ATTRIBUTES
 
ctlblk                           Common Block, Alignment: double word
                                 2-2.15$
 
done                             Static, Logical(4), Offset: 0, Alignment: full word
                                 0-35.15$  0-36.12*  0-39.27
 
dt                               Common member, Real(4), Offset: 48, Alignment: quadruple word
                                 2-4.8$
 
first                            Common member, Real(4), Offset: 24, Alignment: double word
                                 2-3.32$
 
icnt                             Common member, Integer(4) (0:1023), Offset: 40, Alignment: double word
                                 2-7.59$  2-11.24$
 
idat                             Common member, Integer(4) (1:3), Offset: 8, Alignment: double word
                                 2-3.18$
 
idn                              Common member, Integer(4), Offset: 36, Alignment: full word
                                 2-7.54$  2-10.47$
 
idsp                             Common member, Integer(4) (0:1023), Offset: 4136, Alignment: double word
                                 2-7.65$  2-11.38$
 
idtad                            Common member, Integer(4), Offset: 68, Alignment: full word
                                 2-4.35$
 
ierr                             Static, Integer(4), Offset: 0, Alignment: full word
                                 0-39.65
 
ihrst                            Common member, Integer(4), Offset: 20, Alignment: full word
                                 2-3.26$
 
iout                             Common member, Integer(4), Offset: 44, Alignment: full word
                                 2-3.60$
 
iup                              Common member, Integer(4), Offset: 32, Alignment: quadruple word
                                 2-7.49$  2-10.42$
 
jend                             Common member, Integer(4), Offset: 12, Alignment: full word
                                 2-6.36$  2-9.45$
 
jend_2u                          Common member, Integer(4), Offset: 8236, Alignment: full word
                                 2-8.24$  2-12.33$
 
jend_m                           Common member, Integer(4), Offset: 20, Alignment: full word
                                 2-7.32$  2-9.59$
 
jend_m2                          Common member, Integer(4), Offset: 28, Alignment: full word
                                 2-7.40$  2-10.33$
 
jsta                             Common member, Integer(4), Offset: 8, Alignment: double word
                                 2-6.30$  2-9.39$
 
jsta_2l                          Common member, Integer(4), Offset: 8232, Alignment: double word
                                 2-8.15$  2-12.24$
 
jsta_m                           Common member, Integer(4), Offset: 16, Alignment: quadruple word
                                 2-7.15$  2-9.51$
 
jsta_m2                          Common member, Integer(4), Offset: 24, Alignment: double word
                                 2-7.23$  2-10.24$
 
list                             Common member, Integer(4), Offset: 40, Alignment: double word
                                 2-3.55$
 
max_op                           Parameter, Integer(4)
                                 1-167.29$  1-171.18$
 
me                               Common member, Integer(4), Offset: 4, Alignment: full word
                                 2-6.26$  2-9.35$  0-37.12
 
mp_bw_lapi                       Parameter, Integer(4)
                                 1-282.28$  1-283.29$
 
mp_bw_mpi                        Parameter, Integer(4)
                                 1-282.17$  1-283.17$
 
mpe_errors_warn                  Parameter, Integer(4)
                                 1-91.56$  1-93.18$
 
mpi_2complex                     Parameter, Integer(4)
                                 1-144.17$  1-146.18$
 
mpi_2double_precision            Parameter, Integer(4)
                                 1-143.27$  1-145.31$
 
mpi_2integer                     Parameter, Integer(4)
                                 1-143.49$  1-145.56$
 
mpi_2real                        Parameter, Integer(4)
                                 1-143.17$  1-145.18$
 
mpi_address_kind                 Parameter, Integer(4)
                                 1-185.17$  1-186.18$
 
mpi_any_source                   Parameter, Integer(4)
                                 1-83.31$  1-85.35$
 
mpi_any_tag                      Parameter, Integer(4)
                                 1-84.17$  1-86.18$
 
mpi_atomic                       Parameter, Integer(4)
                                 1-191.32$  1-192.35$
 
mpi_band                         Parameter, Integer(4)
                                 1-166.17$  1-169.31$
 
mpi_bor                          Parameter, Integer(4)
                                 1-166.26$  1-169.42$
 
mpi_bottom                       Unknown type
                                 1-254.16$
 
mpi_bsend_overhead               Parameter, Integer(4)
                                 1-111.17$  1-112.18$
 
mpi_bxor                         Parameter, Integer(4)
                                 1-166.34$  1-169.52$
 
mpi_byte                         Parameter, Integer(4)
                                 1-114.31$  1-115.36$
 
mpi_cart                         Parameter, Integer(4)
                                 1-237.28$  1-238.30$
 
mpi_char                         Parameter, Integer(4)
                                 1-117.17$  1-122.18$
 
mpi_character                    Parameter, Integer(4)
                                 1-135.55$  1-141.49$
 
mpi_combiner_contiguous          Parameter, Integer(4)
                                 1-258.17$  1-268.18$
 
mpi_combiner_darray              Parameter, Integer(4)
                                 1-264.17$  1-273.43$
 
mpi_combiner_dup                 Parameter, Integer(4)
                                 1-257.36$  1-267.39$
 
mpi_combiner_f90_complex         Parameter, Integer(4)
                                 1-265.39$  1-274.43$
 
mpi_combiner_f90_integer         Parameter, Integer(4)
                                 1-266.17$  1-275.18$
 
mpi_combiner_f90_real            Parameter, Integer(4)
                                 1-265.17$  1-274.18$
 
mpi_combiner_hindexed            Parameter, Integer(4)
                                 1-261.47$  1-271.18$
 
mpi_combiner_hindexed_integer    Parameter, Integer(4)
                                 1-261.17$  1-270.41$
 
mpi_combiner_hvector             Parameter, Integer(4)
                                 1-260.17$  1-269.49$
 
mpi_combiner_hvector_integer     Parameter, Integer(4)
                                 1-259.37$  1-269.18$
 
mpi_combiner_indexed             Parameter, Integer(4)
                                 1-260.38$  1-270.18$
 
mpi_combiner_indexed_block       Parameter, Integer(4)
                                 1-262.17$  1-271.42$
 
mpi_combiner_named               Parameter, Integer(4)
                                 1-257.17$  1-267.18$
 
mpi_combiner_resized             Parameter, Integer(4)
                                 1-266.42$  1-275.46$
 
mpi_combiner_struct              Parameter, Integer(4)
                                 1-263.17$  1-272.49$
 
mpi_combiner_struct_integer      Parameter, Integer(4)
                                 1-262.44$  1-272.18$
 
mpi_combiner_subarray            Parameter, Integer(4)
                                 1-263.37$  1-273.18$
 
mpi_combiner_vector              Parameter, Integer(4)
                                 1-259.17$  1-268.44$
 
mpi_comm_comp                    Common member, Integer(4), Offset: 8248, Alignment: double word
                                 2-13.24$
 
mpi_comm_dup_fn                  Unknown type
                                 1-248.38$
 
mpi_comm_inter                   Common member, Integer(4), Offset: 8244, Alignment: full word
                                 2-12.55$  0-39.50
 
mpi_comm_null                    Parameter, Integer(4)
                                 1-173.32$  1-175.35$
 
mpi_comm_null_copy_fn            Unknown type
                                 1-248.16$
 
mpi_comm_null_delete_fn          Unknown type
                                 1-249.16$
 
mpi_comm_self                    Parameter, Integer(4)
                                 1-151.32$  1-152.35$
 
mpi_comm_world                   Parameter, Integer(4)
                                 1-151.17$  1-152.18$
 
mpi_complex                      Parameter, Integer(4)
                                 1-133.41$  1-139.18$
 
mpi_complex16                    Parameter, Integer(4)
                                 1-133.53$  1-139.33$
 
mpi_complex32                    Parameter, Integer(4)
                                 1-134.36$  1-140.18$
 
mpi_complex8                     Parameter, Integer(4)
                                 1-133.28$  1-138.56$
 
mpi_congruent                    Parameter, Integer(4)
                                 1-154.27$  1-155.30$
 
mpi_conversion_fn_null           Unknown type
                                 1-246.16$
 
mpi_datatype_null                Parameter, Integer(4)
                                 1-173.46$  1-175.52$
 
mpi_displacement_current         Parameter, Integer(8)
                                 1-194.37$  1-195.18$
 
mpi_distribute_block             Parameter, Integer(4)
                                 1-197.37$  1-199.40$
 
mpi_distribute_cyclic            Parameter, Integer(4)
                                 1-198.17$  1-200.18$
 
mpi_distribute_dflt_darg         Parameter, Integer(4)
                                 1-198.39$  1-200.42$
 
mpi_distribute_none              Parameter, Integer(4)
                                 1-197.17$  1-199.18$
 
mpi_double                       Parameter, Integer(4)
                                 1-119.45$  1-125.52$
 
mpi_double_complex               Parameter, Integer(4)
                                 1-134.17$  1-139.50$
 
mpi_double_precision             Parameter, Integer(4)
                                 1-132.46$  1-138.18$
 
mpi_dup_fn                       Unknown type
                                 1-247.33$
 
mpi_err_access                   Parameter, Integer(4)
                                 1-48.17$  1-71.18$
 
mpi_err_amode                    Parameter, Integer(4)
                                 1-43.47$  1-67.18$
 
mpi_err_arg                      Parameter, Integer(4)
                                 1-38.30$  1-61.34$
 
mpi_err_assert                   Parameter, Integer(4)
                                 1-53.34$  1-77.54$
 
mpi_err_bad_file                 Parameter, Integer(4)
                                 1-47.17$  1-70.41$
 
mpi_err_base                     Parameter, Integer(4)
                                 1-52.29$  1-76.33$
 
mpi_err_buffer                   Parameter, Integer(4)
                                 1-35.29$  1-57.32$
 
mpi_err_comm                     Parameter, Integer(4)
                                 1-36.29$  1-58.49$
 
mpi_err_conversion               Parameter, Integer(4)
                                 1-51.17$  1-75.18$
 
mpi_err_count                    Parameter, Integer(4)
                                 1-35.44$  1-57.50$
 
mpi_err_dims                     Parameter, Integer(4)
                                 1-38.17$  1-61.18$
 
mpi_err_disp                     Parameter, Integer(4)
                                 1-52.55$  1-77.18$
 
mpi_err_dup_datarep              Parameter, Integer(4)
                                 1-50.17$  1-74.41$
 
mpi_err_file                     Parameter, Integer(4)
                                 1-43.17$  1-66.34$
 
mpi_err_file_exists              Parameter, Integer(4)
                                 1-46.38$  1-70.18$
 
mpi_err_file_in_use              Parameter, Integer(4)
                                 1-49.35$  1-74.18$
 
mpi_err_group                    Parameter, Integer(4)
                                 1-37.30$  1-60.18$
 
mpi_err_in_status                Parameter, Integer(4)
                                 1-40.46$  1-63.18$
 
mpi_err_info                     Parameter, Integer(4)
                                 1-42.55$  1-66.18$
 
mpi_err_info_key                 Parameter, Integer(4)
                                 1-41.45$  1-64.18$
 
mpi_err_info_nokey               Parameter, Integer(4)
                                 1-42.36$  1-65.18$
 
mpi_err_info_value               Parameter, Integer(4)
                                 1-42.17$  1-64.38$
 
mpi_err_intern                   Parameter, Integer(4)
                                 1-40.31$  1-62.55$
 
mpi_err_io                       Parameter, Integer(4)
                                 1-51.36$  1-75.40$
 
mpi_err_keyval                   Parameter, Integer(4)
                                 1-55.17$  1-80.18$
 
mpi_err_lastcode                 Parameter, Integer(4)
                                 1-56.17$  1-81.18$
 
mpi_err_locktype                 Parameter, Integer(4)
                                 1-53.17$  1-77.34$
 
mpi_err_no_mem                   Parameter, Integer(4)
                                 1-54.34$  1-79.18$
 
mpi_err_no_space                 Parameter, Integer(4)
                                 1-48.32$  1-72.18$
 
mpi_err_no_such_file             Parameter, Integer(4)
                                 1-46.17$  1-69.18$
 
mpi_err_not_same                 Parameter, Integer(4)
                                 1-43.30$  1-66.50$
 
mpi_err_op                       Parameter, Integer(4)
                                 1-37.44$  1-60.35$
 
mpi_err_other                    Parameter, Integer(4)
                                 1-40.17$  1-62.38$
 
mpi_err_pending                  Parameter, Integer(4)
                                 1-41.29$  1-63.54$
 
mpi_err_quota                    Parameter, Integer(4)
                                 1-48.49$  1-72.38$
 
mpi_err_rank                     Parameter, Integer(4)
                                 1-36.42$  1-59.18$
 
mpi_err_read_only                Parameter, Integer(4)
                                 1-49.17$  1-73.18$
 
mpi_err_request                  Parameter, Integer(4)
                                 1-36.55$  1-59.34$
 
mpi_err_rma_conflict             Parameter, Integer(4)
                                 1-53.49$  1-78.18$
 
mpi_err_rma_sync                 Parameter, Integer(4)
                                 1-54.17$  1-78.42$
 
mpi_err_root                     Parameter, Integer(4)
                                 1-37.17$  1-59.53$
 
mpi_err_size                     Parameter, Integer(4)
                                 1-52.42$  1-76.49$
 
mpi_err_tag                      Parameter, Integer(4)
                                 1-36.17$  1-58.34$
 
mpi_err_topology                 Parameter, Integer(4)
                                 1-37.55$  1-60.49$
 
mpi_err_truncate                 Parameter, Integer(4)
                                 1-39.17$  1-62.18$
 
mpi_err_type                     Parameter, Integer(4)
                                 1-35.58$  1-58.18$
 
mpi_err_unknown                  Parameter, Integer(4)
                                 1-38.42$  1-61.49$
 
mpi_err_unsupported_datarep      Parameter, Integer(4)
                                 1-44.17$  1-67.35$
 
mpi_err_unsupported_operation    Parameter, Integer(4)
                                 1-45.17$  1-68.18$
 
mpi_err_win                      Parameter, Integer(4)
                                 1-52.17$  1-76.18$
 
mpi_errhandler_null              Parameter, Integer(4)
                                 1-174.46$  1-177.18$
 
mpi_error                        Parameter, Integer(4)
                                 1-88.52$  1-89.60$
 
mpi_errors_are_fatal             Parameter, Integer(4)
                                 1-91.17$  1-92.18$
 
mpi_errors_return                Parameter, Integer(4)
                                 1-91.38$  1-92.41$
 
mpi_file_null                    Parameter, Integer(4)
                                 1-179.31$  1-180.35$
 
mpi_float                        Parameter, Integer(4)
                                 1-119.35$  1-125.39$
 
mpi_graph                        Parameter, Integer(4)
                                 1-237.18$  1-238.18$
 
mpi_group_empty                  Parameter, Integer(4)
                                 1-182.17$  1-183.18$
 
mpi_group_null                   Parameter, Integer(4)
                                 1-173.17$  1-175.17$
 
mpi_host                         Parameter, Integer(4)
                                 1-158.35$  1-161.40$
 
mpi_ident                        Parameter, Integer(4)
                                 1-154.17$  1-155.18$
 
mpi_in_place                     Unknown type
                                 1-254.27$
 
mpi_info_null                    Parameter, Integer(4)
                                 1-179.17$  1-180.18$
 
mpi_int                          Parameter, Integer(4)
                                 1-118.17$  1-123.30$
 
mpi_integer                      Parameter, Integer(4)
                                 1-131.56$  1-137.18$
 
mpi_integer1                     Parameter, Integer(4)
                                 1-131.17$  1-136.18$
 
mpi_integer2                     Parameter, Integer(4)
                                 1-131.30$  1-136.34$
 
mpi_integer4                     Parameter, Integer(4)
                                 1-131.43$  1-136.50$
 
mpi_integer8                     Parameter, Integer(4)
                                 1-148.17$  1-149.18$
 
mpi_io                           Parameter, Integer(4)
                                 1-158.28$  1-161.31$
 
mpi_keyval_invalid               Parameter, Integer(4)
                                 1-240.17$  1-241.18$
 
mpi_land                         Parameter, Integer(4)
                                 1-166.43$  1-170.18$
 
mpi_last                         Subroutine
                                 0-1.18$
 
mpi_lastusedcode                 Parameter, Integer(4)
                                 1-160.17$  1-163.18$
 
mpi_lb                           Parameter, Integer(4)
                                 1-114.17$  1-115.18$
 
mpi_lock_exclusive               Parameter, Integer(4)
                                 1-225.17$  1-226.18$
 
mpi_lock_shared                  Parameter, Integer(4)
                                 1-225.36$  1-226.39$
 
mpi_logical                      Parameter, Integer(4)
                                 1-135.43$  1-141.34$  0-39.34
 
mpi_logical1                     Parameter, Integer(4)
                                 1-134.50$  1-140.35$
 
mpi_logical2                     Parameter, Integer(4)
                                 1-135.17$  1-140.51$
 
mpi_logical4                     Parameter, Integer(4)
                                 1-135.30$  1-141.18$
 
mpi_logical8                     Parameter, Integer(4)
                                 1-148.30$  1-149.34$
 
mpi_long                         Parameter, Integer(4)
                                 1-118.25$  1-123.40$
 
mpi_long_double                  Parameter, Integer(4)
                                 1-119.56$  1-126.18$
 
mpi_long_long                    Parameter, Integer(4)
                                 1-120.35$  1-127.18$
 
mpi_long_long_int                Parameter, Integer(4)
                                 1-120.17$  1-126.37$
 
mpi_lor                          Parameter, Integer(4)
                                 1-166.52$  1-170.29$
 
mpi_lxor                         Parameter, Integer(4)
                                 1-166.60$  1-170.40$
 
mpi_max                          Parameter, Integer(4)
                                 1-165.17$  1-168.18$
 
mpi_max_datarep_string           Parameter, Integer(4)
                                 1-103.35$  1-105.41$
 
mpi_max_error_string             Parameter, Integer(4)
                                 1-100.40$  1-101.45$
 
mpi_max_file_name                Parameter, Integer(4)
                                 1-103.17$  1-105.18$
 
mpi_max_info_key                 Parameter, Integer(4)
                                 1-104.17$  1-106.18$
 
mpi_max_info_val                 Parameter, Integer(4)
                                 1-104.34$  1-106.39$
 
mpi_max_object_name              Parameter, Integer(4)
                                 1-108.17$  1-109.18$
 
mpi_max_processor_name           Parameter, Integer(4)
                                 1-100.17$  1-101.18$
 
mpi_maxloc                       Parameter, Integer(4)
                                 1-165.50$  1-168.59$
 
mpi_min                          Parameter, Integer(4)
                                 1-165.25$  1-168.28$
 
mpi_minloc                       Parameter, Integer(4)
                                 1-165.61$  1-169.18$
 
mpi_mode_append                  Parameter, Integer(4)
                                 1-209.17$  1-217.18$
 
mpi_mode_create                  Parameter, Integer(4)
                                 1-210.17$  1-215.42$
 
mpi_mode_delete_on_close         Parameter, Integer(4)
                                 1-210.47$  1-219.18$
 
mpi_mode_excl                    Parameter, Integer(4)
                                 1-210.33$  1-217.44$
 
mpi_mode_nocheck                 Parameter, Integer(4)
                                 1-228.17$  1-231.18$
 
mpi_mode_noprecede               Parameter, Integer(4)
                                 1-229.17$  1-233.43$
 
mpi_mode_noput                   Parameter, Integer(4)
                                 1-228.51$  1-233.18$
 
mpi_mode_nostore                 Parameter, Integer(4)
                                 1-228.34$  1-231.45$
 
mpi_mode_nosucceed               Parameter, Integer(4)
                                 1-229.36$  1-235.18$
 
mpi_mode_rdonly                  Parameter, Integer(4)
                                 1-208.17$  1-213.18$
 
mpi_mode_rdwr                    Parameter, Integer(4)
                                 1-208.49$  1-215.18$
 
mpi_mode_sequential              Parameter, Integer(4)
                                 1-211.38$  1-223.18$
 
mpi_mode_unique_open             Parameter, Integer(4)
                                 1-211.17$  1-221.18$
 
mpi_mode_wronly                  Parameter, Integer(4)
                                 1-208.33$  1-213.45$
 
mpi_non_atomic                   Parameter, Integer(4)
                                 1-191.17$  1-192.18$
 
mpi_null_copy_fn                 Unknown type
                                 1-247.16$
 
mpi_null_delete_fn               Unknown type
                                 1-247.44$
 
mpi_offset_kind                  Parameter, Integer(4)
                                 1-188.17$  1-189.18$  1-194.20
 
mpi_op_null                      Parameter, Integer(4)
                                 1-174.34$  1-176.38$
 
mpi_order_c                      Parameter, Integer(4)
                                 1-202.17$  1-203.18$
 
mpi_order_fortran                Parameter, Integer(4)
                                 1-202.29$  1-203.32$
 
mpi_packed                       Parameter, Integer(4)
                                 1-114.40$  1-115.47$
 
mpi_pending                      Parameter, Integer(4)
                                 1-41.17$  1-63.39$
 
mpi_proc_null                    Parameter, Integer(4)
                                 1-83.17$  1-85.18$
 
mpi_prod                         Parameter, Integer(4)
                                 1-165.41$  1-168.48$
 
mpi_real                         Parameter, Integer(4)
                                 1-132.27$  1-137.46$
 
mpi_real16                       Parameter, Integer(4)
                                 1-133.17$  1-138.42$
 
mpi_real4                        Parameter, Integer(4)
                                 1-132.17$  1-137.33$
 
mpi_real8                        Parameter, Integer(4)
                                 1-132.36$  1-137.58$
 
mpi_replace                      Parameter, Integer(4)
                                 1-167.17$  1-170.52$
 
mpi_request_null                 Parameter, Integer(4)
                                 1-174.17$  1-176.18$
 
mpi_root                         Parameter, Integer(4)
                                 1-84.43$  1-86.50$
 
mpi_seek_cur                     Parameter, Integer(4)
                                 1-205.30$  1-206.33$
 
mpi_seek_end                     Parameter, Integer(4)
                                 1-205.43$  1-206.48$
 
mpi_seek_set                     Parameter, Integer(4)
                                 1-205.17$  1-206.18$
 
mpi_send                         External Subroutine
                                 0-39.18
 
mpi_short                        Parameter, Integer(4)
                                 1-117.60$  1-123.18$
 
mpi_signed_char                  Parameter, Integer(4)
                                 1-117.44$  1-122.49$
 
mpi_similar                      Parameter, Integer(4)
                                 1-154.41$  1-155.46$
 
mpi_source                       Parameter, Integer(4)
                                 1-88.33$  1-89.37$
 
mpi_status_ignore                Unknown type
                                 1-255.16$
 
mpi_status_size                  Parameter, Integer(4)
                                 1-88.17$  1-89.18$
 
mpi_statuses_ignore              Unknown type
                                 1-255.34$
 
mpi_subversion                   Parameter, Integer(4)
                                 1-32.29$  1-33.32$
 
mpi_success                      Parameter, Integer(4)
                                 1-35.17$  1-57.18$
 
mpi_sum                          Parameter, Integer(4)
                                 1-165.33$  1-168.38$
 
mpi_tag                          Parameter, Integer(4)
                                 1-88.44$  1-89.50$
 
mpi_tag_ub                       Parameter, Integer(4)
                                 1-158.17$  1-161.18$
 
mpi_thread_funneled              Parameter, Integer(4)
                                 1-95.35$  1-97.38$
 
mpi_thread_multiple              Parameter, Integer(4)
                                 1-96.39$  1-98.42$
 
mpi_thread_serialized            Parameter, Integer(4)
                                 1-96.17$  1-98.18$
 
mpi_thread_single                Parameter, Integer(4)
                                 1-95.17$  1-97.18$
 
mpi_type_dup_fn                  Unknown type
                                 1-250.38$
 
mpi_type_null_copy_fn            Unknown type
                                 1-250.16$
 
mpi_type_null_delete_fn          Unknown type
                                 1-251.16$
 
mpi_typeclass_complex            Parameter, Integer(4)
                                 1-278.17$  1-280.17$
 
mpi_typeclass_integer            Parameter, Integer(4)
                                 1-277.36$  1-279.38$
 
mpi_typeclass_real               Parameter, Integer(4)
                                 1-277.17$  1-279.17$
 
mpi_ub                           Parameter, Integer(4)
                                 1-114.24$  1-115.27$
 
mpi_undefined                    Parameter, Integer(4)
                                 1-84.29$  1-86.33$
 
mpi_unequal                      Parameter, Integer(4)
                                 1-154.53$  1-156.18$
 
mpi_unsigned                     Parameter, Integer(4)
                                 1-118.53$  1-124.40$
 
mpi_unsigned_char                Parameter, Integer(4)
                                 1-117.26$  1-122.29$
 
mpi_unsigned_long                Parameter, Integer(4)
                                 1-119.17$  1-125.18$
 
mpi_unsigned_long_long           Parameter, Integer(4)
                                 1-120.49$  1-127.35$
 
mpi_unsigned_short               Parameter, Integer(4)
                                 1-118.34$  1-124.18$
 
mpi_version                      Parameter, Integer(4)
                                 1-32.17$  1-33.18$
 
mpi_wchar                        Parameter, Integer(4)
                                 1-121.17$  1-128.18$
 
mpi_win_base                     Parameter, Integer(4)
                                 1-159.17$  1-162.18$
 
mpi_win_disp_unit                Parameter, Integer(4)
                                 1-159.43$  1-162.48$
 
mpi_win_dup_fn                   Unknown type
                                 1-252.37$
 
mpi_win_null                     Parameter, Integer(4)
                                 1-179.45$  1-180.52$
 
mpi_win_null_copy_fn             Unknown type
                                 1-252.16$
 
mpi_win_null_delete_fn           Unknown type
                                 1-253.16$
 
mpi_win_size                     Parameter, Integer(4)
                                 1-159.30$  1-162.33$
 
mpi_wtick                        Real(8)
                                 1-243.14$  1-244.16$
 
mpi_wtime                        Real(8)
                                 1-243.24$  1-244.26$
 
mpi_wtime_is_global              Parameter, Integer(4)
                                 1-158.44$  1-161.51$
 
nbc                              Common member, Integer(4), Offset: 36, Alignment: full word
                                 2-3.51$
 
nboco                            Common member, Integer(4), Offset: 72, Alignment: double word
                                 2-4.41$
 
ncp                              Common member, Integer(4), Offset: 80, Alignment: quadruple word
                                 2-4.53$
 
nddamp                           Common member, Integer(4), Offset: 60, Alignment: full word
                                 2-4.22$
 
nfcst                            Common member, Integer(4), Offset: 32, Alignment: quadruple word
                                 2-3.45$
 
nphs                             Common member, Integer(4), Offset: 84, Alignment: full word
                                 2-5.8$
 
nprec                            Common member, Integer(4), Offset: 64, Alignment: quadruple word
                                 2-4.29$
 
nradl                            Common member, Integer(4), Offset: 92, Alignment: full word
                                 2-5.19$
 
nrads                            Common member, Integer(4), Offset: 88, Alignment: double word
                                 2-5.13$
 
nshde                            Common member, Integer(4), Offset: 76, Alignment: full word
                                 2-4.47$
 
ntsd                             Common member, Integer(4), Offset: 52, Alignment: full word
                                 2-4.11$
 
ntstm                            Common member, Integer(4), Offset: 56, Alignment: double word
                                 2-4.16$
 
num_procs                        Common member, Integer(4), Offset: 0, Alignment: quadruple word
                                 2-6.15$  2-9.24$
 
num_servers                      Common member, Integer(4), Offset: 8240, Alignment: quadruple word
                                 2-12.42$  0-38.15
 
parallel                         Common Block, Alignment: double word
                                 2-9.15$
 
pmpi_wtick                       Real(8)
                                 1-243.34$  1-244.36$
 
pmpi_wtime                       Real(8)
                                 1-243.45$  1-244.47$
 
restrt                           Common member, Real(4), Offset: 28, Alignment: full word
                                 2-3.38$
 
run                              Common member, Real(4), Offset: 4, Alignment: full word
                                 2-3.14$
 
sigma                            Common member, Real(4), Offset: 0, Alignment: quadruple word
                                 2-3.8$
 
** mpi_last   === End of Compilation 1 ===
 
>>>>> FILE TABLE SECTION <<<<<
 
 
                                       FILE CREATION        FROM
FILE NO   FILENAME                    DATE       TIME       FILE    LINE
     0    MPI_LAST.f                  12/18/08   11:40:51
     1    /usr/lpp/ppe.poe/include/thread64/mpif.h
                                      03/12/08   15:25:11      0      33
     2    /gpfs/c/nco/ops/nwprod/sorc/hiresw_post_hls.fd/CTLBLK.comm
                                      12/18/08   11:40:50      0      34
 
 
>>>>> COMPILATION EPILOGUE SECTION <<<<<
 
 
FORTRAN Summary of Diagnosed Conditions
 
TOTAL   UNRECOVERABLE  SEVERE       ERROR     WARNING    INFORMATIONAL
               (U)       (S)         (E)        (W)          (I)
    0           0         0           0          0            0
 
 
    Source records read.......................................     339
1501-510  Compilation successful for file MPI_LAST.f.
1501-543  Object file created.
