IBM XL Fortran for AIX, V12.1 (5724-U82) Version 12.01.0000.0001 --- /gpfs/c/nco/ops/nwprod/sorc/hiresw_post_hls.fd/NGMSLP2.f 12/22/08 15:45:59
 
>>>>> OPTIONS SECTION <<<<<
***   Options In Effect   ***
  
         ==  On / Off Options  ==
         CR              DBG             ESCAPE          FULLPATH
         I4              INLGLUE         NOLIBESSL       NOLIBPOSIX
         OBJECT          SOURCE          STRICT          SWAPOMP
         THREADED        UNWIND          NOZEROSIZE
  
         ==  Options Of Integer Type ==
         ALIAS_SIZE(65536)     FIXED(72)             MAXMEM(-1)
         OPTIMIZE(2)           SPILLSIZE(2000)       STACKTEMP(0)
  
  
         ==  Options Of Character Type  ==
         64(LARGETYPE)         ALIAS(STD,INTPTR)     ALIGN(BINDC(POWER),STRUCT(NATURAL))
         ARCH(PWR6)            ATTR(FULL)            AUTODBL(NONE)
         DESCRIPTOR(V1)        DIRECTIVE(IBM*,IBMT)  ENUM()
         FLAG(I,I)             FLOAT(RNDSNGL,MAF,FOLD,RNGCHK,SINGLE)
         HALT(S)               IEEE(NEAR)            INTSIZE(4)
         LANGLVL(EXTENDED)     POSITION(APPENDOLD)   REALSIZE(4)
         SAVE(ALL)             TUNE(PWR6)            UNROLL(AUTO)
         XREF(FULL)            XLF2003(NOPOLYMORPHIC,NOBOZLITARGS,NOSTOPEXCEPT,NOVOLATILE,NOAUTOREALLOC,OLDNANINF)
         XLF77(NOLEADZERO,GEDIT77,NOBLANKPAD,OLDBOZ,INTARG,INTXOR,PERSISTENT,SOFTEOF)
         XLF90(NOSIGNEDZERO,NOAUTODEALLOC,OLDPAD)
  
>>>>> SOURCE SECTION <<<<<
          1 |      SUBROUTINE NGMSLP2
          2 |C$$$  SUBPROGRAM DOCUMENTATION BLOCK
          3 |C                .      .    .
          4 |C SUBPROGRAM:    NGMSLP2     NMC SEA LEVEL PRESSURE REDUCTION
          5 |C   PRGRMMR: TREADON         ORG: W/NP2      DATE: 93-02-02
          6 |C
          7 |C ABSTRACT:
          8 |C
          9 |C     THIS ROUTINE COMPUTES SEA LEVEL PRESSURE USING THE
         10 |C     HYDROSTATIC EQUATION WITH THE SHUELL CORRECTION.  THE
         11 |C     FOLLOWING IS BASED ON DOCUMENTATION IN SUBROUTINE
         12 |C     OUTHYDRO OF THE NGM:
         13 |C
         14 |C     THE FUNDAMENTAL HYDROSTATIC EQUATION IS
         15 |C        D(HEIGHT)
         16 |C        ---------  =  TAU = VIRTUAL TEMPERATURE * (RGAS/GRAVITY)
         17 |C        D (Z)
         18 |C      WHERE
         19 |C        Z = MINUS LOG OF PRESSURE (-LN(P)).
         20 |C
         21 |C     SEA-LEVEL PRESSURE IS COMPUTED FROM THE FORMULA
         22 |C        PRESS(MSL) = PRESS(GROUND) * EXP( F)
         23 |C     WHERE
         24 |C        F        = HEIGHT OF GROUND / MEAN TAU
         25 |C        MEAN TAU = ( TAU(GRND) + TAU(SL) ) / 2
         26 |C
         27 |C     IN THE NGM TAU(GRND) AND TAU(SL) ARE FIRST SET USING A
         28 |C     6.5DEG/KM LAPSE RATE FROM SIGMA LEVEL K=1.  THIS IS MODIFIED
         29 |C     BY A CORRECTION BASED ON THE CRITICAL TAU OF THE SHUELL
         30 |C     CORRECTION:
         31 |C                  TAUCR=(RGASD/GRAVITY) * 290.66
         32 |C
         33 |C     1) WHERE ONLY TAU(SL) EXCEEDS TAUCR, CHANGE TAU(SL) TO TAUCR.
         34 |C
         35 |C     2) WHERE BOTH TAU(SL) AND TAU(GRND) EXCEED TAUCR,
         36 |C        CHANGE TAU(SL) TO TAUCR-CONST*(TAU(GRND)-TAUCR  )**2
         37 |C        WHERE CONST = .005 (GRAVITY/RGASD)
         38 |C
         39 |C     THE AVERAGE OF TAU(SL) AND TAU(GRND) IS THEN USED TOGETHER
         40 |C     WITH THE GROUND HEIGHT AND PRESSURE TO DERIVE THE PRESSURE
         41 |C     AT SEA LEVEL.
         42 |C
         43 |C     EXTRAPOLATING FROM TEMPERATURES IN THE FIRST ATMOSPHERIC ETA
         44 |C     LAYER LEAD TO EXCESSIVELY NOISY UNDERGROUND TEMPERATURE FIELDS.
         45 |C     AFTER EXPERIMENTATION WE OPTED TO USE A MEAN TEMPERATURE FROM
         46 |C     THE LOWEST DP=30MB ABOVE THE GROUND.  FROM THIS MEAN TEMPERATURE
         47 |C     WE EXTRAPOLATE TO GET THE GROUND AND SEA LEVEL TEMPERATURES.
         48 |C     USING A TRUE MASS WEIGHTED LAYER MEAN INSTEAD OF THE SIMPLE
         49 |C     ARITHMETIC MEAN CODED SHOWED LITTLE QUALITATIVE DIFFERENCE.
         50 |C
         51 |C     HEIGHT OF THE 1000MB SURFACE IS COMPUTED FROM THE MSL PRESSURE
         52 |C     FIELD USING THE FORMULA:
         53 |C
         54 |C       P(MSL) - P(1000MB) = MEAN DENSITY * GRAVITY * HGT(1000MBS)
         55 |C
         56 |C     WHERE P(MSL) IS THE SEA LEVEL PRESSURE FIELD WE HAVE JUST
         57 |C     COMPUTED.
         58 |C
         59 |C     BELOW GROUND VIRTUAL TEMPERATURES ARE COMPUTED ASSUMING A CONSTANT
         60 |C     6.5DEG/KM LAPSE RATE.  TO CONVERT VIRTUAL TEMPERATURE TO A DRY
         61 |C     TEMPERATURE WE USE THE DP=30MB MEAN SPECIFIC HUMIDITY.
         62 |C
         63 |C     LINE COMMENTED OUT WITH 'CX' ARE LEFT OVER FROM EARLIER
         64 |C     EXPERIMENTATION.  THEY REMAIN TO REMIND READERS WHAT
         65 |C     WAS TRIED.
         66 |C   .
         67 |C
         68 |C PROGRAM HISTORY LOG:
         69 |C   93-02-02  RUSS TREADON
         70 |C   98-06-08  T BLACK - CONVERSION FROM 1-D TO 2-D
         71 |C   00-01-04  JIM TUCCILLO - MPI VERSION
         72 |C   01-10-25  H CHUANG - MODIFIED TO PROCESS HYBRID MODEL OUTPUT
         73 |C   01-11-02  H CHUANG - MODIFIED LINE 234 FOR COMPUTATION OF
         74 |C                         SIGMA/HYBRID SLP
         75 |C   01-12-18  H CHUANG - INCLUDED SMOOTHING ALONG BOUNDARIES TO BE
         76 |C                         CONSISTENT WITH MESINGER SLP
         77 |C
         78 |C USAGE:    CALL NGMSLP2
         79 |C   INPUT ARGUMENT LIST:
         80 |C     NONE
         81 |C
         82 |C   OUTPUT ARGUMENT LIST:
         83 |C     NONE
         84 |C
         85 |C   OUTPUT FILES:
         86 |C     NONE
         87 |C
         88 |C   SUBPROGRAMS CALLED:
         89 |C     UTILITIES:
         90 |C       NONE
         91 |C     LIBRARY:
         92 |C       COMMON   -
         93 |C                  MAPOT
         94 |C                  LOOPS
         95 |C                  DYNAMD
         96 |C                  MASKS
         97 |C                  PVRBLS
         98 |C                  INDX
         99 |C
        100 |C   ATTRIBUTES:
        101 |C     LANGUAGE: FORTRAN
        102 |C     MACHINE : CRAY C-90
        103 |C$$$
        104 |C
        105 |      use vrbls
        106 |      use extra
        107 |      use pvrbls
        108 |      use masks
        109 |C
        110 |C     INCLUDE PARAMETERS.  SET LOCAL PARAMETERS.
        111 |      INCLUDE "parmeta"
  1       1 |C-------------------------------------------------------------
  1       2 |C***  SET PRIMARY GRID DIMENSIONS AND PRESSURE OUTPUT LEVELS
  1       3 |      PARAMETER (IM=89,JM=143,LM=60,LSM=39)
  1       4 |C-------------------------------------------------------------
  1       5 |C***  SET THE NUMBER OF PEs IN THE I-DIRECTION AND J-DIRECTION
  1       6 |      PARAMETER(INPES=5,JNPES=6)
  1       7 |C-------------------------------------------------------------
  1       8 |C
  1       9 |      PARAMETER(IGSTL=-5,IGSTR=5)
  1      10 |      PARAMETER(JGSTL=-5,JGSTR=5)
  1      11 |      PARAMETER(ITAIL=IM-(INPES*(IM/INPES)))
  1      12 |      PARAMETER(JTAIL=JM-(JNPES*(JM/JNPES)))
  1      13 |C
  1      14 |      PARAMETER(IDIM1=IGSTL,IDIM2=IM/INPES+IGSTR+1)
  1      15 |      PARAMETER(JDIM1=JGSTL,JDIM2=JM/JNPES+JGSTR+1)
  1      16 |C
  1      17 |C-------------------------------------------------------------
        112 |      INCLUDE "params"
  2       1 |C
  2       2 |C     ARRAY DIMENSIONS.
  2       3 |      PARAMETER	
  2       4 |     & (IMT=2*IM-1,JMT=JM/2+1)
  2       5 |      PARAMETER
  2       6 |     & (IM1=IM-1,JM2=JM-2,JAM=6+2*(JM-10)
  2       7 |     &, NINC=2*IM-1
  2       8 |     &, LM1=LM-1,LP1=LM+1
  2       9 |     &, LB=2*IM+JM-3)
  2      10 |C
  2      11 |C     SMOOTHING PARAMETERS.
  2      12 |      PARAMETER
  2      13 |     & (KSMUD=4,KSLPD=1,KSSLP=2,KSFI=2,KST=2
  2      14 |     &, KSUV=2,KSRH=2,KSAV=2,KSLI=2,KSLP=2
  2      15 |     &, SMTHA=-1.8E-4,SMTHB=16.,NSUMD=1)
  2      16 |C
  2      17 |C     DIMENSIONS FOR PROFILE OUPUT ARRAYS.
  2      18 |      PARAMETER
  2      19 |     & (NSTAT=100,NWORD=6+6*LM+9,NWORD3=NWORD-3,NWORD6=NWORD-6)
  2      20 |C
  2      21 |C     CONSTANTS.
  2      22 |      PARAMETER
  2      23 |     & (CM1=2937.4,CM2=4.9283,CM3=23.5518)
  2      24 |      PARAMETER
  2      25 |     & (D00=0.0,D1=0.1,D01=0.01,D001=0.001,D50=0.50,H999=999.
  2      26 |     &, H1=1.0,H2=2.0,H4=4.0,H99999=99999.,H1M12=1.E-12
  2      27 |     &, H1000=1000.,H1M5=1.E-5,D125=.125,D25=0.25,H100=100.
  2      28 |     &, H10000=10000.,H10E5=1.E5,CAPA=0.28589641E0
  2      29 |     &, D115=0.115,D608=0.608,D05=0.05,D0065=0.0065
  2      30 |     &, H1E2=100.,H1E4=1.E4,H1M2=1.E-2)
  2      31 |      PARAMETER
  2      32 |     & (G=9.8,RD=287.04,ROG=RD/G,GI=1./G
  2      33 |     &, OVERRC=1.75,AD05=OVERRC*D05,CFT0=OVERRC-H1
  2      34 |     &, DTR=1.745329E-2,RTD=1./DTR,ERAD=6.376E6,CP=1004.6
  2      35 |     &, RCAPA=1./CAPA,P1000=1000.E2,DP10M=110
  2      36 |     &, ELWV=2.50E6,CPDR=CP/RD,RG=1./GI,ELDR=ELWV/RD
  2      37 |     &, BETA=.00367,BTG=BETA*9.8)
  2      38 |      PARAMETER
  2      39 |     & (FMW=18.015,FMD=28.964,EPS=FMW/FMD,ONEPS=1.-EPS,TFRZ=273.16
  2      40 |     &, RDOCP=RD/CP,LHEAT=2.5E6,LHTOCP=LHEAT/CP,EPSQ2=0.2
  2      41 |     &, PQ0=379.90516,A2=17.2693882,A3=273.16,A4=35.86)
        113 |      PARAMETER (GAMMA=6.5/1000.,ZSL=0.0)
        114 |      PARAMETER (TAUCR=RD*GI*290.66,CONST=0.005*G/RD)
        115 |      PARAMETER (GORD=G/RD,DP=60.E2)
        116 |      PARAMETER (ISMTHT=4,ISMTHQ=2)
        117 |C
        118 |C     DECLARE VARIABLES
        119 |      REAL TBAR(IM,JM),QBAR(IM,JM),ALPBAR(IM,JM)
        120 |      REAL TSFC(IM,JM),QSFC(IM,JM),EGRID(IM,JM)
        121 |C
        122 |C     INCLUDE COMMON BLOCKS
        123 |      INCLUDE "MAPOT.comm"
  3       1 |C-----------------------------------------------------------------------
  3       2 |                             C O M M O N /MAPOT/
  3       3 |     & LSL,IXM,IYM
  3       4 |     &,ISHDE(99)
  3       5 |     &,R,PT,TSPH
  3       6 |     &,WBD,SBD,TLM0D,TPH0D,DLMD,DPHD,CMLD,DP30,X1P,Y1P
  3       7 |     &,DISLP,Z0SLP,SPL(LSM),ALSL(LSM)
  3       8 |     &,DETA(LM),AETA(LM),ETA(LP1),TSHDE(99)
  3       9 |     &,ERLAM0,CPHI0,SPHI0
  3      10 |     &,KUNIT,LUNIT,MUNIT,IUNIT,NUNIT
  3      11 |     &,DSG1(LM),SGML1(LM),SG1(LP1),PDTOP
  3      12 |     &,DSG2(LM),SGML2(LM),SG2(LP1)
  3      13 |C-----------------------------------------------------------------------
        124 |      INCLUDE "LOOPS.comm"
  4       1 |C-----------------------------------------------------------------------
  4       2 |                             C O M M O N /LOOPS/
  4       3 |     & IHLA  (JAM),IHHA  (JAM),IVLA  (JAM),IVHA  (JAM),JRA   (JAM)
  4       4 |C
  4       5 |     &,LMH   (IM,JM),LMV   (IM,JM)
  4       6 |C-----------------------------------------------------------------------
        125 |      INCLUDE "DYNAMD.comm"
  5       1 |C-----------------------------------------------------------------------
  5       2 |                             C O M M O N /DYNAM/
  5       3 |     & DY,CPGFV,EN,ENT,RDYN,PTDYN,F4D,F4Q,EF4T
  5       4 |     &,DETAD(LM),RDETA(LM),AETAD(LM),F4Q2(LM),ETAD(LP1),DFL(LP1)
  5       5 |C
  5       6 |     &,EM    (JAM),EMT   (JAM)
  5       7 |C
  5       8 |     &,DX   (IM,JM),WPDAR(IM,JM),CPGFU(IM,JM),CURV (IM,JM),FCP  (IM,JM)
  5       9 |     &,FDIV (IM,JM),FAD  (IM,JM),F    (IM,JM),DDMPU(IM,JM),DDMPV(IM,JM)
  5      10 |C-----------------------------------------------------------------------
        126 |      INCLUDE "INDX.comm"
  6       1 |C-----------------------------------------------------------------------
  6       2 |                        C O M M O N /INDX/
  6       3 |     & IHE(JM),IHW(JM),IVE(JM),IVW(JM)
  6       4 |C-----------------------------------------------------------------------
        127 |      INCLUDE "CTLBLK.comm"
  7       1 |C-----------------------------------------------------------------------
  7       2 |      COMMON /CTLBLK/
  7       3 |     & SIGMA,RUN,IDAT(3),IHRST,FIRST,RESTRT,NFCST,NBC,LIST,IOUT
  7       4 |     &,DT,NTSD,NTSTM,NDDAMP,NPREC,IDTAD,NBOCO,NSHDE,NCP
  7       5 |     &,NPHS,NRADS,NRADL
  7       6 |      INTEGER NUM_PROCS, ME, JSTA, JEND,
  7       7 |     &        JSTA_M, JSTA_M2, JEND_M, JEND_M2, IUP, IDN, ICNT, IDSP,
  7       8 |     &        JSTA_2L, JEND_2U
  7       9 |      COMMON /PARALLEL/NUM_PROCS, ME, JSTA, JEND, JSTA_M, JEND_M,
  7      10 |     &                 JSTA_M2, JEND_M2, IUP, IDN,
  7      11 |     &                 ICNT(0:1023), IDSP(0:1023),
  7      12 |     &                 JSTA_2L, JEND_2U, NUM_SERVERS, MPI_COMM_INTER,
  7      13 |     &                 MPI_COMM_COMP
  7      14 |C-----------------------------------------------------------------------
        128 |C
        129 |C**********************************************************************
        130 |C     START NGMSLP HERE.
        131 |C
        132 |C     LOOP OVER HORIZONTAL GRID.
        133 |C
        134 |!$omp  parallel do
        135 |!$omp& private(alpm,alps,l,llmh,nlev,pm,psfc,ptop,qsum,thsfc,tsum)
        136 |      DO 30 J=JSTA,JEND
        137 |      DO 30 I=1,IM
        138 |         LLMH = LMH(I,J)
        139 |C
        140 |C        LOCATE TOP OF LAYER OVER WHICH TO COMPUTE MEAN FIELDS.
        141 |         PSFC    = PD(I,J)+PT+PDTOP
        142 |         PTOP    = PSFC-DP
        143 |         QSFC(I,J) = (1.-SM(I,J))*QS(I,J)+SM(I,J)*QZ0(I,J)
        144 |         QSFC(I,J) = AMAX1(H1M12,QSFC(I,J))
        145 |         THSFC   = (1.-SM(I,J))*THS(I,J)+SM(I,J)*THZ0(I,J)
        146 |         TSFC(I,J) = THSFC*(P1000/PSFC)**(-CAPA)
        147 |C
        148 |C        COMPUTE MEAN FIELDS.
        149 |         NLEV = 1
        150 |         ALPS = D50*(ALPINT(I,J,LLMH)+ALPINT(I,J,LLMH+1))
        151 |         TSUM = T(I,J,LLMH)
        152 |         QSUM = Q(I,J,LLMH)
        153 |         TBAR(I,J)   = TSUM
        154 |         QBAR(I,J)   = QSUM
        155 |         ALPBAR(I,J) = ALPS
        156 |         IF (LLMH.EQ.LM) GOTO 30
        157 |         DO 10 L = LLMH-1,1,-1
        158 |            ALPM = D50*(ALPINT(I,J,L)+ALPINT(I,J,L+1))
        159 |            PM   = EXP(ALPM)
        160 |            IF (PM.LT.PTOP) GOTO 20
        161 |            NLEV = NLEV + 1
        162 |            ALPS = ALPS + ALPM
        163 |            TSUM = TSUM + T(I,J,L)
        164 |            QSUM = QSUM + Q(I,J,L)
        165 | 10      CONTINUE
        166 | 20      CONTINUE
        167 |         RNLEV     = 1./NLEV
        168 |         ALPBAR(I,J) = ALPS*RNLEV
        169 |         TBAR(I,J)   = TSUM*RNLEV
        170 |         QBAR(I,J)   = QSUM*RNLEV
        171 | 30   CONTINUE
        172 |C
        173 |C     SMOOTH LAYER MEAN TEMPERATURE AND SPECIFIC HUMIDITY.
        174 |C     BOUND SPECIFIC HUMIDITY SO THAT IT IS NON-NEGATIVE.
        175 |C
        176 |      CALL P2FILT(ISMTHT,HBM2,TBAR)
        177 |      CALL P2FILT(ISMTHT,HBM2,TSFC)
        178 |      CALL P2FILT(ISMTHQ,HBM2,QBAR)
        179 |      CALL P2FILT(ISMTHQ,HBM2,QSFC)
        180 |C
        181 |C     BOUND Q
        182 |C
        183 |      DO J=JSTA,JEND
        184 |         DO I=1,IM
        185 |            QBAR(I,J) = AMIN1(AMAX1(H1M12,QBAR(I,J)),H99999)
        186 |            QSFC(I,J) = AMIN1(AMAX1(H1M12,QSFC(I,J)),H99999)
        187 |         ENDDO
        188 |      ENDDO
        189 |C
        190 |C     LOOP OVER HORIZONTAL GRID.
        191 |C
        192 |!$omp  parallel do
        193 |!$omp& private(alpavg,alpsfc,llmh,pavg,psfc,ptop,qavg,rhoavg,rrhog,
        194 |!$omp&         tau,tauavg,tausfc,tausl,tavg,tvrbar,tvrsfc,tvrsl,
        195 |!$omp&         tvrt,tvrtal,zbar,zl,zsfc)
        196 |       DO 50 J=JSTA,JEND
        197 |       DO 50 I=1,IM
        198 |         LLMH = LMH(I,J)
        199 |         ZSFC = FIS(I,J)*GI
        200 |         PSFC = PD(I,J)+PT+PDTOP
        201 |         ALPSFC = ALOG(PSFC)
        202 |         PTOP   = PSFC-DP
        203 |         SLP(I,J) = PSFC
        204 |CX         IF (LLMH.EQ.LM) GOTO 50
        205 |C
        206 |C        COMPUTE LAYER MEAN TAU (VIRTUAL TEMP*RD/G).
        207 |         TVRT = TBAR(I,J)*(H1+D608*QBAR(I,J))
        208 |         TAU  = TVRT*RD*GI
        209 |C
        210 |C        COMPUTE HEIGHT OF MEAN ATMOSPHERIC LAYER.
        211 |CX         QSFC   = (1.-SM(I,J))*QS(I,J)+SM(I,J)*QZ0(I,J)
        212 |CX         QSFC   = AMAX1(H1M12,QSFC)
        213 |         QAVG   = D50*(QSFC(I,J)+QBAR(I,J))
        214 |CX         THSFC  = (1.-SM(I,J))*THS(I,J)+SM(I,J)*THZ0(I,J)
        215 |CX         TSFC   = THSFC*(P1000/PSFC)**(-CAPA)
        216 |         TAVG   = D50*(TSFC(I,J)+TBAR(I,J))
        217 |         TVRBAR = TAVG*(H1+D608*QAVG)
        218 |         ZBAR   = RD*GI*TVRBAR*(ALPSFC-ALPBAR(I,J)) + ZSFC
        219 |C
        220 |C        COMPUTE TAU AT THE GROUND (Z=ZSFC) AND SEA LEVEL (Z=0)
        221 |C        ASSUMING A CONSTANT LAPSE RATE OF GAMMA=6.5DEG/KM.
        222 |         TVRSFC = TVRT + (ZBAR-ZSFC)*GAMMA
        223 |         TAUSFC = TVRSFC*RD*GI
        224 |         TVRSL  = TVRT + (ZBAR- ZSL)*GAMMA
        225 |         TAUSL  = TVRSL*RD*GI
        226 |C
        227 |C        IF NEED BE APPLY SHEULL CORRECTION.
        228 |         IF ((TAUSL.GT.TAUCR).AND.(TAUSFC.LE.TAUCR)) THEN
        229 |            TAUSL=TAUCR
        230 |         ELSEIF ((TAUSL.GT.TAUCR).AND.(TAUSFC.GT.TAUCR)) THEN
        231 |            TAUSL = TAUCR-CONST*(TAUSFC-TAUCR)**2
        232 |         ENDIF
        233 |C
        234 |C        COMPUTE MEAN TAU.
        235 |         TAUAVG = D50*(TAUSL+TAUSFC)
        236 |C
        237 |C        COMPUTE SEA LEVEL PRESSURE.
        238 |c         IF (LLMH.LT.LM) SLP(I,J) = PSFC*EXP(ZSFC/TAUAVG)
        239 |         IF (FIS(I,J).GT.1.0)SLP(I,J) = PSFC*EXP(ZSFC/TAUAVG)
        240 |C
        241 |C        COMPUTE 1000MB HEIGHTS.
        242 |         ALPAVG   = D50*(ALOG(PSFC)+ALOG(SLP(I,J)))
        243 |         PAVG     = EXP(ALPAVG)
        244 |         RHOAVG   = PAVG*GI/TAUAVG
        245 |         RRHOG    = H1/(RHOAVG*G)
        246 |         Z1000(I,J) = (SLP(I,J)-P1000)*RRHOG
        247 |C
        248 |C        COMPUTE TEMPERATURES ON ETA LEVELS BELOW GROUND.
        249 |         IF ((ZSFC-ZSL).EQ.0.) GOTO 50
        250 |CX       TLAPSE = GORD*(TAUSFC-TAUSL)/(ZSFC-ZSL)
        251 |         IF (LLMH.EQ.LM) GOTO 50
        252 |         DO 40 L = LLMH+1,LM
        253 |            ZL     = GI*DFL(L)
        254 |            TVRTL  = TVRT + (ZBAR-ZL)*GAMMA
        255 |            T(I,J,L) = TVRTL/(H1+D608*QBAR(I,J))
        256 | 40      CONTINUE
        257 |C
        258 |C     MOVE TO NEXT HORIZONTAL GRIDPOINT.
        259 | 50   CONTINUE
        260 |C
        261 |C     WE NOW HAVE THE SHEULL SEA LEVEL PRESSURE FIELD
        262 |C     IN ARRAY SLP.  APPLY A FIVE POINT SMOOTHER.
        263 |C
        264 |C
        265 |C***  EXTRAPOLATE VALUES TO THE OUTER 2 ROWS
        266 |C
        267 |      IF(ME.EQ.0)THEN
        268 |      IF((JEND-JSTA).LT.5)THEN
        269 |      DO J=1,2
        270 |      IEND=IM-1-MOD(J+1,2)
        271 |      DO I=2,IEND
        272 |        SLP(I,J)=SLP(I,3)
        273 |      ENDDO
        274 |      ENDDO
        275 |      ELSE
        276 |      DO J=1,2
        277 |      IEND=IM-1-MOD(J+1,2)
        278 |      DO I=2,IEND
        279 |        SLP(I,J)=1.5*SLP(I,J+2)-0.5*SLP(I,J+4)
        280 |      ENDDO
        281 |      ENDDO
        282 |      END IF
        283 |      END IF
        284 |C
        285 |      IF(ME.EQ.(NUM_PROCS-1))THEN
        286 |      IF((JEND-JSTA).LT.5)THEN
        287 |      DO J=JM-1,JM
        288 |      IEND=IM-1-MOD(J+1,2)
        289 |      DO I=2,IEND
        290 |        SLP(I,J)=SLP(I,IM-2)
        291 |      ENDDO
        292 |      ENDDO
        293 |      ELSE
        294 |      DO J=JM-1,JM
        295 |      IEND=IM-1-MOD(J+1,2)
        296 |      DO I=2,IEND
        297 |        SLP(I,J)=1.5*SLP(I,J-2)-0.5*SLP(I,J-4)
        298 |      ENDDO
        299 |      ENDDO
        300 |      END IF
        301 |      END IF
        302 |C
        303 |      DO J=JSTA,JEND
        304 |        SLP(1,J)=1.5*SLP(2,J)-0.5*SLP(3,J)
        305 |      ENDDO
        306 |      DO J=JSTA,JEND
        307 |        I=IM-MOD(J+1,2)
        308 |        SLP(I,J)=1.5*SLP(I-1,J)-0.5*SLP(I-2,J)
        309 |      ENDDO
        310 |!$omp  parallel do
        311 |      DO J=JSTA,JEND
        312 |      DO I=1,IM
        313 |        EGRID(I,J)=SLP(I,J)
        314 |      ENDDO
        315 |      ENDDO
        316 |C
        317 |CCCCCCC
        318 |C
        319 |      CALL EXCH(SLP)
        320 |      DO 90 KS=1,KSLPD
        321 |         DO 80 J=JSTA_M2,JEND_M2
        322 |         IEND=IM-1-MOD(J+1,2)
        323 |         DO I=2,IEND
        324 |           IF (FIS(I,J).GT.H1000)         GO TO 70
        325 |           IF (FIS(I+IHW(J),J-1).GT.H1000)GO TO 70
        326 |           IF (FIS(I+IHE(J),J-1).GT.H1000)GO TO 70
        327 |           IF (FIS(I+IHW(J),J+1).GT.H1000)GO TO 70
        328 |           IF (FIS(I+IHE(J),J+1).GT.H1000)GO TO 70
        329 |           IF (KS.GT.1) GO TO 80
        330 | 70        EGRID(I,J)=D125*
        331 |     1          (SLP(I+IHW(J),J-1)+SLP(I+IHE(J),J-1)
        332 |     1          +SLP(I+IHW(J),J+1)+SLP(I+IHE(J),J+1)
        333 |     2          +H4*SLP(I,J))
        334 |         ENDDO
        335 | 80      CONTINUE
        336 |         DO J=JSTA,JEND
        337 |         DO I=1,IM
        338 |           SLP(I,J) = EGRID(I,J)
        339 |         ENDDO
        340 |         ENDDO
        341 | 90   CONTINUE
        342 |C
        343 |C     END OF ROUTINE.
        344 |C
        345 |
        346 |      RETURN
        347 |      END
 
>>>>> ATTRIBUTE AND CROSS REFERENCE SECTION <<<<<
 
 
 
IDENTIFIER NAME                  CROSS REFERENCE AND ATTRIBUTES
 
a2                               Parameter, Real(4)
                                 2-41.23$
 
a3                               Parameter, Real(4)
                                 2-41.37$
 
a4                               Parameter, Real(4)
                                 2-41.47$
 
accliq                           Allocatable, Use associated, Controlled, Real(4) (:, :), Offset: 0, Alignment: full word
                                 0-107.11$
 
acprec                           Allocatable, Use associated, Controlled, Real(4) (:, :), Offset: 0, Alignment: full word
                                 0-107.11$
 
ad05                             Parameter, Real(4)
                                 2-33.21$
 
aeta                             Common member, Real(4) (1:60), Offset: 1020, Alignment: full word
                                 3-8.17$
 
aetad                            Common member, Real(4) (1:60), Offset: 516, Alignment: full word
                                 5-4.28$
 
akhs                             Allocatable, Use associated, Controlled, Real(4) (:, :), Offset: 0, Alignment: full word
                                 0-107.11$
 
akms                             Allocatable, Use associated, Controlled, Real(4) (:, :), Offset: 0, Alignment: full word
                                 0-107.11$
 
alog                             Pure Intrinsic Real(4)
                                 0-201.19  0-242.26  0-242.37
 
alpavg                           Static, Real(4), Offset: 0, Alignment: full word
                                 0-242.10@  0-243.25
 
alpbar                           Static, Real(4) (1:89, 1:143), Offset: 0, Alignment: full word
                                 0-119.36$  0-155.10@  0-168.10@  0-218.40
 
alpint                           Allocatable, Use associated, Controlled, Real(4) (:, :, :), Offset: 0, Alignment: full word
                                 0-106.11$  0-150.22  0-150.39  0-158.25  0-158.39
 
alpm                             Static, Real(4), Offset: 0, Alignment: full word
                                 0-158.13@  0-159.24  0-162.27
 
alps                             Static, Real(4), Offset: 0, Alignment: full word
                                 0-150.10@  0-155.24  0-162.13@  0-162.20  0-168.24
 
alpsfc                           Static, Real(4), Offset: 0, Alignment: full word
                                 0-201.10@  0-218.33
 
alsl                             Common member, Real(4) (1:39), Offset: 624, Alignment: quadruple word
                                 3-7.29$
 
amax1                            Pure Intrinsic Real(4)
                                 0-144.22  0-185.31  0-186.31
 
amin1                            Pure Intrinsic Real(4)
                                 0-185.25  0-186.25
 
beta                             Parameter, Real(4)
                                 2-37.9$  2-37.25
 
btg                              Parameter, Real(4)
                                 2-37.21$
 
capa                             Parameter, Real(4)
                                 2-28.34$  0-146.44  2-35.18
 
cft0                             Parameter, Real(4)
                                 2-33.37$
 
cldefi                           Allocatable, Use associated, Controlled, Real(4) (:, :), Offset: 0, Alignment: full word
                                 0-107.11$
 
cm1                              Parameter, Real(4)
                                 2-23.9$
 
cm2                              Parameter, Real(4)
                                 2-23.20$
 
cm3                              Parameter, Real(4)
                                 2-23.31$
 
cmld                             Common member, Real(4), Offset: 444, Alignment: full word
                                 3-6.38$
 
const                            Parameter, Real(4)
                                 0-114.37$  0-231.27
 
cp                               Parameter, Real(4)
                                 2-34.49$  2-36.26  2-40.18  2-40.46
 
cpdr                             Parameter, Real(4)
                                 2-36.21$
 
cpgfu                            Common member, Real(4) (1:89, 1:143), Offset: 105476, Alignment: full word
                                 5-8.34$
 
cpgfv                            Common member, Real(4), Offset: 4, Alignment: full word
                                 5-3.11$
 
cphi0                            Common member, Real(4), Offset: 1904, Alignment: quadruple word
                                 3-9.15$
 
ctlblk                           Common Block, Alignment: double word
                                 7-2.15$
 
cuprec                           Allocatable, Use associated, Controlled, Real(4) (:, :), Offset: 0, Alignment: full word
                                 0-107.11$
 
curv                             Common member, Real(4) (1:89, 1:143), Offset: 156384, Alignment: quadruple word
                                 5-8.47$
 
d00                              Parameter, Real(4)
                                 2-25.9$
 
d001                             Parameter, Real(4)
                                 2-25.33$
 
d0065                            Parameter, Real(4)
                                 2-29.40$
 
d01                              Parameter, Real(4)
                                 2-25.24$
 
d05                              Parameter, Real(4)
                                 2-29.31$  2-33.33
 
d1                               Parameter, Real(4)
                                 2-25.17$
 
d115                             Parameter, Real(4)
                                 2-29.9$
 
d125                             Parameter, Real(4)
                                 2-27.32$  0-330.23
 
d25                              Parameter, Real(4)
                                 2-27.42$
 
d50                              Parameter, Real(4)
                                 2-25.44$  0-150.17  0-158.20  0-213.19  0-216.19  0-235.19  0-242.21
 
d608                             Parameter, Real(4)
                                 2-29.20$  0-207.31  0-217.28  0-255.34
 
ddmpu                            Common member, Real(4) (1:89, 1:143), Offset: 410924, Alignment: full word
                                 5-9.47$
 
ddmpv                            Common member, Real(4) (1:89, 1:143), Offset: 461832, Alignment: double word
                                 5-9.60$
 
deta                             Common member, Real(4) (1:60), Offset: 780, Alignment: full word
                                 3-8.8$
 
detad                            Common member, Real(4) (1:60), Offset: 36, Alignment: full word
                                 5-4.8$
 
dfl                              Common member, Real(4) (1:61), Offset: 1240, Alignment: double word
                                 5-4.57$  0-253.25
 
dislp                            Common member, Real(4), Offset: 460, Alignment: full word
                                 3-7.8$
 
dlmd                             Common member, Real(4), Offset: 436, Alignment: full word
                                 3-6.28$
 
dp                               Parameter, Real(4)
                                 0-115.28$  0-142.25  0-202.24
 
dp10m                            Parameter, Real(4)
                                 2-35.37$
 
dp30                             Common member, Real(4), Offset: 448, Alignment: quadruple word
                                 3-6.43$
 
dphd                             Common member, Real(4), Offset: 440, Alignment: double word
                                 3-6.33$
 
dsg1                             Common member, Real(4) (1:60), Offset: 1932, Alignment: full word
                                 3-11.8$
 
dsg2                             Common member, Real(4) (1:60), Offset: 2660, Alignment: full word
                                 3-12.8$
 
dt                               Common member, Real(4), Offset: 48, Alignment: quadruple word
                                 7-4.8$
 
dtr                              Parameter, Real(4)
                                 2-34.9$  2-34.32
 
dwdt                             Allocatable, Use associated, Controlled, Real(4) (:, :, :), Offset: 0, Alignment: full word
                                 0-105.11$
 
dx                               Common member, Real(4) (1:89, 1:143), Offset: 3660, Alignment: full word
                                 5-8.8$
 
dy                               Common member, Real(4), Offset: 0, Alignment: quadruple word
                                 5-3.8$
 
dynam                            Common Block, Alignment: double word
                                 5-2.43$
 
ef4t                             Common member, Real(4), Offset: 32, Alignment: quadruple word
                                 5-3.43$
 
egrid                            Static, Real(4) (1:89, 1:143), Offset: 0, Alignment: full word
                                 0-120.36$  0-313.9@  0-330.12@  0-338.23
 
eldr                             Parameter, Real(4)
                                 2-36.41$
 
elwv                             Parameter, Real(4)
                                 2-36.9$  2-36.46
 
em                               Common member, Real(4) (1:272), Offset: 1484, Alignment: full word
                                 5-6.8$
 
emt                              Common member, Real(4) (1:272), Offset: 2572, Alignment: full word
                                 5-6.20$
 
en                               Common member, Real(4), Offset: 8, Alignment: double word
                                 5-3.17$
 
ent                              Common member, Real(4), Offset: 12, Alignment: full word
                                 5-3.20$
 
eps                              Parameter, Real(4)
                                 2-39.31$  2-39.52
 
epsq2                            Parameter, Real(4)
                                 2-40.49$
 
erad                             Parameter, Real(4)
                                 2-34.36$
 
erlam0                           Common member, Real(4), Offset: 1900, Alignment: full word
                                 3-9.8$
 
eta                              Common member, Real(4) (1:61), Offset: 1260, Alignment: full word
                                 3-8.26$
 
etad                             Common member, Real(4) (1:61), Offset: 996, Alignment: full word
                                 5-4.47$
 
exch                             External Subroutine
                                 0-319.12
 
exp                              Pure Intrinsic
                                 0-159.20  0-239.46  0-243.21
 
extra                            Use associated, Nonintrinsic Module
                                 0-106.11$  0-106.11
 
f                                Common member, Real(4) (1:89, 1:143), Offset: 360016, Alignment: quadruple word
                                 5-9.34$
 
f4d                              Common member, Real(4), Offset: 24, Alignment: double word
                                 5-3.35$
 
f4q                              Common member, Real(4), Offset: 28, Alignment: full word
                                 5-3.39$
 
f4q2                             Common member, Real(4) (1:60), Offset: 756, Alignment: full word
                                 5-4.38$
 
fad                              Common member, Real(4) (1:89, 1:143), Offset: 309108, Alignment: full word
                                 5-9.21$
 
fcp                              Common member, Real(4) (1:89, 1:143), Offset: 207292, Alignment: full word
                                 5-8.60$
 
fdiv                             Common member, Real(4) (1:89, 1:143), Offset: 258200, Alignment: double word
                                 5-9.8$
 
first                            Common member, Real(4), Offset: 24, Alignment: double word
                                 7-3.32$
 
fis                              Allocatable, Use associated, Controlled, Real(4) (:, :), Offset: 0, Alignment: full word
                                 0-105.11$  0-199.17  0-239.14  0-324.16  0-325.16  0-326.16  0-327.16  0-328.16
 
fmd                              Parameter, Real(4)
                                 2-39.20$  2-39.39
 
fmw                              Parameter, Real(4)
                                 2-39.9$  2-39.35
 
fsl                              Allocatable, Use associated, Controlled, Real(4) (:, :), Offset: 0, Alignment: full word
                                 0-106.11$
 
g                                Parameter, Real(4)
                                 2-32.9$  0-114.49  0-115.23  0-245.32  2-32.32  2-32.40
 
gamma                            Parameter, Real(4)
                                 0-113.18$  0-222.38  0-224.38  0-254.39
 
gi                               Parameter, Real(4)
                                 2-32.34$  0-114.27  0-199.26  0-208.25  0-218.22  0-223.29  0-225.28  0-244.26  0-253.22  2-36.38
 
gord                             Parameter, Real(4)
                                 0-115.18$
 
h1                               Parameter, Real(4)
                                 2-26.9$  0-207.28  0-217.25  0-245.21  0-255.31  2-33.49
 
h100                             Parameter, Real(4)
                                 2-27.51$
 
h1000                            Parameter, Real(4)
                                 2-27.9$  0-324.28  0-325.37  0-326.37  0-327.37  0-328.37
 
h10000                           Parameter, Real(4)
                                 2-28.9$
 
h10e5                            Parameter, Real(4)
                                 2-28.23$
 
h1e2                             Parameter, Real(4)
                                 2-30.9$
 
h1e4                             Parameter, Real(4)
                                 2-30.19$
 
h1m12                            Parameter, Real(4)
                                 2-26.44$  0-144.28  0-185.37  0-186.37
 
h1m2                             Parameter, Real(4)
                                 2-30.29$
 
h1m5                             Parameter, Real(4)
                                 2-27.21$
 
h2                               Parameter, Real(4)
                                 2-26.16$
 
h4                               Parameter, Real(4)
                                 2-26.23$  0-333.18
 
h999                             Parameter, Real(4)
                                 2-25.53$
 
h99999                           Parameter, Real(4)
                                 2-26.30$  0-185.54  0-186.54
 
hbm2                             Allocatable, Use associated, Controlled, Real(4) (:, :), Offset: 0, Alignment: full word
                                 0-108.11$  0-176.26  0-177.26  0-178.26  0-179.26
 
htm                              Allocatable, Use associated, Controlled, Real(4) (:, :, :), Offset: 0, Alignment: full word
                                 0-108.11$
 
i                                Static, Integer(4), Offset: 0, Alignment: full word
                                 0-137.13@  0-138.21  0-141.23  0-143.15  0-143.29  0-143.38  0-143.46  0-143.55  0-144.15  0-144.39
                                 0-145.27  0-145.37  0-145.45  0-145.55  0-146.15  0-150.29  0-150.46  0-151.19  0-152.19  0-153.15
                                 0-154.15  0-155.17  0-158.32  0-158.46  0-163.29  0-164.29  0-168.17  0-169.15  0-170.15  0-184.13@
                                 0-185.18  0-185.48  0-186.18  0-186.48  0-197.14@  0-198.21  0-199.21  0-200.20  0-203.14  0-207.22
                                 0-207.41  0-213.29  0-213.39  0-216.29  0-216.39  0-218.47  0-239.18  0-239.34  0-242.46  0-246.16
                                 0-246.28  0-255.15  0-255.44  0-271.10@  0-272.13  0-272.22  0-278.10@  0-279.13  0-279.26
                                 0-279.41  0-289.10@  0-290.13  0-290.22  0-296.10@  0-297.13  0-297.26  0-297.41  0-307.9@
                                 0-308.13  0-308.26  0-308.41  0-312.10@  0-313.15  0-313.24  0-323.13@  0-324.20  0-325.20
                                 0-326.20  0-327.20  0-328.20  0-330.18  0-331.22  0-331.40  0-332.22  0-332.40  0-333.25  0-337.13@
                                 0-338.16  0-338.29
 
icnt                             Common member, Integer(4) (0:1023), Offset: 40, Alignment: double word
                                 7-7.59$  7-11.24$
 
idat                             Common member, Integer(4) (1:3), Offset: 8, Alignment: double word
                                 7-3.18$
 
idim1                            Parameter, Integer(4)
                                 1-14.17$
 
idim2                            Parameter, Integer(4)
                                 1-14.29$
 
idn                              Common member, Integer(4), Offset: 36, Alignment: full word
                                 7-7.54$  7-10.47$
 
idsp                             Common member, Integer(4) (0:1023), Offset: 4136, Alignment: double word
                                 7-7.65$  7-11.38$
 
idtad                            Common member, Integer(4), Offset: 68, Alignment: full word
                                 7-4.35$
 
iend                             Static, Integer(4), Offset: 0, Alignment: full word
                                 0-270.7@  0-271.14  0-277.7@  0-278.14  0-288.7@  0-289.14  0-295.7@  0-296.14  0-322.10@  0-323.17
 
igstl                            Parameter, Integer(4)
                                 1-9.17$  1-14.23
 
igstr                            Parameter, Integer(4)
                                 1-9.26$  1-14.44
 
ihe                              Common member, Integer(4) (1:143), Offset: 0, Alignment: quadruple word
                                 6-3.8$  0-326.22  0-328.22  0-331.42  0-332.42
 
ihha                             Common member, Integer(4) (1:272), Offset: 1088, Alignment: quadruple word
                                 4-3.20$
 
ihla                             Common member, Integer(4) (1:272), Offset: 0, Alignment: quadruple word
                                 4-3.8$
 
ihrst                            Common member, Integer(4), Offset: 20, Alignment: full word
                                 7-3.26$
 
ihw                              Common member, Integer(4) (1:143), Offset: 572, Alignment: full word
                                 6-3.16$  0-325.22  0-327.22  0-331.24  0-332.24
 
im                               Parameter, Integer(4)
                                 1-3.18$  0-119.17  0-119.29  0-119.43  0-120.17  0-120.29  0-120.42  0-137.17  0-184.17  0-197.18
                                 0-270.12  0-277.12  0-288.12  0-290.24  0-295.12  0-307.11  0-312.14  0-322.15  0-337.17  1-11.23
                                 1-11.34  1-14.35  2-4.15  2-6.13  2-7.16  2-9.14  4-5.15  4-5.29  5-8.14  5-8.27  5-8.40  5-8.53
                                 5-8.66  5-9.14  5-9.27  5-9.40  5-9.53  5-9.66
 
im1                              Parameter, Integer(4)
                                 2-6.9$
 
imt                              Parameter, Integer(4)
                                 2-4.9$
 
indx                             Common Block, Alignment: double word
                                 6-2.38$
 
inpes                            Parameter, Integer(4)
                                 1-6.17$  1-11.27  1-11.37  1-14.38
 
iout                             Common member, Integer(4), Offset: 44, Alignment: full word
                                 7-3.60$
 
ishde                            Common member, Integer(4) (1:99), Offset: 12, Alignment: full word
                                 3-4.8$
 
ismthq                           Parameter, Integer(4)
                                 0-116.27$  0-178.19  0-179.19
 
ismtht                           Parameter, Integer(4)
                                 0-116.18$  0-176.19  0-177.19
 
itail                            Parameter, Integer(4)
                                 1-11.17$
 
iunit                            Common member, Integer(4), Offset: 1924, Alignment: full word
                                 3-10.26$
 
iup                              Common member, Integer(4), Offset: 32, Alignment: quadruple word
                                 7-7.49$  7-10.42$
 
ive                              Common member, Integer(4) (1:143), Offset: 1144, Alignment: double word
                                 6-3.24$
 
ivha                             Common member, Integer(4) (1:272), Offset: 3264, Alignment: quadruple word
                                 4-3.44$
 
ivla                             Common member, Integer(4) (1:272), Offset: 2176, Alignment: quadruple word
                                 4-3.32$
 
ivw                              Common member, Integer(4) (1:143), Offset: 1716, Alignment: full word
                                 6-3.32$
 
ixm                              Common member, Integer(4), Offset: 4, Alignment: full word
                                 3-3.12$
 
iym                              Common member, Integer(4), Offset: 8, Alignment: double word
                                 3-3.16$
 
j                                Static, Integer(4), Offset: 0, Alignment: full word
                                 0-136.13@  0-138.23  0-141.25  0-143.17  0-143.31  0-143.40  0-143.48  0-143.57  0-144.17  0-144.41
                                 0-145.29  0-145.39  0-145.47  0-145.57  0-146.17  0-150.31  0-150.48  0-151.21  0-152.21  0-153.17
                                 0-154.17  0-155.19  0-158.34  0-158.48  0-163.31  0-164.31  0-168.19  0-169.17  0-170.17  0-183.10@
                                 0-185.20  0-185.50  0-186.20  0-186.50  0-196.14@  0-198.23  0-199.23  0-200.22  0-203.16  0-207.24
                                 0-207.43  0-213.31  0-213.41  0-216.31  0-216.41  0-218.49  0-239.20  0-239.36  0-242.48  0-246.18
                                 0-246.30  0-255.17  0-255.46  0-269.10@  0-270.21  0-272.15  0-276.10@  0-277.21  0-279.15
                                 0-279.28  0-279.43  0-287.10@  0-288.21  0-290.15  0-294.10@  0-295.21  0-297.15  0-297.28
                                 0-297.43  0-303.10@  0-304.15  0-304.28  0-304.41  0-306.10@  0-307.18  0-308.15  0-308.30
                                 0-308.45  0-311.10@  0-313.17  0-313.26  0-321.16@  0-322.24  0-324.22  0-325.26  0-325.29
                                 0-326.26  0-326.29  0-327.26  0-327.29  0-328.26  0-328.29  0-330.20  0-331.28  0-331.31  0-331.46
                                 0-331.49  0-332.28  0-332.31  0-332.46  0-332.49  0-333.27  0-336.13@  0-338.18  0-338.31
 
jam                              Parameter, Integer(4)
                                 2-6.27$  4-3.15  4-3.27  4-3.39  4-3.51  4-3.63  5-6.15  5-6.27
 
jdim1                            Parameter, Integer(4)
                                 1-15.17$
 
jdim2                            Parameter, Integer(4)
                                 1-15.29$
 
jend                             Common member, Integer(4), Offset: 12, Alignment: full word
                                 7-6.36$  7-9.45$  0-136.20  0-183.17  0-196.21  0-268.11  0-286.11  0-303.17  0-306.17  0-311.17
                                 0-336.20
 
jend_2u                          Common member, Integer(4), Offset: 8236, Alignment: full word
                                 7-8.24$  7-12.33$
 
jend_m                           Common member, Integer(4), Offset: 20, Alignment: full word
                                 7-7.32$  7-9.59$
 
jend_m2                          Common member, Integer(4), Offset: 28, Alignment: full word
                                 7-7.40$  7-10.33$  0-321.26
 
jgstl                            Parameter, Integer(4)
                                 1-10.17$  1-15.23
 
jgstr                            Parameter, Integer(4)
                                 1-10.26$  1-15.44
 
jm                               Parameter, Integer(4)
                                 1-3.24$  0-119.20  0-119.32  0-119.46  0-120.20  0-120.32  0-120.45  0-287.12  0-287.17  0-294.12
                                 0-294.17  1-12.23  1-12.34  1-15.35  2-4.24  2-6.22  2-6.36  2-9.17  4-5.18  4-5.32  5-8.17  5-8.30
                                 5-8.43  5-8.56  5-8.69  5-9.17  5-9.30  5-9.43  5-9.56  5-9.69  6-3.12  6-3.20  6-3.28  6-3.36
 
jm2                              Parameter, Integer(4)
                                 2-6.18$
 
jmt                              Parameter, Integer(4)
                                 2-4.20$
 
jnpes                            Parameter, Integer(4)
                                 1-6.25$  1-12.27  1-12.37  1-15.38
 
jra                              Common member, Integer(4) (1:272), Offset: 4352, Alignment: quadruple word
                                 4-3.56$
 
jsta                             Common member, Integer(4), Offset: 8, Alignment: double word
                                 7-6.30$  7-9.39$  0-136.15  0-183.12  0-196.16  0-268.16  0-286.16  0-303.12  0-306.12  0-311.12
                                 0-336.15
 
jsta_2l                          Common member, Integer(4), Offset: 8232, Alignment: double word
                                 7-8.15$  7-12.24$
 
jsta_m                           Common member, Integer(4), Offset: 16, Alignment: quadruple word
                                 7-7.15$  7-9.51$
 
jsta_m2                          Common member, Integer(4), Offset: 24, Alignment: double word
                                 7-7.23$  7-10.24$  0-321.18
 
jtail                            Parameter, Integer(4)
                                 1-12.17$
 
kmnt                             Allocatable, Use associated, Controlled, Real(4) (:, :), Offset: 0, Alignment: full word
                                 0-106.11$
 
kmntm                            Allocatable, Use associated, Controlled, Real(4) (:), Offset: 0, Alignment: full word
                                 0-106.11$
 
ks                               Static, Integer(4), Offset: 0, Alignment: full word
                                 0-320.13@  0-329.16
 
ksav                             Parameter, Integer(4)
                                 2-14.23$
 
ksfi                             Parameter, Integer(4)
                                 2-13.33$
 
ksli                             Parameter, Integer(4)
                                 2-14.30$
 
kslp                             Parameter, Integer(4)
                                 2-14.37$
 
kslpd                            Parameter, Integer(4)
                                 2-13.17$  0-320.18
 
ksmud                            Parameter, Integer(4)
                                 2-13.9$
 
ksrh                             Parameter, Integer(4)
                                 2-14.16$
 
ksslp                            Parameter, Integer(4)
                                 2-13.25$
 
kst                              Parameter, Integer(4)
                                 2-13.40$
 
ksuv                             Parameter, Integer(4)
                                 2-14.9$
 
kunit                            Common member, Integer(4), Offset: 1912, Alignment: double word
                                 3-10.8$
 
l                                Static, Integer(4), Offset: 0, Alignment: full word
                                 0-157.16@  0-158.36  0-158.50  0-163.33  0-164.33  0-252.16@  0-253.29  0-255.19
 
lb                               Parameter, Integer(4)
                                 2-9.9$
 
lheat                            Parameter, Integer(4)
                                 2-40.21$  2-40.40
 
lhtocp                           Parameter, Integer(4)
                                 2-40.33$
 
list                             Common member, Integer(4), Offset: 40, Alignment: double word
                                 7-3.55$
 
llmh                             Static, Integer(4), Offset: 0, Alignment: full word
                                 0-138.10@  0-150.33  0-150.50  0-151.23  0-152.23  0-156.14  0-157.20  0-198.10@  0-251.14
                                 0-252.20
 
lm                               Parameter, Integer(4)
                                 1-3.31$  0-156.22  0-251.22  0-252.27  2-8.13  2-8.22  2-19.29  3-8.13  3-8.22  3-11.13  3-11.23
                                 3-12.13  3-12.23  5-4.14  5-4.24  5-4.34  5-4.43
 
lm1                              Parameter, Integer(4)
                                 2-8.9$
 
lmh                              Common member, Integer(4) (1:89, 1:143), Offset: 5440, Alignment: quadruple word
                                 4-5.8$  0-138.17  0-198.17
 
lmv                              Common member, Integer(4) (1:89, 1:143), Offset: 56348, Alignment: full word
                                 4-5.22$
 
loops                            Common Block, Alignment: double word
                                 4-2.43$
 
lp1                              Parameter, Integer(4)
                                 2-8.18$  3-8.30  3-11.31  3-12.31  5-4.52  5-4.61
 
lsl                              Common member, Integer(4), Offset: 0, Alignment: quadruple word
                                 3-3.8$
 
lsm                              Parameter, Integer(4)
                                 1-3.37$  3-7.24  3-7.34
 
lunit                            Common member, Integer(4), Offset: 1916, Alignment: full word
                                 3-10.14$
 
mapot                            Common Block, Alignment: double word
                                 3-2.43$
 
masks                            Use associated, Nonintrinsic Module
                                 0-108.11$  0-108.11
 
me                               Common member, Integer(4), Offset: 4, Alignment: full word
                                 7-6.26$  7-9.35$  0-267.10  0-285.10
 
mod                              Pure Intrinsic
                                 0-270.17  0-277.17  0-288.17  0-295.17  0-307.14  0-322.20
 
mpi_comm_comp                    Common member, Integer(4), Offset: 8248, Alignment: double word
                                 7-13.24$
 
mpi_comm_inter                   Common member, Integer(4), Offset: 8244, Alignment: full word
                                 7-12.55$
 
munit                            Common member, Integer(4), Offset: 1920, Alignment: quadruple word
                                 3-10.20$
 
nbc                              Common member, Integer(4), Offset: 36, Alignment: full word
                                 7-3.51$
 
nboco                            Common member, Integer(4), Offset: 72, Alignment: double word
                                 7-4.41$
 
ncp                              Common member, Integer(4), Offset: 80, Alignment: quadruple word
                                 7-4.53$
 
nddamp                           Common member, Integer(4), Offset: 60, Alignment: full word
                                 7-4.22$
 
nfcst                            Common member, Integer(4), Offset: 32, Alignment: quadruple word
                                 7-3.45$
 
ngmslp2                          Subroutine
                                 0-1.18$
 
ninc                             Parameter, Integer(4)
                                 2-7.9$
 
nlev                             Static, Integer(4), Offset: 0, Alignment: full word
                                 0-149.10@  0-161.13@  0-161.20  0-167.25
 
nphs                             Common member, Integer(4), Offset: 84, Alignment: full word
                                 7-5.8$
 
nprec                            Common member, Integer(4), Offset: 64, Alignment: quadruple word
                                 7-4.29$
 
nradl                            Common member, Integer(4), Offset: 92, Alignment: full word
                                 7-5.19$
 
nrads                            Common member, Integer(4), Offset: 88, Alignment: double word
                                 7-5.13$
 
nshde                            Common member, Integer(4), Offset: 76, Alignment: full word
                                 7-4.47$
 
nstat                            Parameter, Integer(4)
                                 2-19.9$
 
nsumd                            Parameter, Integer(4)
                                 2-15.33$
 
ntsd                             Common member, Integer(4), Offset: 52, Alignment: full word
                                 7-4.11$
 
ntstm                            Common member, Integer(4), Offset: 56, Alignment: double word
                                 7-4.16$
 
num_procs                        Common member, Integer(4), Offset: 0, Alignment: quadruple word
                                 7-6.15$  7-9.24$  0-285.17
 
num_servers                      Common member, Integer(4), Offset: 8240, Alignment: quadruple word
                                 7-12.42$
 
nunit                            Common member, Integer(4), Offset: 1928, Alignment: double word
                                 3-10.32$
 
nword                            Parameter, Integer(4)
                                 2-19.19$  2-19.41  2-19.56
 
nword3                           Parameter, Integer(4)
                                 2-19.34$
 
nword6                           Parameter, Integer(4)
                                 2-19.49$
 
oldrd                            Use associated, Static, Logical(4), Offset: 0, Alignment: quadruple word
                                 0-106.11$
 
oneps                            Parameter, Real(4)
                                 2-39.43$
 
overrc                           Parameter, Real(4)
                                 2-33.9$  2-33.26  2-33.42
 
p1000                            Parameter, Real(4)
                                 2-35.23$  0-146.29  0-246.33
 
p2filt                           External Subroutine
                                 0-176.12  0-177.12  0-178.12  0-179.12
 
parallel                         Common Block, Alignment: double word
                                 7-9.15$
 
pavg                             Static, Real(4), Offset: 0, Alignment: full word
                                 0-243.10@  0-244.21
 
pd                               Allocatable, Use associated, Controlled, Real(4) (:, :), Offset: 0, Alignment: full word
                                 0-105.11$  0-141.20  0-200.17
 
pdsl                             Allocatable, Use associated, Controlled, Real(4) (:, :), Offset: 0, Alignment: full word
                                 0-106.11$
 
pdtop                            Common member, Real(4), Offset: 2656, Alignment: quadruple word
                                 3-11.36$  0-141.31  0-200.28
 
pdvp1                            Allocatable, Use associated, Controlled, Real(4) (:, :), Offset: 0, Alignment: full word
                                 0-106.11$
 
pfsl                             Allocatable, Use associated, Controlled, Real(4) (:, :), Offset: 0, Alignment: full word
                                 0-106.11$
 
pint                             Allocatable, Use associated, Controlled, Real(4) (:, :, :), Offset: 0, Alignment: full word
                                 0-106.11$
 
pm                               Static, Real(4), Offset: 0, Alignment: full word
                                 0-159.13@  0-160.17
 
pq0                              Parameter, Real(4)
                                 2-41.9$
 
prec                             Allocatable, Use associated, Controlled, Real(4) (:, :), Offset: 0, Alignment: full word
                                 0-107.11$
 
psfc                             Static, Real(4), Offset: 0, Alignment: full word
                                 0-141.10@  0-142.20  0-146.35  0-200.10@  0-201.24  0-202.19  0-203.21  0-239.41  0-242.31
 
pslp                             Allocatable, Use associated, Controlled, Real(4) (:, :), Offset: 0, Alignment: full word
                                 0-106.11$
 
pt                               Common member, Real(4), Offset: 412, Alignment: full word
                                 3-5.10$  0-141.28  0-200.25
 
ptdyn                            Common member, Real(4), Offset: 20, Alignment: full word
                                 5-3.29$
 
ptop                             Static, Real(4), Offset: 0, Alignment: full word
                                 0-142.10@  0-160.23  0-202.10@
 
ptsl                             Allocatable, Use associated, Controlled, Real(4) (:, :), Offset: 0, Alignment: full word
                                 0-106.11$
 
pvrbls                           Use associated, Nonintrinsic Module
                                 0-107.11$  0-107.11
 
q                                Allocatable, Use associated, Controlled, Real(4) (:, :, :), Offset: 0, Alignment: full word
                                 0-105.11$  0-152.17  0-164.27
 
q2                               Allocatable, Use associated, Controlled, Real(4) (:, :, :), Offset: 0, Alignment: full word
                                 0-107.11$
 
qavg                             Static, Real(4), Offset: 0, Alignment: full word
                                 0-213.10@  0-217.33
 
qbar                             Static, Real(4) (1:89, 1:143), Offset: 0, Alignment: full word
                                 0-119.24$  0-154.10@  0-170.10@  0-178.31  0-185.13@  0-185.43  0-207.36  0-213.34  0-255.39
 
qs                               Allocatable, Use associated, Controlled, Real(4) (:, :), Offset: 0, Alignment: full word
                                 0-107.11$  0-143.35
 
qsfc                             Static, Real(4) (1:89, 1:143), Offset: 0, Alignment: full word
                                 0-120.24$  0-143.10@  0-144.10@  0-144.34  0-179.31  0-186.13@  0-186.43  0-213.24
 
qsl                              Allocatable, Use associated, Controlled, Real(4) (:, :), Offset: 0, Alignment: full word
                                 0-106.11$
 
qsum                             Static, Real(4), Offset: 0, Alignment: full word
                                 0-152.10@  0-154.24  0-164.13@  0-164.20  0-170.24
 
qwbs                             Allocatable, Use associated, Controlled, Real(4) (:, :), Offset: 0, Alignment: full word
                                 0-107.11$
 
qz0                              Allocatable, Use associated, Controlled, Real(4) (:, :), Offset: 0, Alignment: full word
                                 0-107.11$  0-143.51
 
r                                Common member, Real(4), Offset: 408, Alignment: double word
                                 3-5.8$
 
rcapa                            Parameter, Real(4)
                                 2-35.9$
 
rd                               Parameter, Real(4)
                                 2-32.15$  0-114.24  0-114.51  0-115.25  0-208.22  0-218.19  0-223.26  0-225.25  2-32.29  2-36.29
                                 2-36.51  2-40.15
 
rdeta                            Common member, Real(4) (1:60), Offset: 276, Alignment: full word
                                 5-4.18$
 
rdocp                            Parameter, Real(4)
                                 2-40.9$
 
rdyn                             Common member, Real(4), Offset: 16, Alignment: quadruple word
                                 5-3.24$
 
res                              Allocatable, Use associated, Controlled, Real(4) (:, :), Offset: 0, Alignment: full word
                                 0-105.11$
 
restrt                           Common member, Real(4), Offset: 28, Alignment: full word
                                 7-3.38$
 
rf                               Allocatable, Use associated, Controlled, Real(4) (:, :), Offset: 0, Alignment: full word
                                 0-107.11$
 
rg                               Parameter, Real(4)
                                 2-36.32$
 
rhoavg                           Static, Real(4), Offset: 0, Alignment: full word
                                 0-244.10@  0-245.25
 
rnlev                            Static, Real(4), Offset: 0, Alignment: full word
                                 0-167.10@  0-168.29  0-169.29  0-170.29
 
rog                              Parameter, Real(4)
                                 2-32.25$
 
rrhog                            Static, Real(4), Offset: 0, Alignment: full word
                                 0-245.10@  0-246.40
 
rtd                              Parameter, Real(4)
                                 2-34.25$
 
run                              Common member, Real(4), Offset: 4, Alignment: full word
                                 7-3.14$
 
sbd                              Common member, Real(4), Offset: 424, Alignment: double word
                                 3-6.12$
 
sg1                              Common member, Real(4) (1:61), Offset: 2412, Alignment: full word
                                 3-11.27$
 
sg2                              Common member, Real(4) (1:61), Offset: 3140, Alignment: full word
                                 3-12.27$
 
sgml1                            Common member, Real(4) (1:60), Offset: 2172, Alignment: full word
                                 3-11.17$
 
sgml2                            Common member, Real(4) (1:60), Offset: 2900, Alignment: full word
                                 3-12.17$
 
si                               Allocatable, Use associated, Controlled, Real(4) (:, :), Offset: 0, Alignment: full word
                                 0-107.11$
 
sice                             Allocatable, Use associated, Controlled, Real(4) (:, :), Offset: 0, Alignment: full word
                                 0-108.11$
 
sigma                            Common member, Real(4), Offset: 0, Alignment: quadruple word
                                 7-3.8$
 
slp                              Allocatable, Use associated, Controlled, Real(4) (:, :), Offset: 0, Alignment: full word
                                 0-106.11$  0-203.10@  0-239.30@  0-242.42  0-246.24  0-272.9@  0-272.18  0-279.9@  0-279.22
                                 0-279.37  0-290.9@  0-290.18  0-297.9@  0-297.22  0-297.37  0-304.9@  0-304.22  0-304.35  0-308.9@
                                 0-308.22  0-308.37  0-313.20  0-319.17  0-331.18  0-331.36  0-332.18  0-332.36  0-333.21  0-338.12@
 
sm                               Allocatable, Use associated, Controlled, Real(4) (:, :), Offset: 0, Alignment: full word
                                 0-108.11$  0-143.26  0-143.43  0-145.24  0-145.42
 
smtha                            Parameter, Real(4)
                                 2-15.9$
 
smthb                            Parameter, Real(4)
                                 2-15.23$
 
sno                              Allocatable, Use associated, Controlled, Real(4) (:, :), Offset: 0, Alignment: full word
                                 0-107.11$
 
sphi0                            Common member, Real(4), Offset: 1908, Alignment: full word
                                 3-9.21$
 
spl                              Common member, Real(4) (1:39), Offset: 468, Alignment: full word
                                 3-7.20$
 
stdrd                            Use associated, Static, Logical(4), Offset: 4, Alignment: full word
                                 0-106.11$
 
t                                Allocatable, Use associated, Controlled, Real(4) (:, :, :), Offset: 0, Alignment: full word
                                 0-105.11$  0-151.17  0-163.27  0-255.13@
 
t500                             Allocatable, Use associated, Controlled, Real(4) (:, :), Offset: 0, Alignment: full word
                                 0-106.11$
 
tau                              Static, Real(4), Offset: 0, Alignment: full word
                                 0-208.10@
 
tauavg                           Static, Real(4), Offset: 0, Alignment: full word
                                 0-235.10@  0-239.55  0-244.29
 
taucr                            Parameter, Real(4)
                                 0-114.18$  0-228.24  0-228.46  0-229.19  0-230.28  0-230.50  0-231.21  0-231.41
 
tausfc                           Static, Real(4), Offset: 0, Alignment: full word
                                 0-223.10@  0-228.36  0-230.40  0-231.34  0-235.30
 
tausl                            Static, Real(4), Offset: 0, Alignment: full word
                                 0-225.10@  0-228.15  0-229.13@  0-230.19  0-231.13@  0-235.24
 
tavg                             Static, Real(4), Offset: 0, Alignment: full word
                                 0-216.10@  0-217.19
 
tbar                             Static, Real(4) (1:89, 1:143), Offset: 0, Alignment: full word
                                 0-119.12$  0-153.10@  0-169.10@  0-176.31  0-207.17  0-216.34
 
tfrz                             Parameter, Real(4)
                                 2-39.56$
 
ths                              Allocatable, Use associated, Controlled, Real(4) (:, :), Offset: 0, Alignment: full word
                                 0-107.11$  0-145.33
 
thsfc                            Static, Real(4), Offset: 0, Alignment: full word
                                 0-145.10@  0-146.22
 
thz0                             Allocatable, Use associated, Controlled, Real(4) (:, :), Offset: 0, Alignment: full word
                                 0-107.11$  0-145.50
 
tlm0d                            Common member, Real(4), Offset: 428, Alignment: full word
                                 3-6.16$
 
tph0d                            Common member, Real(4), Offset: 432, Alignment: quadruple word
                                 3-6.22$
 
tsfc                             Static, Real(4) (1:89, 1:143), Offset: 0, Alignment: full word
                                 0-120.12$  0-146.10@  0-177.31  0-216.24
 
tshde                            Common member, Real(4) (1:99), Offset: 1504, Alignment: quadruple word
                                 3-8.35$
 
tsl                              Allocatable, Use associated, Controlled, Real(4) (:, :), Offset: 0, Alignment: full word
                                 0-106.11$
 
tsph                             Common member, Real(4), Offset: 416, Alignment: quadruple word
                                 3-5.13$
 
tsum                             Static, Real(4), Offset: 0, Alignment: full word
                                 0-151.10@  0-153.24  0-163.13@  0-163.20  0-169.24
 
ttv                              Allocatable, Use associated, Controlled, Real(4) (:, :), Offset: 0, Alignment: full word
                                 0-106.11$
 
tvrbar                           Static, Real(4), Offset: 0, Alignment: full word
                                 0-217.10@  0-218.25
 
tvrsfc                           Static, Real(4), Offset: 0, Alignment: full word
                                 0-222.10@  0-223.19
 
tvrsl                            Static, Real(4), Offset: 0, Alignment: full word
                                 0-224.10@  0-225.19
 
tvrt                             Static, Real(4), Offset: 0, Alignment: full word
                                 0-207.10@  0-208.17  0-222.19  0-224.19  0-254.22
 
tvrtl                            Static, Real(4), Offset: 0, Alignment: full word
                                 0-254.13@  0-255.24
 
twbs                             Allocatable, Use associated, Controlled, Real(4) (:, :), Offset: 0, Alignment: full word
                                 0-107.11$
 
u                                Allocatable, Use associated, Controlled, Real(4) (:, :, :), Offset: 0, Alignment: full word
                                 0-105.11$
 
uz0                              Allocatable, Use associated, Controlled, Real(4) (:, :), Offset: 0, Alignment: full word
                                 0-107.11$
 
v                                Allocatable, Use associated, Controlled, Real(4) (:, :, :), Offset: 0, Alignment: full word
                                 0-105.11$
 
vbm2                             Allocatable, Use associated, Controlled, Real(4) (:, :), Offset: 0, Alignment: full word
                                 0-108.11$
 
vbm3                             Allocatable, Use associated, Controlled, Real(4) (:, :), Offset: 0, Alignment: full word
                                 0-108.11$
 
vrbls                            Use associated, Nonintrinsic Module
                                 0-105.11$  0-105.11
 
vtm                              Allocatable, Use associated, Controlled, Real(4) (:, :, :), Offset: 0, Alignment: full word
                                 0-108.11$
 
vz0                              Allocatable, Use associated, Controlled, Real(4) (:, :), Offset: 0, Alignment: full word
                                 0-107.11$
 
w                                Allocatable, Use associated, Controlled, Real(4) (:, :, :), Offset: 0, Alignment: full word
                                 0-105.11$
 
wbd                              Common member, Real(4), Offset: 420, Alignment: full word
                                 3-6.8$
 
wpdar                            Common member, Real(4) (1:89, 1:143), Offset: 54568, Alignment: double word
                                 5-8.21$
 
x1p                              Common member, Real(4), Offset: 452, Alignment: full word
                                 3-6.48$
 
y1p                              Common member, Real(4), Offset: 456, Alignment: double word
                                 3-6.52$
 
z0                               Allocatable, Use associated, Controlled, Real(4) (:, :), Offset: 0, Alignment: full word
                                 0-107.11$
 
z0slp                            Common member, Real(4), Offset: 464, Alignment: quadruple word
                                 3-7.14$
 
z1000                            Allocatable, Use associated, Controlled, Real(4) (:, :), Offset: 0, Alignment: full word
                                 0-106.11$  0-246.10@
 
zbar                             Static, Real(4), Offset: 0, Alignment: full word
                                 0-218.10@  0-222.27  0-224.27  0-254.30
 
zint                             Allocatable, Use associated, Controlled, Real(4) (:, :, :), Offset: 0, Alignment: full word
                                 0-106.11$
 
zl                               Static, Real(4), Offset: 0, Alignment: full word
                                 0-253.13@  0-254.35
 
zsfc                             Static, Real(4), Offset: 0, Alignment: full word
                                 0-199.10@  0-218.55  0-222.32  0-239.50  0-249.15
 
zsl                              Parameter, Real(4)
                                 0-113.34$  0-224.33  0-249.20
 
** ngmslp2   === End of Compilation 1 ===
 
>>>>> FILE TABLE SECTION <<<<<
 
 
                                       FILE CREATION        FROM
FILE NO   FILENAME                    DATE       TIME       FILE    LINE
     0    NGMSLP2.f                   12/18/08   11:40:51
     1    /gpfs/c/nco/ops/nwprod/sorc/hiresw_post_hls.fd/parmeta
                                      12/18/08   11:40:52      0     111
     2    /gpfs/c/nco/ops/nwprod/sorc/hiresw_post_hls.fd/params
                                      12/18/08   11:40:52      0     112
     3    /gpfs/c/nco/ops/nwprod/sorc/hiresw_post_hls.fd/MAPOT.comm
                                      12/18/08   11:40:51      0     123
     4    /gpfs/c/nco/ops/nwprod/sorc/hiresw_post_hls.fd/LOOPS.comm
                                      12/18/08   11:40:51      0     124
     5    /gpfs/c/nco/ops/nwprod/sorc/hiresw_post_hls.fd/DYNAMD.comm
                                      12/18/08   11:40:50      0     125
     6    /gpfs/c/nco/ops/nwprod/sorc/hiresw_post_hls.fd/INDX.comm
                                      12/18/08   11:40:51      0     126
     7    /gpfs/c/nco/ops/nwprod/sorc/hiresw_post_hls.fd/CTLBLK.comm
                                      12/18/08   11:40:50      0     127
 
 
>>>>> COMPILATION EPILOGUE SECTION <<<<<
 
 
FORTRAN Summary of Diagnosed Conditions
 
TOTAL   UNRECOVERABLE  SEVERE       ERROR     WARNING    INFORMATIONAL
               (U)       (S)         (E)        (W)          (I)
    0           0         0           0          0            0
 
 
    Source records read.......................................     452
1501-510  Compilation successful for file NGMSLP2.f.
1501-543  Object file created.
