IBM XL Fortran for AIX, V12.1 (5724-U82) Version 12.01.0000.0001 --- /gpfs/c/nco/ops/nwprod/sorc/hiresw_post_hls.fd/OUTPUT.f 12/22/08 15:46:00
 
>>>>> OPTIONS SECTION <<<<<
***   Options In Effect   ***
  
         ==  On / Off Options  ==
         CR              DBG             ESCAPE          FULLPATH
         I4              INLGLUE         NOLIBESSL       NOLIBPOSIX
         OBJECT          SOURCE          STRICT          SWAPOMP
         THREADED        UNWIND          NOZEROSIZE
  
         ==  Options Of Integer Type ==
         ALIAS_SIZE(65536)     FIXED(72)             MAXMEM(-1)
         OPTIMIZE(2)           SPILLSIZE(2000)       STACKTEMP(0)
  
  
         ==  Options Of Character Type  ==
         64(LARGETYPE)         ALIAS(STD,INTPTR)     ALIGN(BINDC(POWER),STRUCT(NATURAL))
         ARCH(PWR6)            ATTR(FULL)            AUTODBL(NONE)
         DESCRIPTOR(V1)        DIRECTIVE(IBM*,IBMT)  ENUM()
         FLAG(I,I)             FLOAT(RNDSNGL,MAF,FOLD,RNGCHK,SINGLE)
         HALT(S)               IEEE(NEAR)            INTSIZE(4)
         LANGLVL(EXTENDED)     POSITION(APPENDOLD)   REALSIZE(4)
         SAVE(ALL)             TUNE(PWR6)            UNROLL(AUTO)
         XREF(FULL)            XLF2003(NOPOLYMORPHIC,NOBOZLITARGS,NOSTOPEXCEPT,NOVOLATILE,NOAUTOREALLOC,OLDNANINF)
         XLF77(NOLEADZERO,GEDIT77,NOBLANKPAD,OLDBOZ,INTARG,INTXOR,PERSISTENT,SOFTEOF)
         XLF90(NOSIGNEDZERO,NOAUTODEALLOC,OLDPAD)
  
>>>>> SOURCE SECTION <<<<<
          1 |      SUBROUTINE OUTPUT(IOUTYP,IFLD,ILVL,GRID,IMOUT,JMOUT)
          2 |C$$$  SUBPROGRAM DOCUMENTATION BLOCK
          3 |C                .      .    .
          4 |C SUBPROGRAM:    OUTPUT      DRIVER FOR PACKING/POSTING ROUTINES.
          5 |C   PRGRMMR: TREADON         ORG: W/NP2      DATE: 92-12-24
          6 |C
          7 |C ABSTRACT:
          8 |C   .
          9 |C
         10 |C PROGRAM HISTORY LOG:
         11 |C   93-02-26  RUSS TREADON
         12 |C   93-06-13  RUSS TREADON - ADDED COMBINED ON84 AND GRIB PACKING OPTION.
         13 |C   98-07-17  MIKE BALDWIN - REMOVED PACK84
         14 |C   00-01-04  JIM TUCCILLO - MPI VERSION
         15 |C
         16 |C USAGE:    CALL OUTPUT(IOUTYP,IFLD,ILVL,GRID,IMOUT,JMOUT)
         17 |C   INPUT ARGUMENT LIST:
         18 |C     IOUTYP   - INTEGER FLAG FOR TYPE OF OUTPUT.
         19 |C     IFLD     - LOCATION OF FIELD INFORMATION IN ARRAYS.
         20 |C     ILVL     - INDEX OF LEVEL (P,ETA,SFC) OF GRID.
         21 |C     GRID     - OUTPUT GRID.
         22 |C     IMOUT    - FIRST DIMENSION OF OUTPUT GRID.
         23 |C     JMOUT    - SECOND DIMENSION OF OUTPUT GRID.
         24 |C
         25 |C   OUTPUT ARGUMENT LIST:
         26 |C     NONE
         27 |C
         28 |C   OUTPUT FILES:
         29 |C     NONE
         30 |C
         31 |C   SUBPROGRAMS CALLED:
         32 |C     UTILITIES:
         33 |C       NOPACK   - WRITE DATA AS UNFORMATTED BINARY CRAY WORDS.
         34 |C       GRIBIT   - PACK/WRITE DATA IN GRIB FORMAT.
         35 |C     LIBRARY:
         36 |C       NONE
         37 |C
         38 |C   ATTRIBUTES:
         39 |C     LANGUAGE: FORTRAN
         40 |C     MACHINE : CRAY C-90
         41 |C$$$
         42 |C
         43 |C
         44 |      INCLUDE "parmeta"
  1       1 |C-------------------------------------------------------------
  1       2 |C***  SET PRIMARY GRID DIMENSIONS AND PRESSURE OUTPUT LEVELS
  1       3 |      PARAMETER (IM=89,JM=143,LM=60,LSM=39)
  1       4 |C-------------------------------------------------------------
  1       5 |C***  SET THE NUMBER OF PEs IN THE I-DIRECTION AND J-DIRECTION
  1       6 |      PARAMETER(INPES=5,JNPES=6)
  1       7 |C-------------------------------------------------------------
  1       8 |C
  1       9 |      PARAMETER(IGSTL=-5,IGSTR=5)
  1      10 |      PARAMETER(JGSTL=-5,JGSTR=5)
  1      11 |      PARAMETER(ITAIL=IM-(INPES*(IM/INPES)))
  1      12 |      PARAMETER(JTAIL=JM-(JNPES*(JM/JNPES)))
  1      13 |C
  1      14 |      PARAMETER(IDIM1=IGSTL,IDIM2=IM/INPES+IGSTR+1)
  1      15 |      PARAMETER(JDIM1=JGSTL,JDIM2=JM/JNPES+JGSTR+1)
  1      16 |C
  1      17 |C-------------------------------------------------------------
         45 |      INCLUDE "parmout"
  2       1 |C     MAXIMUM DIMENSIONS FOR OUTPUT GRID, FIELDS, AND LEVELS.
  2       2 |C
  2       3 |      PARAMETER(IMX=IM,JMX=JM,MXFLD=250,MXLVL=LM)
         46 |      INCLUDE "CTLBLK.comm"
  3       1 |C-----------------------------------------------------------------------
  3       2 |      COMMON /CTLBLK/
  3       3 |     & SIGMA,RUN,IDAT(3),IHRST,FIRST,RESTRT,NFCST,NBC,LIST,IOUT
  3       4 |     &,DT,NTSD,NTSTM,NDDAMP,NPREC,IDTAD,NBOCO,NSHDE,NCP
  3       5 |     &,NPHS,NRADS,NRADL
  3       6 |      INTEGER NUM_PROCS, ME, JSTA, JEND,
  3       7 |     &        JSTA_M, JSTA_M2, JEND_M, JEND_M2, IUP, IDN, ICNT, IDSP,
  3       8 |     &        JSTA_2L, JEND_2U
  3       9 |      COMMON /PARALLEL/NUM_PROCS, ME, JSTA, JEND, JSTA_M, JEND_M,
  3      10 |     &                 JSTA_M2, JEND_M2, IUP, IDN,
  3      11 |     &                 ICNT(0:1023), IDSP(0:1023),
  3      12 |     &                 JSTA_2L, JEND_2U, NUM_SERVERS, MPI_COMM_INTER,
  3      13 |     &                 MPI_COMM_COMP
  3      14 |C-----------------------------------------------------------------------
         47 |      INCLUDE "BITMAP.comm"
  4       1 |C
  4       2 |      COMMON /BITMAP/
  4       3 |     & IBMAP(IMX,JMX)
         48 |C
         49 |C     DECLARE VARIABLES.
         50 |      DIMENSION GRID(IMOUT,JMOUT), GRIDO(IM,JM)
         51 |      save grido
         52 |C
         53 |      common/jjt/time_output, time_e2out
         54 |      real(8) ist, rtc, time_output, time_e2out
         55 |      logical once
         56 |      data once /.true./
         57 |C***********************************************************
         58 |C     START OUPUT HERE.
         59 |C
         60 |C     BRANCH TO APPROPRIATE OUTPUT ROUTINE.
         61 |C
         62 |      ist = rtc()
         63 |      CALL COLLECT(GRID,GRIDO)
         64 |c     CALL COLLECT(IBMAP)
         65 |      IF ( ME .EQ. 0 ) THEN
         66 |         if ( once ) then
         67 |             ibmap = 1
         68 |             once = .false.
         69 |         end if
         70 |c     call stat(grido,imout,jmout)
         71 |      IF (IOUTYP.EQ.1) CALL NOPACK(IFLD,ILVL,GRIDO,IMOUT,JMOUT)
         72 |      IF (IOUTYP.EQ.3) CALL GRIBIT(IFLD,ILVL,GRIDO,IMOUT,JMOUT)
         73 |      IF (IOUTYP.EQ.5) CALL GRIBIT(IFLD,ILVL,GRIDO,IMOUT,JMOUT)
         74 |      END IF
         75 |      time_output = time_output + rtc() - ist
         76 |C
         77 |C     END OF ROUTINE.
         78 |C
         79 |      RETURN
         80 |      END
 
>>>>> ATTRIBUTE AND CROSS REFERENCE SECTION <<<<<
 
 
 
IDENTIFIER NAME                  CROSS REFERENCE AND ATTRIBUTES
 
bitmap                           Common Block, Alignment: double word
                                 4-2.15$
 
collect                          External Subroutine
                                 0-63.12
 
ctlblk                           Common Block, Alignment: double word
                                 3-2.15$
 
dt                               Common member, Real(4), Offset: 48, Alignment: quadruple word
                                 3-4.8$
 
first                            Common member, Real(4), Offset: 24, Alignment: double word
                                 3-3.32$
 
gribit                           External Subroutine
                                 0-72.29  0-73.29
 
grid                             Reference argument, Real(4) (1:?, 1:?), Offset: 0, Alignment: full word
                                 0-50.17$  0-1.42  0-63.20
 
grido                            Static, Real(4) (1:89, 1:143), Offset: 0, Alignment: full word
                                 0-50.36$  0-51.12$  0-63.25  0-71.46  0-72.46  0-73.46
 
ibmap                            Common member, Integer(4) (1:89, 1:143), Offset: 0, Alignment: quadruple word
                                 4-3.8$  0-67.14@
 
icnt                             Common member, Integer(4) (0:1023), Offset: 40, Alignment: double word
                                 3-7.59$  3-11.24$
 
idat                             Common member, Integer(4) (1:3), Offset: 8, Alignment: double word
                                 3-3.18$
 
idim1                            Parameter, Integer(4)
                                 1-14.17$
 
idim2                            Parameter, Integer(4)
                                 1-14.29$
 
idn                              Common member, Integer(4), Offset: 36, Alignment: full word
                                 3-7.54$  3-10.47$
 
idsp                             Common member, Integer(4) (0:1023), Offset: 4136, Alignment: double word
                                 3-7.65$  3-11.38$
 
idtad                            Common member, Integer(4), Offset: 68, Alignment: full word
                                 3-4.35$
 
ifld                             Reference argument, Integer(4), Offset: 0, Alignment: full word
                                 0-1.32  0-71.36  0-72.36  0-73.36
 
igstl                            Parameter, Integer(4)
                                 1-9.17$  1-14.23
 
igstr                            Parameter, Integer(4)
                                 1-9.26$  1-14.44
 
ihrst                            Common member, Integer(4), Offset: 20, Alignment: full word
                                 3-3.26$
 
ilvl                             Reference argument, Integer(4), Offset: 0, Alignment: full word
                                 0-1.37  0-71.41  0-72.41  0-73.41
 
im                               Parameter, Integer(4)
                                 1-3.18$  0-50.42  1-11.23  1-11.34  1-14.35  2-3.21
 
imout                            Reference argument, Integer(4), Offset: 0, Alignment: full word
                                 0-1.47  0-50.22  0-50.22  0-71.52  0-72.52  0-73.52
 
imx                              Parameter, Integer(4)
                                 2-3.17$  4-3.14
 
inpes                            Parameter, Integer(4)
                                 1-6.17$  1-11.27  1-11.37  1-14.38
 
iout                             Common member, Integer(4), Offset: 44, Alignment: full word
                                 3-3.60$
 
ioutyp                           Reference argument, Integer(4), Offset: 0, Alignment: full word
                                 0-1.25  0-71.11  0-72.11  0-73.11
 
ist                              Static, Real(8), Offset: 0, Alignment: double word
                                 0-54.15$  0-62.7@  0-75.43
 
itail                            Parameter, Integer(4)
                                 1-11.17$
 
iup                              Common member, Integer(4), Offset: 32, Alignment: quadruple word
                                 3-7.49$  3-10.42$
 
jdim1                            Parameter, Integer(4)
                                 1-15.17$
 
jdim2                            Parameter, Integer(4)
                                 1-15.29$
 
jend                             Common member, Integer(4), Offset: 12, Alignment: full word
                                 3-6.36$  3-9.45$
 
jend_2u                          Common member, Integer(4), Offset: 8236, Alignment: full word
                                 3-8.24$  3-12.33$
 
jend_m                           Common member, Integer(4), Offset: 20, Alignment: full word
                                 3-7.32$  3-9.59$
 
jend_m2                          Common member, Integer(4), Offset: 28, Alignment: full word
                                 3-7.40$  3-10.33$
 
jgstl                            Parameter, Integer(4)
                                 1-10.17$  1-15.23
 
jgstr                            Parameter, Integer(4)
                                 1-10.26$  1-15.44
 
jjt                              Common Block, Alignment: double word
                                 0-53.14$
 
jm                               Parameter, Integer(4)
                                 1-3.24$  0-50.45  1-12.23  1-12.34  1-15.35  2-3.28
 
jmout                            Reference argument, Integer(4), Offset: 0, Alignment: full word
                                 0-1.53  0-50.28  0-50.28  0-71.58  0-72.58  0-73.58
 
jmx                              Parameter, Integer(4)
                                 2-3.24$  4-3.18
 
jnpes                            Parameter, Integer(4)
                                 1-6.25$  1-12.27  1-12.37  1-15.38
 
jsta                             Common member, Integer(4), Offset: 8, Alignment: double word
                                 3-6.30$  3-9.39$
 
jsta_2l                          Common member, Integer(4), Offset: 8232, Alignment: double word
                                 3-8.15$  3-12.24$
 
jsta_m                           Common member, Integer(4), Offset: 16, Alignment: quadruple word
                                 3-7.15$  3-9.51$
 
jsta_m2                          Common member, Integer(4), Offset: 24, Alignment: double word
                                 3-7.23$  3-10.24$
 
jtail                            Parameter, Integer(4)
                                 1-12.17$
 
list                             Common member, Integer(4), Offset: 40, Alignment: double word
                                 3-3.55$
 
lm                               Parameter, Integer(4)
                                 1-3.31$  2-3.47
 
lsm                              Parameter, Integer(4)
                                 1-3.37$
 
me                               Common member, Integer(4), Offset: 4, Alignment: full word
                                 3-6.26$  3-9.35$  0-65.12
 
mpi_comm_comp                    Common member, Integer(4), Offset: 8248, Alignment: double word
                                 3-13.24$
 
mpi_comm_inter                   Common member, Integer(4), Offset: 8244, Alignment: full word
                                 3-12.55$
 
mxfld                            Parameter, Integer(4)
                                 2-3.31$
 
mxlvl                            Parameter, Integer(4)
                                 2-3.41$
 
nbc                              Common member, Integer(4), Offset: 36, Alignment: full word
                                 3-3.51$
 
nboco                            Common member, Integer(4), Offset: 72, Alignment: double word
                                 3-4.41$
 
ncp                              Common member, Integer(4), Offset: 80, Alignment: quadruple word
                                 3-4.53$
 
nddamp                           Common member, Integer(4), Offset: 60, Alignment: full word
                                 3-4.22$
 
nfcst                            Common member, Integer(4), Offset: 32, Alignment: quadruple word
                                 3-3.45$
 
nopack                           External Subroutine
                                 0-71.29
 
nphs                             Common member, Integer(4), Offset: 84, Alignment: full word
                                 3-5.8$
 
nprec                            Common member, Integer(4), Offset: 64, Alignment: quadruple word
                                 3-4.29$
 
nradl                            Common member, Integer(4), Offset: 92, Alignment: full word
                                 3-5.19$
 
nrads                            Common member, Integer(4), Offset: 88, Alignment: double word
                                 3-5.13$
 
nshde                            Common member, Integer(4), Offset: 76, Alignment: full word
                                 3-4.47$
 
ntsd                             Common member, Integer(4), Offset: 52, Alignment: full word
                                 3-4.11$
 
ntstm                            Common member, Integer(4), Offset: 56, Alignment: double word
                                 3-4.16$
 
num_procs                        Common member, Integer(4), Offset: 0, Alignment: quadruple word
                                 3-6.15$  3-9.24$
 
num_servers                      Common member, Integer(4), Offset: 8240, Alignment: quadruple word
                                 3-12.42$
 
once                             Static, Logical(4), Offset: 0, Alignment: full word
                                 0-55.15$  0-56.12*  0-66.15  0-68.14@
 
output                           Subroutine
                                 0-1.18$
 
parallel                         Common Block, Alignment: double word
                                 3-9.15$
 
restrt                           Common member, Real(4), Offset: 28, Alignment: full word
                                 3-3.38$
 
rtc                              External Function Real(8)
                                 0-54.20$  0-62.13  0-75.35
 
run                              Common member, Real(4), Offset: 4, Alignment: full word
                                 3-3.14$
 
sigma                            Common member, Real(4), Offset: 0, Alignment: quadruple word
                                 3-3.8$
 
time_e2out                       Common member, Real(8), Offset: 8, Alignment: double word
                                 0-53.31$  0-54.38$
 
time_output                      Common member, Real(8), Offset: 0, Alignment: quadruple word
                                 0-53.18$  0-54.25$  0-75.7@  0-75.21
 
** output   === End of Compilation 1 ===
 
>>>>> FILE TABLE SECTION <<<<<
 
 
                                       FILE CREATION        FROM
FILE NO   FILENAME                    DATE       TIME       FILE    LINE
     0    OUTPUT.f                    12/18/08   11:40:51
     1    /gpfs/c/nco/ops/nwprod/sorc/hiresw_post_hls.fd/parmeta
                                      12/18/08   11:40:52      0      44
     2    /gpfs/c/nco/ops/nwprod/sorc/hiresw_post_hls.fd/parmout
                                      12/18/08   11:40:52      0      45
     3    /gpfs/c/nco/ops/nwprod/sorc/hiresw_post_hls.fd/CTLBLK.comm
                                      12/18/08   11:40:50      0      46
     4    /gpfs/c/nco/ops/nwprod/sorc/hiresw_post_hls.fd/BITMAP.comm
                                      12/18/08   11:40:50      0      47
 
 
>>>>> COMPILATION EPILOGUE SECTION <<<<<
 
 
FORTRAN Summary of Diagnosed Conditions
 
TOTAL   UNRECOVERABLE  SEVERE       ERROR     WARNING    INFORMATIONAL
               (U)       (S)         (E)        (W)          (I)
    0           0         0           0          0            0
 
 
    Source records read.......................................     117
1501-510  Compilation successful for file OUTPUT.f.
1501-543  Object file created.
