IBM XL Fortran for AIX, V12.1 (5724-U82) Version 12.01.0000.0001 --- /gpfs/c/nco/ops/nwprod/sorc/hiresw_post_hls.fd/PVRBLS_mod.f 12/22/08 15:45:41
 
>>>>> OPTIONS SECTION <<<<<
***   Options In Effect   ***
  
         ==  On / Off Options  ==
         CR              DBG             ESCAPE          FULLPATH
         I4              INLGLUE         NOLIBESSL       NOLIBPOSIX
         OBJECT          SOURCE          STRICT          SWAPOMP
         THREADED        UNWIND          NOZEROSIZE
  
         ==  Options Of Integer Type ==
         ALIAS_SIZE(65536)     FIXED(72)             MAXMEM(-1)
         OPTIMIZE(2)           SPILLSIZE(2000)       STACKTEMP(0)
  
  
         ==  Options Of Character Type  ==
         64(LARGETYPE)         ALIAS(STD,INTPTR)     ALIGN(BINDC(POWER),STRUCT(NATURAL))
         ARCH(PWR6)            ATTR(FULL)            AUTODBL(NONE)
         DESCRIPTOR(V1)        DIRECTIVE(IBM*,IBMT)  ENUM()
         FLAG(I,I)             FLOAT(RNDSNGL,MAF,FOLD,RNGCHK,SINGLE)
         HALT(S)               IEEE(NEAR)            INTSIZE(4)
         LANGLVL(EXTENDED)     POSITION(APPENDOLD)   REALSIZE(4)
         SAVE(ALL)             TUNE(PWR6)            UNROLL(AUTO)
         XREF(FULL)            XLF2003(NOPOLYMORPHIC,NOBOZLITARGS,NOSTOPEXCEPT,NOVOLATILE,NOAUTOREALLOC,OLDNANINF)
         XLF77(NOLEADZERO,GEDIT77,NOBLANKPAD,OLDBOZ,INTARG,INTXOR,PERSISTENT,SOFTEOF)
         XLF90(NOSIGNEDZERO,NOAUTODEALLOC,OLDPAD)
  
>>>>> SOURCE SECTION <<<<<
          1 |      module pvrbls
          2 |      real, allocatable ::
          3 |     & Z0    (:,:),AKMS  (:,:),AKHS  (:,:),THS   (:,:),QS(:,:)
          4 |     &,UZ0   (:,:),VZ0   (:,:),THZ0  (:,:),QZ0   (:,:)
          5 |     &,RF    (:,:),TWBS  (:,:),QWBS  (:,:)
          6 |     &,SNO   (:,:),SI   (:,:),CLDEFI(:,:)
          7 |     &,PREC  (:,:),ACPREC(:,:),ACCLIQ(:,:),CUPREC(:,:)
          8 |     &,Q2(:,:,:)
          9 |      end module pvrbls
 
>>>>> ATTRIBUTE AND CROSS REFERENCE SECTION <<<<<
 
 
 
IDENTIFIER NAME                  CROSS REFERENCE AND ATTRIBUTES
 
accliq                           Allocatable, Public, Controlled, Real(4) (:, :), Offset: 0, Alignment: full word
                                 0-7.32$
 
acprec                           Allocatable, Public, Controlled, Real(4) (:, :), Offset: 0, Alignment: full word
                                 0-7.20$
 
akhs                             Allocatable, Public, Controlled, Real(4) (:, :), Offset: 0, Alignment: full word
                                 0-3.32$
 
akms                             Allocatable, Public, Controlled, Real(4) (:, :), Offset: 0, Alignment: full word
                                 0-3.20$
 
cldefi                           Allocatable, Public, Controlled, Real(4) (:, :), Offset: 0, Alignment: full word
                                 0-6.31$
 
cuprec                           Allocatable, Public, Controlled, Real(4) (:, :), Offset: 0, Alignment: full word
                                 0-7.44$
 
prec                             Allocatable, Public, Controlled, Real(4) (:, :), Offset: 0, Alignment: full word
                                 0-7.8$
 
pvrbls                           Nonintrinsic Module
                                 0-1.14$
 
q2                               Allocatable, Public, Controlled, Real(4) (:, :, :), Offset: 0, Alignment: full word
                                 0-8.8$
 
qs                               Allocatable, Public, Controlled, Real(4) (:, :), Offset: 0, Alignment: full word
                                 0-3.56$
 
qwbs                             Allocatable, Public, Controlled, Real(4) (:, :), Offset: 0, Alignment: full word
                                 0-5.32$
 
qz0                              Allocatable, Public, Controlled, Real(4) (:, :), Offset: 0, Alignment: full word
                                 0-4.44$
 
rf                               Allocatable, Public, Controlled, Real(4) (:, :), Offset: 0, Alignment: full word
                                 0-5.8$
 
si                               Allocatable, Public, Controlled, Real(4) (:, :), Offset: 0, Alignment: full word
                                 0-6.20$
 
sno                              Allocatable, Public, Controlled, Real(4) (:, :), Offset: 0, Alignment: full word
                                 0-6.8$
 
ths                              Allocatable, Public, Controlled, Real(4) (:, :), Offset: 0, Alignment: full word
                                 0-3.44$
 
thz0                             Allocatable, Public, Controlled, Real(4) (:, :), Offset: 0, Alignment: full word
                                 0-4.32$
 
twbs                             Allocatable, Public, Controlled, Real(4) (:, :), Offset: 0, Alignment: full word
                                 0-5.20$
 
uz0                              Allocatable, Public, Controlled, Real(4) (:, :), Offset: 0, Alignment: full word
                                 0-4.8$
 
vz0                              Allocatable, Public, Controlled, Real(4) (:, :), Offset: 0, Alignment: full word
                                 0-4.20$
 
z0                               Allocatable, Public, Controlled, Real(4) (:, :), Offset: 0, Alignment: full word
                                 0-3.8$
 
** pvrbls   === End of Compilation 1 ===
 
>>>>> COMPILATION UNIT EPILOGUE SECTION <<<<<
 
FORTRAN Summary of Diagnosed Conditions
 
TOTAL   UNRECOVERABLE  SEVERE       ERROR     WARNING    INFORMATIONAL
               (U)       (S)         (E)        (W)          (I)
    0           0         0           0          0            0
 
>>>>> OPTIONS SECTION <<<<<
***   Options In Effect   ***
  
         ==  On / Off Options  ==
         CR              DBG             ESCAPE          FULLPATH
         I4              INLGLUE         NOLIBESSL       NOLIBPOSIX
         OBJECT          SOURCE          STRICT          SWAPOMP
         THREADED        UNWIND          NOZEROSIZE
  
         ==  Options Of Integer Type ==
         ALIAS_SIZE(65536)     FIXED(72)             MAXMEM(-1)
         OPTIMIZE(2)           SPILLSIZE(2000)       STACKTEMP(0)
  
  
         ==  Options Of Character Type  ==
         64(LARGETYPE)         ALIAS(STD,INTPTR)     ALIGN(BINDC(POWER),STRUCT(NATURAL))
         ARCH(PWR6)            ATTR(FULL)            AUTODBL(NONE)
         DESCRIPTOR(V1)        DIRECTIVE(IBM*,IBMT)  ENUM()
         FLAG(I,I)             FLOAT(RNDSNGL,MAF,FOLD,RNGCHK,SINGLE)
         HALT(S)               IEEE(NEAR)            INTSIZE(4)
         LANGLVL(EXTENDED)     POSITION(APPENDOLD)   REALSIZE(4)
         SAVE(ALL)             TUNE(PWR6)            UNROLL(AUTO)
         XREF(FULL)            XLF2003(NOPOLYMORPHIC,NOBOZLITARGS,NOSTOPEXCEPT,NOVOLATILE,NOAUTOREALLOC,OLDNANINF)
         XLF77(NOLEADZERO,GEDIT77,NOBLANKPAD,OLDBOZ,INTARG,INTXOR,PERSISTENT,SOFTEOF)
         XLF90(NOSIGNEDZERO,NOAUTODEALLOC,OLDPAD)
  
>>>>> SOURCE SECTION <<<<<
         10 |C-----------------------------------------------------------------------
         11 |C                            C O M M O N /PVRBLS/
         12 |C    & Z0    (IM,JM),AKMS  (IM,JM),AKHS  (IM,JM),THS   (IM,JM),QS(IM,JM)
         13 |C    &,UZ0   (IM,JM),VZ0   (IM,JM),THZ0  (IM,JM),QZ0   (IM,JM)
         14 |C    &,RF    (IM,JM),TWBS  (IM,JM),QWBS  (IM,JM)
         15 |C    &,SNO   (IM,JM),WET   (IM,JM),CLDEFI(IM,JM)
         16 |C    &,PREC  (IM,JM),ACPREC(IM,JM),ACCLIQ(IM,JM),CUPREC(IM,JM)
         17 |C    &,Q2(IM,JM,LM)
         18 |C-----------------------------------------------------------------------
 
>>>>> FILE TABLE SECTION <<<<<
 
 
                                       FILE CREATION        FROM
FILE NO   FILENAME                    DATE       TIME       FILE    LINE
     0    PVRBLS_mod.f                12/18/08   11:40:51
 
 
>>>>> COMPILATION EPILOGUE SECTION <<<<<
 
 
FORTRAN Summary of Diagnosed Conditions
 
TOTAL   UNRECOVERABLE  SEVERE       ERROR     WARNING    INFORMATIONAL
               (U)       (S)         (E)        (W)          (I)
    0           0         0           0          0            0
 
 
    Source records read.......................................      18
1501-510  Compilation successful for file PVRBLS_mod.f.
1501-543  Object file created.
