IBM XL Fortran for AIX, V12.1 (5724-U82) Version 12.01.0000.0001 --- /gpfs/c/nco/ops/nwprod/sorc/hiresw_post_hls.fd/SCLFLD.f 12/22/08 15:46:01
 
>>>>> OPTIONS SECTION <<<<<
***   Options In Effect   ***
  
         ==  On / Off Options  ==
         CR              DBG             ESCAPE          FULLPATH
         I4              INLGLUE         NOLIBESSL       NOLIBPOSIX
         OBJECT          SOURCE          STRICT          SWAPOMP
         THREADED        UNWIND          NOZEROSIZE
  
         ==  Options Of Integer Type ==
         ALIAS_SIZE(65536)     FIXED(72)             MAXMEM(-1)
         OPTIMIZE(2)           SPILLSIZE(2000)       STACKTEMP(0)
  
  
         ==  Options Of Character Type  ==
         64(LARGETYPE)         ALIAS(STD,INTPTR)     ALIGN(BINDC(POWER),STRUCT(NATURAL))
         ARCH(PWR6)            ATTR(FULL)            AUTODBL(NONE)
         DESCRIPTOR(V1)        DIRECTIVE(IBM*,IBMT)  ENUM()
         FLAG(I,I)             FLOAT(RNDSNGL,MAF,FOLD,RNGCHK,SINGLE)
         HALT(S)               IEEE(NEAR)            INTSIZE(4)
         LANGLVL(EXTENDED)     POSITION(APPENDOLD)   REALSIZE(4)
         SAVE(ALL)             TUNE(PWR6)            UNROLL(AUTO)
         XREF(FULL)            XLF2003(NOPOLYMORPHIC,NOBOZLITARGS,NOSTOPEXCEPT,NOVOLATILE,NOAUTOREALLOC,OLDNANINF)
         XLF77(NOLEADZERO,GEDIT77,NOBLANKPAD,OLDBOZ,INTARG,INTXOR,PERSISTENT,SOFTEOF)
         XLF90(NOSIGNEDZERO,NOAUTODEALLOC,OLDPAD)
  
>>>>> SOURCE SECTION <<<<<
          1 |      SUBROUTINE SCLFLD(FLD,SCALE,IMO,JMO)
          2 |C
          3 |C$$$  SUBPROGRAM DOCUMENTATION BLOCK
          4 |C                .      .    .
          5 |C SUBPROGRAM:    SCLFLD      SCALE ARRAY ELEMENT BY CONSTANT
          6 |C   PRGRMMR: TREADON         ORG: W/NP2      DATE: 92-09-13
          7 |C
          8 |C ABSTRACT:
          9 |C     THIS ROUTINE MULTIPLES (SCALES) THE FIRST IMO*JMO
         10 |C     ELEMENTS OF ARRAY FLD BY THE REAL SCALAR SCALE.
         11 |C     ARRAY ELEMENTS WHICH EQUAL A SPECIAL VALUE WILL
         12 |C     NOT BE SCALED BY SCALE.  THEY WILL BE LEFT AS IS.
         13 |C     THE SPECIAL VALUE, SPVAL, IS PASSED THROUGH COMMON
         14 |C     BLOCK OPTIONS.  IT IS SET IN INCLUDE FILE OPTIONS.
         15 |C   .
         16 |C
         17 |C PROGRAM HISTORY LOG:
         18 |C   92-09-13  RUSS TREADON
         19 |C   00-01-04  JIM TUCCILLO
         20 |C
         21 |C USAGE:    CALL SCLFLD(FLD,SCALE,IMO,JMO)
         22 |C   INPUT ARGUMENT LIST:
         23 |C     FLD      - ARRAY WHOSE ELEMENTS ARE TO BE SCALED.
         24 |C     SCALE    - CONSTANT BY WHICH TO SCALE ELEMENTS OF FLD.
         25 |C     IMO,JMO  - DIMENSION OF ARRAY FLD.
         26 |C
         27 |C   OUTPUT ARGUMENT LIST:
         28 |C     FLD      - ARRAY WHOSE ELEMENTS HAVE BEEN SCALED BY SCALE.
         29 |C
         30 |C   OUTPUT FILES:
         31 |C     NONE
         32 |C
         33 |C   SUBPROGRAMS CALLED:
         34 |C     UTILITIES:
         35 |C       NONE
         36 |C     LIBRARY:
         37 |C       COMMON - OPTIONS
         38 |C
         39 |C   ATTRIBUTES:
         40 |C     LANGUAGE: FORTRAN
         41 |C     MACHINE : CRAY C-90
         42 |C$$$
         43 |C
         44 |C
         45 |C
         46 |C     DECLARE PARAMETER.
         47 |      PARAMETER (SMALL=1.E-6)
         48 |C
         49 |C     DECLARE VARIABLES.
         50 |C
         51 |      REAL SCALE, FLD(IMO,JMO)
         52 |C
         53 |C     INCLUDE COMMON BLOCK WITH SPVAL.
         54 |      INCLUDE "OPTIONS.comm"
  1       1 |C
  1       2 |      COMMON /OPTIONS/ SPVAL,IBESSL,KSB,IOFFS,IFLAG,SATDEL
         55 |      INCLUDE "CTLBLK.comm"
  2       1 |C-----------------------------------------------------------------------
  2       2 |      COMMON /CTLBLK/
  2       3 |     & SIGMA,RUN,IDAT(3),IHRST,FIRST,RESTRT,NFCST,NBC,LIST,IOUT
  2       4 |     &,DT,NTSD,NTSTM,NDDAMP,NPREC,IDTAD,NBOCO,NSHDE,NCP
  2       5 |     &,NPHS,NRADS,NRADL
  2       6 |      INTEGER NUM_PROCS, ME, JSTA, JEND,
  2       7 |     &        JSTA_M, JSTA_M2, JEND_M, JEND_M2, IUP, IDN, ICNT, IDSP,
  2       8 |     &        JSTA_2L, JEND_2U
  2       9 |      COMMON /PARALLEL/NUM_PROCS, ME, JSTA, JEND, JSTA_M, JEND_M,
  2      10 |     &                 JSTA_M2, JEND_M2, IUP, IDN,
  2      11 |     &                 ICNT(0:1023), IDSP(0:1023),
  2      12 |     &                 JSTA_2L, JEND_2U, NUM_SERVERS, MPI_COMM_INTER,
  2      13 |     &                 MPI_COMM_COMP
  2      14 |C-----------------------------------------------------------------------
         56 |C
         57 |C
         58 |C***********************************************************************
         59 |C     START SCLFLD HERE
         60 |C
         61 |C     MULTIPLY EACH ELEMENT OF FLD BY SCALE.
         62 |C
         63 |!$omp  parallel do
         64 |      DO J=JSTA,JEND
         65 |      DO I=1,IMO
         66 |        IF(ABS(FLD(I,J)-SPVAL).GT.SMALL)
         67 |     1        FLD(I,J)=SCALE*FLD(I,J)
         68 |      ENDDO
         69 |      ENDDO
         70 |C
         71 |C     END OF ROUTINE.
         72 |C
         73 |      RETURN
         74 |      END
 
>>>>> ATTRIBUTE AND CROSS REFERENCE SECTION <<<<<
 
 
 
IDENTIFIER NAME                  CROSS REFERENCE AND ATTRIBUTES
 
abs                              Pure Intrinsic
                                 0-66.12
 
ctlblk                           Common Block, Alignment: double word
                                 2-2.15$
 
dt                               Common member, Real(4), Offset: 48, Alignment: quadruple word
                                 2-4.8$
 
first                            Common member, Real(4), Offset: 24, Alignment: double word
                                 2-3.32$
 
fld                              Reference argument, Real(4) (1:?, 1:?), Offset: 0, Alignment: full word
                                 0-51.19$  0-1.25  0-66.16  0-67.15@  0-67.30
 
i                                Static, Integer(4), Offset: 0, Alignment: full word
                                 0-65.10@  0-66.20  0-67.19  0-67.34
 
ibessl                           Common member, Integer(4), Offset: 4, Alignment: full word
                                 1-2.30$
 
icnt                             Common member, Integer(4) (0:1023), Offset: 40, Alignment: double word
                                 2-7.59$  2-11.24$
 
idat                             Common member, Integer(4) (1:3), Offset: 8, Alignment: double word
                                 2-3.18$
 
idn                              Common member, Integer(4), Offset: 36, Alignment: full word
                                 2-7.54$  2-10.47$
 
idsp                             Common member, Integer(4) (0:1023), Offset: 4136, Alignment: double word
                                 2-7.65$  2-11.38$
 
idtad                            Common member, Integer(4), Offset: 68, Alignment: full word
                                 2-4.35$
 
iflag                            Common member, Integer(4), Offset: 16, Alignment: quadruple word
                                 1-2.47$
 
ihrst                            Common member, Integer(4), Offset: 20, Alignment: full word
                                 2-3.26$
 
imo                              Reference argument, Integer(4), Offset: 0, Alignment: full word
                                 0-1.35  0-51.23  0-51.23  0-65.14
 
ioffs                            Common member, Integer(4), Offset: 12, Alignment: full word
                                 1-2.41$
 
iout                             Common member, Integer(4), Offset: 44, Alignment: full word
                                 2-3.60$
 
iup                              Common member, Integer(4), Offset: 32, Alignment: quadruple word
                                 2-7.49$  2-10.42$
 
j                                Static, Integer(4), Offset: 0, Alignment: full word
                                 0-64.10@  0-66.22  0-67.21  0-67.36
 
jend                             Common member, Integer(4), Offset: 12, Alignment: full word
                                 2-6.36$  2-9.45$  0-64.17
 
jend_2u                          Common member, Integer(4), Offset: 8236, Alignment: full word
                                 2-8.24$  2-12.33$
 
jend_m                           Common member, Integer(4), Offset: 20, Alignment: full word
                                 2-7.32$  2-9.59$
 
jend_m2                          Common member, Integer(4), Offset: 28, Alignment: full word
                                 2-7.40$  2-10.33$
 
jmo                              Reference argument, Integer(4), Offset: 0, Alignment: full word
                                 0-1.39  0-51.27  0-51.27
 
jsta                             Common member, Integer(4), Offset: 8, Alignment: double word
                                 2-6.30$  2-9.39$  0-64.12
 
jsta_2l                          Common member, Integer(4), Offset: 8232, Alignment: double word
                                 2-8.15$  2-12.24$
 
jsta_m                           Common member, Integer(4), Offset: 16, Alignment: quadruple word
                                 2-7.15$  2-9.51$
 
jsta_m2                          Common member, Integer(4), Offset: 24, Alignment: double word
                                 2-7.23$  2-10.24$
 
ksb                              Common member, Integer(4), Offset: 8, Alignment: double word
                                 1-2.37$
 
list                             Common member, Integer(4), Offset: 40, Alignment: double word
                                 2-3.55$
 
me                               Common member, Integer(4), Offset: 4, Alignment: full word
                                 2-6.26$  2-9.35$
 
mpi_comm_comp                    Common member, Integer(4), Offset: 8248, Alignment: double word
                                 2-13.24$
 
mpi_comm_inter                   Common member, Integer(4), Offset: 8244, Alignment: full word
                                 2-12.55$
 
nbc                              Common member, Integer(4), Offset: 36, Alignment: full word
                                 2-3.51$
 
nboco                            Common member, Integer(4), Offset: 72, Alignment: double word
                                 2-4.41$
 
ncp                              Common member, Integer(4), Offset: 80, Alignment: quadruple word
                                 2-4.53$
 
nddamp                           Common member, Integer(4), Offset: 60, Alignment: full word
                                 2-4.22$
 
nfcst                            Common member, Integer(4), Offset: 32, Alignment: quadruple word
                                 2-3.45$
 
nphs                             Common member, Integer(4), Offset: 84, Alignment: full word
                                 2-5.8$
 
nprec                            Common member, Integer(4), Offset: 64, Alignment: quadruple word
                                 2-4.29$
 
nradl                            Common member, Integer(4), Offset: 92, Alignment: full word
                                 2-5.19$
 
nrads                            Common member, Integer(4), Offset: 88, Alignment: double word
                                 2-5.13$
 
nshde                            Common member, Integer(4), Offset: 76, Alignment: full word
                                 2-4.47$
 
ntsd                             Common member, Integer(4), Offset: 52, Alignment: full word
                                 2-4.11$
 
ntstm                            Common member, Integer(4), Offset: 56, Alignment: double word
                                 2-4.16$
 
num_procs                        Common member, Integer(4), Offset: 0, Alignment: quadruple word
                                 2-6.15$  2-9.24$
 
num_servers                      Common member, Integer(4), Offset: 8240, Alignment: quadruple word
                                 2-12.42$
 
options                          Common Block, Alignment: double word
                                 1-2.15$
 
parallel                         Common Block, Alignment: double word
                                 2-9.15$
 
restrt                           Common member, Real(4), Offset: 28, Alignment: full word
                                 2-3.38$
 
run                              Common member, Real(4), Offset: 4, Alignment: full word
                                 2-3.14$
 
satdel                           Common member, Real(4), Offset: 20, Alignment: full word
                                 1-2.53$
 
scale                            Reference argument, Real(4), Offset: 0, Alignment: full word
                                 0-51.12$  0-1.29  0-67.24
 
sclfld                           Subroutine
                                 0-1.18$
 
sigma                            Common member, Real(4), Offset: 0, Alignment: quadruple word
                                 2-3.8$
 
small                            Parameter, Real(4)
                                 0-47.18$  0-66.35
 
spval                            Common member, Real(4), Offset: 0, Alignment: quadruple word
                                 1-2.24$  0-66.25
 
** sclfld   === End of Compilation 1 ===
 
>>>>> FILE TABLE SECTION <<<<<
 
 
                                       FILE CREATION        FROM
FILE NO   FILENAME                    DATE       TIME       FILE    LINE
     0    SCLFLD.f                    12/18/08   11:40:51
     1    /gpfs/c/nco/ops/nwprod/sorc/hiresw_post_hls.fd/OPTIONS.comm
                                      12/18/08   11:40:51      0      54
     2    /gpfs/c/nco/ops/nwprod/sorc/hiresw_post_hls.fd/CTLBLK.comm
                                      12/18/08   11:40:50      0      55
 
 
>>>>> COMPILATION EPILOGUE SECTION <<<<<
 
 
FORTRAN Summary of Diagnosed Conditions
 
TOTAL   UNRECOVERABLE  SEVERE       ERROR     WARNING    INFORMATIONAL
               (U)       (S)         (E)        (W)          (I)
    0           0         0           0          0            0
 
 
    Source records read.......................................      90
1501-510  Compilation successful for file SCLFLD.f.
1501-543  Object file created.
