IBM XL Fortran for AIX, V12.1 (5724-U82) Version 12.01.0000.0001 --- /gpfs/c/nco/ops/nwprod/sorc/hiresw_post_hls.fd/STAT.f 12/22/08 15:46:01
 
>>>>> OPTIONS SECTION <<<<<
***   Options In Effect   ***
  
         ==  On / Off Options  ==
         CR              DBG             ESCAPE          FULLPATH
         I4              INLGLUE         NOLIBESSL       NOLIBPOSIX
         OBJECT          SOURCE          STRICT          SWAPOMP
         THREADED        UNWIND          NOZEROSIZE
  
         ==  Options Of Integer Type ==
         ALIAS_SIZE(65536)     FIXED(72)             MAXMEM(-1)
         OPTIMIZE(2)           SPILLSIZE(2000)       STACKTEMP(0)
  
  
         ==  Options Of Character Type  ==
         64(LARGETYPE)         ALIAS(STD,INTPTR)     ALIGN(BINDC(POWER),STRUCT(NATURAL))
         ARCH(PWR6)            ATTR(FULL)            AUTODBL(NONE)
         DESCRIPTOR(V1)        DIRECTIVE(IBM*,IBMT)  ENUM()
         FLAG(I,I)             FLOAT(RNDSNGL,MAF,FOLD,RNGCHK,SINGLE)
         HALT(S)               IEEE(NEAR)            INTSIZE(4)
         LANGLVL(EXTENDED)     POSITION(APPENDOLD)   REALSIZE(4)
         SAVE(ALL)             TUNE(PWR6)            UNROLL(AUTO)
         XREF(FULL)            XLF2003(NOPOLYMORPHIC,NOBOZLITARGS,NOSTOPEXCEPT,NOVOLATILE,NOAUTOREALLOC,OLDNANINF)
         XLF77(NOLEADZERO,GEDIT77,NOBLANKPAD,OLDBOZ,INTARG,INTXOR,PERSISTENT,SOFTEOF)
         XLF90(NOSIGNEDZERO,NOAUTODEALLOC,OLDPAD)
  
>>>>> SOURCE SECTION <<<<<
          1 |      subroutine stat ( a, im, jm )
          2 |      real(8) sum
          3 |      real(8) count
          4 |      real a ( im, jm )
          5 |       imax = 1
          6 |       imin = 1
          7 |       jmax = 1
          8 |       jmin = 1
          9 |       aamax = a(1,1)
         10 |       aamin = a(1,1)
         11 |       sum = 0.
         12 |       count = im * jm
         13 |       do j = 1, jm
         14 |          do i = 1, im
         15 |             sum = sum + a(i,j)
         16 |             if ( a(i,j) .gt. aamax ) then
         17 |                aamax = a(i,j)
         18 |                imax = i
         19 |                jmax = j
         20 |             end if
         21 |             if ( a(i,j) .lt. aamin ) then
         22 |                aamin = a(i,j)
         23 |                imin = i
         24 |                jmin = j
         25 |             end if
         26 |          end do
         27 |       end do
         28 |       print *, ' amax(',imax,',',jmax,')= ',aamax,
         29 |     &          ' amin(',imin,',',jmin,')= ',aamin,' avg = ',sum/count
         30 |      end
 
>>>>> ATTRIBUTE AND CROSS REFERENCE SECTION <<<<<
 
 
 
IDENTIFIER NAME                  CROSS REFERENCE AND ATTRIBUTES
 
a                                Reference argument, Real(4) (1:?, 1:?), Offset: 0, Alignment: full word
                                 0-4.12$  0-1.25  0-9.16  0-10.16  0-15.26  0-16.19  0-17.25  0-21.19  0-22.25
 
aamax                            Static, Real(4), Offset: 0, Alignment: full word
                                 0-9.8@  0-16.31  0-17.17@  0-28.46
 
aamin                            Static, Real(4), Offset: 0, Alignment: full word
                                 0-10.8@  0-21.31  0-22.17@  0-29.46
 
count                            Static, Real(8), Offset: 0, Alignment: double word
                                 0-3.15$  0-12.8@  0-29.66
 
i                                Static, Integer(4), Offset: 0, Alignment: full word
                                 0-14.14@  0-15.28  0-16.21  0-17.27  0-18.24  0-21.21  0-22.27  0-23.24
 
im                               Reference argument, Integer(4), Offset: 0, Alignment: full word
                                 0-1.28  0-4.16  0-4.16  0-12.16  0-14.21
 
imax                             Static, Integer(4), Offset: 0, Alignment: full word
                                 0-5.8@  0-18.17@  0-28.26
 
imin                             Static, Integer(4), Offset: 0, Alignment: full word
                                 0-6.8@  0-23.17@  0-29.26
 
j                                Static, Integer(4), Offset: 0, Alignment: full word
                                 0-13.11@  0-15.30  0-16.23  0-17.29  0-19.24  0-21.23  0-22.29  0-24.24
 
jm                               Reference argument, Integer(4), Offset: 0, Alignment: full word
                                 0-1.32  0-4.20  0-4.20  0-12.21  0-13.18
 
jmax                             Static, Integer(4), Offset: 0, Alignment: full word
                                 0-7.8@  0-19.17@  0-28.35
 
jmin                             Static, Integer(4), Offset: 0, Alignment: full word
                                 0-8.8@  0-24.17@  0-29.35
 
stat                             Subroutine
                                 0-1.18$
 
sum                              Static, Real(8), Offset: 0, Alignment: double word
                                 0-2.15$  0-11.8@  0-15.14@  0-15.20  0-29.62
 
** stat   === End of Compilation 1 ===
 
>>>>> FILE TABLE SECTION <<<<<
 
 
                                       FILE CREATION        FROM
FILE NO   FILENAME                    DATE       TIME       FILE    LINE
     0    STAT.f                      12/18/08   11:40:51
 
 
>>>>> COMPILATION EPILOGUE SECTION <<<<<
 
 
FORTRAN Summary of Diagnosed Conditions
 
TOTAL   UNRECOVERABLE  SEVERE       ERROR     WARNING    INFORMATIONAL
               (U)       (S)         (E)        (W)          (I)
    0           0         0           0          0            0
 
 
    Source records read.......................................      30
1501-510  Compilation successful for file STAT.f.
1501-543  Object file created.
