IBM XL Fortran for AIX, V12.1 (5724-U82) Version 12.01.0000.0001 --- /gpfs/c/nco/ops/nwprod/sorc/hiresw_post_hls.fd/TRPAUS.f 12/22/08 15:46:03
 
>>>>> OPTIONS SECTION <<<<<
***   Options In Effect   ***
  
         ==  On / Off Options  ==
         CR              DBG             ESCAPE          FULLPATH
         I4              INLGLUE         NOLIBESSL       NOLIBPOSIX
         OBJECT          SOURCE          STRICT          SWAPOMP
         THREADED        UNWIND          NOZEROSIZE
  
         ==  Options Of Integer Type ==
         ALIAS_SIZE(65536)     FIXED(72)             MAXMEM(-1)
         OPTIMIZE(2)           SPILLSIZE(2000)       STACKTEMP(0)
  
  
         ==  Options Of Character Type  ==
         64(LARGETYPE)         ALIAS(STD,INTPTR)     ALIGN(BINDC(POWER),STRUCT(NATURAL))
         ARCH(PWR6)            ATTR(FULL)            AUTODBL(NONE)
         DESCRIPTOR(V1)        DIRECTIVE(IBM*,IBMT)  ENUM()
         FLAG(I,I)             FLOAT(RNDSNGL,MAF,FOLD,RNGCHK,SINGLE)
         HALT(S)               IEEE(NEAR)            INTSIZE(4)
         LANGLVL(EXTENDED)     POSITION(APPENDOLD)   REALSIZE(4)
         SAVE(ALL)             TUNE(PWR6)            UNROLL(AUTO)
         XREF(FULL)            XLF2003(NOPOLYMORPHIC,NOBOZLITARGS,NOSTOPEXCEPT,NOVOLATILE,NOAUTOREALLOC,OLDNANINF)
         XLF77(NOLEADZERO,GEDIT77,NOBLANKPAD,OLDBOZ,INTARG,INTXOR,PERSISTENT,SOFTEOF)
         XLF90(NOSIGNEDZERO,NOAUTODEALLOC,OLDPAD)
  
>>>>> SOURCE SECTION <<<<<
          1 |      SUBROUTINE TRPAUS(PTROP,TTROP,ZTROP,UTROP,VTROP,SHTROP)
          2 |C$$$  SUBPROGRAM DOCUMENTATION BLOCK
          3 |C                .      .    .
          4 |C SUBPROGRAM:    TRPAUS      COMPUTE TROPOPAUSE DATA.
          5 |C   PRGRMMR: TREADON         ORG: W/NP2      DATE: 92-12-22
          6 |C
          7 |C ABSTRACT:
          8 |C     THIS ROUTINE COMPUTES TROPOPAUSE DATA.  AT EACH MASS
          9 |C     POINT A SURFACE UP SEARCH IS MADE FOR THE FIRST
         10 |C     OCCURRENCE OF A THREE LAYER MEAN LAPSE RATE LESS THAN
         11 |C     OR EQUAL TO A CRITICAL LAPSE RATE.  THIS CRITCAL LAPSE
         12 |C     RATE IS 2DEG/KM.  THIS IS IN ACCORD WITH THE WMO
         13 |C     DEFINITION OF A TROPOPAUSE.  A MAXIMUM TROPOPAUSE
         14 |C     PRESSURE OF 500MB IS ENFORCED.  ONC THE TROPOPAUSE
         15 |C     IS LOCATED IN A COLUMN, PRESSURE, TEMPERATURE, U
         16 |C     AND V WINDS, AND VERTICAL WIND SHEAR ARE COMPUTED.
         17 |C   .
         18 |C
         19 |C PROGRAM HISTORY LOG:
         20 |C   92-12-22  RUSS TREADON
         21 |C   97-03-06  GEOFF MANIKIN - CHANGED CRITERIA FOR DETERMINING
         22 |C                            THE TROPOPAUSE AND ADDED HEIGHT
         23 |C   98-06-15  T BLACK       - CONVERSION FROM 1-D TO 2-D
         24 |C   00-01-04  JIM TUCCILLO  - MPI VERSION
         25 |C
         26 |C USAGE:    CALL TRPAUS(PTROP,TTROP,ZTROP,UTROP,VTROP,SHTROP)
         27 |C   INPUT ARGUMENT LIST:
         28 |C     NONE
         29 |C
         30 |C   OUTPUT ARGUMENT LIST:
         31 |C     PTROP    - TROPOPAUSE PRESSURE.
         32 |C     TTROP    - TROPOPAUSE TEMPERATURE.
         33 |C     ZTROP    - TROPOPAUSE HEIGHT
         34 |C     UTROP    - TROPOPAUSE U WIND COMPONENT.
         35 |C     VTROP    - TROPOPAUSE V WIND COMPONENT.
         36 |C     SHTROP   - VERTICAL WIND SHEAR AT TROPOPAUSE.
         37 |C
         38 |C   OUTPUT FILES:
         39 |C     NONE
         40 |C
         41 |C   SUBPROGRAMS CALLED:
         42 |C     UTILITIES:
         43 |C       H2V
         44 |C
         45 |C     LIBRARY:
         46 |C                  LOOPS
         47 |C                  OPTIONS
         48 |C                  MASKS
         49 |C                  INDX
         50 |C
         51 |C   ATTRIBUTES:
         52 |C     LANGUAGE: FORTRAN
         53 |C     MACHINE : CRAY C-90
         54 |C$$$
         55 |C
         56 |C
         57 |C     INCLUDE ETA GRID DIMENSIONS.  SET/DERIVE PARAMETERS.
         58 |C
         59 |       use vrbls
         60 |       use extra
         61 |       use masks
         62 |C
         63 |      INCLUDE "parmeta"
  1       1 |C-------------------------------------------------------------
  1       2 |C***  SET PRIMARY GRID DIMENSIONS AND PRESSURE OUTPUT LEVELS
  1       3 |      PARAMETER (IM=89,JM=143,LM=60,LSM=39)
  1       4 |C-------------------------------------------------------------
  1       5 |C***  SET THE NUMBER OF PEs IN THE I-DIRECTION AND J-DIRECTION
  1       6 |      PARAMETER(INPES=5,JNPES=6)
  1       7 |C-------------------------------------------------------------
  1       8 |C
  1       9 |      PARAMETER(IGSTL=-5,IGSTR=5)
  1      10 |      PARAMETER(JGSTL=-5,JGSTR=5)
  1      11 |      PARAMETER(ITAIL=IM-(INPES*(IM/INPES)))
  1      12 |      PARAMETER(JTAIL=JM-(JNPES*(JM/JNPES)))
  1      13 |C
  1      14 |      PARAMETER(IDIM1=IGSTL,IDIM2=IM/INPES+IGSTR+1)
  1      15 |      PARAMETER(JDIM1=JGSTL,JDIM2=JM/JNPES+JGSTR+1)
  1      16 |C
  1      17 |C-------------------------------------------------------------
         64 |      INCLUDE "params"
  2       1 |C
  2       2 |C     ARRAY DIMENSIONS.
  2       3 |      PARAMETER	
  2       4 |     & (IMT=2*IM-1,JMT=JM/2+1)
  2       5 |      PARAMETER
  2       6 |     & (IM1=IM-1,JM2=JM-2,JAM=6+2*(JM-10)
  2       7 |     &, NINC=2*IM-1
  2       8 |     &, LM1=LM-1,LP1=LM+1
  2       9 |     &, LB=2*IM+JM-3)
  2      10 |C
  2      11 |C     SMOOTHING PARAMETERS.
  2      12 |      PARAMETER
  2      13 |     & (KSMUD=4,KSLPD=1,KSSLP=2,KSFI=2,KST=2
  2      14 |     &, KSUV=2,KSRH=2,KSAV=2,KSLI=2,KSLP=2
  2      15 |     &, SMTHA=-1.8E-4,SMTHB=16.,NSUMD=1)
  2      16 |C
  2      17 |C     DIMENSIONS FOR PROFILE OUPUT ARRAYS.
  2      18 |      PARAMETER
  2      19 |     & (NSTAT=100,NWORD=6+6*LM+9,NWORD3=NWORD-3,NWORD6=NWORD-6)
  2      20 |C
  2      21 |C     CONSTANTS.
  2      22 |      PARAMETER
  2      23 |     & (CM1=2937.4,CM2=4.9283,CM3=23.5518)
  2      24 |      PARAMETER
  2      25 |     & (D00=0.0,D1=0.1,D01=0.01,D001=0.001,D50=0.50,H999=999.
  2      26 |     &, H1=1.0,H2=2.0,H4=4.0,H99999=99999.,H1M12=1.E-12
  2      27 |     &, H1000=1000.,H1M5=1.E-5,D125=.125,D25=0.25,H100=100.
  2      28 |     &, H10000=10000.,H10E5=1.E5,CAPA=0.28589641E0
  2      29 |     &, D115=0.115,D608=0.608,D05=0.05,D0065=0.0065
  2      30 |     &, H1E2=100.,H1E4=1.E4,H1M2=1.E-2)
  2      31 |      PARAMETER
  2      32 |     & (G=9.8,RD=287.04,ROG=RD/G,GI=1./G
  2      33 |     &, OVERRC=1.75,AD05=OVERRC*D05,CFT0=OVERRC-H1
  2      34 |     &, DTR=1.745329E-2,RTD=1./DTR,ERAD=6.376E6,CP=1004.6
  2      35 |     &, RCAPA=1./CAPA,P1000=1000.E2,DP10M=110
  2      36 |     &, ELWV=2.50E6,CPDR=CP/RD,RG=1./GI,ELDR=ELWV/RD
  2      37 |     &, BETA=.00367,BTG=BETA*9.8)
  2      38 |      PARAMETER
  2      39 |     & (FMW=18.015,FMD=28.964,EPS=FMW/FMD,ONEPS=1.-EPS,TFRZ=273.16
  2      40 |     &, RDOCP=RD/CP,LHEAT=2.5E6,LHTOCP=LHEAT/CP,EPSQ2=0.2
  2      41 |     &, PQ0=379.90516,A2=17.2693882,A3=273.16,A4=35.86)
         65 |C
         66 |C
         67 |C     PARAMTER CRTLAP SPECIFIES THE CRITICAL LAPSE RATE
         68 |C     (IN K/M) IDENTIFYING THE TROPOPAUSE.  WE START
         69 |C     LOOKING FOR THE TROPOPAUSE ABOVE PRESSURE LEVEL
         70 |C     PSTART (IN PASALS).
         71 |      PARAMETER (CRTLAP=0.002E0, PSTART=5.0E4)
         72 |C
         73 |C     DECLARE VARIABLES.
         74 |C
         75 |      REAL PTROP(IM,JM),TTROP(IM,JM),ZTROP(IM,JM),UTROP(IM,JM)
         76 |      REAL VTROP(IM,JM),SHTROP(IM,JM),EGRIDU(IM,JM),EGRIDV(IM,JM)
         77 |      REAL TLAPSE(LM),DZ2(LM),DELT2(LM),TLAPSE2(LM)
         78 |C
         79 |C     INCLUDE COMMON BLOCKS.
         80 |      INCLUDE "LOOPS.comm"
  3       1 |C-----------------------------------------------------------------------
  3       2 |                             C O M M O N /LOOPS/
  3       3 |     & IHLA  (JAM),IHHA  (JAM),IVLA  (JAM),IVHA  (JAM),JRA   (JAM)
  3       4 |C
  3       5 |     &,LMH   (IM,JM),LMV   (IM,JM)
  3       6 |C-----------------------------------------------------------------------
         81 |      INCLUDE "OPTIONS.comm"
  4       1 |C
  4       2 |      COMMON /OPTIONS/ SPVAL,IBESSL,KSB,IOFFS,IFLAG,SATDEL
         82 |      INCLUDE "INDX.comm"
  5       1 |C-----------------------------------------------------------------------
  5       2 |                        C O M M O N /INDX/
  5       3 |     & IHE(JM),IHW(JM),IVE(JM),IVW(JM)
  5       4 |C-----------------------------------------------------------------------
         83 |      INCLUDE "CTLBLK.comm"
  6       1 |C-----------------------------------------------------------------------
  6       2 |      COMMON /CTLBLK/
  6       3 |     & SIGMA,RUN,IDAT(3),IHRST,FIRST,RESTRT,NFCST,NBC,LIST,IOUT
  6       4 |     &,DT,NTSD,NTSTM,NDDAMP,NPREC,IDTAD,NBOCO,NSHDE,NCP
  6       5 |     &,NPHS,NRADS,NRADL
  6       6 |      INTEGER NUM_PROCS, ME, JSTA, JEND,
  6       7 |     &        JSTA_M, JSTA_M2, JEND_M, JEND_M2, IUP, IDN, ICNT, IDSP,
  6       8 |     &        JSTA_2L, JEND_2U
  6       9 |      COMMON /PARALLEL/NUM_PROCS, ME, JSTA, JEND, JSTA_M, JEND_M,
  6      10 |     &                 JSTA_M2, JEND_M2, IUP, IDN,
  6      11 |     &                 ICNT(0:1023), IDSP(0:1023),
  6      12 |     &                 JSTA_2L, JEND_2U, NUM_SERVERS, MPI_COMM_INTER,
  6      13 |     &                 MPI_COMM_COMP
  6      14 |C-----------------------------------------------------------------------
         84 |C
         85 |C*****************************************************************************
         86 |C     START TRPAUS HERE.
         87 |C
         88 |C     LOOP OVER THE HORIZONTAL GRID.
         89 |C
         90 |      DO J=JSTA,JEND
         91 |      DO I=1,IM
         92 |         PTROP(I,J)  = SPVAL
         93 |         TTROP(I,J)  = SPVAL
         94 |         ZTROP(I,J)  = SPVAL
         95 |         UTROP(I,J)  = SPVAL
         96 |         VTROP(I,J)  = SPVAL
         97 |         SHTROP(I,J) = SPVAL
         98 |         EGRIDU(I,J) = D00
         99 |         EGRIDV(I,J) = D00
        100 |      ENDDO
        101 |      ENDDO
        102 |C
        103 |!$omp  parallel do
        104 |!$omp& private(delt,delt2,dz,dz2,ie,iw,l,llmh,pm,rsqdif,
        105 |!$omp&         tlapse,tlapse2,u0,u0l,uh,uh0,ul,
        106 |!$omp&         v0,v0l,vh,vh0)
        107 |      DO 20 J=JSTA_M,JEND_M
        108 |      DO 20 I=2,IM-1
        109 |C
        110 |C        COMPUTE THE TEMPERATURE LAPSE RATE (-DT/DZ) BETWEEN ETA
        111 |C        LAYERS MOVING UP FROM THE GROUND.  THE FIRST ETA LAYER
        112 |C        ABOVE PRESSURE "PSTART" IN WHICH THE LAPSE RATE IS LESS
        113 |C        THAN THE CRITCAL LAPSE RATE IS LABELED THE TROPOPAUSE.
        114 |C
        115 |        LLMH=LMH(I,J)
        116 |C
        117 |        DO 10 L=LLMH-1,2,-1
        118 |        PM     = PINT(I,J,L)
        119 |        DELT   = T(I,J,L-1)-T(I,J,L)
        120 |        DZ     = D50*(ZINT(I,J,L-1)-ZINT(I,J,L+1))
        121 |        TLAPSE(L) = -DELT/DZ
        122 |C
        123 |        IF ((TLAPSE(L).LT.CRTLAP).AND.(PM.LT.PSTART)) THEN
        124 |          IF (L .EQ. 2 .AND. TLAPSE(L) .LT. CRTLAP) GOTO15
        125 |          DZ2(L+1) = 0.
        126 |C
        127 |          DO 17 LL=L,3,-1
        128 |          DZ2(LL) = 0.
        129 |          DELT2(LL) = 0.
        130 |          TLAPSE2(LL) = 0.
        131 |          DZ2(LL) = (2./3.)*(ZINT(I,J,LL-2)-ZINT(I,J,L+1))
        132 |          IF ((DZ2(LL) .GT. 2000.) .AND.
        133 |     1        (DZ2(LL+1) .GT. 2000.)) GO TO 15
        134 |          DELT2(LL) = T(I,J,LL-2)-T(I,J,L)
        135 |          TLAPSE2(LL) = -DELT2(LL)/DZ2(LL)
        136 |C
        137 |          IF (TLAPSE2(LL) .GT. CRTLAP) THEN
        138 |            GOTO 10
        139 |          ENDIF
        140 |C
        141 |   17     CONTINUE
        142 |        ELSE
        143 |          GOTO 10
        144 |        ENDIF
        145 |C
        146 |   15   PTROP(I,J)  = D50*(PINT(I,J,L)+PINT(I,J,L+1))
        147 |        TTROP(I,J)  = T(I,J,L)
        148 |        ZTROP(I,J)= HTM(I,J,L+1)*T(I,J,L+1)*
        149 |     X               (Q(I,J,L+1)*D608+H1)*ROG*
        150 |     X               (LOG(PINT(I,J,L+1))-LOG(PTROP(I,J)))
        151 |     X               +ZINT(I,J,L+1)
        152 |C
        153 |        IE=I+IHE(J)
        154 |        IW=I+IHW(J)
        155 |        UH        = D25*(U(I,J-1,L-1)+U(IW,J,L-1)+
        156 |     X                   U(IE,J,L-1) +U(I,J+1,L-1))
        157 |        U0        = D25*(U(I,J-1,L  )+U(IW,J,L  )+
        158 |     X                   U(IE,J,L  )+U(I,J+1,L  ))
        159 |        UL        = D25*(U(I,J-1,L+1)+U(IW,J,L+1)+
        160 |     X                   U(IE,J,L+1)+U(I,J+1,L+1))
        161 |        UH0       = D50*(UH+U0)
        162 |        U0L       = D50*(U0+UL)
        163 |        VH        = D25*(V(I,J-1,L-1)+V(IW,J,L-1)+
        164 |     X                   V(IE,J,L-1)+V(I,J+1,L-1))
        165 |        V0        = D25*(V(I,J-1,L  )+V(IW,J,L  )+
        166 |     X                   V(IE,J,L  )+V(I,J+1 ,L  ))
        167 |        VL        = D25*(V(I,J-1,L+1)+V(IW,J,L+1)+
        168 |     X                   V(IE,J,L+1)+V(I,J+1,L+1))
        169 |        VH0       = D50*(VH+V0)
        170 |        V0L       = D50*(V0+VL)
        171 |        EGRIDU(I,J) = U0
        172 |        EGRIDV(I,J) = V0
        173 |        DZ        = ZINT(I,J,L)-ZINT(I,J,L+1)
        174 |        RSQDIF    = SQRT((UH0-U0L)**2+(VH0-V0L)**2)
        175 |        SHTROP(I,J) = RSQDIF/DZ
        176 |        GOTO 20
        177 |   10   CONTINUE
        178 |
        179 |CX         WRITE(88,*)'REACHED TOP FOR K,P,TLAPSE:  ',K,PM,TLAPSE
        180 |
        181 |        DZ       = D50*(ZINT(I,J,1)-ZINT(I,J,3))
        182 |        PTROP(I,J) = D50*(PINT(I,J,2)+PINT(I,J,3))
        183 |        TTROP(I,J) = T(I,J,2)
        184 |        ZTROP(I,J)= HTM(I,J,3)*T(I,J,3)*(Q(I,J,3)*D608+H1)*ROG*
        185 |     X          (LOG(PINT(I,J,3))-LOG(PTROP(I,J)))+ZINT(I,J,3)
        186 |        UH        = D25*(U(I,J-1,2)+U(IW,J,2)+
        187 |     X                   U(IE,J,2)+U(I,J+1,2))
        188 |        VH        = D25*(V(I,J-1,2)+V(IW,J,2)+
        189 |     X                   V(IE,J,2)+V(I,J+1,2))
        190 |        UL        = D25*(U(I,J-1,3  )+U(IW,J,3  )+
        191 |     X                   U(IE,J,3  )+U(I,J+1,3  ))
        192 |        VL        = D25*(V(I,J-1,3  )+V(IW,J,3  )+
        193 |     X                   V(IE,J,3  )+V(I,J+1,3  ))
        194 |        EGRIDU(I,J) = UH
        195 |        EGRIDV(I,J) = VH
        196 |        RSQDIF      = SQRT((UH-UL)**2+(VH-VL)**2)
        197 |        SHTROP(I,J) = RSQDIF/DZ
        198 |
        199 |CX        WRITE(82,1010)I,J,L,PTROP(I,J)*D01,TTROP(I,J),
        200 |CX     X       EGRIDU(I,J),EGRIDV(I,J),SHTROP(I,J)
        201 |C
        202 |   20 CONTINUE
        203 |
        204 |C     CALCULATE U-V AT V POINTS.
        205 |      CALL H2V(EGRIDU,EGRIDV,UTROP,VTROP)
        206 |
        207 |C
        208 |C     END OF ROUTINE.
        209 |C
        210 |      RETURN
        211 |      END
 
>>>>> ATTRIBUTE AND CROSS REFERENCE SECTION <<<<<
 
 
 
IDENTIFIER NAME                  CROSS REFERENCE AND ATTRIBUTES
 
a2                               Parameter, Real(4)
                                 2-41.23$
 
a3                               Parameter, Real(4)
                                 2-41.37$
 
a4                               Parameter, Real(4)
                                 2-41.47$
 
ad05                             Parameter, Real(4)
                                 2-33.21$
 
alpint                           Allocatable, Use associated, Controlled, Real(4) (:, :, :), Offset: 0, Alignment: full word
                                 0-60.12$
 
beta                             Parameter, Real(4)
                                 2-37.9$  2-37.25
 
btg                              Parameter, Real(4)
                                 2-37.21$
 
capa                             Parameter, Real(4)
                                 2-28.34$  2-35.18
 
cft0                             Parameter, Real(4)
                                 2-33.37$
 
cm1                              Parameter, Real(4)
                                 2-23.9$
 
cm2                              Parameter, Real(4)
                                 2-23.20$
 
cm3                              Parameter, Real(4)
                                 2-23.31$
 
cp                               Parameter, Real(4)
                                 2-34.49$  2-36.26  2-40.18  2-40.46
 
cpdr                             Parameter, Real(4)
                                 2-36.21$
 
crtlap                           Parameter, Real(4)
                                 0-71.18$  0-123.27  0-124.45  0-137.32
 
ctlblk                           Common Block, Alignment: double word
                                 6-2.15$
 
d00                              Parameter, Real(4)
                                 2-25.9$  0-98.24  0-99.24
 
d001                             Parameter, Real(4)
                                 2-25.33$
 
d0065                            Parameter, Real(4)
                                 2-29.40$
 
d01                              Parameter, Real(4)
                                 2-25.24$
 
d05                              Parameter, Real(4)
                                 2-29.31$  2-33.33
 
d1                               Parameter, Real(4)
                                 2-25.17$
 
d115                             Parameter, Real(4)
                                 2-29.9$
 
d125                             Parameter, Real(4)
                                 2-27.32$
 
d25                              Parameter, Real(4)
                                 2-27.42$  0-155.21  0-157.21  0-159.21  0-163.21  0-165.21  0-167.21  0-186.21  0-188.21  0-190.21
                                 0-192.21
 
d50                              Parameter, Real(4)
                                 2-25.44$  0-120.18  0-146.23  0-161.21  0-162.21  0-169.21  0-170.21  0-181.20  0-182.22
 
d608                             Parameter, Real(4)
                                 2-29.20$  0-149.34  0-184.51
 
delt                             Static, Real(4), Offset: 0, Alignment: full word
                                 0-119.9@  0-121.22
 
delt2                            Static, Real(4) (1:60), Offset: 0, Alignment: full word
                                 0-77.31$  0-129.11@  0-134.11@  0-135.26
 
dp10m                            Parameter, Real(4)
                                 2-35.37$
 
dt                               Common member, Real(4), Offset: 48, Alignment: quadruple word
                                 6-4.8$
 
dtr                              Parameter, Real(4)
                                 2-34.9$  2-34.32
 
dwdt                             Allocatable, Use associated, Controlled, Real(4) (:, :, :), Offset: 0, Alignment: full word
                                 0-59.12$
 
dz                               Static, Real(4), Offset: 0, Alignment: full word
                                 0-120.9@  0-121.27  0-173.9@  0-175.30  0-181.9@  0-197.30
 
dz2                              Static, Real(4) (1:60), Offset: 0, Alignment: full word
                                 0-77.23$  0-125.11@  0-128.11@  0-131.11@  0-132.16  0-133.16  0-135.36
 
egridu                           Static, Real(4) (1:89, 1:143), Offset: 0, Alignment: full word
                                 0-76.39$  0-98.10@  0-171.9@  0-194.9@  0-205.16
 
egridv                           Static, Real(4) (1:89, 1:143), Offset: 0, Alignment: full word
                                 0-76.53$  0-99.10@  0-172.9@  0-195.9@  0-205.23
 
eldr                             Parameter, Real(4)
                                 2-36.41$
 
elwv                             Parameter, Real(4)
                                 2-36.9$  2-36.46
 
eps                              Parameter, Real(4)
                                 2-39.31$  2-39.52
 
epsq2                            Parameter, Real(4)
                                 2-40.49$
 
erad                             Parameter, Real(4)
                                 2-34.36$
 
extra                            Use associated, Nonintrinsic Module
                                 0-60.12$  0-60.12
 
first                            Common member, Real(4), Offset: 24, Alignment: double word
                                 6-3.32$
 
fis                              Allocatable, Use associated, Controlled, Real(4) (:, :), Offset: 0, Alignment: full word
                                 0-59.12$
 
fmd                              Parameter, Real(4)
                                 2-39.20$  2-39.39
 
fmw                              Parameter, Real(4)
                                 2-39.9$  2-39.35
 
fsl                              Allocatable, Use associated, Controlled, Real(4) (:, :), Offset: 0, Alignment: full word
                                 0-60.12$
 
g                                Parameter, Real(4)
                                 2-32.9$  2-32.32  2-32.40
 
gi                               Parameter, Real(4)
                                 2-32.34$  2-36.38
 
h1                               Parameter, Real(4)
                                 2-26.9$  0-149.39  0-184.56  2-33.49
 
h100                             Parameter, Real(4)
                                 2-27.51$
 
h1000                            Parameter, Real(4)
                                 2-27.9$
 
h10000                           Parameter, Real(4)
                                 2-28.9$
 
h10e5                            Parameter, Real(4)
                                 2-28.23$
 
h1e2                             Parameter, Real(4)
                                 2-30.9$
 
h1e4                             Parameter, Real(4)
                                 2-30.19$
 
h1m12                            Parameter, Real(4)
                                 2-26.44$
 
h1m2                             Parameter, Real(4)
                                 2-30.29$
 
h1m5                             Parameter, Real(4)
                                 2-27.21$
 
h2                               Parameter, Real(4)
                                 2-26.16$
 
h2v                              External Subroutine
                                 0-205.12
 
h4                               Parameter, Real(4)
                                 2-26.23$
 
h999                             Parameter, Real(4)
                                 2-25.53$
 
h99999                           Parameter, Real(4)
                                 2-26.30$
 
hbm2                             Allocatable, Use associated, Controlled, Real(4) (:, :), Offset: 0, Alignment: full word
                                 0-61.12$
 
htm                              Allocatable, Use associated, Controlled, Real(4) (:, :, :), Offset: 0, Alignment: full word
                                 0-61.12$  0-148.21  0-184.21
 
i                                Static, Integer(4), Offset: 0, Alignment: full word
                                 0-91.10@  0-92.16  0-93.16  0-94.16  0-95.16  0-96.16  0-97.17  0-98.17  0-99.17  0-108.13@
                                 0-115.18  0-118.23  0-119.20  0-119.31  0-120.28  0-120.42  0-131.35  0-131.50  0-134.25  0-134.37
                                 0-146.15  0-146.33  0-146.45  0-147.15  0-147.25  0-148.15  0-148.25  0-148.36  0-149.25  0-150.32
                                 0-150.52  0-151.28  0-153.12  0-154.12  0-155.28  0-156.41  0-157.28  0-158.40  0-159.28  0-160.40
                                 0-163.28  0-164.40  0-165.28  0-166.40  0-167.28  0-168.40  0-171.16  0-172.16  0-173.26  0-173.38
                                 0-175.16  0-181.30  0-181.42  0-182.15  0-182.32  0-182.44  0-183.15  0-183.24  0-184.15  0-184.25
                                 0-184.34  0-184.44  0-185.27  0-185.45  0-185.57  0-186.28  0-187.38  0-188.28  0-189.38  0-190.28
                                 0-191.40  0-192.28  0-193.40  0-194.16  0-195.16  0-197.16
 
ibessl                           Common member, Integer(4), Offset: 4, Alignment: full word
                                 4-2.30$
 
icnt                             Common member, Integer(4) (0:1023), Offset: 40, Alignment: double word
                                 6-7.59$  6-11.24$
 
idat                             Common member, Integer(4) (1:3), Offset: 8, Alignment: double word
                                 6-3.18$
 
idim1                            Parameter, Integer(4)
                                 1-14.17$
 
idim2                            Parameter, Integer(4)
                                 1-14.29$
 
idn                              Common member, Integer(4), Offset: 36, Alignment: full word
                                 6-7.54$  6-10.47$
 
idsp                             Common member, Integer(4) (0:1023), Offset: 4136, Alignment: double word
                                 6-7.65$  6-11.38$
 
idtad                            Common member, Integer(4), Offset: 68, Alignment: full word
                                 6-4.35$
 
ie                               Static, Integer(4), Offset: 0, Alignment: full word
                                 0-153.9@  0-156.28  0-158.28  0-160.28  0-164.28  0-166.28  0-168.28  0-187.28  0-189.28  0-191.28
                                 0-193.28
 
iflag                            Common member, Integer(4), Offset: 16, Alignment: quadruple word
                                 4-2.47$
 
igstl                            Parameter, Integer(4)
                                 1-9.17$  1-14.23
 
igstr                            Parameter, Integer(4)
                                 1-9.26$  1-14.44
 
ihe                              Common member, Integer(4) (1:143), Offset: 0, Alignment: quadruple word
                                 5-3.8$  0-153.14
 
ihha                             Common member, Integer(4) (1:272), Offset: 1088, Alignment: quadruple word
                                 3-3.20$
 
ihla                             Common member, Integer(4) (1:272), Offset: 0, Alignment: quadruple word
                                 3-3.8$
 
ihrst                            Common member, Integer(4), Offset: 20, Alignment: full word
                                 6-3.26$
 
ihw                              Common member, Integer(4) (1:143), Offset: 572, Alignment: full word
                                 5-3.16$  0-154.14
 
im                               Parameter, Integer(4)
                                 1-3.18$  0-75.18  0-75.31  0-75.44  0-75.57  0-76.18  0-76.32  0-76.46  0-76.60  0-91.14  0-108.17
                                 1-11.23  1-11.34  1-14.35  2-4.15  2-6.13  2-7.16  2-9.14  3-5.15  3-5.29
 
im1                              Parameter, Integer(4)
                                 2-6.9$
 
imt                              Parameter, Integer(4)
                                 2-4.9$
 
indx                             Common Block, Alignment: double word
                                 5-2.38$
 
inpes                            Parameter, Integer(4)
                                 1-6.17$  1-11.27  1-11.37  1-14.38
 
ioffs                            Common member, Integer(4), Offset: 12, Alignment: full word
                                 4-2.41$
 
iout                             Common member, Integer(4), Offset: 44, Alignment: full word
                                 6-3.60$
 
itail                            Parameter, Integer(4)
                                 1-11.17$
 
iup                              Common member, Integer(4), Offset: 32, Alignment: quadruple word
                                 6-7.49$  6-10.42$
 
ive                              Common member, Integer(4) (1:143), Offset: 1144, Alignment: double word
                                 5-3.24$
 
ivha                             Common member, Integer(4) (1:272), Offset: 3264, Alignment: quadruple word
                                 3-3.44$
 
ivla                             Common member, Integer(4) (1:272), Offset: 2176, Alignment: quadruple word
                                 3-3.32$
 
ivw                              Common member, Integer(4) (1:143), Offset: 1716, Alignment: full word
                                 5-3.32$
 
iw                               Static, Integer(4), Offset: 0, Alignment: full word
                                 0-154.9@  0-155.41  0-157.41  0-159.41  0-163.41  0-165.41  0-167.41  0-186.39  0-188.39  0-190.41
                                 0-192.41
 
j                                Static, Integer(4), Offset: 0, Alignment: full word
                                 0-90.10@  0-92.18  0-93.18  0-94.18  0-95.18  0-96.18  0-97.19  0-98.19  0-99.19  0-107.13@
                                 0-115.20  0-118.25  0-119.22  0-119.33  0-120.30  0-120.44  0-131.37  0-131.52  0-134.27  0-134.39
                                 0-146.17  0-146.35  0-146.47  0-147.17  0-147.27  0-148.17  0-148.27  0-148.38  0-149.27  0-150.34
                                 0-150.54  0-151.30  0-153.18  0-154.18  0-155.30  0-155.44  0-156.31  0-156.43  0-157.30  0-157.44
                                 0-158.31  0-158.42  0-159.30  0-159.44  0-160.31  0-160.42  0-163.30  0-163.44  0-164.31  0-164.42
                                 0-165.30  0-165.44  0-166.31  0-166.42  0-167.30  0-167.44  0-168.31  0-168.42  0-171.18  0-172.18
                                 0-173.28  0-173.40  0-175.18  0-181.32  0-181.44  0-182.17  0-182.34  0-182.46  0-183.17  0-183.26
                                 0-184.17  0-184.27  0-184.36  0-184.46  0-185.29  0-185.47  0-185.59  0-186.30  0-186.42  0-187.31
                                 0-187.40  0-188.30  0-188.42  0-189.31  0-189.40  0-190.30  0-190.44  0-191.31  0-191.42  0-192.30
                                 0-192.44  0-193.31  0-193.42  0-194.18  0-195.18  0-197.18
 
jam                              Parameter, Integer(4)
                                 2-6.27$  3-3.15  3-3.27  3-3.39  3-3.51  3-3.63
 
jdim1                            Parameter, Integer(4)
                                 1-15.17$
 
jdim2                            Parameter, Integer(4)
                                 1-15.29$
 
jend                             Common member, Integer(4), Offset: 12, Alignment: full word
                                 6-6.36$  6-9.45$  0-90.17
 
jend_2u                          Common member, Integer(4), Offset: 8236, Alignment: full word
                                 6-8.24$  6-12.33$
 
jend_m                           Common member, Integer(4), Offset: 20, Alignment: full word
                                 6-7.32$  6-9.59$  0-107.22
 
jend_m2                          Common member, Integer(4), Offset: 28, Alignment: full word
                                 6-7.40$  6-10.33$
 
jgstl                            Parameter, Integer(4)
                                 1-10.17$  1-15.23
 
jgstr                            Parameter, Integer(4)
                                 1-10.26$  1-15.44
 
jm                               Parameter, Integer(4)
                                 1-3.24$  0-75.21  0-75.34  0-75.47  0-75.60  0-76.21  0-76.35  0-76.49  0-76.63  1-12.23  1-12.34
                                 1-15.35  2-4.24  2-6.22  2-6.36  2-9.17  3-5.18  3-5.32  5-3.12  5-3.20  5-3.28  5-3.36
 
jm2                              Parameter, Integer(4)
                                 2-6.18$
 
jmt                              Parameter, Integer(4)
                                 2-4.20$
 
jnpes                            Parameter, Integer(4)
                                 1-6.25$  1-12.27  1-12.37  1-15.38
 
jra                              Common member, Integer(4) (1:272), Offset: 4352, Alignment: quadruple word
                                 3-3.56$
 
jsta                             Common member, Integer(4), Offset: 8, Alignment: double word
                                 6-6.30$  6-9.39$  0-90.12
 
jsta_2l                          Common member, Integer(4), Offset: 8232, Alignment: double word
                                 6-8.15$  6-12.24$
 
jsta_m                           Common member, Integer(4), Offset: 16, Alignment: quadruple word
                                 6-7.15$  6-9.51$  0-107.15
 
jsta_m2                          Common member, Integer(4), Offset: 24, Alignment: double word
                                 6-7.23$  6-10.24$
 
jtail                            Parameter, Integer(4)
                                 1-12.17$
 
kmnt                             Allocatable, Use associated, Controlled, Real(4) (:, :), Offset: 0, Alignment: full word
                                 0-60.12$
 
kmntm                            Allocatable, Use associated, Controlled, Real(4) (:), Offset: 0, Alignment: full word
                                 0-60.12$
 
ksav                             Parameter, Integer(4)
                                 2-14.23$
 
ksb                              Common member, Integer(4), Offset: 8, Alignment: double word
                                 4-2.37$
 
ksfi                             Parameter, Integer(4)
                                 2-13.33$
 
ksli                             Parameter, Integer(4)
                                 2-14.30$
 
kslp                             Parameter, Integer(4)
                                 2-14.37$
 
kslpd                            Parameter, Integer(4)
                                 2-13.17$
 
ksmud                            Parameter, Integer(4)
                                 2-13.9$
 
ksrh                             Parameter, Integer(4)
                                 2-14.16$
 
ksslp                            Parameter, Integer(4)
                                 2-13.25$
 
kst                              Parameter, Integer(4)
                                 2-13.40$
 
ksuv                             Parameter, Integer(4)
                                 2-14.9$
 
l                                Static, Integer(4), Offset: 0, Alignment: full word
                                 0-117.15@  0-118.27  0-119.24  0-119.35  0-120.32  0-120.46  0-121.16  0-123.21  0-124.15  0-124.37
                                 0-125.15  0-127.20  0-131.54  0-134.41  0-146.37  0-146.49  0-147.29  0-148.29  0-148.40  0-149.29
                                 0-150.36  0-151.32  0-155.34  0-155.46  0-156.33  0-156.47  0-157.34  0-157.46  0-158.33  0-158.46
                                 0-159.34  0-159.46  0-160.33  0-160.46  0-163.34  0-163.46  0-164.33  0-164.46  0-165.34  0-165.46
                                 0-166.33  0-166.47  0-167.34  0-167.46  0-168.33  0-168.46  0-173.30  0-173.42
 
lb                               Parameter, Integer(4)
                                 2-9.9$
 
lheat                            Parameter, Integer(4)
                                 2-40.21$  2-40.40
 
lhtocp                           Parameter, Integer(4)
                                 2-40.33$
 
list                             Common member, Integer(4), Offset: 40, Alignment: double word
                                 6-3.55$
 
ll                               Static, Integer(4), Offset: 0, Alignment: full word
                                 0-127.17@  0-128.15  0-129.17  0-130.19  0-131.15  0-131.39  0-132.20  0-133.20  0-134.17  0-134.29
                                 0-135.19  0-135.32  0-135.40  0-137.23
 
llmh                             Static, Integer(4), Offset: 0, Alignment: full word
                                 0-115.9@  0-117.17
 
lm                               Parameter, Integer(4)
                                 1-3.31$  0-77.19  0-77.27  0-77.37  0-77.49  2-8.13  2-8.22  2-19.29
 
lm1                              Parameter, Integer(4)
                                 2-8.9$
 
lmh                              Common member, Integer(4) (1:89, 1:143), Offset: 5440, Alignment: quadruple word
                                 3-5.8$  0-115.14
 
lmv                              Common member, Integer(4) (1:89, 1:143), Offset: 56348, Alignment: full word
                                 3-5.22$
 
log                              Pure Intrinsic
                                 0-150.23  0-150.42  0-185.18  0-185.35
 
loops                            Common Block, Alignment: double word
                                 3-2.43$
 
lp1                              Parameter, Integer(4)
                                 2-8.18$
 
lsm                              Parameter, Integer(4)
                                 1-3.37$
 
masks                            Use associated, Nonintrinsic Module
                                 0-61.12$  0-61.12
 
me                               Common member, Integer(4), Offset: 4, Alignment: full word
                                 6-6.26$  6-9.35$
 
mpi_comm_comp                    Common member, Integer(4), Offset: 8248, Alignment: double word
                                 6-13.24$
 
mpi_comm_inter                   Common member, Integer(4), Offset: 8244, Alignment: full word
                                 6-12.55$
 
nbc                              Common member, Integer(4), Offset: 36, Alignment: full word
                                 6-3.51$
 
nboco                            Common member, Integer(4), Offset: 72, Alignment: double word
                                 6-4.41$
 
ncp                              Common member, Integer(4), Offset: 80, Alignment: quadruple word
                                 6-4.53$
 
nddamp                           Common member, Integer(4), Offset: 60, Alignment: full word
                                 6-4.22$
 
nfcst                            Common member, Integer(4), Offset: 32, Alignment: quadruple word
                                 6-3.45$
 
ninc                             Parameter, Integer(4)
                                 2-7.9$
 
nphs                             Common member, Integer(4), Offset: 84, Alignment: full word
                                 6-5.8$
 
nprec                            Common member, Integer(4), Offset: 64, Alignment: quadruple word
                                 6-4.29$
 
nradl                            Common member, Integer(4), Offset: 92, Alignment: full word
                                 6-5.19$
 
nrads                            Common member, Integer(4), Offset: 88, Alignment: double word
                                 6-5.13$
 
nshde                            Common member, Integer(4), Offset: 76, Alignment: full word
                                 6-4.47$
 
nstat                            Parameter, Integer(4)
                                 2-19.9$
 
nsumd                            Parameter, Integer(4)
                                 2-15.33$
 
ntsd                             Common member, Integer(4), Offset: 52, Alignment: full word
                                 6-4.11$
 
ntstm                            Common member, Integer(4), Offset: 56, Alignment: double word
                                 6-4.16$
 
num_procs                        Common member, Integer(4), Offset: 0, Alignment: quadruple word
                                 6-6.15$  6-9.24$
 
num_servers                      Common member, Integer(4), Offset: 8240, Alignment: quadruple word
                                 6-12.42$
 
nword                            Parameter, Integer(4)
                                 2-19.19$  2-19.41  2-19.56
 
nword3                           Parameter, Integer(4)
                                 2-19.34$
 
nword6                           Parameter, Integer(4)
                                 2-19.49$
 
oldrd                            Use associated, Static, Logical(4), Offset: 0, Alignment: quadruple word
                                 0-60.12$
 
oneps                            Parameter, Real(4)
                                 2-39.43$
 
options                          Common Block, Alignment: double word
                                 4-2.15$
 
overrc                           Parameter, Real(4)
                                 2-33.9$  2-33.26  2-33.42
 
p1000                            Parameter, Real(4)
                                 2-35.23$
 
parallel                         Common Block, Alignment: double word
                                 6-9.15$
 
pd                               Allocatable, Use associated, Controlled, Real(4) (:, :), Offset: 0, Alignment: full word
                                 0-59.12$
 
pdsl                             Allocatable, Use associated, Controlled, Real(4) (:, :), Offset: 0, Alignment: full word
                                 0-60.12$
 
pdvp1                            Allocatable, Use associated, Controlled, Real(4) (:, :), Offset: 0, Alignment: full word
                                 0-60.12$
 
pfsl                             Allocatable, Use associated, Controlled, Real(4) (:, :), Offset: 0, Alignment: full word
                                 0-60.12$
 
pint                             Allocatable, Use associated, Controlled, Real(4) (:, :, :), Offset: 0, Alignment: full word
                                 0-60.12$  0-118.18  0-146.28  0-146.40  0-150.27  0-182.27  0-182.39  0-185.22
 
pm                               Static, Real(4), Offset: 0, Alignment: full word
                                 0-118.9@  0-123.40
 
pq0                              Parameter, Real(4)
                                 2-41.9$
 
pslp                             Allocatable, Use associated, Controlled, Real(4) (:, :), Offset: 0, Alignment: full word
                                 0-60.12$
 
pstart                           Parameter, Real(4)
                                 0-71.34$  0-123.46
 
ptrop                            Reference argument, Real(4) (1:89, 1:143), Offset: 0, Alignment: full word
                                 0-75.12$  0-1.25  0-92.10@  0-146.9@  0-150.46  0-182.9@  0-185.39
 
ptsl                             Allocatable, Use associated, Controlled, Real(4) (:, :), Offset: 0, Alignment: full word
                                 0-60.12$
 
q                                Allocatable, Use associated, Controlled, Real(4) (:, :, :), Offset: 0, Alignment: full word
                                 0-59.12$  0-149.23  0-184.42
 
qsl                              Allocatable, Use associated, Controlled, Real(4) (:, :), Offset: 0, Alignment: full word
                                 0-60.12$
 
rcapa                            Parameter, Real(4)
                                 2-35.9$
 
rd                               Parameter, Real(4)
                                 2-32.15$  2-32.29  2-36.29  2-36.51  2-40.15
 
rdocp                            Parameter, Real(4)
                                 2-40.9$
 
res                              Allocatable, Use associated, Controlled, Real(4) (:, :), Offset: 0, Alignment: full word
                                 0-59.12$
 
restrt                           Common member, Real(4), Offset: 28, Alignment: full word
                                 6-3.38$
 
rg                               Parameter, Real(4)
                                 2-36.32$
 
rog                              Parameter, Real(4)
                                 2-32.25$  0-149.43  0-184.60
 
rsqdif                           Static, Real(4), Offset: 0, Alignment: full word
                                 0-174.9@  0-175.23  0-196.9@  0-197.23
 
rtd                              Parameter, Real(4)
                                 2-34.25$
 
run                              Common member, Real(4), Offset: 4, Alignment: full word
                                 6-3.14$
 
satdel                           Common member, Real(4), Offset: 20, Alignment: full word
                                 4-2.53$
 
shtrop                           Reference argument, Real(4) (1:89, 1:143), Offset: 0, Alignment: full word
                                 0-76.25$  0-1.55  0-97.10@  0-175.9@  0-197.9@
 
sice                             Allocatable, Use associated, Controlled, Real(4) (:, :), Offset: 0, Alignment: full word
                                 0-61.12$
 
sigma                            Common member, Real(4), Offset: 0, Alignment: quadruple word
                                 6-3.8$
 
slp                              Allocatable, Use associated, Controlled, Real(4) (:, :), Offset: 0, Alignment: full word
                                 0-60.12$
 
sm                               Allocatable, Use associated, Controlled, Real(4) (:, :), Offset: 0, Alignment: full word
                                 0-61.12$
 
smtha                            Parameter, Real(4)
                                 2-15.9$
 
smthb                            Parameter, Real(4)
                                 2-15.23$
 
spval                            Common member, Real(4), Offset: 0, Alignment: quadruple word
                                 4-2.24$  0-92.24  0-93.24  0-94.24  0-95.24  0-96.24  0-97.24
 
sqrt                             Pure Intrinsic
                                 0-174.21  0-196.23
 
stdrd                            Use associated, Static, Logical(4), Offset: 4, Alignment: full word
                                 0-60.12$
 
t                                Allocatable, Use associated, Controlled, Real(4) (:, :, :), Offset: 0, Alignment: full word
                                 0-59.12$  0-119.18  0-119.29  0-134.23  0-134.35  0-147.23  0-148.34  0-183.22  0-184.32
 
t500                             Allocatable, Use associated, Controlled, Real(4) (:, :), Offset: 0, Alignment: full word
                                 0-60.12$
 
tfrz                             Parameter, Real(4)
                                 2-39.56$
 
tlapse                           Static, Real(4) (1:60), Offset: 0, Alignment: full word
                                 0-77.12$  0-121.9@  0-123.14  0-124.30
 
tlapse2                          Static, Real(4) (1:60), Offset: 0, Alignment: full word
                                 0-77.41$  0-130.11@  0-135.11@  0-137.15
 
trpaus                           Subroutine
                                 0-1.18$
 
tsl                              Allocatable, Use associated, Controlled, Real(4) (:, :), Offset: 0, Alignment: full word
                                 0-60.12$
 
ttrop                            Reference argument, Real(4) (1:89, 1:143), Offset: 0, Alignment: full word
                                 0-75.25$  0-1.31  0-93.10@  0-147.9@  0-183.9@
 
ttv                              Allocatable, Use associated, Controlled, Real(4) (:, :), Offset: 0, Alignment: full word
                                 0-60.12$
 
u                                Allocatable, Use associated, Controlled, Real(4) (:, :, :), Offset: 0, Alignment: full word
                                 0-59.12$  0-155.26  0-155.39  0-156.26  0-156.39  0-157.26  0-157.39  0-158.26  0-158.38  0-159.26
                                 0-159.39  0-160.26  0-160.38  0-186.26  0-186.37  0-187.26  0-187.36  0-190.26  0-190.39  0-191.26
                                 0-191.38
 
u0                               Static, Real(4), Offset: 0, Alignment: full word
                                 0-157.9@  0-161.29  0-162.26  0-171.23
 
u0l                              Static, Real(4), Offset: 0, Alignment: full word
                                 0-162.9@  0-174.31
 
uh                               Static, Real(4), Offset: 0, Alignment: full word
                                 0-155.9@  0-161.26  0-186.9@  0-194.23  0-196.29
 
uh0                              Static, Real(4), Offset: 0, Alignment: full word
                                 0-161.9@  0-174.27
 
ul                               Static, Real(4), Offset: 0, Alignment: full word
                                 0-159.9@  0-162.29  0-190.9@  0-196.32
 
utrop                            Reference argument, Real(4) (1:89, 1:143), Offset: 0, Alignment: full word
                                 0-75.51$  0-1.43  0-95.10@  0-205.30
 
v                                Allocatable, Use associated, Controlled, Real(4) (:, :, :), Offset: 0, Alignment: full word
                                 0-59.12$  0-163.26  0-163.39  0-164.26  0-164.38  0-165.26  0-165.39  0-166.26  0-166.38  0-167.26
                                 0-167.39  0-168.26  0-168.38  0-188.26  0-188.37  0-189.26  0-189.36  0-192.26  0-192.39  0-193.26
                                 0-193.38
 
v0                               Static, Real(4), Offset: 0, Alignment: full word
                                 0-165.9@  0-169.29  0-170.26  0-172.23
 
v0l                              Static, Real(4), Offset: 0, Alignment: full word
                                 0-170.9@  0-174.44
 
vbm2                             Allocatable, Use associated, Controlled, Real(4) (:, :), Offset: 0, Alignment: full word
                                 0-61.12$
 
vbm3                             Allocatable, Use associated, Controlled, Real(4) (:, :), Offset: 0, Alignment: full word
                                 0-61.12$
 
vh                               Static, Real(4), Offset: 0, Alignment: full word
                                 0-163.9@  0-169.26  0-188.9@  0-195.23  0-196.40
 
vh0                              Static, Real(4), Offset: 0, Alignment: full word
                                 0-169.9@  0-174.40
 
vl                               Static, Real(4), Offset: 0, Alignment: full word
                                 0-167.9@  0-170.29  0-192.9@  0-196.43
 
vrbls                            Use associated, Nonintrinsic Module
                                 0-59.12$  0-59.12
 
vtm                              Allocatable, Use associated, Controlled, Real(4) (:, :, :), Offset: 0, Alignment: full word
                                 0-61.12$
 
vtrop                            Reference argument, Real(4) (1:89, 1:143), Offset: 0, Alignment: full word
                                 0-76.12$  0-1.49  0-96.10@  0-205.36
 
w                                Allocatable, Use associated, Controlled, Real(4) (:, :, :), Offset: 0, Alignment: full word
                                 0-59.12$
 
z1000                            Allocatable, Use associated, Controlled, Real(4) (:, :), Offset: 0, Alignment: full word
                                 0-60.12$
 
zint                             Allocatable, Use associated, Controlled, Real(4) (:, :, :), Offset: 0, Alignment: full word
                                 0-60.12$  0-120.23  0-120.37  0-131.30  0-131.45  0-151.23  0-173.21  0-173.33  0-181.25  0-181.37
                                 0-185.52
 
ztrop                            Reference argument, Real(4) (1:89, 1:143), Offset: 0, Alignment: full word
                                 0-75.38$  0-1.37  0-94.10@  0-148.9@  0-184.9@
 
** trpaus   === End of Compilation 1 ===
 
>>>>> FILE TABLE SECTION <<<<<
 
 
                                       FILE CREATION        FROM
FILE NO   FILENAME                    DATE       TIME       FILE    LINE
     0    TRPAUS.f                    12/18/08   11:40:51
     1    /gpfs/c/nco/ops/nwprod/sorc/hiresw_post_hls.fd/parmeta
                                      12/18/08   11:40:52      0      63
     2    /gpfs/c/nco/ops/nwprod/sorc/hiresw_post_hls.fd/params
                                      12/18/08   11:40:52      0      64
     3    /gpfs/c/nco/ops/nwprod/sorc/hiresw_post_hls.fd/LOOPS.comm
                                      12/18/08   11:40:51      0      80
     4    /gpfs/c/nco/ops/nwprod/sorc/hiresw_post_hls.fd/OPTIONS.comm
                                      12/18/08   11:40:51      0      81
     5    /gpfs/c/nco/ops/nwprod/sorc/hiresw_post_hls.fd/INDX.comm
                                      12/18/08   11:40:51      0      82
     6    /gpfs/c/nco/ops/nwprod/sorc/hiresw_post_hls.fd/CTLBLK.comm
                                      12/18/08   11:40:50      0      83
 
 
>>>>> COMPILATION EPILOGUE SECTION <<<<<
 
 
FORTRAN Summary of Diagnosed Conditions
 
TOTAL   UNRECOVERABLE  SEVERE       ERROR     WARNING    INFORMATIONAL
               (U)       (S)         (E)        (W)          (I)
    0           0         0           0          0            0
 
 
    Source records read.......................................     295
1501-510  Compilation successful for file TRPAUS.f.
1501-543  Object file created.
