IBM XL Fortran for AIX, V12.1 (5724-U82) Version 12.01.0000.0001 --- /gpfs/c/nco/ops/nwprod/sorc/hiresw_post_hls.fd/VRBLS_mod.f 12/22/08 15:45:41
 
>>>>> OPTIONS SECTION <<<<<
***   Options In Effect   ***
  
         ==  On / Off Options  ==
         CR              DBG             ESCAPE          FULLPATH
         I4              INLGLUE         NOLIBESSL       NOLIBPOSIX
         OBJECT          SOURCE          STRICT          SWAPOMP
         THREADED        UNWIND          NOZEROSIZE
  
         ==  Options Of Integer Type ==
         ALIAS_SIZE(65536)     FIXED(72)             MAXMEM(-1)
         OPTIMIZE(2)           SPILLSIZE(2000)       STACKTEMP(0)
  
  
         ==  Options Of Character Type  ==
         64(LARGETYPE)         ALIAS(STD,INTPTR)     ALIGN(BINDC(POWER),STRUCT(NATURAL))
         ARCH(PWR6)            ATTR(FULL)            AUTODBL(NONE)
         DESCRIPTOR(V1)        DIRECTIVE(IBM*,IBMT)  ENUM()
         FLAG(I,I)             FLOAT(RNDSNGL,MAF,FOLD,RNGCHK,SINGLE)
         HALT(S)               IEEE(NEAR)            INTSIZE(4)
         LANGLVL(EXTENDED)     POSITION(APPENDOLD)   REALSIZE(4)
         SAVE(ALL)             TUNE(PWR6)            UNROLL(AUTO)
         XREF(FULL)            XLF2003(NOPOLYMORPHIC,NOBOZLITARGS,NOSTOPEXCEPT,NOVOLATILE,NOAUTOREALLOC,OLDNANINF)
         XLF77(NOLEADZERO,GEDIT77,NOBLANKPAD,OLDBOZ,INTARG,INTXOR,PERSISTENT,SOFTEOF)
         XLF90(NOSIGNEDZERO,NOAUTODEALLOC,OLDPAD)
  
>>>>> SOURCE SECTION <<<<<
          1 |C   01-10-22  H CHUANG - MODIFIED TO PROCESS HYBRID MODEL OUTPUT
          2 |      module vrbls
          3 |      real, allocatable :: PD(:,:),RES(:,:),FIS(:,:)
          4 |     &,U(:,:,:),V(:,:,:),T(:,:,:),Q(:,:,:),W(:,:,:)
          5 |     &,DWDT(:,:,:)
          6 |      end module vrbls
 
>>>>> ATTRIBUTE AND CROSS REFERENCE SECTION <<<<<
 
 
 
IDENTIFIER NAME                  CROSS REFERENCE AND ATTRIBUTES
 
dwdt                             Allocatable, Public, Controlled, Real(4) (:, :, :), Offset: 0, Alignment: full word
                                 0-5.8$
 
fis                              Allocatable, Public, Controlled, Real(4) (:, :), Offset: 0, Alignment: full word
                                 0-3.45$
 
pd                               Allocatable, Public, Controlled, Real(4) (:, :), Offset: 0, Alignment: full word
                                 0-3.28$
 
q                                Allocatable, Public, Controlled, Real(4) (:, :, :), Offset: 0, Alignment: full word
                                 0-4.35$
 
res                              Allocatable, Public, Controlled, Real(4) (:, :), Offset: 0, Alignment: full word
                                 0-3.36$
 
t                                Allocatable, Public, Controlled, Real(4) (:, :, :), Offset: 0, Alignment: full word
                                 0-4.26$
 
u                                Allocatable, Public, Controlled, Real(4) (:, :, :), Offset: 0, Alignment: full word
                                 0-4.8$
 
v                                Allocatable, Public, Controlled, Real(4) (:, :, :), Offset: 0, Alignment: full word
                                 0-4.17$
 
vrbls                            Nonintrinsic Module
                                 0-2.14$
 
w                                Allocatable, Public, Controlled, Real(4) (:, :, :), Offset: 0, Alignment: full word
                                 0-4.44$
 
** vrbls   === End of Compilation 1 ===
 
>>>>> COMPILATION UNIT EPILOGUE SECTION <<<<<
 
FORTRAN Summary of Diagnosed Conditions
 
TOTAL   UNRECOVERABLE  SEVERE       ERROR     WARNING    INFORMATIONAL
               (U)       (S)         (E)        (W)          (I)
    0           0         0           0          0            0
 
>>>>> OPTIONS SECTION <<<<<
***   Options In Effect   ***
  
         ==  On / Off Options  ==
         CR              DBG             ESCAPE          FULLPATH
         I4              INLGLUE         NOLIBESSL       NOLIBPOSIX
         OBJECT          SOURCE          STRICT          SWAPOMP
         THREADED        UNWIND          NOZEROSIZE
  
         ==  Options Of Integer Type ==
         ALIAS_SIZE(65536)     FIXED(72)             MAXMEM(-1)
         OPTIMIZE(2)           SPILLSIZE(2000)       STACKTEMP(0)
  
  
         ==  Options Of Character Type  ==
         64(LARGETYPE)         ALIAS(STD,INTPTR)     ALIGN(BINDC(POWER),STRUCT(NATURAL))
         ARCH(PWR6)            ATTR(FULL)            AUTODBL(NONE)
         DESCRIPTOR(V1)        DIRECTIVE(IBM*,IBMT)  ENUM()
         FLAG(I,I)             FLOAT(RNDSNGL,MAF,FOLD,RNGCHK,SINGLE)
         HALT(S)               IEEE(NEAR)            INTSIZE(4)
         LANGLVL(EXTENDED)     POSITION(APPENDOLD)   REALSIZE(4)
         SAVE(ALL)             TUNE(PWR6)            UNROLL(AUTO)
         XREF(FULL)            XLF2003(NOPOLYMORPHIC,NOBOZLITARGS,NOSTOPEXCEPT,NOVOLATILE,NOAUTOREALLOC,OLDNANINF)
         XLF77(NOLEADZERO,GEDIT77,NOBLANKPAD,OLDBOZ,INTARG,INTXOR,PERSISTENT,SOFTEOF)
         XLF90(NOSIGNEDZERO,NOAUTODEALLOC,OLDPAD)
  
>>>>> SOURCE SECTION <<<<<
          7 |C
          8 |C                            C O M M O N /VRBLS/
          9 |C    & PD(IM,JM),RES(IM,JM),FIS(IM,JM)
         10 |C
         11 |C    &,U(IM,JM,LM),V(IM,JM,LM),T(IM,JM,LM),Q(IM,JM,LM)
 
>>>>> FILE TABLE SECTION <<<<<
 
 
                                       FILE CREATION        FROM
FILE NO   FILENAME                    DATE       TIME       FILE    LINE
     0    VRBLS_mod.f                 12/18/08   11:40:51
 
 
>>>>> COMPILATION EPILOGUE SECTION <<<<<
 
 
FORTRAN Summary of Diagnosed Conditions
 
TOTAL   UNRECOVERABLE  SEVERE       ERROR     WARNING    INFORMATIONAL
               (U)       (S)         (E)        (W)          (I)
    0           0         0           0          0            0
 
 
    Source records read.......................................      11
1501-510  Compilation successful for file VRBLS_mod.f.
1501-543  Object file created.
